****************************************************************************
         DSSR: a software program for Defining the Secondary
         Structures of RNA from three-dimensional coordinates
        v1.0.1-2014jan31, by Xiang-Jun Lu (xiangjun@x3dna.org)

   This program is actively maintained and developed. As always, I
   greatly appreciate your feedback! Please report all DSSR-related
   issues on the 3DNA Forum (http://forum.x3dna.org/). I strive to
   respond promptly to *any* questions posted there.

****************************************************************************
Note: Each nucleotide is identified by model:chainId.name#, where the
      'model:' portion is omitted if no model number is available as
      is normally the case for X-ray crystal structures in the PDB. So
      a common example would be like A.G19, meaning G #19 on chain A.
      One-letter base names for modified nucleotides are put in lower
      case (e.g., 'c' for 5MC). For further information about the
      output notation, please run DSSR with the '-note' option. More
      details can be found in the DSSR user manual. Questions and
      suggestions are always welcome on the 3DNA Forum.

Command: x3dna-dssr -i=TC.1FEU.1.pdb --non-pair -o=TC.1FEU.1_dssr.out
Date and time: Sun Jun 29 15:51:41 2014
File name: TC.1FEU.1.pdb
    no. of DNA/RNA chains: 4 [B=9,C=9,E=8,F=8]
    no. of nucleotides:    34
    no. of atoms:          734
    no. of waters:         0
    no. of metals:         0

****************************************************************************
List of 18 base pairs
      nt1              nt2             bp  name         Saenger    LW DSSR
   1 B.C71            C.G105           C-G WC           19-XIX    cWW cW-W
   2 B.G72            C.A104           G-A Sheared      11-XI     tSH cm-M
   3 B.A73            C.U103           A-U rHoogsteen   24-XXIV   tHW tM-W
   4 B.U74            C.G102           U-G              00-n/a    t.W c.-W
   5 B.G75            C.A101           G-A              00-n/a    cWW cW-W
   6 B.G76            C.G100           G-G              00-n/a    tWH cW-M
   7 B.U77            C.A99            U-A rHoogsteen   24-XXIV   tWH tW-M
   8 B.A78            C.G98            A-G Sheared      11-XI     tHS cM-m
   9 B.G79            C.C97            G-C WC           19-XIX    cWW cW-W
  10 E.G79            F.C97            G-C WC           19-XIX    cWW cW-W
  11 E.G79            C.A99            G+A              00-n/a    tS. tm+.
  12 E.U80            F.G96            U-G Wobble       28-XXVIII cWW cW-W
  13 E.G81            F.U95            G-U Wobble       28-XXVIII cWW cW-W
  14 E.U82            F.A94            U-A WC           20-XX     cWW cW-W
  15 E.G83            F.C93            G-C WC           19-XIX    cWW cW-W
  16 E.G84            F.C92            G-C WC           19-XIX    cWW cW-W
  17 E.G85            F.C91            G-C WC           19-XIX    cWW cW-W
  18 E.G86            F.C90            G-C WC           19-XIX    cWW cW-W

****************************************************************************
List of 2 helices
  Note: a helix is defined by base-stacking interactions, regardless of bp
        type and backbone connectivity, and may contain more than one stem.
      helix#number[stems-contained] bps=number-of-base-pairs in the helix
      bp-type: '|' for a canonical WC/wobble pair, '.' otherwise
      helix-form: classification of a dinucleotide step comprising the bp
        above the given designation and the bp that follows it. Types
        include 'A', 'B' or 'Z' for the common A-, B- and Z-form helices,
        '.' for an unclassified step, and 'x' for a step without a
        continuous backbone.
      --------------------------------------------------------------------
  helix#1[0] bps=9
      strand-1 5'-CGAUGGUAG-3'
       bp-type    |.......|
      strand-2 3'-GAUGAGAGC-5'
      helix-form  ........
   1 B.C71            C.G105           C-G WC           19-XIX    cWW cW-W
   2 B.G72            C.A104           G-A Sheared      11-XI     tSH cm-M
   3 B.A73            C.U103           A-U rHoogsteen   24-XXIV   tHW tM-W
   4 B.U74            C.G102           U-G              00-n/a    t.W c.-W
   5 B.G75            C.A101           G-A              00-n/a    cWW cW-W
   6 B.G76            C.G100           G-G              00-n/a    tWH cW-M
   7 B.U77            C.A99            U-A rHoogsteen   24-XXIV   tWH tW-M
   8 B.A78            C.G98            A-G Sheared      11-XI     tHS cM-m
   9 B.G79            C.C97            G-C WC           19-XIX    cWW cW-W
  --------------------------------------------------------------------------
  helix#2[1] bps=8
      strand-1 5'-GUGUGGGG-3'
       bp-type    ||||||||
      strand-2 3'-CGUACCCC-5'
      helix-form  ...AAAA
   1 E.G79            F.C97            G-C WC           19-XIX    cWW cW-W
   2 E.U80            F.G96            U-G Wobble       28-XXVIII cWW cW-W
   3 E.G81            F.U95            G-U Wobble       28-XXVIII cWW cW-W
   4 E.U82            F.A94            U-A WC           20-XX     cWW cW-W
   5 E.G83            F.C93            G-C WC           19-XIX    cWW cW-W
   6 E.G84            F.C92            G-C WC           19-XIX    cWW cW-W
   7 E.G85            F.C91            G-C WC           19-XIX    cWW cW-W
   8 E.G86            F.C90            G-C WC           19-XIX    cWW cW-W

****************************************************************************
List of 1 stem
  Note: a stem is defined as a helix consisting of only canonical WC/wobble
        pairs, with a continuous backbone.
      stem#number[#helix-number containing this stem]
      Other terms are defined as in the above Helix section.
      --------------------------------------------------------------------
  stem#1[#2] bps=8
      strand-1 5'-GUGUGGGG-3'
       bp-type    ||||||||
      strand-2 3'-CGUACCCC-5'
      helix-form  ...AAAA
   1 E.G79            F.C97            G-C WC           19-XIX    cWW cW-W
   2 E.U80            F.G96            U-G Wobble       28-XXVIII cWW cW-W
   3 E.G81            F.U95            G-U Wobble       28-XXVIII cWW cW-W
   4 E.U82            F.A94            U-A WC           20-XX     cWW cW-W
   5 E.G83            F.C93            G-C WC           19-XIX    cWW cW-W
   6 E.G84            F.C92            G-C WC           19-XIX    cWW cW-W
   7 E.G85            F.C91            G-C WC           19-XIX    cWW cW-W
   8 E.G86            F.C90            G-C WC           19-XIX    cWW cW-W

****************************************************************************
List of 2 lone WC/wobble pairs
  Note: lone WC/wobble pairs are assigned negative indices to differentiate
        them from the stem numbers, which are positive.
        --------------------------------------------------------------------
  -1 B.C71            C.G105           C-G WC           19-XIX    cWW cW-W
  -2 B.G79            C.C97            G-C WC           19-XIX    cWW cW-W

****************************************************************************
List of 10 non-pairing interactions
   1 B.A73            C.A104          base-overlap-area=5.1(3.9)   H-bonds[0]: ""
   2 B.A78            E.G79           base-overlap-area=0.0(0.0)   H-bonds[3]: "O2'(hydroxyl)-O3'[2.82],O2'(hydroxyl)-O2'(hydroxyl)[2.95],N3-O2'(hydroxyl)[3.00]"
   3 B.A78            C.A99           base-overlap-area=5.0(4.0)   H-bonds[0]: ""
   4 E.G79            C.G100          base-overlap-area=0.0(0.0)   H-bonds[1]: "N2(amino)-O4'[3.07]"
   5 E.U80            C.A99           base-overlap-area=0.0(0.0)   H-bonds[1]: "O4'*N1[3.15]"
   6 E.U80            C.G100          base-overlap-area=0.0(0.0)   H-bonds[3]: "O3'-N2(amino)[3.25],O2'(hydroxyl)-O2'(hydroxyl)[3.00],O2'(hydroxyl)-N3[3.00]"
   7 E.G81            F.G96           base-overlap-area=5.6(2.6)   H-bonds[0]: ""
   8 E.G83            F.A94           base-overlap-area=2.6(1.4)   H-bonds[0]: ""
   9 E.G84            F.C93           base-overlap-area=0.2(0.0)   H-bonds[0]: ""
  10 F.G96            C.G100          base-overlap-area=0.0(0.0)   H-bonds[1]: "N2(amino)-O2'(hydroxyl)[3.05]"

****************************************************************************
Note: for the various types of loops listed below, numbers within the first
      set of brackets are the number of loop nts, and numbers in the second
      set of brackets are the identities of the stems (positive number) or
      lone WC/wobble pairs (negative numbers) to which they are linked.

****************************************************************************
List of 1 internal loop
   1 symmetric internal loop: nts=18; [7,7]; linked by [#-1,#-2]
     nts=18 CGAUGGUAGCGAGAGUAG B.C71,B.G72,B.A73,B.U74,B.G75,B.G76,B.U77,B.A78,B.G79,C.C97,C.G98,C.A99,C.G100,C.A101,C.G102,C.U103,C.A104,C.G105
       nts=7 GAUGGUA B.G72,B.A73,B.U74,B.G75,B.G76,B.U77,B.A78
       nts=7 GAGAGUA C.G98,C.A99,C.G100,C.A101,C.G102,C.U103,C.A104

****************************************************************************
Secondary structures in dot-bracket notation (dbn) as a whole and per chain
>TC.1FEU.1 nts=34 [whole]
CGAUGGUAG&GUGUGGGG&CCCCAUGC&CGAGAGUAG
(.......(&((((((((&))))))))&).......)
>TC.1FEU.1-B #1 nts=9 [chain] RNA
CGAUGGUAG
(.......(
>TC.1FEU.1-C #2 nts=9 [chain] RNA
CGAGAGUAG
).......)
>TC.1FEU.1-E #3 nts=8 [chain] RNA
GUGUGGGG
((((((((
>TC.1FEU.1-F #4 nts=8 [chain] RNA
CCCCAUGC
))))))))

****************************************************************************
List of 6 additional files
   1 dssr-stems.pdb -- MODEL/ENDMDL delineated stems
   2 dssr-helices.pdb -- MODEL/ENDMDL delineated helices (pseudo/coaxial)
   3 dssr-pairs.pdb -- MODEL/ENDMDL delineated base pairs
   4 dssr-2ndstrs.ct -- secondary structures in the connect format
   5 dssr-2ndstrs.dbn -- secondary structures in the dot-bracket notation
   6 dssr-torsions.dat -- Backbone torsion angles and suite names
