****************************************************************************
         DSSR: a software program for Defining the Secondary
         Structures of RNA from three-dimensional coordinates
        v1.0.1-2014jan31, by Xiang-Jun Lu (xiangjun@x3dna.org)

   This program is actively maintained and developed. As always, I
   greatly appreciate your feedback! Please report all DSSR-related
   issues on the 3DNA Forum (http://forum.x3dna.org/). I strive to
   respond promptly to *any* questions posted there.

****************************************************************************
Note: Each nucleotide is identified by model:chainId.name#, where the
      'model:' portion is omitted if no model number is available as
      is normally the case for X-ray crystal structures in the PDB. So
      a common example would be like A.G19, meaning G #19 on chain A.
      One-letter base names for modified nucleotides are put in lower
      case (e.g., 'c' for 5MC). For further information about the
      output notation, please run DSSR with the '-note' option. More
      details can be found in the DSSR user manual. Questions and
      suggestions are always welcome on the 3DNA Forum.

Command: x3dna-dssr -i=HAIRPIN.1ET4.2.pdb --non-pair -o=HAIRPIN.1ET4.2_dssr.out
Date and time: Sun Jun 29 15:51:40 2014
File name: HAIRPIN.1ET4.2.pdb
    no. of DNA/RNA chains: 1 [D=12]
    no. of nucleotides:    12
    no. of atoms:          254
    no. of waters:         0
    no. of metals:         0

****************************************************************************
List of 2 base pairs
      nt1              nt2             bp  name         Saenger    LW DSSR
   1 D.U509           D.A520           U-A WC           20-XX     cWW cW-W
   2 D.G510           D.C518           G-C              00-n/a    c.. c.-.

****************************************************************************
List of 1 lone WC/wobble pair
  Note: lone WC/wobble pairs are assigned negative indices to differentiate
        them from the stem numbers, which are positive.
        --------------------------------------------------------------------
  -1 D.U509           D.A520           U-A WC           20-XX     cWW cW-W

****************************************************************************
List of 9 non-pairing interactions
   1 D.G510           D.U515          base-overlap-area=3.1(1.4)   H-bonds[0]: ""
   2 D.C511           D.C513          base-overlap-area=2.2(0.0)   H-bonds[1]: "O2'(hydroxyl)-N4(amino)[3.31]"
   3 D.C511           D.U515          base-overlap-area=4.4(2.4)   H-bonds[0]: ""
   4 D.G512           D.C513          base-overlap-area=7.2(4.5)   H-bonds[0]: ""
   5 D.C513           D.A514          base-overlap-area=5.6(3.7)   H-bonds[0]: ""
   6 D.A516           D.A517          base-overlap-area=3.1(2.7)   H-bonds[0]: ""
   7 D.A517           D.C518          base-overlap-area=6.4(3.6)   H-bonds[0]: ""
   8 D.C518           D.C519          base-overlap-area=5.1(2.6)   H-bonds[0]: ""
   9 D.C519           D.A520          base-overlap-area=1.4(0.8)   H-bonds[0]: ""

****************************************************************************
Note: for the various types of loops listed below, numbers within the first
      set of brackets are the number of loop nts, and numbers in the second
      set of brackets are the identities of the stems (positive number) or
      lone WC/wobble pairs (negative numbers) to which they are linked.

****************************************************************************
List of 1 hairpin loop
   1 hairpin loop: nts=12; [10]; linked by [#-1]
     nts=12 UGCGCAUAACCA D.U509,D.G510,D.C511,D.G512,D.C513,D.A514,D.U515,D.A516,D.A517,D.C518,D.C519,D.A520
       nts=10 GCGCAUAACC D.G510,D.C511,D.G512,D.C513,D.A514,D.U515,D.A516,D.A517,D.C518,D.C519

****************************************************************************
Secondary structures in dot-bracket notation (dbn) as a whole and per chain
>HAIRPIN.1ET4.2 nts=12 [whole]
UGCGCAUAACCA
(..........)
>HAIRPIN.1ET4.2-D #1 nts=12 [chain] RNA
UGCGCAUAACCA
(..........)

****************************************************************************
List of 5 additional files
   1 dssr-pairs.pdb -- MODEL/ENDMDL delineated base pairs
   2 dssr-hairpins.pdb -- MODEL/ENDMDL delineated hairpin loops
   3 dssr-2ndstrs.ct -- secondary structures in the connect format
   4 dssr-2ndstrs.dbn -- secondary structures in the dot-bracket notation
   5 dssr-torsions.dat -- Backbone torsion angles and suite names
