****************************************************************************
         DSSR: a software program for Defining the Secondary
         Structures of RNA from three-dimensional coordinates
        v1.0.1-2014jan31, by Xiang-Jun Lu (xiangjun@x3dna.org)

   This program is actively maintained and developed. As always, I
   greatly appreciate your feedback! Please report all DSSR-related
   issues on the 3DNA Forum (http://forum.x3dna.org/). I strive to
   respond promptly to *any* questions posted there.

****************************************************************************
Note: Each nucleotide is identified by model:chainId.name#, where the
      'model:' portion is omitted if no model number is available as
      is normally the case for X-ray crystal structures in the PDB. So
      a common example would be like A.G19, meaning G #19 on chain A.
      One-letter base names for modified nucleotides are put in lower
      case (e.g., 'c' for 5MC). For further information about the
      output notation, please run DSSR with the '-note' option. More
      details can be found in the DSSR user manual. Questions and
      suggestions are always welcome on the 3DNA Forum.

Command: x3dna-dssr -i=TC.1S72.13.pdb --non-pair -o=TC.1S72.13_dssr.out
Date and time: Sun Jun 29 15:52:08 2014
File name: TC.1S72.13.pdb
    no. of DNA/RNA chains: 1 [0=12]
    no. of nucleotides:    12
    no. of atoms:          259
    no. of waters:         0
    no. of metals:         0

****************************************************************************
List of 5 base pairs
      nt1              nt2             bp  name         Saenger    LW DSSR
   1 0.G1054          0.C1060          G-C WC           19-XIX    cWW cW-W
   2 0.G1055          0.A1058          G-A Sheared      11-XI     tSH tm-M
   3 0.U1056          0.G2529          U+G              00-n/a    tW. tW+.
   4 0.U2492          0.G2529          U-G Wobble       28-XXVIII cWW cW-W
   5 0.G2494          0.U2528          G-U Wobble       28-XXVIII cWW cW-W

****************************************************************************
List of 1 multiplet
   1 nts=3 UUG 0.U1056,0.U2492,0.G2529

****************************************************************************
List of 1 helix
  Note: a helix is defined by base-stacking interactions, regardless of bp
        type and backbone connectivity, and may contain more than one stem.
      helix#number[stems-contained] bps=number-of-base-pairs in the helix
      bp-type: '|' for a canonical WC/wobble pair, '.' otherwise
      helix-form: classification of a dinucleotide step comprising the bp
        above the given designation and the bp that follows it. Types
        include 'A', 'B' or 'Z' for the common A-, B- and Z-form helices,
        '.' for an unclassified step, and 'x' for a step without a
        continuous backbone.
      --------------------------------------------------------------------
  helix#1[0] bps=2
      strand-1 5'-UG-3'
       bp-type    ||
      strand-2 3'-GU-5'
      helix-form  x
   1 0.U2492          0.G2529          U-G Wobble       28-XXVIII cWW cW-W
   2 0.G2494          0.U2528          G-U Wobble       28-XXVIII cWW cW-W

****************************************************************************
List of 3 lone WC/wobble pairs
  Note: lone WC/wobble pairs are assigned negative indices to differentiate
        them from the stem numbers, which are positive.
        --------------------------------------------------------------------
  -1 0.G1054          0.C1060          G-C WC           19-XIX    cWW cW-W
  -2 0.U2492          0.G2529          U-G Wobble       28-XXVIII cWW cW-W
  -3 0.G2494          0.U2528          G-U Wobble       28-XXVIII cWW cW-W

****************************************************************************
List of 10 non-pairing interactions
   1 0.G1054          0.G1055         base-overlap-area=5.6(2.7)   H-bonds[0]: ""
   2 0.G1055          0.A1057         base-overlap-area=0.0(0.0)   H-bonds[1]: "O2'(hydroxyl)-N7[2.79]"
   3 0.U1056          0.A1057         base-overlap-area=5.5(2.9)   H-bonds[0]: ""
   4 0.U1056          0.G2494         base-overlap-area=0.7(0.0)   H-bonds[0]: ""
   5 0.A1057          0.A1058         base-overlap-area=5.5(3.8)   H-bonds[0]: ""
   6 0.A1057          0.U2492         base-overlap-area=0.0(0.0)   H-bonds[3]: "O2'(hydroxyl)-O3'[2.85],O2'(hydroxyl)-O2'(hydroxyl)[2.77],N3-O2'(hydroxyl)[2.76]"
   7 0.A1058          0.C1060         base-overlap-area=1.3(0.1)   H-bonds[0]: ""
   8 0.A1058          0.U2492         base-overlap-area=0.0(0.0)   H-bonds[1]: "O4'*O4'[3.36]"
   9 0.U2492          0.C2493         base-overlap-area=6.3(1.8)   H-bonds[0]: ""
  10 0.G2494          0.G2529         base-overlap-area=0.6(0.0)   H-bonds[0]: ""

****************************************************************************
Note: for the various types of loops listed below, numbers within the first
      set of brackets are the number of loop nts, and numbers in the second
      set of brackets are the identities of the stems (positive number) or
      lone WC/wobble pairs (negative numbers) to which they are linked.

****************************************************************************
List of 1 hairpin loop
   1 hairpin loop: nts=7; [5]; linked by [#-1]
     nts=7 GGUAAGC 0.G1054,0.G1055,0.U1056,0.A1057,0.A1058,0.G1059,0.C1060
       nts=5 GUAAG 0.G1055,0.U1056,0.A1057,0.A1058,0.G1059

****************************************************************************
List of 1 bulge
   1 bulge: nts=5; [1,0]; linked by [#-2,#-3]
     nts=5 UCGUG 0.U2492,0.C2493,0.G2494,0.U2528,0.G2529
       nts=1 C 0.C2493
       nts=0

****************************************************************************
Secondary structures in dot-bracket notation (dbn) as a whole and per chain
>TC.1S72.13 nts=12 [whole]
GGUAAGC&UCG&UG
(.....)&(.(&))
>TC.1S72.13-0 #1 nts=12 [chain] RNA*
GGUAAGCUCGUG
(.....)(.())

****************************************************************************
List of 7 additional files
   1 dssr-helices.pdb -- MODEL/ENDMDL delineated helices (pseudo/coaxial)
   2 dssr-pairs.pdb -- MODEL/ENDMDL delineated base pairs
   3 dssr-multiplets.pdb -- MODEL/ENDMDL delineated multiplets
   4 dssr-hairpins.pdb -- MODEL/ENDMDL delineated hairpin loops
   5 dssr-2ndstrs.ct -- secondary structures in the connect format
   6 dssr-2ndstrs.dbn -- secondary structures in the dot-bracket notation
   7 dssr-torsions.dat -- Backbone torsion angles and suite names
