****************************************************************************
         DSSR: a software program for Defining the Secondary
         Structures of RNA from three-dimensional coordinates
        v1.0.1-2014jan31, by Xiang-Jun Lu (xiangjun@x3dna.org)

   This program is actively maintained and developed. As always, I
   greatly appreciate your feedback! Please report all DSSR-related
   issues on the 3DNA Forum (http://forum.x3dna.org/). I strive to
   respond promptly to *any* questions posted there.

****************************************************************************
Note: Each nucleotide is identified by model:chainId.name#, where the
      'model:' portion is omitted if no model number is available as
      is normally the case for X-ray crystal structures in the PDB. So
      a common example would be like A.G19, meaning G #19 on chain A.
      One-letter base names for modified nucleotides are put in lower
      case (e.g., 'c' for 5MC). For further information about the
      output notation, please run DSSR with the '-note' option. More
      details can be found in the DSSR user manual. Questions and
      suggestions are always welcome on the 3DNA Forum.

Command: x3dna-dssr -i=TC.2VQE.1.pdb --non-pair -o=TC.2VQE.1_dssr.out
Date and time: Sun Jun 29 15:54:12 2014
File name: TC.2VQE.1.pdb
    no. of DNA/RNA chains: 1 [A=15]
    no. of nucleotides:    15
    no. of atoms:          327
    no. of waters:         0
    no. of metals:         0

****************************************************************************
List of 5 base pairs
      nt1              nt2             bp  name         Saenger    LW DSSR
   1 A.U129           A.G232           U-G Wobble       28-XXVIII cWW cW-W
   2 A.C131           A.G231           C-G WC           19-XIX    cWW cW-W
   3 A.G232           A.A263           G+A              00-n/a    tSS tm+m
   4 A.G259           A.C267           G-C WC           19-XIX    cWW cW-W
   5 A.G260           A.G265           G-G              00-n/a    tWH tW-M

****************************************************************************
List of 1 multiplet
   1 nts=3 UGA A.U129,A.G232,A.A263

****************************************************************************
List of 1 helix
  Note: a helix is defined by base-stacking interactions, regardless of bp
        type and backbone connectivity, and may contain more than one stem.
      helix#number[stems-contained] bps=number-of-base-pairs in the helix
      bp-type: '|' for a canonical WC/wobble pair, '.' otherwise
      helix-form: classification of a dinucleotide step comprising the bp
        above the given designation and the bp that follows it. Types
        include 'A', 'B' or 'Z' for the common A-, B- and Z-form helices,
        '.' for an unclassified step, and 'x' for a step without a
        continuous backbone.
      --------------------------------------------------------------------
  helix#1[0] bps=2
      strand-1 5'-UC-3'
       bp-type    ||
      strand-2 3'-GG-5'
      helix-form  x
   1 A.U129           A.G232           U-G Wobble       28-XXVIII cWW cW-W
   2 A.C131           A.G231           C-G WC           19-XIX    cWW cW-W

****************************************************************************
List of 3 lone WC/wobble pairs
  Note: lone WC/wobble pairs are assigned negative indices to differentiate
        them from the stem numbers, which are positive.
        --------------------------------------------------------------------
  -1 A.U129           A.G232           U-G Wobble       28-XXVIII cWW cW-W
  -2 A.C131           A.G231           C-G WC           19-XIX    cWW cW-W
  -3 A.G259           A.C267           G-C WC           19-XIX    cWW cW-W

****************************************************************************
List of 14 non-pairing interactions
   1 A.U129           A.A130          base-overlap-area=0.0(0.0)   H-bonds[1]: "O2'(hydroxyl)-O2'(hydroxyl)[3.14]"
   2 A.A130           A.C131          base-overlap-area=0.0(0.0)   H-bonds[1]: "O2'(hydroxyl)-O5'[2.44]"
   3 A.A130           A.A263          base-overlap-area=0.0(0.0)   H-bonds[1]: "N3-O2'(hydroxyl)[2.64]"
   4 A.A130           A.U264          base-overlap-area=1.1(0.0)   H-bonds[0]: ""
   5 A.C131           A.A262          base-overlap-area=0.0(0.0)   H-bonds[2]: "O2'(hydroxyl)-O2'(hydroxyl)[2.71],O2'(hydroxyl)-N3[2.81]"
   6 A.G232           A.A262          base-overlap-area=0.0(0.0)   H-bonds[1]: "O2'(hydroxyl)-N1[3.20]"
   7 A.G259           A.G260          base-overlap-area=6.1(3.9)   H-bonds[0]: ""
   8 A.G260           A.U261          base-overlap-area=5.2(2.5)   H-bonds[0]: ""
   9 A.U261           A.A263          base-overlap-area=0.0(0.0)   H-bonds[1]: "O2'(hydroxyl)-N7[2.80]"
  10 A.A262           A.A263          base-overlap-area=4.4(3.0)   H-bonds[0]: ""
  11 A.A263           A.U264          base-overlap-area=0.0(0.0)   H-bonds[1]: "O2'(hydroxyl)-O4'[3.10]"
  12 A.U264           A.G265          base-overlap-area=3.3(1.9)   H-bonds[0]: ""
  13 A.G265           A.G266          base-overlap-area=0.0(0.0)   H-bonds[1]: "O2'(hydroxyl)-O3'[3.06]"
  14 A.G265           A.C267          base-overlap-area=3.9(1.6)   H-bonds[0]: ""

****************************************************************************
Note: for the various types of loops listed below, numbers within the first
      set of brackets are the number of loop nts, and numbers in the second
      set of brackets are the identities of the stems (positive number) or
      lone WC/wobble pairs (negative numbers) to which they are linked.

****************************************************************************
List of 1 hairpin loop
   1 hairpin loop: nts=9; [7]; linked by [#-3]
     nts=9 GGUAAUGGC A.G259,A.G260,A.U261,A.A262,A.A263,A.U264,A.G265,A.G266,A.C267
       nts=7 GUAAUGG A.G260,A.U261,A.A262,A.A263,A.U264,A.G265,A.G266

****************************************************************************
List of 1 bulge
   1 bulge: nts=6; [2,0]; linked by [#-1,#-2]
     nts=6 UGACGG A.U129,A.G129,A.A130,A.C131,A.G231,A.G232
       nts=2 GA A.G129,A.A130
       nts=0

****************************************************************************
List of 1 A-minor motif
   1  type=II A/C-G	A.A262 vs A.C131+A.G231 [WC]
        -A.C131	H-bonds[2]: "O2'(hydroxyl)-O2'(hydroxyl)[2.71],N3-O2'(hydroxyl)[2.81]"
        +A.G231	H-bonds[0]: ""

****************************************************************************
Secondary structures in dot-bracket notation (dbn) as a whole and per chain
>TC.2VQE.1 nts=15 [whole]
UGAC&GG&GGUAAUGGC
(..(&))&(.......)
>TC.2VQE.1-A #1 nts=15 [chain] RNA*
UGACGGGGUAAUGGC
(..())(.......)

****************************************************************************
List of 8 additional files
   1 dssr-helices.pdb -- MODEL/ENDMDL delineated helices (pseudo/coaxial)
   2 dssr-pairs.pdb -- MODEL/ENDMDL delineated base pairs
   3 dssr-multiplets.pdb -- MODEL/ENDMDL delineated multiplets
   4 dssr-hairpins.pdb -- MODEL/ENDMDL delineated hairpin loops
   5 dssr-2ndstrs.ct -- secondary structures in the connect format
   6 dssr-2ndstrs.dbn -- secondary structures in the dot-bracket notation
   7 dssr-torsions.dat -- Backbone torsion angles and suite names
   8 dssr-Aminors.pdb -- MODEL/ENDMDL delineated A minor motifs (type I/II)
