****************************************************************************
         DSSR: a software program for Defining the Secondary
         Structures of RNA from three-dimensional coordinates
        v1.0.1-2014jan31, by Xiang-Jun Lu (xiangjun@x3dna.org)

   This program is actively maintained and developed. As always, I
   greatly appreciate your feedback! Please report all DSSR-related
   issues on the 3DNA Forum (http://forum.x3dna.org/). I strive to
   respond promptly to *any* questions posted there.

****************************************************************************
Note: Each nucleotide is identified by model:chainId.name#, where the
      'model:' portion is omitted if no model number is available as
      is normally the case for X-ray crystal structures in the PDB. So
      a common example would be like A.G19, meaning G #19 on chain A.
      One-letter base names for modified nucleotides are put in lower
      case (e.g., 'c' for 5MC). For further information about the
      output notation, please run DSSR with the '-note' option. More
      details can be found in the DSSR user manual. Questions and
      suggestions are always welcome on the 3DNA Forum.

Command: x3dna-dssr -i=NWAY.3HJW.0.pdb --non-pair -o=NWAY.3HJW.0_dssr.out
Date and time: Sun Jun 29 15:54:25 2014
File name: NWAY.3HJW.0.pdb
    no. of DNA/RNA chains: 2 [D=6,E=2]
    no. of nucleotides:    8
    no. of atoms:          169
    no. of waters:         0
    no. of metals:         0

****************************************************************************
List of 4 base pairs
      nt1              nt2             bp  name         Saenger    LW DSSR
   1 E.G9             D.C41            G-C WC           19-XIX    cWW cW-W
   2 E.C12            D.G15            C-G WC           19-XIX    cWW cW-W
   3 D.C16            D.U40            C-U              00-n/a    tW. cW-.
   4 D.G17            D.U39            G-U Wobble       28-XXVIII cWW cW-W

****************************************************************************
List of 1 helix
  Note: a helix is defined by base-stacking interactions, regardless of bp
        type and backbone connectivity, and may contain more than one stem.
      helix#number[stems-contained] bps=number-of-base-pairs in the helix
      bp-type: '|' for a canonical WC/wobble pair, '.' otherwise
      helix-form: classification of a dinucleotide step comprising the bp
        above the given designation and the bp that follows it. Types
        include 'A', 'B' or 'Z' for the common A-, B- and Z-form helices,
        '.' for an unclassified step, and 'x' for a step without a
        continuous backbone.
      --------------------------------------------------------------------
  helix#1[0] bps=3
      strand-1 5'-GCG-3'
       bp-type    |.|
      strand-2 3'-CUU-5'
      helix-form  x.
   1 D.G15            E.C12            G-C WC           19-XIX    cWW cW-W
   2 D.C16            D.U40            C-U              00-n/a    tW. cW-.
   3 D.G17            D.U39            G-U Wobble       28-XXVIII cWW cW-W

****************************************************************************
List of 3 lone WC/wobble pairs
  Note: lone WC/wobble pairs are assigned negative indices to differentiate
        them from the stem numbers, which are positive.
        --------------------------------------------------------------------
  -1 E.G9             D.C41            G-C WC           19-XIX    cWW cW-W
  -2 E.C12            D.G15            C-G WC           19-XIX    cWW cW-W
  -3 D.G17            D.U39            G-U Wobble       28-XXVIII cWW cW-W

****************************************************************************
List of 2 non-loop single-stranded segments
   1 nts=1 C D.C16
   2 nts=1 U D.U40

****************************************************************************
Secondary structures in dot-bracket notation (dbn) as a whole and per chain
>NWAY.3HJW.0 nts=8 [whole]
G&C&GCG&UUC
(&(&).(&).)
>NWAY.3HJW.0-D #1 nts=6 [chain] RNA*
GCGUUC
).().)
>NWAY.3HJW.0-E #2 nts=2 [chain] RNA*
GC
((

****************************************************************************
List of 5 additional files
   1 dssr-helices.pdb -- MODEL/ENDMDL delineated helices (pseudo/coaxial)
   2 dssr-pairs.pdb -- MODEL/ENDMDL delineated base pairs
   3 dssr-2ndstrs.ct -- secondary structures in the connect format
   4 dssr-2ndstrs.dbn -- secondary structures in the dot-bracket notation
   5 dssr-torsions.dat -- Backbone torsion angles and suite names
