****************************************************************************
         DSSR: a software program for Defining the Secondary
         Structures of RNA from three-dimensional coordinates
        v1.0.1-2014jan31, by Xiang-Jun Lu (xiangjun@x3dna.org)

   This program is actively maintained and developed. As always, I
   greatly appreciate your feedback! Please report all DSSR-related
   issues on the 3DNA Forum (http://forum.x3dna.org/). I strive to
   respond promptly to *any* questions posted there.

****************************************************************************
Note: Each nucleotide is identified by model:chainId.name#, where the
      'model:' portion is omitted if no model number is available as
      is normally the case for X-ray crystal structures in the PDB. So
      a common example would be like A.G19, meaning G #19 on chain A.
      One-letter base names for modified nucleotides are put in lower
      case (e.g., 'c' for 5MC). For further information about the
      output notation, please run DSSR with the '-note' option. More
      details can be found in the DSSR user manual. Questions and
      suggestions are always welcome on the 3DNA Forum.

Command: x3dna-dssr -i=TC.1S72.2.pdb --non-pair -o=TC.1S72.2_dssr.out
Date and time: Sun Jun 29 15:52:05 2014
File name: TC.1S72.2.pdb
    no. of DNA/RNA chains: 1 [0=15]
    no. of nucleotides:    15
    no. of atoms:          322
    no. of waters:         0
    no. of metals:         0

****************************************************************************
List of 9 base pairs
      nt1              nt2             bp  name         Saenger    LW DSSR
   1 0.G164           0.C171           G-C WC           19-XIX    cWW cW-W
   2 0.G164           0.A222           G-A              00-n/a    c.S c.-m
   3 0.A165           0.G221           A-G              00-n/a    cSW cm-W
   4 0.C168           0.G219           C-G WC           19-XIX    cWW cW-W
   5 0.U170           0.G221           U+G              27-XXVII  tWW tW+W
   6 0.C171           0.G221           C+G              00-n/a    tSW tm+W
   7 0.C171           0.A222           C+A              00-n/a    ... t...
   8 0.C217           0.G223           C-G WC           19-XIX    cWW cW-W
   9 0.C218           0.A222           C-A              00-n/a    tSH tm-M

****************************************************************************
List of 2 multiplets
   1 nts=3 AUG 0.A165,0.U170,0.G221
   2 nts=4 GCCA 0.G164,0.C171,0.C218,0.A222

****************************************************************************
List of 1 helix
  Note: a helix is defined by base-stacking interactions, regardless of bp
        type and backbone connectivity, and may contain more than one stem.
      helix#number[stems-contained] bps=number-of-base-pairs in the helix
      bp-type: '|' for a canonical WC/wobble pair, '.' otherwise
      helix-form: classification of a dinucleotide step comprising the bp
        above the given designation and the bp that follows it. Types
        include 'A', 'B' or 'Z' for the common A-, B- and Z-form helices,
        '.' for an unclassified step, and 'x' for a step without a
        continuous backbone.
      --------------------------------------------------------------------
  helix#1[0] bps=4
      strand-1 5'-CUCC-3'
       bp-type    |..|
      strand-2 5'-GGAG-3'
      helix-form  xx.
   1 0.C168           0.G219           C-G WC           19-XIX    cWW cW-W
   2 0.U170           0.G221           U+G              27-XXVII  tWW tW+W
   3 0.C218           0.A222           C-A              00-n/a    tSH tm-M
   4 0.C217           0.G223           C-G WC           19-XIX    cWW cW-W

****************************************************************************
List of 3 lone WC/wobble pairs
  Note: lone WC/wobble pairs are assigned negative indices to differentiate
        them from the stem numbers, which are positive.
        --------------------------------------------------------------------
  -1 0.G164           0.C171           G-C WC           19-XIX    cWW cW-W
  -2 0.C168           0.G219           C-G WC           19-XIX    cWW cW-W
  -3 0.C217           0.G223           C-G WC           19-XIX    cWW cW-W

****************************************************************************
List of 8 non-pairing interactions
   1 0.G164           0.A165          base-overlap-area=5.9(3.6)   H-bonds[0]: ""
   2 0.A165           0.C168          base-overlap-area=3.7(1.4)   H-bonds[0]: ""
   3 0.A167           0.C168          base-overlap-area=5.1(1.4)   H-bonds[0]: ""
   4 0.C168           0.A169          base-overlap-area=0.0(0.0)   H-bonds[1]: "O2'(hydroxyl)-O4'[3.24]"
   5 0.U170           0.C171          base-overlap-area=3.5(0.9)   H-bonds[0]: ""
   6 0.C218           0.C220          base-overlap-area=5.5(1.7)   H-bonds[0]: ""
   7 0.C218           0.G221          base-overlap-area=0.0(0.0)   H-bonds[1]: "O2'(hydroxyl)-N7[2.98]"
   8 0.G219           0.G221          base-overlap-area=5.8(3.8)   H-bonds[0]: ""

****************************************************************************
Note: for the various types of loops listed below, numbers within the first
      set of brackets are the number of loop nts, and numbers in the second
      set of brackets are the identities of the stems (positive number) or
      lone WC/wobble pairs (negative numbers) to which they are linked.

****************************************************************************
List of 2 hairpin loops
   1 hairpin loop: nts=8; [6]; linked by [#-1]
     nts=8 GAAACAUC 0.G164,0.A165,0.A166,0.A167,0.C168,0.A169,0.U170,0.C171
       nts=6 AAACAU 0.A165,0.A166,0.A167,0.C168,0.A169,0.U170
   2 hairpin loop: nts=7; [5]; linked by [#-3]
     nts=7 CCGCGAG 0.C217,0.C218,0.G219,0.C220,0.G221,0.A222,0.G223
       nts=5 CGCGA 0.C218,0.G219,0.C220,0.G221,0.A222

****************************************************************************
This structure contains at least one pseudo-knot.

****************************************************************************
List of 1 kissing loop interaction
   1 lone-pair #-2 between hairpin loops #1 and #2

****************************************************************************
List of 1 A-minor motif
   1  type=I A/G-C	0.A222 vs 0.G164+0.C171 [WC]
        -0.G164	H-bonds[1]: "N3-N2(amino)[3.44]"
        +0.C171	H-bonds[1]: "N1-O2'(hydroxyl)[2.72]"

****************************************************************************
Secondary structures in dot-bracket notation (dbn) as a whole and per chain
>TC.1S72.2 nts=15 [whole]
GAAACAUC&CCGCGAG
(...[..)&(.]...)
>TC.1S72.2-0 #1 nts=15 [chain] RNA*
GAAACAUCCCGCGAG
(...[..)(.]...)

****************************************************************************
List of 8 additional files
   1 dssr-helices.pdb -- MODEL/ENDMDL delineated helices (pseudo/coaxial)
   2 dssr-pairs.pdb -- MODEL/ENDMDL delineated base pairs
   3 dssr-multiplets.pdb -- MODEL/ENDMDL delineated multiplets
   4 dssr-hairpins.pdb -- MODEL/ENDMDL delineated hairpin loops
   5 dssr-2ndstrs.ct -- secondary structures in the connect format
   6 dssr-2ndstrs.dbn -- secondary structures in the dot-bracket notation
   7 dssr-torsions.dat -- Backbone torsion angles and suite names
   8 dssr-Aminors.pdb -- MODEL/ENDMDL delineated A minor motifs (type I/II)
