****************************************************************************
         DSSR: a software program for Defining the Secondary
         Structures of RNA from three-dimensional coordinates
        v1.0.1-2014jan31, by Xiang-Jun Lu (xiangjun@x3dna.org)

   This program is actively maintained and developed. As always, I
   greatly appreciate your feedback! Please report all DSSR-related
   issues on the 3DNA Forum (http://forum.x3dna.org/). I strive to
   respond promptly to *any* questions posted there.

****************************************************************************
Note: Each nucleotide is identified by model:chainId.name#, where the
      'model:' portion is omitted if no model number is available as
      is normally the case for X-ray crystal structures in the PDB. So
      a common example would be like A.G19, meaning G #19 on chain A.
      One-letter base names for modified nucleotides are put in lower
      case (e.g., 'c' for 5MC). For further information about the
      output notation, please run DSSR with the '-note' option. More
      details can be found in the DSSR user manual. Questions and
      suggestions are always welcome on the 3DNA Forum.

Command: x3dna-dssr -i=TC.1S72.21.pdb --non-pair -o=TC.1S72.21_dssr.out
Date and time: Sun Jun 29 15:52:34 2014
File name: TC.1S72.21.pdb
    no. of DNA/RNA chains: 1 [0=13]
    no. of nucleotides:    13
    no. of atoms:          277
    no. of waters:         0
    no. of metals:         0

****************************************************************************
List of 7 base pairs
      nt1              nt2             bp  name         Saenger    LW DSSR
   1 0.A1465          0.U1478          A-U WC           20-XX     cWW cW-W
   2 0.C1466          0.C1477          C-C              00-n/a    cWW cW-W
   3 0.C1467          0.G1475          C-G WC           19-XIX    cWW cW-W
   4 0.C1467          0.A1476          C-A              00-n/a    cWW cW-W
   5 0.G1475          0.A1866          G+A              00-n/a    tSS tm+m
   6 0.C1862          0.G1867          C-G WC           19-XIX    cWW cW-W
   7 0.G1863          0.A1866          G-A Sheared      11-XI     tSH tm-M

****************************************************************************
List of 1 multiplet
   1 nts=4 CGGA 0.C1467,0.G1475,0.G1863,0.A1866

****************************************************************************
List of 2 helices
  Note: a helix is defined by base-stacking interactions, regardless of bp
        type and backbone connectivity, and may contain more than one stem.
      helix#number[stems-contained] bps=number-of-base-pairs in the helix
      bp-type: '|' for a canonical WC/wobble pair, '.' otherwise
      helix-form: classification of a dinucleotide step comprising the bp
        above the given designation and the bp that follows it. Types
        include 'A', 'B' or 'Z' for the common A-, B- and Z-form helices,
        '.' for an unclassified step, and 'x' for a step without a
        continuous backbone.
      --------------------------------------------------------------------
  helix#1[0] bps=3
      strand-1 5'-ACC-3'
       bp-type    |.|
      strand-2 3'-UCG-5'
      helix-form  .x
   1 0.A1465          0.U1478          A-U WC           20-XX     cWW cW-W
   2 0.C1466          0.C1477          C-C              00-n/a    cWW cW-W
   3 0.C1467          0.G1475          C-G WC           19-XIX    cWW cW-W
  --------------------------------------------------------------------------
  helix#2[0] bps=2
      strand-1 5'-CG-3'
       bp-type    |.
      strand-2 3'-GA-5'
      helix-form  .
   1 0.C1862          0.G1867          C-G WC           19-XIX    cWW cW-W
   2 0.G1863          0.A1866          G-A Sheared      11-XI     tSH tm-M

****************************************************************************
List of 3 lone WC/wobble pairs
  Note: lone WC/wobble pairs are assigned negative indices to differentiate
        them from the stem numbers, which are positive.
        --------------------------------------------------------------------
  -1 0.A1465          0.U1478          A-U WC           20-XX     cWW cW-W
  -2 0.C1467          0.G1475          C-G WC           19-XIX    cWW cW-W
  -3 0.C1862          0.G1867          C-G WC           19-XIX    cWW cW-W

****************************************************************************
List of 8 non-pairing interactions
   1 0.C1467          0.A1866         base-overlap-area=0.0(0.0)   H-bonds[1]: "O2'(hydroxyl)-O2'(hydroxyl)[2.76]"
   2 0.G1475          0.A1865         base-overlap-area=0.0(0.0)   H-bonds[1]: "O2'(hydroxyl)-N6(amino)[3.16]"
   3 0.A1476          0.C1477         base-overlap-area=3.6(2.6)   H-bonds[0]: ""
   4 0.A1476          0.G1867         base-overlap-area=0.0(0.0)   H-bonds[2]: "O2'(hydroxyl)-O2'(hydroxyl)[2.54],N3-O2'(hydroxyl)[3.03]"
   5 0.G1863          0.A1865         base-overlap-area=0.0(0.0)   H-bonds[2]: "O2'(hydroxyl)-N6(amino)[3.16],O2'(hydroxyl)-N7[2.76]"
   6 0.G1863          0.G1867         base-overlap-area=3.8(1.3)   H-bonds[0]: ""
   7 0.C1864          0.A1865         base-overlap-area=5.1(2.2)   H-bonds[0]: ""
   8 0.A1865          0.A1866         base-overlap-area=6.6(4.9)   H-bonds[0]: ""

****************************************************************************
Note: for the various types of loops listed below, numbers within the first
      set of brackets are the number of loop nts, and numbers in the second
      set of brackets are the identities of the stems (positive number) or
      lone WC/wobble pairs (negative numbers) to which they are linked.

****************************************************************************
List of 1 hairpin loop
   1 hairpin loop: nts=6; [4]; linked by [#-3]
     nts=6 CGCAAG 0.C1862,0.G1863,0.C1864,0.A1865,0.A1866,0.G1867
       nts=4 GCAA 0.G1863,0.C1864,0.A1865,0.A1866

****************************************************************************
List of 1 internal loop
   1 asymmetric internal loop: nts=7; [1,2]; linked by [#-1,#-2]
     nts=7 ACCGACU 0.A1465,0.C1466,0.C1467,0.G1475,0.A1476,0.C1477,0.U1478
       nts=1 C 0.C1466
       nts=2 AC 0.A1476,0.C1477

****************************************************************************
List of 1 A-minor motif
   1  type=I A/C-G	0.A1866 vs 0.C1467+0.G1475 [WC]
        -0.C1467	H-bonds[1]: "O2'(hydroxyl)-O2'(hydroxyl)[2.76]"
        +0.G1475	H-bonds[2]: "N1-O2'(hydroxyl)[2.62],N3-N2(amino)[2.98]"

****************************************************************************
Secondary structures in dot-bracket notation (dbn) as a whole and per chain
>TC.1S72.21 nts=13 [whole]
ACC&GACU&CGCAAG
(.(&)..)&(....)
>TC.1S72.21-0 #1 nts=13 [chain] RNA*
ACCGACUCGCAAG
(.()..)(....)

****************************************************************************
List of 8 additional files
   1 dssr-helices.pdb -- MODEL/ENDMDL delineated helices (pseudo/coaxial)
   2 dssr-pairs.pdb -- MODEL/ENDMDL delineated base pairs
   3 dssr-multiplets.pdb -- MODEL/ENDMDL delineated multiplets
   4 dssr-hairpins.pdb -- MODEL/ENDMDL delineated hairpin loops
   5 dssr-2ndstrs.ct -- secondary structures in the connect format
   6 dssr-2ndstrs.dbn -- secondary structures in the dot-bracket notation
   7 dssr-torsions.dat -- Backbone torsion angles and suite names
   8 dssr-Aminors.pdb -- MODEL/ENDMDL delineated A minor motifs (type I/II)
