****************************************************************************
         DSSR: a software program for Defining the Secondary
         Structures of RNA from three-dimensional coordinates
        v1.0.1-2014jan31, by Xiang-Jun Lu (xiangjun@x3dna.org)

   This program is actively maintained and developed. As always, I
   greatly appreciate your feedback! Please report all DSSR-related
   issues on the 3DNA Forum (http://forum.x3dna.org/). I strive to
   respond promptly to *any* questions posted there.

****************************************************************************
Note: Each nucleotide is identified by model:chainId.name#, where the
      'model:' portion is omitted if no model number is available as
      is normally the case for X-ray crystal structures in the PDB. So
      a common example would be like A.G19, meaning G #19 on chain A.
      One-letter base names for modified nucleotides are put in lower
      case (e.g., 'c' for 5MC). For further information about the
      output notation, please run DSSR with the '-note' option. More
      details can be found in the DSSR user manual. Questions and
      suggestions are always welcome on the 3DNA Forum.

Command: x3dna-dssr -i=TC.1S72.41.pdb --non-pair -o=TC.1S72.41_dssr.out
Date and time: Sun Jun 29 15:53:03 2014
File name: TC.1S72.41.pdb
    no. of DNA/RNA chains: 1 [0=24]
    no. of nucleotides:    24
    no. of atoms:          510
    no. of waters:         0
    no. of metals:         0

****************************************************************************
List of 13 base pairs
      nt1              nt2             bp  name         Saenger    LW DSSR
   1 0.C1854          0.A1858          C-A              00-n/a    ... c...
   2 0.C1854          0.G1877          C-G WC           19-XIX    cWW cW-W
   3 0.G1855          0.U1874          G+U              00-n/a    t.S t.+m
   4 0.C1856          0.G1873          C+G rWC          22-XXII   tWW tW+W
   5 0.C1856          0.A1875          C+A              00-n/a    tHH tM+M
   6 0.A1857          0.U2246          A-U              00-n/a    cWS cW-m
   7 0.A1858          0.U1871          A+U              00-n/a    tH. cM+.
   8 0.A1859          0.C1870          A-C              00-n/a    c.W c.-W
   9 0.U1860          0.A1869          U-A WC           20-XX     cWW cW-W
  10 0.C2245          0.G2256          C-G WC           19-XIX    cWW cW-W
  11 0.U2246          0.A2255          U-A WC           20-XX     cWW cW-W
  12 0.C2247          0.G2254          C-G WC           19-XIX    cWW cW-W
  13 0.C2248          0.G2253          C-G WC           19-XIX    cWW cW-W

****************************************************************************
List of 3 multiplets
   1 nts=3 CGA 0.C1856,0.G1873,0.A1875
   2 nts=3 AUA 0.A1857,0.U2246,0.A2255
   3 nts=4 CAUG 0.C1854,0.A1858,0.U1871,0.G1877

****************************************************************************
List of 2 helices
  Note: a helix is defined by base-stacking interactions, regardless of bp
        type and backbone connectivity, and may contain more than one stem.
      helix#number[stems-contained] bps=number-of-base-pairs in the helix
      bp-type: '|' for a canonical WC/wobble pair, '.' otherwise
      helix-form: classification of a dinucleotide step comprising the bp
        above the given designation and the bp that follows it. Types
        include 'A', 'B' or 'Z' for the common A-, B- and Z-form helices,
        '.' for an unclassified step, and 'x' for a step without a
        continuous backbone.
      --------------------------------------------------------------------
  helix#1[0] bps=5
      strand-1 5'-GCAAU-3'
       bp-type    ....|
      strand-2 3'-UGUCA-5'
      helix-form  .x..
   1 0.G1855          0.U1874          G+U              00-n/a    t.S t.+m
   2 0.C1856          0.G1873          C+G rWC          22-XXII   tWW tW+W
   3 0.A1858          0.U1871          A+U              00-n/a    tH. cM+.
   4 0.A1859          0.C1870          A-C              00-n/a    c.W c.-W
   5 0.U1860          0.A1869          U-A WC           20-XX     cWW cW-W
  --------------------------------------------------------------------------
  helix#2[1] bps=4
      strand-1 5'-CUCC-3'
       bp-type    ||||
      strand-2 3'-GAGG-5'
      helix-form  .AA
   1 0.C2245          0.G2256          C-G WC           19-XIX    cWW cW-W
   2 0.U2246          0.A2255          U-A WC           20-XX     cWW cW-W
   3 0.C2247          0.G2254          C-G WC           19-XIX    cWW cW-W
   4 0.C2248          0.G2253          C-G WC           19-XIX    cWW cW-W

****************************************************************************
List of 1 stem
  Note: a stem is defined as a helix consisting of only canonical WC/wobble
        pairs, with a continuous backbone.
      stem#number[#helix-number containing this stem]
      Other terms are defined as in the above Helix section.
      --------------------------------------------------------------------
  stem#1[#2] bps=4
      strand-1 5'-CUCC-3'
       bp-type    ||||
      strand-2 3'-GAGG-5'
      helix-form  .AA
   1 0.C2245          0.G2256          C-G WC           19-XIX    cWW cW-W
   2 0.U2246          0.A2255          U-A WC           20-XX     cWW cW-W
   3 0.C2247          0.G2254          C-G WC           19-XIX    cWW cW-W
   4 0.C2248          0.G2253          C-G WC           19-XIX    cWW cW-W

****************************************************************************
List of 2 lone WC/wobble pairs
  Note: lone WC/wobble pairs are assigned negative indices to differentiate
        them from the stem numbers, which are positive.
        --------------------------------------------------------------------
  -1 0.C1854          0.G1877          C-G WC           19-XIX    cWW cW-W
  -2 0.U1860          0.A1869          U-A WC           20-XX     cWW cW-W

****************************************************************************
List of 8 non-pairing interactions
   1 0.C1854          0.A1859         base-overlap-area=0.0(0.0)   H-bonds[1]: "O4'*O4'[3.10]"
   2 0.C1854          0.A1875         base-overlap-area=0.9(0.1)   H-bonds[0]: ""
   3 0.G1855          0.A1875         base-overlap-area=3.4(0.9)   H-bonds[2]: "O5'-N6(amino)[3.27],O4'-N6(amino)[3.30]"
   4 0.C1856          0.A1858         base-overlap-area=7.4(3.9)   H-bonds[1]: "O4'*O4'[3.30]"
   5 0.C1856          0.U1874         base-overlap-area=0.3(0.0)   H-bonds[1]: "O2'(hydroxyl)-N3(imino)[2.82]"
   6 0.U1871          0.G1873         base-overlap-area=6.0(3.3)   H-bonds[0]: ""
   7 0.A1875          0.G1877         base-overlap-area=3.4(0.8)   H-bonds[0]: ""
   8 0.C2248          0.G2254         base-overlap-area=0.7(0.0)   H-bonds[0]: ""

****************************************************************************
Note: for the various types of loops listed below, numbers within the first
      set of brackets are the number of loop nts, and numbers in the second
      set of brackets are the identities of the stems (positive number) or
      lone WC/wobble pairs (negative numbers) to which they are linked.

****************************************************************************
List of 1 internal loop
   1 asymmetric internal loop: nts=16; [5,7]; linked by [#-1,#-2]
     nts=16 CGCAAAUACUCGUACG 0.C1854,0.G1855,0.C1856,0.A1857,0.A1858,0.A1859,0.U1860,0.A1869,0.C1870,0.U1871,0.C1872,0.G1873,0.U1874,0.A1875,0.C1876,0.G1877
       nts=5 GCAAA 0.G1855,0.C1856,0.A1857,0.A1858,0.A1859
       nts=7 CUCGUAC 0.C1870,0.U1871,0.C1872,0.G1873,0.U1874,0.A1875,0.C1876

****************************************************************************
List of 1 A-minor motif
   1  type=II A/C-G	0.A1858 vs 0.C1854+0.G1877 [WC]
        -0.C1854	H-bonds[3]: "O2'(hydroxyl)-O3'[3.10],O2'(hydroxyl)-O2'(hydroxyl)[2.73],N3-O2'(hydroxyl)[2.64]"
        +0.G1877	H-bonds[0]: ""

****************************************************************************
Secondary structures in dot-bracket notation (dbn) as a whole and per chain
>TC.1S72.41 nts=24 [whole]
CGCAAAU&ACUCGUACG&CUCC&GGAG
(.....(&).......)&((((&))))
>TC.1S72.41-0 #1 nts=24 [chain] RNA*
CGCAAAUACUCGUACGCUCCGGAG
(.....().......)(((())))

****************************************************************************
List of 8 additional files
   1 dssr-stems.pdb -- MODEL/ENDMDL delineated stems
   2 dssr-helices.pdb -- MODEL/ENDMDL delineated helices (pseudo/coaxial)
   3 dssr-pairs.pdb -- MODEL/ENDMDL delineated base pairs
   4 dssr-multiplets.pdb -- MODEL/ENDMDL delineated multiplets
   5 dssr-2ndstrs.ct -- secondary structures in the connect format
   6 dssr-2ndstrs.dbn -- secondary structures in the dot-bracket notation
   7 dssr-torsions.dat -- Backbone torsion angles and suite names
   8 dssr-Aminors.pdb -- MODEL/ENDMDL delineated A minor motifs (type I/II)
