****************************************************************************
         DSSR: a software program for Defining the Secondary
         Structures of RNA from three-dimensional coordinates
        v1.0.1-2014jan31, by Xiang-Jun Lu (xiangjun@x3dna.org)

   This program is actively maintained and developed. As always, I
   greatly appreciate your feedback! Please report all DSSR-related
   issues on the 3DNA Forum (http://forum.x3dna.org/). I strive to
   respond promptly to *any* questions posted there.

****************************************************************************
Note: Each nucleotide is identified by model:chainId.name#, where the
      'model:' portion is omitted if no model number is available as
      is normally the case for X-ray crystal structures in the PDB. So
      a common example would be like A.G19, meaning G #19 on chain A.
      One-letter base names for modified nucleotides are put in lower
      case (e.g., 'c' for 5MC). For further information about the
      output notation, please run DSSR with the '-note' option. More
      details can be found in the DSSR user manual. Questions and
      suggestions are always welcome on the 3DNA Forum.

Command: x3dna-dssr -i=TC.2VQE.38.pdb --non-pair -o=TC.2VQE.38_dssr.out
Date and time: Sun Jun 29 15:54:18 2014
File name: TC.2VQE.38.pdb
    no. of DNA/RNA chains: 1 [A=22]
    no. of nucleotides:    22
    no. of atoms:          467
    no. of waters:         0
    no. of metals:         0

****************************************************************************
List of 10 base pairs
      nt1              nt2             bp  name         Saenger    LW DSSR
   1 A.C1119          A.G1154          C-G WC           19-XIX    cWW cW-W
   2 A.G1120          A.C1153          G-C WC           19-XIX    cWW cW-W
   3 A.U1121          A.A1152          U-A WC           20-XX     cWW cW-W
   4 A.U1122          A.A1151          U-A WC           20-XX     cWW cW-W
   5 A.A1123          A.U1150          A-U WC           20-XX     cWW cW-W
   6 A.G1124          A.C1149          G-C WC           19-XIX    cWW cW-W
   7 A.C1149          A.A1280          C-A              00-n/a    cSW cm-W
   8 A.G1255          A.C1277          G+C              00-n/a    tSS tm+m
   9 A.G1255          A.C1282          G-C WC           19-XIX    cWW cW-W
  10 A.G1258          A.C1277          G-C WC           19-XIX    cWW cW-W

****************************************************************************
List of 1 multiplet
   1 nts=3 GCA A.G1124,A.C1149,A.A1280

****************************************************************************
List of 1 helix
  Note: a helix is defined by base-stacking interactions, regardless of bp
        type and backbone connectivity, and may contain more than one stem.
      helix#number[stems-contained] bps=number-of-base-pairs in the helix
      bp-type: '|' for a canonical WC/wobble pair, '.' otherwise
      helix-form: classification of a dinucleotide step comprising the bp
        above the given designation and the bp that follows it. Types
        include 'A', 'B' or 'Z' for the common A-, B- and Z-form helices,
        '.' for an unclassified step, and 'x' for a step without a
        continuous backbone.
      --------------------------------------------------------------------
  helix#1[1] bps=6
      strand-1 5'-CGUUAG-3'
       bp-type    ||||||
      strand-2 3'-GCAAUC-5'
      helix-form  AA...
   1 A.C1119          A.G1154          C-G WC           19-XIX    cWW cW-W
   2 A.G1120          A.C1153          G-C WC           19-XIX    cWW cW-W
   3 A.U1121          A.A1152          U-A WC           20-XX     cWW cW-W
   4 A.U1122          A.A1151          U-A WC           20-XX     cWW cW-W
   5 A.A1123          A.U1150          A-U WC           20-XX     cWW cW-W
   6 A.G1124          A.C1149          G-C WC           19-XIX    cWW cW-W

****************************************************************************
List of 1 stem
  Note: a stem is defined as a helix consisting of only canonical WC/wobble
        pairs, with a continuous backbone.
      stem#number[#helix-number containing this stem]
      Other terms are defined as in the above Helix section.
      --------------------------------------------------------------------
  stem#1[#1] bps=6
      strand-1 5'-CGUUAG-3'
       bp-type    ||||||
      strand-2 3'-GCAAUC-5'
      helix-form  AA...
   1 A.C1119          A.G1154          C-G WC           19-XIX    cWW cW-W
   2 A.G1120          A.C1153          G-C WC           19-XIX    cWW cW-W
   3 A.U1121          A.A1152          U-A WC           20-XX     cWW cW-W
   4 A.U1122          A.A1151          U-A WC           20-XX     cWW cW-W
   5 A.A1123          A.U1150          A-U WC           20-XX     cWW cW-W
   6 A.G1124          A.C1149          G-C WC           19-XIX    cWW cW-W

****************************************************************************
List of 2 lone WC/wobble pairs
  Note: lone WC/wobble pairs are assigned negative indices to differentiate
        them from the stem numbers, which are positive.
        --------------------------------------------------------------------
  -1 A.G1255          A.C1282          G-C WC           19-XIX    cWW cW-W
  -2 A.G1258          A.C1277          G-C WC           19-XIX    cWW cW-W

****************************************************************************
List of 7 non-pairing interactions
   1 A.G1120          A.G1154         base-overlap-area=3.0(0.7)   H-bonds[0]: ""
   2 A.G1255          A.G1258         base-overlap-area=0.0(0.0)   H-bonds[2]: "O2'(hydroxyl)-O2'(hydroxyl)[2.85],O2'(hydroxyl)-N3[2.69]"
   3 A.G1255          A.A1279         base-overlap-area=3.1(1.4)   H-bonds[0]: ""
   4 A.A1256          A.U1257         base-overlap-area=0.0(0.0)   H-bonds[1]: "O2'(hydroxyl)-O5'[3.03]"
   5 A.A1256          A.U1278         base-overlap-area=0.0(0.0)   H-bonds[1]: "N6(amino)-O4'[2.66]"
   6 A.C1277          A.A1279         base-overlap-area=0.0(0.0)   H-bonds[1]: "O2'(hydroxyl)-O4'[3.22]"
   7 A.U1278          A.A1279         base-overlap-area=0.0(0.0)   H-bonds[1]: "O5'*O4'[3.20]"

****************************************************************************
Note: for the various types of loops listed below, numbers within the first
      set of brackets are the number of loop nts, and numbers in the second
      set of brackets are the identities of the stems (positive number) or
      lone WC/wobble pairs (negative numbers) to which they are linked.

****************************************************************************
List of 1 internal loop
   1 asymmetric internal loop: nts=10; [2,4]; linked by [#-1,#-2]
     nts=10 GAUGCUAAUC A.G1255,A.A1256,A.U1257,A.G1258,A.C1277,A.U1278,A.A1279,A.A1280,A.U1281,A.C1282
       nts=2 AU A.A1256,A.U1257
       nts=4 UAAU A.U1278,A.A1279,A.A1280,A.U1281

****************************************************************************
Secondary structures in dot-bracket notation (dbn) as a whole and per chain
>TC.2VQE.38 nts=22 [whole]
CGUUAG&CUAACG&GAUG&CUAAUC
((((((&))))))&(..(&)....)
>TC.2VQE.38-A #1 nts=22 [chain] RNA*
CGUUAGCUAACGGAUGCUAAUC
(((((())))))(..()....)

****************************************************************************
List of 7 additional files
   1 dssr-stems.pdb -- MODEL/ENDMDL delineated stems
   2 dssr-helices.pdb -- MODEL/ENDMDL delineated helices (pseudo/coaxial)
   3 dssr-pairs.pdb -- MODEL/ENDMDL delineated base pairs
   4 dssr-multiplets.pdb -- MODEL/ENDMDL delineated multiplets
   5 dssr-2ndstrs.ct -- secondary structures in the connect format
   6 dssr-2ndstrs.dbn -- secondary structures in the dot-bracket notation
   7 dssr-torsions.dat -- Backbone torsion angles and suite names
