****************************************************************************
         DSSR: a software program for Defining the Secondary
         Structures of RNA from three-dimensional coordinates
        v1.0.1-2014jan31, by Xiang-Jun Lu (xiangjun@x3dna.org)

   This program is actively maintained and developed. As always, I
   greatly appreciate your feedback! Please report all DSSR-related
   issues on the 3DNA Forum (http://forum.x3dna.org/). I strive to
   respond promptly to *any* questions posted there.

****************************************************************************
Note: Each nucleotide is identified by model:chainId.name#, where the
      'model:' portion is omitted if no model number is available as
      is normally the case for X-ray crystal structures in the PDB. So
      a common example would be like A.G19, meaning G #19 on chain A.
      One-letter base names for modified nucleotides are put in lower
      case (e.g., 'c' for 5MC). For further information about the
      output notation, please run DSSR with the '-note' option. More
      details can be found in the DSSR user manual. Questions and
      suggestions are always welcome on the 3DNA Forum.

Command: x3dna-dssr -i=TC.1S72.27.pdb --non-pair -o=TC.1S72.27_dssr.out
Date and time: Sun Jun 29 15:52:39 2014
File name: TC.1S72.27.pdb
    no. of DNA/RNA chains: 1 [0=29]
    no. of nucleotides:    29
    no. of atoms:          619
    no. of waters:         0
    no. of metals:         0

****************************************************************************
List of 15 base pairs
      nt1              nt2             bp  name         Saenger    LW DSSR
   1 0.C1147          0.G1216          C-G WC           19-XIX    cWW cW-W
   2 0.G1151          0.A1215          G-A Sheared      11-XI     tSH tm-M
   3 0.A1152          0.G1214          A-G              00-n/a    tHS tM-m
   4 0.A1152          0.G1216          A+G              00-n/a    tSS tm+m
   5 0.C1153          0.G2786          C+G              00-n/a    cWH cW+M
   6 0.A1154          0.C1213          A-C              00-n/a    c.W c.-W
   7 0.G1155          0.C1212          G-C WC           19-XIX    cWW cW-W
   8 0.C2780          0.G2794          C-G WC           19-XIX    cWW cW-W
   9 0.U2781          0.U2791          U-U Calcutta     00-n/a    tWH tW-M
  10 0.U2781          0.A2793          U-A              00-n/a    tWH cW-M
  11 0.G2782          0.A2792          G-A Sheared      11-XI     tSH tm-M
  12 0.A2783          0.U2789          A-U rHoogsteen   24-XXIV   tHW tM-W
  13 0.A2784          0.A2788          A-A              05-V      tHW tM-W
  14 0.C2785          0.C2787          C+C              00-n/a    cS. cm+.
  15 0.U2791          0.A2793          U+A Hoogsteen    23-XXIII  cWH cW+M

****************************************************************************
List of 2 multiplets
   1 nts=3 UUA 0.U2781,0.U2791,0.A2793
   2 nts=4 CAGG 0.C1147,0.A1152,0.G1214,0.G1216

****************************************************************************
List of 2 helices
  Note: a helix is defined by base-stacking interactions, regardless of bp
        type and backbone connectivity, and may contain more than one stem.
      helix#number[stems-contained] bps=number-of-base-pairs in the helix
      bp-type: '|' for a canonical WC/wobble pair, '.' otherwise
      helix-form: classification of a dinucleotide step comprising the bp
        above the given designation and the bp that follows it. Types
        include 'A', 'B' or 'Z' for the common A-, B- and Z-form helices,
        '.' for an unclassified step, and 'x' for a step without a
        continuous backbone.
      --------------------------------------------------------------------
  helix#1[0] bps=4
      strand-1 5'-GAAG-3'
       bp-type    ...|
      strand-2 3'-AGCC-5'
      helix-form  .x.
   1 0.G1151          0.A1215          G-A Sheared      11-XI     tSH tm-M
   2 0.A1152          0.G1214          A-G              00-n/a    tHS tM-m
   3 0.A1154          0.C1213          A-C              00-n/a    c.W c.-W
   4 0.G1155          0.C1212          G-C WC           19-XIX    cWW cW-W
  --------------------------------------------------------------------------
  helix#2[0] bps=6
      strand-1 5'-CUGAAC-3'
       bp-type    |.....
      strand-2 3'-GAAUAC-5'
      helix-form  xxx..
   1 0.C2780          0.G2794          C-G WC           19-XIX    cWW cW-W
   2 0.U2791          0.A2793          U+A Hoogsteen    23-XXIII  cWH cW+M
   3 0.G2782          0.A2792          G-A Sheared      11-XI     tSH tm-M
   4 0.A2783          0.U2789          A-U rHoogsteen   24-XXIV   tHW tM-W
   5 0.A2784          0.A2788          A-A              05-V      tHW tM-W
   6 0.C2785          0.C2787          C+C              00-n/a    cS. cm+.

****************************************************************************
List of 3 lone WC/wobble pairs
  Note: lone WC/wobble pairs are assigned negative indices to differentiate
        them from the stem numbers, which are positive.
        --------------------------------------------------------------------
  -1 0.C1147          0.G1216          C-G WC           19-XIX    cWW cW-W
  -2 0.G1155          0.C1212          G-C WC           19-XIX    cWW cW-W
  -3 0.C2780          0.G2794          C-G WC           19-XIX    cWW cW-W

****************************************************************************
List of 17 non-pairing interactions
   1 0.C1147          0.C1148         base-overlap-area=0.6(0.2)   H-bonds[0]: ""
   2 0.C1147          0.A1152         base-overlap-area=0.0(0.0)   H-bonds[1]: "O2'(hydroxyl)-O2'(hydroxyl)[2.96]"
   3 0.C1148          0.A1152         base-overlap-area=0.0(0.0)   H-bonds[1]: "O4'-O2'(hydroxyl)[3.34]"
   4 0.C1148          0.A1215         base-overlap-area=0.0(0.0)   H-bonds[1]: "O2'(hydroxyl)-N1[2.79]"
   5 0.U1149          0.G1151         base-overlap-area=4.2(0.1)   H-bonds[0]: ""
   6 0.U1149          0.A1215         base-overlap-area=0.0(0.0)   H-bonds[1]: "O4(carbonyl)-O2'(hydroxyl)[3.48]"
   7 0.G1151          0.G1214         base-overlap-area=3.8(1.2)   H-bonds[3]: "O2'(hydroxyl)-N1(imino)[2.75],O2'(hydroxyl)-N2(amino)[3.03],N2(amino)-O2'(hydroxyl)[3.05]"
   8 0.A1152          0.C1153         base-overlap-area=5.7(4.0)   H-bonds[0]: ""
   9 0.A1152          0.A1215         base-overlap-area=4.9(2.9)   H-bonds[0]: ""
  10 0.C1153          0.A1154         base-overlap-area=0.4(0.1)   H-bonds[0]: ""
  11 0.A1154          0.G2786         base-overlap-area=2.0(0.9)   H-bonds[0]: ""
  12 0.C2780          0.U2781         base-overlap-area=2.9(1.0)   H-bonds[0]: ""
  13 0.C2780          0.C2790         base-overlap-area=0.0(0.0)   H-bonds[1]: "N4(amino)-O2'(hydroxyl)[3.38]"
  14 0.U2781          0.G2782         base-overlap-area=1.5(0.7)   H-bonds[0]: ""
  15 0.G2782          0.U2789         base-overlap-area=3.1(0.7)   H-bonds[0]: ""
  16 0.G2782          0.U2791         base-overlap-area=0.4(0.0)   H-bonds[0]: ""
  17 0.A2783          0.A2792         base-overlap-area=1.7(1.3)   H-bonds[0]: ""

****************************************************************************
Note: for the various types of loops listed below, numbers within the first
      set of brackets are the number of loop nts, and numbers in the second
      set of brackets are the identities of the stems (positive number) or
      lone WC/wobble pairs (negative numbers) to which they are linked.

****************************************************************************
List of 1 hairpin loop
   1 hairpin loop: nts=15; [13]; linked by [#-3]
     nts=15 CUGAACGCAUCUAAG 0.C2780,0.U2781,0.G2782,0.A2783,0.A2784,0.C2785,0.G2786,0.C2787,0.A2788,0.U2789,0.C2790,0.U2791,0.A2792,0.A2793,0.G2794
       nts=13 UGAACGCAUCUAA 0.U2781,0.G2782,0.A2783,0.A2784,0.C2785,0.G2786,0.C2787,0.A2788,0.U2789,0.C2790,0.U2791,0.A2792,0.A2793

****************************************************************************
List of 1 internal loop
   1 asymmetric internal loop: nts=14; [7,3]; linked by [#-1,#-2]
     nts=14 CCUAGACAGCCGAG 0.C1147,0.C1148,0.U1149,0.A1150,0.G1151,0.A1152,0.C1153,0.A1154,0.G1155,0.C1212,0.C1213,0.G1214,0.A1215,0.G1216
       nts=7 CUAGACA 0.C1148,0.U1149,0.A1150,0.G1151,0.A1152,0.C1153,0.A1154
       nts=3 CGA 0.C1213,0.G1214,0.A1215

****************************************************************************
List of 1 A-minor motif
   1  type=I A/C-G	0.A1152 vs 0.C1147+0.G1216 [WC]
        -0.C1147	H-bonds[1]: "O2'(hydroxyl)-O2'(hydroxyl)[2.96]"
        +0.G1216	H-bonds[2]: "N1-O2'(hydroxyl)[2.90],N3-N2(amino)[3.07]"

****************************************************************************
List of 1 (possible) kink turn
   1 Normal k-turn with GA on NC-helix#1; iloop#1
      C#-1{0.C1147,0.G1216 CG} (0.G1151,0.A1215 GA) NC#-2{0.C1212,0.G1155 CG}
      strand1 nts=9; CCUAGACAG 0.C1147,0.C1148,0.U1149,0.A1150,0.G1151,0.A1152,0.C1153,0.A1154,0.G1155
      strand2 nts=5; CCGAG 0.C1212,0.C1213,0.G1214,0.A1215,0.G1216

****************************************************************************
Secondary structures in dot-bracket notation (dbn) as a whole and per chain
>TC.1S72.27 nts=29 [whole]
CCUAGACAG&CCGAG&CUGAACGCAUCUAAG
(.......(&)...)&(.............)
>TC.1S72.27-0 #1 nts=29 [chain] RNA*
CCUAGACAGCCGAGCUGAACGCAUCUAAG
(.......()...)(.............)

****************************************************************************
List of 9 additional files
   1 dssr-helices.pdb -- MODEL/ENDMDL delineated helices (pseudo/coaxial)
   2 dssr-pairs.pdb -- MODEL/ENDMDL delineated base pairs
   3 dssr-multiplets.pdb -- MODEL/ENDMDL delineated multiplets
   4 dssr-hairpins.pdb -- MODEL/ENDMDL delineated hairpin loops
   5 dssr-2ndstrs.ct -- secondary structures in the connect format
   6 dssr-2ndstrs.dbn -- secondary structures in the dot-bracket notation
   7 dssr-torsions.dat -- Backbone torsion angles and suite names
   8 dssr-Aminors.pdb -- MODEL/ENDMDL delineated A minor motifs (type I/II)
   9 dssr-Kturns.pdb -- MODEL/ENDMDL delineated kink-turn motifs
