****************************************************************************
         DSSR: a software program for Defining the Secondary
         Structures of RNA from three-dimensional coordinates
        v1.0.1-2014jan31, by Xiang-Jun Lu (xiangjun@x3dna.org)

   This program is actively maintained and developed. As always, I
   greatly appreciate your feedback! Please report all DSSR-related
   issues on the 3DNA Forum (http://forum.x3dna.org/). I strive to
   respond promptly to *any* questions posted there.

****************************************************************************
Note: Each nucleotide is identified by model:chainId.name#, where the
      'model:' portion is omitted if no model number is available as
      is normally the case for X-ray crystal structures in the PDB. So
      a common example would be like A.G19, meaning G #19 on chain A.
      One-letter base names for modified nucleotides are put in lower
      case (e.g., 'c' for 5MC). For further information about the
      output notation, please run DSSR with the '-note' option. More
      details can be found in the DSSR user manual. Questions and
      suggestions are always welcome on the 3DNA Forum.

Command: x3dna-dssr -i=tc.0.pdb --non-pair -o=tc.0_dssr.out
Date and time: Thu Jul 17 15:06:31 2014
File name: tc.0.pdb
    no. of DNA/RNA chains: 1 [0=18]
    no. of nucleotides:    18
    no. of atoms:          385
    no. of waters:         0
    no. of metals:         0

****************************************************************************
List of 9 base pairs
      nt1              nt2             bp  name         Saenger    LW DSSR
   1 0.G1785          0.U1807          G-U Wobble       28-XXVIII cWW cW-W
   2 0.C1786          0.G1806          C-G WC           19-XIX    cWW cW-W
   3 0.C1787          0.G1805          C-G WC           19-XIX    cWW cW-W
   4 0.U1788          0.A1804          U-A WC           20-XX     cWW cW-W
   5 0.G1789          0.C1803          G-C WC           19-XIX    cWW cW-W
   6 0.C1790          0.G1802          C-G WC           19-XIX    cWW cW-W
   7 0.U1791          0.A1801          U-A WC           20-XX     cWW cW-W
   8 0.C1792          0.G1800          C-G WC           19-XIX    cWW cW-W
   9 0.C1793          0.G1799          C-G WC           19-XIX    cWW cW-W

****************************************************************************
List of 1 helix
  Note: a helix is defined by base-stacking interactions, regardless of bp
        type and backbone connectivity, and may contain more than one stem.
      helix#number[stems-contained] bps=number-of-base-pairs in the helix
      bp-type: '|' for a canonical WC/wobble pair, '.' otherwise
      helix-form: classification of a dinucleotide step comprising the bp
        above the given designation and the bp that follows it. Types
        include 'A', 'B' or 'Z' for the common A-, B- and Z-form helices,
        '.' for an unclassified step, and 'x' for a step without a
        continuous backbone.
      --------------------------------------------------------------------
  helix#1[1] bps=9
      strand-1 5'-GCCUGCUCC-3'
       bp-type    |||||||||
      strand-2 3'-UGGACGAGG-5'
      helix-form  ..AA.AAA
   1 0.G1785          0.U1807          G-U Wobble       28-XXVIII cWW cW-W
   2 0.C1786          0.G1806          C-G WC           19-XIX    cWW cW-W
   3 0.C1787          0.G1805          C-G WC           19-XIX    cWW cW-W
   4 0.U1788          0.A1804          U-A WC           20-XX     cWW cW-W
   5 0.G1789          0.C1803          G-C WC           19-XIX    cWW cW-W
   6 0.C1790          0.G1802          C-G WC           19-XIX    cWW cW-W
   7 0.U1791          0.A1801          U-A WC           20-XX     cWW cW-W
   8 0.C1792          0.G1800          C-G WC           19-XIX    cWW cW-W
   9 0.C1793          0.G1799          C-G WC           19-XIX    cWW cW-W

****************************************************************************
List of 1 stem
  Note: a stem is defined as a helix consisting of only canonical WC/wobble
        pairs, with a continuous backbone.
      stem#number[#helix-number containing this stem]
      Other terms are defined as in the above Helix section.
      --------------------------------------------------------------------
  stem#1[#1] bps=9
      strand-1 5'-GCCUGCUCC-3'
       bp-type    |||||||||
      strand-2 3'-UGGACGAGG-5'
      helix-form  ..AA.AAA
   1 0.G1785          0.U1807          G-U Wobble       28-XXVIII cWW cW-W
   2 0.C1786          0.G1806          C-G WC           19-XIX    cWW cW-W
   3 0.C1787          0.G1805          C-G WC           19-XIX    cWW cW-W
   4 0.U1788          0.A1804          U-A WC           20-XX     cWW cW-W
   5 0.G1789          0.C1803          G-C WC           19-XIX    cWW cW-W
   6 0.C1790          0.G1802          C-G WC           19-XIX    cWW cW-W
   7 0.U1791          0.A1801          U-A WC           20-XX     cWW cW-W
   8 0.C1792          0.G1800          C-G WC           19-XIX    cWW cW-W
   9 0.C1793          0.G1799          C-G WC           19-XIX    cWW cW-W

****************************************************************************
List of 4 non-pairing interactions
   1 0.C1787          0.G1806         base-overlap-area=0.3(0.0)   H-bonds[0]: ""
   2 0.G1789          0.A1804         base-overlap-area=2.0(0.8)   H-bonds[0]: ""
   3 0.U1791          0.G1802         base-overlap-area=0.4(0.0)   H-bonds[0]: ""
   4 0.C1793          0.G1800         base-overlap-area=0.2(0.0)   H-bonds[0]: ""

****************************************************************************
Secondary structures in dot-bracket notation (dbn) as a whole and per chain
>tc.0 nts=18 [whole]
GCCUGCUCC&GGAGCAGGU
(((((((((&)))))))))
>tc.0-0 #1 nts=18 [chain] RNA*
GCCUGCUCCGGAGCAGGU
((((((((()))))))))

****************************************************************************
List of 6 additional files
   1 dssr-stems.pdb -- MODEL/ENDMDL delineated stems
   2 dssr-helices.pdb -- MODEL/ENDMDL delineated helices (pseudo/coaxial)
   3 dssr-pairs.pdb -- MODEL/ENDMDL delineated base pairs
   4 dssr-2ndstrs.ct -- secondary structures in the connect format
   5 dssr-2ndstrs.dbn -- secondary structures in the dot-bracket notation
   6 dssr-torsions.dat -- Backbone torsion angles and suite names
