****************************************************************************
         DSSR: a software program for Defining the Secondary
         Structures of RNA from three-dimensional coordinates
        v1.0.1-2014jan31, by Xiang-Jun Lu (xiangjun@x3dna.org)

   This program is actively maintained and developed. As always, I
   greatly appreciate your feedback! Please report all DSSR-related
   issues on the 3DNA Forum (http://forum.x3dna.org/). I strive to
   respond promptly to *any* questions posted there.

****************************************************************************
Note: Each nucleotide is identified by model:chainId.name#, where the
      'model:' portion is omitted if no model number is available as
      is normally the case for X-ray crystal structures in the PDB. So
      a common example would be like A.G19, meaning G #19 on chain A.
      One-letter base names for modified nucleotides are put in lower
      case (e.g., 'c' for 5MC). For further information about the
      output notation, please run DSSR with the '-note' option. More
      details can be found in the DSSR user manual. Questions and
      suggestions are always welcome on the 3DNA Forum.

Command: x3dna-dssr -i=tc.4.pdb --non-pair -o=tc.4_dssr.out
Date and time: Thu Jul 17 15:06:28 2014
File name: tc.4.pdb
    no. of DNA/RNA chains: 1 [0=14]
    no. of nucleotides:    14
    no. of atoms:          305
    no. of waters:         0
    no. of metals:         0

****************************************************************************
List of 6 base pairs
      nt1              nt2             bp  name         Saenger    LW DSSR
   1 0.U1412          0.G1697          U-G Wobble       28-XXVIII cWW cW-W
   2 0.A1414          0.G1681          A-G Sheared      11-XI     tHS tM-m
   3 0.A1414          0.A1682          A+A              01-I      tWW tW+W
   4 0.G1415          0.C1680          G-C WC           19-XIX    cWW cW-W
   5 0.A1682          0.U1696          A-U rHoogsteen   24-XXIV   tHW tM-W
   6 0.C1686          0.G1695          C-G WC           19-XIX    cWW cW-W

****************************************************************************
List of 1 multiplet
   1 nts=4 AGAU 0.A1414,0.G1681,0.A1682,0.U1696

****************************************************************************
List of 2 helices
  Note: a helix is defined by base-stacking interactions, regardless of bp
        type and backbone connectivity, and may contain more than one stem.
      helix#number[stems-contained] bps=number-of-base-pairs in the helix
      bp-type: '|' for a canonical WC/wobble pair, '.' otherwise
      helix-form: classification of a dinucleotide step comprising the bp
        above the given designation and the bp that follows it. Types
        include 'A', 'B' or 'Z' for the common A-, B- and Z-form helices,
        '.' for an unclassified step, and 'x' for a step without a
        continuous backbone.
      --------------------------------------------------------------------
  helix#1[0] bps=2
      strand-1 5'-AG-3'
       bp-type    .|
      strand-2 3'-GC-5'
      helix-form  .
   1 0.A1414          0.G1681          A-G Sheared      11-XI     tHS tM-m
   2 0.G1415          0.C1680          G-C WC           19-XIX    cWW cW-W
  --------------------------------------------------------------------------
  helix#2[0] bps=2
      strand-1 5'-AC-3'
       bp-type    .|
      strand-2 3'-UG-5'
      helix-form  x
   1 0.A1682          0.U1696          A-U rHoogsteen   24-XXIV   tHW tM-W
   2 0.C1686          0.G1695          C-G WC           19-XIX    cWW cW-W

****************************************************************************
List of 3 lone WC/wobble pairs
  Note: lone WC/wobble pairs are assigned negative indices to differentiate
        them from the stem numbers, which are positive.
        --------------------------------------------------------------------
  -1 0.U1412          0.G1697          U-G Wobble       28-XXVIII cWW cW-W
  -2 0.G1415          0.C1680          G-C WC           19-XIX    cWW cW-W
  -3 0.C1686          0.G1695          C-G WC           19-XIX    cWW cW-W

****************************************************************************
List of 7 non-pairing interactions
   1 0.U1412          0.G1681         base-overlap-area=5.6(3.6)   H-bonds[0]: ""
   2 0.A1413          0.A1414         base-overlap-area=5.8(3.7)   H-bonds[0]: ""
   3 0.A1413          0.G1681         base-overlap-area=0.0(0.0)   H-bonds[1]: "N6(amino)-O2'(hydroxyl)[3.28]"
   4 0.A1413          0.G1697         base-overlap-area=5.5(3.8)   H-bonds[0]: ""
   5 0.G1415          0.C1686         base-overlap-area=0.0(0.0)   H-bonds[3]: "O2'(hydroxyl)-O3'[3.10],O2'(hydroxyl)-O2'(hydroxyl)[2.70],N2(amino)-O4'[2.89]"
   6 0.C1680          0.A1685         base-overlap-area=0.0(0.0)   H-bonds[1]: "O2(carbonyl)-O2'(hydroxyl)[2.76]"
   7 0.A1682          0.C1686         base-overlap-area=6.2(3.0)   H-bonds[0]: ""

****************************************************************************
Note: for the various types of loops listed below, numbers within the first
      set of brackets are the number of loop nts, and numbers in the second
      set of brackets are the identities of the stems (positive number) or
      lone WC/wobble pairs (negative numbers) to which they are linked.

****************************************************************************
List of 1 junction
   1 3-way junctions: nts=14; [2,5,1]; linked by [#-1,#-2,#-3]
     nts=14 UAAGCGAGAACGUG 0.U1412,0.A1413,0.A1414,0.G1415,0.C1680,0.G1681,0.A1682,0.G1683,0.A1684,0.A1685,0.C1686,0.G1695,0.U1696,0.G1697
       nts=2 AA 0.A1413,0.A1414
       nts=5 GAGAA 0.G1681,0.A1682,0.G1683,0.A1684,0.A1685
       nts=1 U 0.U1696

****************************************************************************
Secondary structures in dot-bracket notation (dbn) as a whole and per chain
>tc.4 nts=14 [whole]
UAAG&CGAGAAC&GUG
(..(&).....(&).)
>tc.4-0 #1 nts=14 [chain] RNA*
UAAGCGAGAACGUG
(..().....().)

****************************************************************************
List of 6 additional files
   1 dssr-helices.pdb -- MODEL/ENDMDL delineated helices (pseudo/coaxial)
   2 dssr-pairs.pdb -- MODEL/ENDMDL delineated base pairs
   3 dssr-multiplets.pdb -- MODEL/ENDMDL delineated multiplets
   4 dssr-2ndstrs.ct -- secondary structures in the connect format
   5 dssr-2ndstrs.dbn -- secondary structures in the dot-bracket notation
   6 dssr-torsions.dat -- Backbone torsion angles and suite names
