****************************************************************************
         DSSR: a software program for Defining the Secondary
         Structures of RNA from three-dimensional coordinates
        v1.0.1-2014jan31, by Xiang-Jun Lu (xiangjun@x3dna.org)

   This program is actively maintained and developed. As always, I
   greatly appreciate your feedback! Please report all DSSR-related
   issues on the 3DNA Forum (http://forum.x3dna.org/). I strive to
   respond promptly to *any* questions posted there.

****************************************************************************
Note: Each nucleotide is identified by model:chainId.name#, where the
      'model:' portion is omitted if no model number is available as
      is normally the case for X-ray crystal structures in the PDB. So
      a common example would be like A.G19, meaning G #19 on chain A.
      One-letter base names for modified nucleotides are put in lower
      case (e.g., 'c' for 5MC). For further information about the
      output notation, please run DSSR with the '-note' option. More
      details can be found in the DSSR user manual. Questions and
      suggestions are always welcome on the 3DNA Forum.

Command: x3dna-dssr -i=NWAY.1S72.19.pdb --non-pair -o=NWAY.1S72.19_dssr.out
Date and time: Sun Jun 29 15:52:03 2014
File name: NWAY.1S72.19.pdb
    no. of DNA/RNA chains: 1 [0=25]
    no. of nucleotides:    25
    no. of atoms:          534
    no. of waters:         0
    no. of metals:         0

****************************************************************************
List of 8 base pairs
      nt1              nt2             bp  name         Saenger    LW DSSR
   1 0.G1752          0.C2031          G-C WC           19-XIX    cWW cW-W
   2 0.U1758          0.G1819          U-G              00-n/a    ... t...
   3 0.G1760          0.U1784          G-U Wobble       28-XXVIII cWW cW-W
   4 0.G1785          0.U1807          G-U Wobble       28-XXVIII cWW cW-W
   5 0.C1808          0.G1812          C-G WC           19-XIX    cWW cW-W
   6 0.U1813          0.U1817          U-U              00-n/a    cWW cW-W
   7 0.U1813          0.C1818          U-C              00-n/a    cWW cW-W
   8 0.G1820          0.C2029          G-C WC           19-XIX    cWW cW-W

****************************************************************************
List of 1 helix
  Note: a helix is defined by base-stacking interactions, regardless of bp
        type and backbone connectivity, and may contain more than one stem.
      helix#number[stems-contained] bps=number-of-base-pairs in the helix
      bp-type: '|' for a canonical WC/wobble pair, '.' otherwise
      helix-form: classification of a dinucleotide step comprising the bp
        above the given designation and the bp that follows it. Types
        include 'A', 'B' or 'Z' for the common A-, B- and Z-form helices,
        '.' for an unclassified step, and 'x' for a step without a
        continuous backbone.
      --------------------------------------------------------------------
  helix#1[0] bps=2
      strand-1 5'-GG-3'
       bp-type    ||
      strand-2 5'-UC-3'
      helix-form  x
   1 0.G1785          0.U1807          G-U Wobble       28-XXVIII cWW cW-W
   2 0.G1812          0.C1808          G-C WC           19-XIX    cWW cW-W

****************************************************************************
List of 5 lone WC/wobble pairs
  Note: lone WC/wobble pairs are assigned negative indices to differentiate
        them from the stem numbers, which are positive.
        --------------------------------------------------------------------
  -1 0.G1752          0.C2031          G-C WC           19-XIX    cWW cW-W
  -2 0.G1760          0.U1784          G-U Wobble       28-XXVIII cWW cW-W
  -3 0.G1785          0.U1807          G-U Wobble       28-XXVIII cWW cW-W
  -4 0.C1808          0.G1812          C-G WC           19-XIX    cWW cW-W
  -5 0.G1820          0.C2029          G-C WC           19-XIX    cWW cW-W

****************************************************************************
List of 23 non-pairing interactions
   1 0.G1752          0.A1754         base-overlap-area=0.0(0.0)   H-bonds[1]: "N3-N6(amino)[3.19]"
   2 0.G1752          0.A1755         base-overlap-area=0.0(0.0)   H-bonds[1]: "N2(amino)-N1[2.94]"
   3 0.C1753          0.A1754         base-overlap-area=5.0(2.6)   H-bonds[0]: ""
   4 0.A1754          0.A1755         base-overlap-area=6.2(3.8)   H-bonds[0]: ""
   5 0.A1755          0.G1756         base-overlap-area=6.0(3.4)   H-bonds[0]: ""
   6 0.G1756          0.U1757         base-overlap-area=7.2(4.6)   H-bonds[0]: ""
   7 0.G1756          0.A2030         base-overlap-area=0.0(0.0)   H-bonds[1]: "N2(amino)-N1[3.42]"
   8 0.G1756          0.C2031         base-overlap-area=0.0(0.0)   H-bonds[2]: "O2'(hydroxyl)-O2'(hydroxyl)[2.74],N2(amino)-O2(carbonyl)[2.81]"
   9 0.U1757          0.U1758         base-overlap-area=4.9(2.7)   H-bonds[0]: ""
  10 0.U1757          0.C2031         base-overlap-area=0.0(0.0)   H-bonds[1]: "O4'-O2'(hydroxyl)[2.72]"
  11 0.U1758          0.A1759         base-overlap-area=7.2(3.7)   H-bonds[0]: ""
  12 0.A1759          0.C1818         base-overlap-area=2.5(1.6)   H-bonds[3]: "O3'-O2'(hydroxyl)[3.17],O2'(hydroxyl)-O2'(hydroxyl)[2.73],O2'(hydroxyl)-O2(carbonyl)[2.63]"
  13 0.G1760          0.U1813         base-overlap-area=4.1(1.1)   H-bonds[0]: ""
  14 0.G1785          0.G1812         base-overlap-area=4.3(1.6)   H-bonds[0]: ""
  15 0.G1785          0.G1814         base-overlap-area=0.0(0.0)   H-bonds[1]: "O2'(hydroxyl)-N2(amino)[3.24]"
  16 0.G1812          0.G1814         base-overlap-area=0.0(0.0)   H-bonds[1]: "N2(amino)-O6(carbonyl)[2.94]"
  17 0.A1815          0.C1816         base-overlap-area=7.4(3.7)   H-bonds[0]: ""
  18 0.C1816          0.U1817         base-overlap-area=6.5(3.4)   H-bonds[0]: ""
  19 0.U1817          0.C1818         base-overlap-area=5.1(1.8)   H-bonds[0]: ""
  20 0.G1819          0.G1820         base-overlap-area=0.0(0.0)   H-bonds[1]: "O2'(hydroxyl)-O3'[3.33]"
  21 0.G1820          0.A2030         base-overlap-area=0.2(0.0)   H-bonds[0]: ""
  22 0.C2029          0.A2030         base-overlap-area=2.1(1.3)   H-bonds[0]: ""
  23 0.A2030          0.C2031         base-overlap-area=6.2(3.5)   H-bonds[0]: ""

****************************************************************************
Note: for the various types of loops listed below, numbers within the first
      set of brackets are the number of loop nts, and numbers in the second
      set of brackets are the identities of the stems (positive number) or
      lone WC/wobble pairs (negative numbers) to which they are linked.

****************************************************************************
List of 1 junction
   1 5-way junctions: nts=25; [7,0,0,7,1]; linked by [#-1,#-2,#-3,#-4,#-5]
     nts=25 GCAAGUUAGUGUCGUGACUCGGCAC 0.G1752,0.C1753,0.A1754,0.A1755,0.G1756,0.U1757,0.U1758,0.A1759,0.G1760,0.U1784,0.G1785,0.U1807,0.C1808,0.G1812,0.U1813,0.G1814,0.A1815,0.C1816,0.U1817,0.C1818,0.G1819,0.G1820,0.C2029,0.A2030,0.C2031
       nts=7 CAAGUUA 0.C1753,0.A1754,0.A1755,0.G1756,0.U1757,0.U1758,0.A1759
       nts=0
       nts=0
       nts=7 UGACUCG 0.U1813,0.G1814,0.A1815,0.C1816,0.U1817,0.C1818,0.G1819
       nts=1 A 0.A2030

****************************************************************************
Secondary structures in dot-bracket notation (dbn) as a whole and per chain
>NWAY.1S72.19 nts=25 [whole]
GCAAGUUAG&UG&UC&GUGACUCGG&CAC
(.......(&)(&)(&).......(&).)
>NWAY.1S72.19-0 #1 nts=25 [chain] RNA*
GCAAGUUAGUGUCGUGACUCGGCAC
(.......()()().......().)

****************************************************************************
List of 5 additional files
   1 dssr-helices.pdb -- MODEL/ENDMDL delineated helices (pseudo/coaxial)
   2 dssr-pairs.pdb -- MODEL/ENDMDL delineated base pairs
   3 dssr-2ndstrs.ct -- secondary structures in the connect format
   4 dssr-2ndstrs.dbn -- secondary structures in the dot-bracket notation
   5 dssr-torsions.dat -- Backbone torsion angles and suite names
