****************************************************************************
         DSSR: a software program for Defining the Secondary
         Structures of RNA from three-dimensional coordinates
        v1.0.1-2014jan31, by Xiang-Jun Lu (xiangjun@x3dna.org)

   This program is actively maintained and developed. As always, I
   greatly appreciate your feedback! Please report all DSSR-related
   issues on the 3DNA Forum (http://forum.x3dna.org/). I strive to
   respond promptly to *any* questions posted there.

****************************************************************************
Note: Each nucleotide is identified by model:chainId.name#, where the
      'model:' portion is omitted if no model number is available as
      is normally the case for X-ray crystal structures in the PDB. So
      a common example would be like A.G19, meaning G #19 on chain A.
      One-letter base names for modified nucleotides are put in lower
      case (e.g., 'c' for 5MC). For further information about the
      output notation, please run DSSR with the '-note' option. More
      details can be found in the DSSR user manual. Questions and
      suggestions are always welcome on the 3DNA Forum.

Command: x3dna-dssr -i=TWOWAY.3RW6.0.pdb --non-pair -o=TWOWAY.3RW6.0_dssr.out
Date and time: Thu Jul 17 15:06:55 2014
File name: TWOWAY.3RW6.0.pdb
    no. of DNA/RNA chains: 1 [F=16]
    no. of nucleotides:    16
    no. of atoms:          346
    no. of waters:         0
    no. of metals:         0

****************************************************************************
List of 5 base pairs
      nt1              nt2             bp  name         Saenger    LW DSSR
   1 F.U11            F.G50            U-G Wobble       28-XXVIII cWW cW-W
   2 F.A12            F.A48            A-A              05-V      tWH tW-M
   3 F.C16            F.C49            C-C              00-n/a    cWW cW-W
   4 F.A17            F.G47            A-G Sheared      11-XI     tHS cM-m
   5 F.G18            F.C43            G-C WC           19-XIX    cWW cW-W

****************************************************************************
List of 1 helix
  Note: a helix is defined by base-stacking interactions, regardless of bp
        type and backbone connectivity, and may contain more than one stem.
      helix#number[stems-contained] bps=number-of-base-pairs in the helix
      bp-type: '|' for a canonical WC/wobble pair, '.' otherwise
      helix-form: classification of a dinucleotide step comprising the bp
        above the given designation and the bp that follows it. Types
        include 'A', 'B' or 'Z' for the common A-, B- and Z-form helices,
        '.' for an unclassified step, and 'x' for a step without a
        continuous backbone.
      --------------------------------------------------------------------
  helix#1[0] bps=4
      strand-1 5'-UCAA-3'
       bp-type    |...
      strand-2 3'-GCAG-5'
      helix-form  xxx
   1 F.U11            F.G50            U-G Wobble       28-XXVIII cWW cW-W
   2 F.C16            F.C49            C-C              00-n/a    cWW cW-W
   3 F.A12            F.A48            A-A              05-V      tWH tW-M
   4 F.A17            F.G47            A-G Sheared      11-XI     tHS cM-m

****************************************************************************
List of 2 lone WC/wobble pairs
  Note: lone WC/wobble pairs are assigned negative indices to differentiate
        them from the stem numbers, which are positive.
        --------------------------------------------------------------------
  -1 F.U11            F.G50            U-G Wobble       28-XXVIII cWW cW-W
  -2 F.G18            F.C43            G-C WC           19-XIX    cWW cW-W

****************************************************************************
List of 14 non-pairing interactions
   1 F.A12            F.C16           base-overlap-area=2.1(1.0)   H-bonds[0]: ""
   2 F.A12            F.G47           base-overlap-area=1.1(0.0)   H-bonds[1]: "N6(amino)-O2'(hydroxyl)[3.41]"
   3 F.A15            F.C16           base-overlap-area=0.0(0.0)   H-bonds[1]: "O2'(hydroxyl)-O4'[2.86]"
   4 F.A15            F.G50           base-overlap-area=0.0(0.0)   H-bonds[1]: "O2'(hydroxyl)-N2(amino)[2.88]"
   5 F.C16            F.G50           base-overlap-area=2.0(0.2)   H-bonds[0]: ""
   6 F.A17            F.A44           base-overlap-area=0.0(0.0)   H-bonds[1]: "N1-O2'(hydroxyl)[2.59]"
   7 F.A17            F.A45           base-overlap-area=4.8(1.8)   H-bonds[1]: "O2'(hydroxyl)-N6(amino)[3.09]"
   8 F.A17            F.A48           base-overlap-area=0.9(0.1)   H-bonds[0]: ""
   9 F.G18            F.A44           base-overlap-area=1.8(0.7)   H-bonds[0]: ""
  10 F.G18            F.A48           base-overlap-area=0.0(0.0)   H-bonds[2]: "O2'(hydroxyl)-N1[2.86],N2(amino)-N3[3.12]"
  11 F.C43            F.A44           base-overlap-area=0.5(0.2)   H-bonds[0]: ""
  12 F.C43            F.A48           base-overlap-area=0.0(0.0)   H-bonds[1]: "O2'(hydroxyl)-O2'(hydroxyl)[2.81]"
  13 F.A44            F.A48           base-overlap-area=0.0(0.0)   H-bonds[1]: "O4'*O4'[3.25]"
  14 F.A45            F.G47           base-overlap-area=0.3(0.0)   H-bonds[1]: "O4'*O4'[3.36]"

****************************************************************************
Note: for the various types of loops listed below, numbers within the first
      set of brackets are the number of loop nts, and numbers in the second
      set of brackets are the identities of the stems (positive number) or
      lone WC/wobble pairs (negative numbers) to which they are linked.

****************************************************************************
List of 1 internal loop
   1 symmetric internal loop: nts=16; [6,6]; linked by [#-1,#-2]
     nts=16 UAAGACAGCAAUGACG F.U11,F.A12,F.A13,F.G14,F.A15,F.C16,F.A17,F.G18,F.C43,F.A44,F.A45,F.U46,F.G47,F.A48,F.C49,F.G50
       nts=6 AAGACA F.A12,F.A13,F.G14,F.A15,F.C16,F.A17
       nts=6 AAUGAC F.A44,F.A45,F.U46,F.G47,F.A48,F.C49

****************************************************************************
Secondary structures in dot-bracket notation (dbn) as a whole and per chain
>TWOWAY.3RW6.0 nts=16 [whole]
UAAGACAG&CAAUGACG
(......(&)......)
>TWOWAY.3RW6.0-F #1 nts=16 [chain] RNA*
UAAGACAGCAAUGACG
(......()......)

****************************************************************************
List of 5 additional files
   1 dssr-helices.pdb -- MODEL/ENDMDL delineated helices (pseudo/coaxial)
   2 dssr-pairs.pdb -- MODEL/ENDMDL delineated base pairs
   3 dssr-2ndstrs.ct -- secondary structures in the connect format
   4 dssr-2ndstrs.dbn -- secondary structures in the dot-bracket notation
   5 dssr-torsions.dat -- Backbone torsion angles and suite names
