****************************************************************************
         DSSR: a software program for Defining the Secondary
         Structures of RNA from three-dimensional coordinates
        v1.0.1-2014jan31, by Xiang-Jun Lu (xiangjun@x3dna.org)

   This program is actively maintained and developed. As always, I
   greatly appreciate your feedback! Please report all DSSR-related
   issues on the 3DNA Forum (http://forum.x3dna.org/). I strive to
   respond promptly to *any* questions posted there.

****************************************************************************
Note: Each nucleotide is identified by model:chainId.name#, where the
      'model:' portion is omitted if no model number is available as
      is normally the case for X-ray crystal structures in the PDB. So
      a common example would be like A.G19, meaning G #19 on chain A.
      One-letter base names for modified nucleotides are put in lower
      case (e.g., 'c' for 5MC). For further information about the
      output notation, please run DSSR with the '-note' option. More
      details can be found in the DSSR user manual. Questions and
      suggestions are always welcome on the 3DNA Forum.

Command: x3dna-dssr -i=NWAY.2VQE.1.pdb --non-pair -o=NWAY.2VQE.1_dssr.out
Date and time: Sun Jun 29 15:54:09 2014
File name: NWAY.2VQE.1.pdb
    no. of DNA/RNA chains: 1 [A=16]
    no. of nucleotides:    16
    no. of atoms:          343
    no. of waters:         0
    no. of metals:         0

****************************************************************************
List of 7 base pairs
      nt1              nt2             bp  name         Saenger    LW DSSR
   1 A.G115           A.A116           G+A Platform     00-n/a    cSH cm+M
   2 A.G115           A.G117           G+G              00-n/a    cSH cm+M
   3 A.G115           A.C312           G-C WC           19-XIX    cWW cW-W
   4 A.A119           A.U287           A-U rHoogsteen   24-XXIV   tHW tM-W
   5 A.G122           A.U239           G-U Wobble       28-XXVIII cWW cW-W
   6 A.C240           A.G286           C-G WC           19-XIX    cWW cW-W
   7 A.G289           A.C311           G-C WC           19-XIX    cWW cW-W

****************************************************************************
List of 1 multiplet
   1 nts=4* GAGC A.G115,A.A116,A.G117,A.C312

****************************************************************************
List of 1 helix
  Note: a helix is defined by base-stacking interactions, regardless of bp
        type and backbone connectivity, and may contain more than one stem.
      helix#number[stems-contained] bps=number-of-base-pairs in the helix
      bp-type: '|' for a canonical WC/wobble pair, '.' otherwise
      helix-form: classification of a dinucleotide step comprising the bp
        above the given designation and the bp that follows it. Types
        include 'A', 'B' or 'Z' for the common A-, B- and Z-form helices,
        '.' for an unclassified step, and 'x' for a step without a
        continuous backbone.
      --------------------------------------------------------------------
  helix#1[0] bps=2
      strand-1 5'-GG-3'
       bp-type    ||
      strand-2 3'-CC-5'
      helix-form  x
   1 A.G115           A.C312           G-C WC           19-XIX    cWW cW-W
   2 A.G289           A.C311           G-C WC           19-XIX    cWW cW-W

****************************************************************************
List of 4 lone WC/wobble pairs
  Note: lone WC/wobble pairs are assigned negative indices to differentiate
        them from the stem numbers, which are positive.
        --------------------------------------------------------------------
  -1 A.G115           A.C312           G-C WC           19-XIX    cWW cW-W
  -2 A.G122           A.U239           G-U Wobble       28-XXVIII cWW cW-W
  -3 A.C240           A.G286           C-G WC           19-XIX    cWW cW-W
  -4 A.G289           A.C311           G-C WC           19-XIX    cWW cW-W

****************************************************************************
List of 13 non-pairing interactions
   1 A.G115           A.G289          base-overlap-area=1.8(0.4)   H-bonds[0]: ""
   2 A.A116           A.G117          base-overlap-area=5.3(3.1)   H-bonds[0]: ""
   3 A.G117           A.U118          base-overlap-area=7.2(3.4)   H-bonds[0]: ""
   4 A.G117           A.G289          base-overlap-area=0.0(0.0)   H-bonds[1]: "O6(carbonyl)*O4'[2.71]"
   5 A.U118           A.A288          base-overlap-area=3.6(2.1)   H-bonds[0]: ""
   6 A.U118           A.G289          base-overlap-area=0.0(0.0)   H-bonds[1]: "N3(imino)-O2'(hydroxyl)[3.00]"
   7 A.A119           A.A120          base-overlap-area=0.3(0.0)   H-bonds[0]: ""
   8 A.A119           A.C240          base-overlap-area=5.2(2.2)   H-bonds[0]: ""
   9 A.A119           A.A288          base-overlap-area=0.4(0.4)   H-bonds[0]: ""
  10 A.A120           A.G122          base-overlap-area=6.6(4.1)   H-bonds[0]: ""
  11 A.G122           A.C312          base-overlap-area=0.0(0.0)   H-bonds[1]: "O2'(hydroxyl)-O2'(hydroxyl)[3.16]"
  12 A.G286           A.U287          base-overlap-area=7.3(3.9)   H-bonds[0]: ""
  13 A.A288           A.G289          base-overlap-area=0.0(0.0)   H-bonds[1]: "O2'(hydroxyl)-O3'[2.92]"

****************************************************************************
Note: for the various types of loops listed below, numbers within the first
      set of brackets are the number of loop nts, and numbers in the second
      set of brackets are the identities of the stems (positive number) or
      lone WC/wobble pairs (negative numbers) to which they are linked.

****************************************************************************
List of 1 junction
   1 4-way junctions: nts=16; [6,0,2,0]; linked by [#-1,#-2,#-3,#-4]
     nts=16 GAGUAACGUCGUAGCC A.G115,A.A116,A.G117,A.U118,A.A119,A.A120,A.C121,A.G122,A.U239,A.C240,A.G286,A.U287,A.A288,A.G289,A.C311,A.C312
       nts=6 AGUAAC A.A116,A.G117,A.U118,A.A119,A.A120,A.C121
       nts=0
       nts=2 UA A.U287,A.A288
       nts=0

****************************************************************************
Secondary structures in dot-bracket notation (dbn) as a whole and per chain
>NWAY.2VQE.1 nts=16 [whole]
GAGUAACG&UC&GUAG&CC
(......(&)(&)..(&))
>NWAY.2VQE.1-A #1 nts=16 [chain] RNA*
GAGUAACGUCGUAGCC
(......()()..())

****************************************************************************
List of 6 additional files
   1 dssr-helices.pdb -- MODEL/ENDMDL delineated helices (pseudo/coaxial)
   2 dssr-pairs.pdb -- MODEL/ENDMDL delineated base pairs
   3 dssr-multiplets.pdb -- MODEL/ENDMDL delineated multiplets
   4 dssr-2ndstrs.ct -- secondary structures in the connect format
   5 dssr-2ndstrs.dbn -- secondary structures in the dot-bracket notation
   6 dssr-torsions.dat -- Backbone torsion angles and suite names
