****************************************************************************
         DSSR: a software program for Defining the Secondary
         Structures of RNA from three-dimensional coordinates
        v1.0.1-2014jan31, by Xiang-Jun Lu (xiangjun@x3dna.org)

   This program is actively maintained and developed. As always, I
   greatly appreciate your feedback! Please report all DSSR-related
   issues on the 3DNA Forum (http://forum.x3dna.org/). I strive to
   respond promptly to *any* questions posted there.

****************************************************************************
Note: Each nucleotide is identified by model:chainId.name#, where the
      'model:' portion is omitted if no model number is available as
      is normally the case for X-ray crystal structures in the PDB. So
      a common example would be like A.G19, meaning G #19 on chain A.
      One-letter base names for modified nucleotides are put in lower
      case (e.g., 'c' for 5MC). For further information about the
      output notation, please run DSSR with the '-note' option. More
      details can be found in the DSSR user manual. Questions and
      suggestions are always welcome on the 3DNA Forum.

Command: x3dna-dssr -i=TC.1S72.62.pdb --non-pair -o=TC.1S72.62_dssr.out
Date and time: Sun Jun 29 15:53:41 2014
File name: TC.1S72.62.pdb
    no. of DNA/RNA chains: 1 [0=18]
    no. of nucleotides:    18
    no. of atoms:          387
    no. of waters:         0
    no. of metals:         0

****************************************************************************
List of 7 base pairs
      nt1              nt2             bp  name         Saenger    LW DSSR
   1 0.G1076          0.C1083          G-C WC           19-XIX    cWW cW-W
   2 0.A1079          0.G2068          A+G              00-n/a    tWS tW+m
   3 0.U2064          0.A2081          U-A WC           20-XX     cWW cW-W
   4 0.C2065          0.G2080          C-G WC           19-XIX    cWW cW-W
   5 0.C2066          0.G2079          C-G WC           19-XIX    cWW cW-W
   6 0.A2067          0.U2078          A-U WC           20-XX     cWW cW-W
   7 0.G2068          0.C2077          G-C WC           19-XIX    cWW cW-W

****************************************************************************
List of 1 multiplet
   1 nts=3 AGC 0.A1079,0.G2068,0.C2077

****************************************************************************
List of 1 helix
  Note: a helix is defined by base-stacking interactions, regardless of bp
        type and backbone connectivity, and may contain more than one stem.
      helix#number[stems-contained] bps=number-of-base-pairs in the helix
      bp-type: '|' for a canonical WC/wobble pair, '.' otherwise
      helix-form: classification of a dinucleotide step comprising the bp
        above the given designation and the bp that follows it. Types
        include 'A', 'B' or 'Z' for the common A-, B- and Z-form helices,
        '.' for an unclassified step, and 'x' for a step without a
        continuous backbone.
      --------------------------------------------------------------------
  helix#1[1] bps=5
      strand-1 5'-UCCAG-3'
       bp-type    |||||
      strand-2 3'-AGGUC-5'
      helix-form  .A.A
   1 0.U2064          0.A2081          U-A WC           20-XX     cWW cW-W
   2 0.C2065          0.G2080          C-G WC           19-XIX    cWW cW-W
   3 0.C2066          0.G2079          C-G WC           19-XIX    cWW cW-W
   4 0.A2067          0.U2078          A-U WC           20-XX     cWW cW-W
   5 0.G2068          0.C2077          G-C WC           19-XIX    cWW cW-W

****************************************************************************
List of 1 stem
  Note: a stem is defined as a helix consisting of only canonical WC/wobble
        pairs, with a continuous backbone.
      stem#number[#helix-number containing this stem]
      Other terms are defined as in the above Helix section.
      --------------------------------------------------------------------
  stem#1[#1] bps=5
      strand-1 5'-UCCAG-3'
       bp-type    |||||
      strand-2 3'-AGGUC-5'
      helix-form  .A.A
   1 0.U2064          0.A2081          U-A WC           20-XX     cWW cW-W
   2 0.C2065          0.G2080          C-G WC           19-XIX    cWW cW-W
   3 0.C2066          0.G2079          C-G WC           19-XIX    cWW cW-W
   4 0.A2067          0.U2078          A-U WC           20-XX     cWW cW-W
   5 0.G2068          0.C2077          G-C WC           19-XIX    cWW cW-W

****************************************************************************
List of 1 lone WC/wobble pair
  Note: lone WC/wobble pairs are assigned negative indices to differentiate
        them from the stem numbers, which are positive.
        --------------------------------------------------------------------
  -1 0.G1076          0.C1083          G-C WC           19-XIX    cWW cW-W

****************************************************************************
List of 10 non-pairing interactions
   1 0.G1076          0.G1077         base-overlap-area=4.8(1.9)   H-bonds[0]: ""
   2 0.G1077          0.C1080         base-overlap-area=1.7(0.1)   H-bonds[0]: ""
   3 0.A1078          0.A1079         base-overlap-area=6.6(4.7)   H-bonds[0]: ""
   4 0.A1078          0.U2078         base-overlap-area=0.0(0.0)   H-bonds[2]: "O2'(hydroxyl)-O2'(hydroxyl)[2.71],N3-O2'(hydroxyl)[2.60]"
   5 0.A1079          0.C1080         base-overlap-area=1.2(0.0)   H-bonds[0]: ""
   6 0.A1079          0.C2077         base-overlap-area=0.0(0.0)   H-bonds[1]: "O2'(hydroxyl)-O2'(hydroxyl)[2.74]"
   7 0.A1079          0.U2078         base-overlap-area=0.0(0.0)   H-bonds[1]: "O4'*O4'[3.01]"
   8 0.A1081          0.A1082         base-overlap-area=6.4(4.3)   H-bonds[0]: ""
   9 0.A2067          0.G2079         base-overlap-area=0.7(0.3)   H-bonds[0]: ""
  10 0.G2068          0.U2078         base-overlap-area=0.2(0.0)   H-bonds[0]: ""

****************************************************************************
Note: for the various types of loops listed below, numbers within the first
      set of brackets are the number of loop nts, and numbers in the second
      set of brackets are the identities of the stems (positive number) or
      lone WC/wobble pairs (negative numbers) to which they are linked.

****************************************************************************
List of 1 hairpin loop
   1 hairpin loop: nts=8; [6]; linked by [#-1]
     nts=8 GGAACAAC 0.G1076,0.G1077,0.A1078,0.A1079,0.C1080,0.A1081,0.A1082,0.C1083
       nts=6 GAACAA 0.G1077,0.A1078,0.A1079,0.C1080,0.A1081,0.A1082

****************************************************************************
List of 2 A-minor motifs
   1  type=II A/A-U	0.A1078 vs 0.A2067+0.U2078 [WC]
        +0.A2067	H-bonds[0]: ""
        -0.U2078	H-bonds[2]: "O2'(hydroxyl)-O2'(hydroxyl)[2.71],N3-O2'(hydroxyl)[2.60]"
   2  type=I A/G-C	0.A1079 vs 0.G2068+0.C2077 [WC]
        +0.G2068	H-bonds[2]: "N1-O2'(hydroxyl)[2.55],N3-N2(amino)[3.21]"
        -0.C2077	H-bonds[1]: "O2'(hydroxyl)-O2'(hydroxyl)[2.74]"

****************************************************************************
List of 1 ribose zipper
   1 nts=4 AACU 0.A1078,0.A1079,0.C2077,0.U2078

****************************************************************************
Secondary structures in dot-bracket notation (dbn) as a whole and per chain
>TC.1S72.62 nts=18 [whole]
GGAACAAC&UCCAG&CUGGA
(......)&(((((&)))))
>TC.1S72.62-0 #1 nts=18 [chain] RNA*
GGAACAACUCCAGCUGGA
(......)((((()))))

****************************************************************************
List of 9 additional files
   1 dssr-stems.pdb -- MODEL/ENDMDL delineated stems
   2 dssr-helices.pdb -- MODEL/ENDMDL delineated helices (pseudo/coaxial)
   3 dssr-pairs.pdb -- MODEL/ENDMDL delineated base pairs
   4 dssr-multiplets.pdb -- MODEL/ENDMDL delineated multiplets
   5 dssr-hairpins.pdb -- MODEL/ENDMDL delineated hairpin loops
   6 dssr-2ndstrs.ct -- secondary structures in the connect format
   7 dssr-2ndstrs.dbn -- secondary structures in the dot-bracket notation
   8 dssr-torsions.dat -- Backbone torsion angles and suite names
   9 dssr-Aminors.pdb -- MODEL/ENDMDL delineated A minor motifs (type I/II)
