****************************************************************************
         DSSR: a software program for Defining the Secondary
         Structures of RNA from three-dimensional coordinates
        v1.0.1-2014jan31, by Xiang-Jun Lu (xiangjun@x3dna.org)

   This program is actively maintained and developed. As always, I
   greatly appreciate your feedback! Please report all DSSR-related
   issues on the 3DNA Forum (http://forum.x3dna.org/). I strive to
   respond promptly to *any* questions posted there.

****************************************************************************
Note: Each nucleotide is identified by model:chainId.name#, where the
      'model:' portion is omitted if no model number is available as
      is normally the case for X-ray crystal structures in the PDB. So
      a common example would be like A.G19, meaning G #19 on chain A.
      One-letter base names for modified nucleotides are put in lower
      case (e.g., 'c' for 5MC). For further information about the
      output notation, please run DSSR with the '-note' option. More
      details can be found in the DSSR user manual. Questions and
      suggestions are always welcome on the 3DNA Forum.

Command: x3dna-dssr -i=HAIRPIN.2ZY6.0.pdb --non-pair -o=HAIRPIN.2ZY6.0_dssr.out
Date and time: Sun Jun 29 15:54:20 2014
File name: HAIRPIN.2ZY6.0.pdb
    no. of DNA/RNA chains: 1 [A=13]
    no. of nucleotides:    13
    no. of atoms:          278
    no. of waters:         0
    no. of metals:         0

****************************************************************************
List of 2 base pairs
      nt1              nt2             bp  name         Saenger    LW DSSR
   1 A.G12            A.G19            G-G              07-VII    tHW tM-W
   2 A.G12            A.C24            G-C WC           19-XIX    cWW cW-W

****************************************************************************
List of 1 multiplet
   1 nts=3 GGC A.G12,A.G19,A.C24

****************************************************************************
List of 1 lone WC/wobble pair
  Note: lone WC/wobble pairs are assigned negative indices to differentiate
        them from the stem numbers, which are positive.
        --------------------------------------------------------------------
  -1 A.G12            A.C24            G-C WC           19-XIX    cWW cW-W

****************************************************************************
List of 13 non-pairing interactions
   1 A.U13            A.C14           base-overlap-area=0.0(0.0)   H-bonds[1]: "O2'(hydroxyl)-O5'[3.10]"
   2 A.U13            A.C15           base-overlap-area=0.0(0.0)   H-bonds[1]: "O2(carbonyl)-N4(amino)[2.85]"
   3 A.U13            A.U16           base-overlap-area=0.0(0.0)   H-bonds[1]: "N3(imino)-O4(carbonyl)[2.74]"
   4 A.U13            A.G18           base-overlap-area=0.0(0.0)   H-bonds[1]: "O4(carbonyl)*O6(carbonyl)[3.03]"
   5 A.C14            A.C15           base-overlap-area=1.0(0.4)   H-bonds[0]: ""
   6 A.C15            A.U16           base-overlap-area=0.9(0.3)   H-bonds[0]: ""
   7 A.U17            A.G18           base-overlap-area=1.6(0.7)   H-bonds[0]: ""
   8 A.G18            A.G19           base-overlap-area=0.0(0.0)   H-bonds[1]: "O2'(hydroxyl)-O5'[2.64]"
   9 A.G18            A.G20           base-overlap-area=1.9(0.5)   H-bonds[1]: "N2(amino)-O2'(hydroxyl)[2.88]"
  10 A.G19            A.G20           base-overlap-area=3.4(1.6)   H-bonds[1]: "O4'*O4'[3.18]"
  11 A.A21            A.A22           base-overlap-area=2.3(2.1)   H-bonds[0]: ""
  12 A.A22            A.A23           base-overlap-area=6.2(3.9)   H-bonds[0]: ""
  13 A.A23            A.C24           base-overlap-area=5.5(2.6)   H-bonds[0]: ""

****************************************************************************
Note: for the various types of loops listed below, numbers within the first
      set of brackets are the number of loop nts, and numbers in the second
      set of brackets are the identities of the stems (positive number) or
      lone WC/wobble pairs (negative numbers) to which they are linked.

****************************************************************************
List of 1 hairpin loop
   1 hairpin loop: nts=13; [11]; linked by [#-1]
     nts=13 GUCCUUGGGAAAC A.G12,A.U13,A.C14,A.C15,A.U16,A.U17,A.G18,A.G19,A.G20,A.A21,A.A22,A.A23,A.C24
       nts=11 UCCUUGGGAAA A.U13,A.C14,A.C15,A.U16,A.U17,A.G18,A.G19,A.G20,A.A21,A.A22,A.A23

****************************************************************************
Secondary structures in dot-bracket notation (dbn) as a whole and per chain
>HAIRPIN.2ZY6.0 nts=13 [whole]
GUCCUUGGGAAAC
(...........)
>HAIRPIN.2ZY6.0-A #1 nts=13 [chain] RNA
GUCCUUGGGAAAC
(...........)

****************************************************************************
List of 6 additional files
   1 dssr-pairs.pdb -- MODEL/ENDMDL delineated base pairs
   2 dssr-multiplets.pdb -- MODEL/ENDMDL delineated multiplets
   3 dssr-hairpins.pdb -- MODEL/ENDMDL delineated hairpin loops
   4 dssr-2ndstrs.ct -- secondary structures in the connect format
   5 dssr-2ndstrs.dbn -- secondary structures in the dot-bracket notation
   6 dssr-torsions.dat -- Backbone torsion angles and suite names
