****************************************************************************
         DSSR: a software program for Defining the Secondary
         Structures of RNA from three-dimensional coordinates
        v1.0.1-2014jan31, by Xiang-Jun Lu (xiangjun@x3dna.org)

   This program is actively maintained and developed. As always, I
   greatly appreciate your feedback! Please report all DSSR-related
   issues on the 3DNA Forum (http://forum.x3dna.org/). I strive to
   respond promptly to *any* questions posted there.

****************************************************************************
Note: Each nucleotide is identified by model:chainId.name#, where the
      'model:' portion is omitted if no model number is available as
      is normally the case for X-ray crystal structures in the PDB. So
      a common example would be like A.G19, meaning G #19 on chain A.
      One-letter base names for modified nucleotides are put in lower
      case (e.g., 'c' for 5MC). For further information about the
      output notation, please run DSSR with the '-note' option. More
      details can be found in the DSSR user manual. Questions and
      suggestions are always welcome on the 3DNA Forum.

Command: x3dna-dssr -i=HAIRPIN.2VQE.13.pdb --non-pair -o=HAIRPIN.2VQE.13_dssr.out
Date and time: Sun Jun 29 15:54:08 2014
File name: HAIRPIN.2VQE.13.pdb
    no. of DNA/RNA chains: 1 [A=11]
    no. of nucleotides:    11
    no. of atoms:          234
    no. of waters:         0
    no. of metals:         0

****************************************************************************
List of 2 base pairs
      nt1              nt2             bp  name         Saenger    LW DSSR
   1 A.G786           A.C796           G-C WC           19-XIX    cWW cW-W
   2 A.U788           A.A794           U-A              00-n/a    tWH cW-M

****************************************************************************
List of 1 lone WC/wobble pair
  Note: lone WC/wobble pairs are assigned negative indices to differentiate
        them from the stem numbers, which are positive.
        --------------------------------------------------------------------
  -1 A.G786           A.C796           G-C WC           19-XIX    cWW cW-W

****************************************************************************
List of 12 non-pairing interactions
   1 A.G786           A.A787          base-overlap-area=4.4(2.0)   H-bonds[0]: ""
   2 A.A787           A.U788          base-overlap-area=5.5(2.8)   H-bonds[0]: ""
   3 A.A787           A.C795          base-overlap-area=0.0(0.0)   H-bonds[1]: "N1-N4(amino)[3.06]"
   4 A.U788           A.U789          base-overlap-area=3.1(1.2)   H-bonds[0]: ""
   5 A.U788           A.A792          base-overlap-area=0.0(0.0)   H-bonds[1]: "N3(imino)-O2'(hydroxyl)[3.14]"
   6 A.U788           A.C795          base-overlap-area=0.0(0.0)   H-bonds[1]: "O2(carbonyl)-N4(amino)[2.86]"
   7 A.U789           A.G791          base-overlap-area=0.0(0.0)   H-bonds[1]: "O2'(hydroxyl)-N7[2.56]"
   8 A.A790           A.G791          base-overlap-area=6.1(4.4)   H-bonds[0]: ""
   9 A.G791           A.A792          base-overlap-area=3.4(2.1)   H-bonds[0]: ""
  10 A.A792           A.A794          base-overlap-area=3.8(2.6)   H-bonds[2]: "O2'(hydroxyl)-N6(amino)[2.73],O2'(hydroxyl)-N7[2.65]"
  11 A.A794           A.C795          base-overlap-area=4.9(3.3)   H-bonds[0]: ""
  12 A.C795           A.C796          base-overlap-area=2.7(0.8)   H-bonds[0]: ""

****************************************************************************
Note: for the various types of loops listed below, numbers within the first
      set of brackets are the number of loop nts, and numbers in the second
      set of brackets are the identities of the stems (positive number) or
      lone WC/wobble pairs (negative numbers) to which they are linked.

****************************************************************************
List of 1 hairpin loop
   1 hairpin loop: nts=11; [9]; linked by [#-1]
     nts=11 GAUUAGAUACC A.G786,A.A787,A.U788,A.U789,A.A790,A.G791,A.A792,A.U793,A.A794,A.C795,A.C796
       nts=9 AUUAGAUAC A.A787,A.U788,A.U789,A.A790,A.G791,A.A792,A.U793,A.A794,A.C795

****************************************************************************
Secondary structures in dot-bracket notation (dbn) as a whole and per chain
>HAIRPIN.2VQE.13 nts=11 [whole]
GAUUAGAUACC
(.........)
>HAIRPIN.2VQE.13-A #1 nts=11 [chain] RNA
GAUUAGAUACC
(.........)

****************************************************************************
List of 5 additional files
   1 dssr-pairs.pdb -- MODEL/ENDMDL delineated base pairs
   2 dssr-hairpins.pdb -- MODEL/ENDMDL delineated hairpin loops
   3 dssr-2ndstrs.ct -- secondary structures in the connect format
   4 dssr-2ndstrs.dbn -- secondary structures in the dot-bracket notation
   5 dssr-torsions.dat -- Backbone torsion angles and suite names
