****************************************************************************
         DSSR: a software program for Defining the Secondary
         Structures of RNA from three-dimensional coordinates
        v1.0.1-2014jan31, by Xiang-Jun Lu (xiangjun@x3dna.org)

   This program is actively maintained and developed. As always, I
   greatly appreciate your feedback! Please report all DSSR-related
   issues on the 3DNA Forum (http://forum.x3dna.org/). I strive to
   respond promptly to *any* questions posted there.

****************************************************************************
Note: Each nucleotide is identified by model:chainId.name#, where the
      'model:' portion is omitted if no model number is available as
      is normally the case for X-ray crystal structures in the PDB. So
      a common example would be like A.G19, meaning G #19 on chain A.
      One-letter base names for modified nucleotides are put in lower
      case (e.g., 'c' for 5MC). For further information about the
      output notation, please run DSSR with the '-note' option. More
      details can be found in the DSSR user manual. Questions and
      suggestions are always welcome on the 3DNA Forum.

Command: x3dna-dssr -i=TC.1GID.2.pdb --non-pair -o=TC.1GID.2_dssr.out
Date and time: Sun Jun 29 15:51:43 2014
File name: TC.1GID.2.pdb
    no. of DNA/RNA chains: 1 [B=15]
    no. of nucleotides:    15
    no. of atoms:          324
    no. of waters:         0
    no. of metals:         0

****************************************************************************
List of 10 base pairs
      nt1              nt2             bp  name         Saenger    LW DSSR
   1 B.G149           B.C154           G-C WC           19-XIX    cWW cW-W
   2 B.G150           B.A153           G-A Sheared      11-XI     tSH tm-M
   3 B.A151           B.A248           A+A              01-I      tWW tW+W
   4 B.A152           B.U224           A-U              00-n/a    ... c...
   5 B.A153           B.G250           A+G              00-n/a    tSS tm+m
   6 B.C223           B.G250           C-G WC           19-XIX    cWW cW-W
   7 B.U224           B.A248           U-A rHoogsteen   24-XXIV   tWH tW-M
   8 B.A225           B.A226           A+A Platform     00-n/a    cSH cm+M
   9 B.A226           B.U249           A-U WC           20-XX     cWW cW-W
  10 B.G227           B.U247           G-U Wobble       28-XXVIII cWW cW-W

****************************************************************************
List of 3 multiplets
   1 nts=3 AUA B.A151,B.U224,B.A248
   2 nts=3 AAU B.A225,B.A226,B.U249
   3 nts=4 GACG B.G150,B.A153,B.C223,B.G250

****************************************************************************
List of 2 helices
  Note: a helix is defined by base-stacking interactions, regardless of bp
        type and backbone connectivity, and may contain more than one stem.
      helix#number[stems-contained] bps=number-of-base-pairs in the helix
      bp-type: '|' for a canonical WC/wobble pair, '.' otherwise
      helix-form: classification of a dinucleotide step comprising the bp
        above the given designation and the bp that follows it. Types
        include 'A', 'B' or 'Z' for the common A-, B- and Z-form helices,
        '.' for an unclassified step, and 'x' for a step without a
        continuous backbone.
      --------------------------------------------------------------------
  helix#1[0] bps=2
      strand-1 5'-GG-3'
       bp-type    |.
      strand-2 3'-CA-5'
      helix-form  .
   1 B.G149           B.C154           G-C WC           19-XIX    cWW cW-W
   2 B.G150           B.A153           G-A Sheared      11-XI     tSH tm-M
  --------------------------------------------------------------------------
  helix#2[0] bps=4
      strand-1 5'-CAUG-3'
       bp-type    |.||
      strand-2 5'-GUAU-3'
      helix-form  xxx
   1 B.C223           B.G250           C-G WC           19-XIX    cWW cW-W
   2 B.A248           B.U224           A-U rHoogsteen   24-XXIV   tHW tM-W
   3 B.U249           B.A226           U-A WC           20-XX     cWW cW-W
   4 B.G227           B.U247           G-U Wobble       28-XXVIII cWW cW-W

****************************************************************************
List of 4 lone WC/wobble pairs
  Note: lone WC/wobble pairs are assigned negative indices to differentiate
        them from the stem numbers, which are positive.
        --------------------------------------------------------------------
  -1 B.G149           B.C154           G-C WC           19-XIX    cWW cW-W
  -2 B.C223           B.G250           C-G WC           19-XIX    cWW cW-W
  -3 B.A226           B.U249           A-U WC           20-XX     cWW cW-W
  -4 B.G227           B.U247           G-U Wobble       28-XXVIII cWW cW-W

****************************************************************************
List of 12 non-pairing interactions
   1 B.G150           B.A152          base-overlap-area=0.0(0.0)   H-bonds[1]: "O2'(hydroxyl)-N7[2.93]"
   2 B.A151           B.A152          base-overlap-area=6.1(4.4)   H-bonds[0]: ""
   3 B.A151           B.A226          base-overlap-area=2.5(0.4)   H-bonds[0]: ""
   4 B.A152           B.A153          base-overlap-area=7.1(5.2)   H-bonds[0]: ""
   5 B.A152           B.G250          base-overlap-area=0.0(0.0)   H-bonds[1]: "N6(amino)-O2'(hydroxyl)[2.92]"
   6 B.A153           B.C223          base-overlap-area=0.0(0.0)   H-bonds[2]: "O2'(hydroxyl)-O2'(hydroxyl)[3.04],O2'(hydroxyl)-O2(carbonyl)[2.89]"
   7 B.U224           B.A225          base-overlap-area=0.4(0.0)   H-bonds[0]: ""
   8 B.U224           B.G250          base-overlap-area=0.1(0.0)   H-bonds[0]: ""
   9 B.A225           B.G227          base-overlap-area=0.0(0.0)   H-bonds[1]: "O2'(hydroxyl)-O6(carbonyl)[2.77]"
  10 B.A225           B.U247          base-overlap-area=5.2(2.5)   H-bonds[1]: "O2'(hydroxyl)-O4(carbonyl)[2.96]"
  11 B.A225           B.A248          base-overlap-area=0.4(0.4)   H-bonds[0]: ""
  12 B.A248           B.G250          base-overlap-area=4.1(2.4)   H-bonds[1]: "O2'(hydroxyl)-N7[2.91]"

****************************************************************************
Note: for the various types of loops listed below, numbers within the first
      set of brackets are the number of loop nts, and numbers in the second
      set of brackets are the identities of the stems (positive number) or
      lone WC/wobble pairs (negative numbers) to which they are linked.

****************************************************************************
List of 1 hairpin loop
   1 hairpin loop: nts=6; [4]; linked by [#-1]
     nts=6 GGAAAC B.G149,B.G150,B.A151,B.A152,B.A153,B.C154
       nts=4 GAAA B.G150,B.A151,B.A152,B.A153

****************************************************************************
List of 2 bulges
   1 bulge: nts=6; [2,0]; linked by [#-2,#-3]
     nts=6 CUAAUG B.C223,B.U224,B.A225,B.A226,B.U249,B.G250
       nts=2 UA B.U224,B.A225
       nts=0
   2 bulge: nts=5; [0,1]; linked by [#-3,#-4]
     nts=5 AGUAU B.A226,B.G227,B.U247,B.A248,B.U249
       nts=0
       nts=1 A B.A248

****************************************************************************
List of 1 A-minor motif
   1  type=I A/C-G	B.A153 vs B.C223+B.G250 [WC]
        -B.C223	H-bonds[2]: "O2'(hydroxyl)-O2'(hydroxyl)[3.04],O2'(hydroxyl)-O2(carbonyl)[2.89]"
        +B.G250	H-bonds[2]: "N1-O2'(hydroxyl)[2.97],N3-N2(amino)[2.76]"

****************************************************************************
List of 1 ribose zipper
   1 nts=4 AACU B.A152,B.A153,B.C223,B.U224

****************************************************************************
Secondary structures in dot-bracket notation (dbn) as a whole and per chain
>TC.1GID.2 nts=15 [whole]
GGAAAC&CUAAG&UAUG
(....)&(..((&).))
>TC.1GID.2-B #1 nts=15 [chain] RNA*
GGAAACCUAAGUAUG
(....)(..(().))

****************************************************************************
List of 8 additional files
   1 dssr-helices.pdb -- MODEL/ENDMDL delineated helices (pseudo/coaxial)
   2 dssr-pairs.pdb -- MODEL/ENDMDL delineated base pairs
   3 dssr-multiplets.pdb -- MODEL/ENDMDL delineated multiplets
   4 dssr-hairpins.pdb -- MODEL/ENDMDL delineated hairpin loops
   5 dssr-2ndstrs.ct -- secondary structures in the connect format
   6 dssr-2ndstrs.dbn -- secondary structures in the dot-bracket notation
   7 dssr-torsions.dat -- Backbone torsion angles and suite names
   8 dssr-Aminors.pdb -- MODEL/ENDMDL delineated A minor motifs (type I/II)
