****************************************************************************
         DSSR: a software program for Defining the Secondary
         Structures of RNA from three-dimensional coordinates
        v1.0.1-2014jan31, by Xiang-Jun Lu (xiangjun@x3dna.org)

   This program is actively maintained and developed. As always, I
   greatly appreciate your feedback! Please report all DSSR-related
   issues on the 3DNA Forum (http://forum.x3dna.org/). I strive to
   respond promptly to *any* questions posted there.

****************************************************************************
Note: Each nucleotide is identified by model:chainId.name#, where the
      'model:' portion is omitted if no model number is available as
      is normally the case for X-ray crystal structures in the PDB. So
      a common example would be like A.G19, meaning G #19 on chain A.
      One-letter base names for modified nucleotides are put in lower
      case (e.g., 'c' for 5MC). For further information about the
      output notation, please run DSSR with the '-note' option. More
      details can be found in the DSSR user manual. Questions and
      suggestions are always welcome on the 3DNA Forum.

Command: x3dna-dssr -i=tc.0.pdb --non-pair -o=tc.0_dssr.out
Date and time: Thu Jul 17 15:06:45 2014
File name: tc.0.pdb
    no. of DNA/RNA chains: 1 [A=9]
    no. of nucleotides:    9
    no. of atoms:          196
    no. of waters:         0
    no. of metals:         0

****************************************************************************
List of 2 base pairs
      nt1              nt2             bp  name         Saenger    LW DSSR
   1 A.G259           A.C267           G-C WC           19-XIX    cWW cW-W
   2 A.G260           A.G265           G-G              00-n/a    tWH tW-M

****************************************************************************
List of 1 lone WC/wobble pair
  Note: lone WC/wobble pairs are assigned negative indices to differentiate
        them from the stem numbers, which are positive.
        --------------------------------------------------------------------
  -1 A.G259           A.C267           G-C WC           19-XIX    cWW cW-W

****************************************************************************
List of 8 non-pairing interactions
   1 A.G259           A.G260          base-overlap-area=6.1(3.9)   H-bonds[0]: ""
   2 A.G260           A.U261          base-overlap-area=5.2(2.5)   H-bonds[0]: ""
   3 A.U261           A.A263          base-overlap-area=0.0(0.0)   H-bonds[1]: "O2'(hydroxyl)-N7[2.80]"
   4 A.A262           A.A263          base-overlap-area=4.4(3.0)   H-bonds[0]: ""
   5 A.A263           A.U264          base-overlap-area=0.0(0.0)   H-bonds[1]: "O2'(hydroxyl)-O4'[3.10]"
   6 A.U264           A.G265          base-overlap-area=3.3(1.9)   H-bonds[0]: ""
   7 A.G265           A.G266          base-overlap-area=0.0(0.0)   H-bonds[1]: "O2'(hydroxyl)-O3'[3.06]"
   8 A.G265           A.C267          base-overlap-area=3.9(1.6)   H-bonds[0]: ""

****************************************************************************
Note: for the various types of loops listed below, numbers within the first
      set of brackets are the number of loop nts, and numbers in the second
      set of brackets are the identities of the stems (positive number) or
      lone WC/wobble pairs (negative numbers) to which they are linked.

****************************************************************************
List of 1 hairpin loop
   1 hairpin loop: nts=9; [7]; linked by [#-1]
     nts=9 GGUAAUGGC A.G259,A.G260,A.U261,A.A262,A.A263,A.U264,A.G265,A.G266,A.C267
       nts=7 GUAAUGG A.G260,A.U261,A.A262,A.A263,A.U264,A.G265,A.G266

****************************************************************************
Secondary structures in dot-bracket notation (dbn) as a whole and per chain
>tc.0 nts=9 [whole]
GGUAAUGGC
(.......)
>tc.0-A #1 nts=9 [chain] RNA
GGUAAUGGC
(.......)

****************************************************************************
List of 5 additional files
   1 dssr-pairs.pdb -- MODEL/ENDMDL delineated base pairs
   2 dssr-hairpins.pdb -- MODEL/ENDMDL delineated hairpin loops
   3 dssr-2ndstrs.ct -- secondary structures in the connect format
   4 dssr-2ndstrs.dbn -- secondary structures in the dot-bracket notation
   5 dssr-torsions.dat -- Backbone torsion angles and suite names
