****************************************************************************
         DSSR: a software program for Defining the Secondary
         Structures of RNA from three-dimensional coordinates
        v1.0.1-2014jan31, by Xiang-Jun Lu (xiangjun@x3dna.org)

   This program is actively maintained and developed. As always, I
   greatly appreciate your feedback! Please report all DSSR-related
   issues on the 3DNA Forum (http://forum.x3dna.org/). I strive to
   respond promptly to *any* questions posted there.

****************************************************************************
Note: Each nucleotide is identified by model:chainId.name#, where the
      'model:' portion is omitted if no model number is available as
      is normally the case for X-ray crystal structures in the PDB. So
      a common example would be like A.G19, meaning G #19 on chain A.
      One-letter base names for modified nucleotides are put in lower
      case (e.g., 'c' for 5MC). For further information about the
      output notation, please run DSSR with the '-note' option. More
      details can be found in the DSSR user manual. Questions and
      suggestions are always welcome on the 3DNA Forum.

Command: x3dna-dssr -i=TC.1S72.58.pdb --non-pair -o=TC.1S72.58_dssr.out
Date and time: Sun Jun 29 15:53:30 2014
File name: TC.1S72.58.pdb
    no. of DNA/RNA chains: 1 [0=18]
    no. of nucleotides:    18
    no. of atoms:          388
    no. of waters:         0
    no. of metals:         0

****************************************************************************
List of 8 base pairs
      nt1              nt2             bp  name         Saenger    LW DSSR
   1 0.C1451          0.G1676          C-G WC           19-XIX    cWW cW-W
   2 0.G1452          0.A1486          G-A              00-n/a    cSW cm-W
   3 0.G1452          0.C1675          G-C WC           19-XIX    cWW cW-W
   4 0.G1453          0.C1674          G-C WC           19-XIX    cWW cW-W
   5 0.C1456          0.G1489          C-G WC           19-XIX    cWW cW-W
   6 0.U1457          0.A1485          U-A rHoogsteen   24-XXIV   tWH tW-M
   7 0.A1459          0.G1484          A-G Sheared      11-XI     tHS tM-m
   8 0.G1460          0.C1483          G-C WC           19-XIX    cWW cW-W

****************************************************************************
List of 1 multiplet
   1 nts=3 GAC 0.G1452,0.A1486,0.C1675

****************************************************************************
List of 2 helices
  Note: a helix is defined by base-stacking interactions, regardless of bp
        type and backbone connectivity, and may contain more than one stem.
      helix#number[stems-contained] bps=number-of-base-pairs in the helix
      bp-type: '|' for a canonical WC/wobble pair, '.' otherwise
      helix-form: classification of a dinucleotide step comprising the bp
        above the given designation and the bp that follows it. Types
        include 'A', 'B' or 'Z' for the common A-, B- and Z-form helices,
        '.' for an unclassified step, and 'x' for a step without a
        continuous backbone.
      --------------------------------------------------------------------
  helix#1[1] bps=3
      strand-1 5'-CGG-3'
       bp-type    |||
      strand-2 3'-GCC-5'
      helix-form  A.
   1 0.C1451          0.G1676          C-G WC           19-XIX    cWW cW-W
   2 0.G1452          0.C1675          G-C WC           19-XIX    cWW cW-W
   3 0.G1453          0.C1674          G-C WC           19-XIX    cWW cW-W
  --------------------------------------------------------------------------
  helix#2[0] bps=4
      strand-1 5'-CUAG-3'
       bp-type    |..|
      strand-2 3'-GAGC-5'
      helix-form  xx.
   1 0.C1456          0.G1489          C-G WC           19-XIX    cWW cW-W
   2 0.U1457          0.A1485          U-A rHoogsteen   24-XXIV   tWH tW-M
   3 0.A1459          0.G1484          A-G Sheared      11-XI     tHS tM-m
   4 0.G1460          0.C1483          G-C WC           19-XIX    cWW cW-W

****************************************************************************
List of 1 stem
  Note: a stem is defined as a helix consisting of only canonical WC/wobble
        pairs, with a continuous backbone.
      stem#number[#helix-number containing this stem]
      Other terms are defined as in the above Helix section.
      --------------------------------------------------------------------
  stem#1[#1] bps=3
      strand-1 5'-CGG-3'
       bp-type    |||
      strand-2 3'-GCC-5'
      helix-form  A.
   1 0.C1451          0.G1676          C-G WC           19-XIX    cWW cW-W
   2 0.G1452          0.C1675          G-C WC           19-XIX    cWW cW-W
   3 0.G1453          0.C1674          G-C WC           19-XIX    cWW cW-W

****************************************************************************
List of 2 lone WC/wobble pairs
  Note: lone WC/wobble pairs are assigned negative indices to differentiate
        them from the stem numbers, which are positive.
        --------------------------------------------------------------------
  -1 0.C1456          0.G1489          C-G WC           19-XIX    cWW cW-W
  -2 0.G1460          0.C1483          G-C WC           19-XIX    cWW cW-W

****************************************************************************
List of 7 non-pairing interactions
   1 0.G1452          0.G1676         base-overlap-area=4.7(2.0)   H-bonds[0]: ""
   2 0.G1453          0.C1675         base-overlap-area=0.7(0.0)   H-bonds[0]: ""
   3 0.A1458          0.A1459         base-overlap-area=4.7(2.9)   H-bonds[0]: ""
   4 0.A1458          0.A1485         base-overlap-area=6.3(3.3)   H-bonds[0]: ""
   5 0.G1460          0.G1484         base-overlap-area=1.0(0.0)   H-bonds[0]: ""
   6 0.A1485          0.G1489         base-overlap-area=6.8(4.6)   H-bonds[1]: "O2'(hydroxyl)-O6(carbonyl)[2.81]"
   7 0.A1487          0.U1488         base-overlap-area=3.8(1.8)   H-bonds[0]: ""

****************************************************************************
Note: for the various types of loops listed below, numbers within the first
      set of brackets are the number of loop nts, and numbers in the second
      set of brackets are the identities of the stems (positive number) or
      lone WC/wobble pairs (negative numbers) to which they are linked.

****************************************************************************
List of 1 internal loop
   1 asymmetric internal loop: nts=12; [3,5]; linked by [#-1,#-2]
     nts=12 CUAAGCGAAAUG 0.C1456,0.U1457,0.A1458,0.A1459,0.G1460,0.C1483,0.G1484,0.A1485,0.A1486,0.A1487,0.U1488,0.G1489
       nts=3 UAA 0.U1457,0.A1458,0.A1459
       nts=5 GAAAU 0.G1484,0.A1485,0.A1486,0.A1487,0.U1488

****************************************************************************
Secondary structures in dot-bracket notation (dbn) as a whole and per chain
>TC.1S72.58 nts=18 [whole]
CGG&CUAAG&CGAAAUG&CCG
(((&(...(&).....)&)))
>TC.1S72.58-0 #1 nts=18 [chain] RNA*
CGGCUAAGCGAAAUGCCG
((((...().....))))

****************************************************************************
List of 7 additional files
   1 dssr-stems.pdb -- MODEL/ENDMDL delineated stems
   2 dssr-helices.pdb -- MODEL/ENDMDL delineated helices (pseudo/coaxial)
   3 dssr-pairs.pdb -- MODEL/ENDMDL delineated base pairs
   4 dssr-multiplets.pdb -- MODEL/ENDMDL delineated multiplets
   5 dssr-2ndstrs.ct -- secondary structures in the connect format
   6 dssr-2ndstrs.dbn -- secondary structures in the dot-bracket notation
   7 dssr-torsions.dat -- Backbone torsion angles and suite names
