****************************************************************************
         DSSR: a software program for Defining the Secondary
         Structures of RNA from three-dimensional coordinates
        v1.0.1-2014jan31, by Xiang-Jun Lu (xiangjun@x3dna.org)

   This program is actively maintained and developed. As always, I
   greatly appreciate your feedback! Please report all DSSR-related
   issues on the 3DNA Forum (http://forum.x3dna.org/). I strive to
   respond promptly to *any* questions posted there.

****************************************************************************
Note: Each nucleotide is identified by model:chainId.name#, where the
      'model:' portion is omitted if no model number is available as
      is normally the case for X-ray crystal structures in the PDB. So
      a common example would be like A.G19, meaning G #19 on chain A.
      One-letter base names for modified nucleotides are put in lower
      case (e.g., 'c' for 5MC). For further information about the
      output notation, please run DSSR with the '-note' option. More
      details can be found in the DSSR user manual. Questions and
      suggestions are always welcome on the 3DNA Forum.

Command: x3dna-dssr -i=TC.1S72.38.pdb --non-pair -o=TC.1S72.38_dssr.out
Date and time: Sun Jun 29 15:52:57 2014
File name: TC.1S72.38.pdb
    no. of DNA/RNA chains: 1 [0=30]
    no. of nucleotides:    30
    no. of atoms:          642
    no. of waters:         0
    no. of metals:         0

****************************************************************************
List of 15 base pairs
      nt1              nt2             bp  name         Saenger    LW DSSR
   1 0.A780           0.U866           A-U WC           20-XX     cWW cW-W
   2 0.C781           0.G865           C-G WC           19-XIX    cWW cW-W
   3 0.G782           0.U864           G-U Wobble       28-XXVIII cWW cW-W
   4 0.C783           0.G863           C-G WC           19-XIX    cWW cW-W
   5 0.A784           0.U862           A-U WC           20-XX     cWW cW-W
   6 0.U785           0.A861           U-A WC           20-XX     cWW cW-W
   7 0.G786           0.U860           G-U Wobble       28-XXVIII cWW cW-W
   8 0.G787           0.C859           G-C WC           19-XIX    cWW cW-W
   9 0.A788           0.U858           A-U WC           20-XX     cWW cW-W
  10 0.A861           0.U1488          A+U              00-n/a    tSW tm+W
  11 0.G863           0.A1459          G+A              00-n/a    tSS tm+m
  12 0.C1456          0.G1489          C-G WC           19-XIX    cWW cW-W
  13 0.U1457          0.A1485          U-A rHoogsteen   24-XXIV   tWH tW-M
  14 0.A1459          0.G1484          A-G Sheared      11-XI     tHS tM-m
  15 0.G1460          0.C1483          G-C WC           19-XIX    cWW cW-W

****************************************************************************
List of 2 multiplets
   1 nts=3 UAU 0.U785,0.A861,0.U1488
   2 nts=4 CGAG 0.C783,0.G863,0.A1459,0.G1484

****************************************************************************
List of 2 helices
  Note: a helix is defined by base-stacking interactions, regardless of bp
        type and backbone connectivity, and may contain more than one stem.
      helix#number[stems-contained] bps=number-of-base-pairs in the helix
      bp-type: '|' for a canonical WC/wobble pair, '.' otherwise
      helix-form: classification of a dinucleotide step comprising the bp
        above the given designation and the bp that follows it. Types
        include 'A', 'B' or 'Z' for the common A-, B- and Z-form helices,
        '.' for an unclassified step, and 'x' for a step without a
        continuous backbone.
      --------------------------------------------------------------------
  helix#1[1] bps=9
      strand-1 5'-ACGCAUGGA-3'
       bp-type    |||||||||
      strand-2 3'-UGUGUAUCU-5'
      helix-form  A..AA..A
   1 0.A780           0.U866           A-U WC           20-XX     cWW cW-W
   2 0.C781           0.G865           C-G WC           19-XIX    cWW cW-W
   3 0.G782           0.U864           G-U Wobble       28-XXVIII cWW cW-W
   4 0.C783           0.G863           C-G WC           19-XIX    cWW cW-W
   5 0.A784           0.U862           A-U WC           20-XX     cWW cW-W
   6 0.U785           0.A861           U-A WC           20-XX     cWW cW-W
   7 0.G786           0.U860           G-U Wobble       28-XXVIII cWW cW-W
   8 0.G787           0.C859           G-C WC           19-XIX    cWW cW-W
   9 0.A788           0.U858           A-U WC           20-XX     cWW cW-W
  --------------------------------------------------------------------------
  helix#2[0] bps=4
      strand-1 5'-CUAG-3'
       bp-type    |..|
      strand-2 3'-GAGC-5'
      helix-form  xx.
   1 0.C1456          0.G1489          C-G WC           19-XIX    cWW cW-W
   2 0.U1457          0.A1485          U-A rHoogsteen   24-XXIV   tWH tW-M
   3 0.A1459          0.G1484          A-G Sheared      11-XI     tHS tM-m
   4 0.G1460          0.C1483          G-C WC           19-XIX    cWW cW-W

****************************************************************************
List of 1 stem
  Note: a stem is defined as a helix consisting of only canonical WC/wobble
        pairs, with a continuous backbone.
      stem#number[#helix-number containing this stem]
      Other terms are defined as in the above Helix section.
      --------------------------------------------------------------------
  stem#1[#1] bps=9
      strand-1 5'-ACGCAUGGA-3'
       bp-type    |||||||||
      strand-2 3'-UGUGUAUCU-5'
      helix-form  A..AA..A
   1 0.A780           0.U866           A-U WC           20-XX     cWW cW-W
   2 0.C781           0.G865           C-G WC           19-XIX    cWW cW-W
   3 0.G782           0.U864           G-U Wobble       28-XXVIII cWW cW-W
   4 0.C783           0.G863           C-G WC           19-XIX    cWW cW-W
   5 0.A784           0.U862           A-U WC           20-XX     cWW cW-W
   6 0.U785           0.A861           U-A WC           20-XX     cWW cW-W
   7 0.G786           0.U860           G-U Wobble       28-XXVIII cWW cW-W
   8 0.G787           0.C859           G-C WC           19-XIX    cWW cW-W
   9 0.A788           0.U858           A-U WC           20-XX     cWW cW-W

****************************************************************************
List of 2 lone WC/wobble pairs
  Note: lone WC/wobble pairs are assigned negative indices to differentiate
        them from the stem numbers, which are positive.
        --------------------------------------------------------------------
  -1 0.C1456          0.G1489          C-G WC           19-XIX    cWW cW-W
  -2 0.G1460          0.C1483          G-C WC           19-XIX    cWW cW-W

****************************************************************************
List of 18 non-pairing interactions
   1 0.G782           0.G865          base-overlap-area=5.8(2.9)   H-bonds[0]: ""
   2 0.C783           0.A1459         base-overlap-area=0.0(0.0)   H-bonds[1]: "O2'(hydroxyl)-O2'(hydroxyl)[2.67]"
   3 0.A784           0.G863          base-overlap-area=4.0(1.8)   H-bonds[0]: ""
   4 0.A784           0.A1458         base-overlap-area=0.0(0.0)   H-bonds[2]: "O2'(hydroxyl)-O2'(hydroxyl)[2.65],O2'(hydroxyl)-N3[2.62]"
   5 0.A784           0.A1459         base-overlap-area=0.0(0.0)   H-bonds[1]: "O4'*O4'[2.94]"
   6 0.U785           0.G1489         base-overlap-area=0.0(0.0)   H-bonds[1]: "O2'(hydroxyl)-O4'[2.69]"
   7 0.G786           0.A861          base-overlap-area=4.8(2.3)   H-bonds[0]: ""
   8 0.G786           0.U1488         base-overlap-area=0.0(0.0)   H-bonds[1]: "O2'(hydroxyl)-O4'[2.97]"
   9 0.G786           0.G1489         base-overlap-area=0.0(0.0)   H-bonds[1]: "O5'*O4'[3.23]"
  10 0.G787           0.U860          base-overlap-area=0.1(0.0)   H-bonds[0]: ""
  11 0.A861           0.A1487         base-overlap-area=0.0(0.0)   H-bonds[1]: "O2'(hydroxyl)-N1[2.82]"
  12 0.U862           0.A1487         base-overlap-area=0.0(0.0)   H-bonds[1]: "O4'-N6(amino)[2.99]"
  13 0.U864           0.G1460         base-overlap-area=0.0(0.0)   H-bonds[2]: "O3'-O2'(hydroxyl)[3.11],O2'(hydroxyl)-O2'(hydroxyl)[3.07]"
  14 0.A1458          0.A1459         base-overlap-area=4.7(2.9)   H-bonds[0]: ""
  15 0.A1458          0.A1485         base-overlap-area=6.3(3.3)   H-bonds[0]: ""
  16 0.G1460          0.G1484         base-overlap-area=1.0(0.0)   H-bonds[0]: ""
  17 0.A1485          0.G1489         base-overlap-area=6.8(4.6)   H-bonds[1]: "O2'(hydroxyl)-O6(carbonyl)[2.81]"
  18 0.A1487          0.U1488         base-overlap-area=3.8(1.8)   H-bonds[0]: ""

****************************************************************************
Note: for the various types of loops listed below, numbers within the first
      set of brackets are the number of loop nts, and numbers in the second
      set of brackets are the identities of the stems (positive number) or
      lone WC/wobble pairs (negative numbers) to which they are linked.

****************************************************************************
List of 1 internal loop
   1 asymmetric internal loop: nts=12; [3,5]; linked by [#-1,#-2]
     nts=12 CUAAGCGAAAUG 0.C1456,0.U1457,0.A1458,0.A1459,0.G1460,0.C1483,0.G1484,0.A1485,0.A1486,0.A1487,0.U1488,0.G1489
       nts=3 UAA 0.U1457,0.A1458,0.A1459
       nts=5 GAAAU 0.G1484,0.A1485,0.A1486,0.A1487,0.U1488

****************************************************************************
List of 2 A-minor motifs
   1  type=II A/A-U	0.A1458 vs 0.A784+0.U862 [WC]
        -0.A784	H-bonds[2]: "O2'(hydroxyl)-O2'(hydroxyl)[2.65],N3-O2'(hydroxyl)[2.62]"
        +0.U862	H-bonds[0]: ""
   2  type=I A/C-G	0.A1459 vs 0.C783+0.G863 [WC]
        -0.C783	H-bonds[1]: "O2'(hydroxyl)-O2'(hydroxyl)[2.67]"
        +0.G863	H-bonds[2]: "N1-O2'(hydroxyl)[2.71],N3-N2(amino)[3.16]"

****************************************************************************
List of 1 ribose zipper
   1 nts=4 CAAA 0.C783,0.A784,0.A1458,0.A1459

****************************************************************************
Secondary structures in dot-bracket notation (dbn) as a whole and per chain
>TC.1S72.38 nts=30 [whole]
ACGCAUGGA&UCUAUGUGU&CUAAG&CGAAAUG
(((((((((&)))))))))&(...(&).....)
>TC.1S72.38-0 #1 nts=30 [chain] RNA*
ACGCAUGGAUCUAUGUGUCUAAGCGAAAUG
((((((((()))))))))(...().....)

****************************************************************************
List of 8 additional files
   1 dssr-stems.pdb -- MODEL/ENDMDL delineated stems
   2 dssr-helices.pdb -- MODEL/ENDMDL delineated helices (pseudo/coaxial)
   3 dssr-pairs.pdb -- MODEL/ENDMDL delineated base pairs
   4 dssr-multiplets.pdb -- MODEL/ENDMDL delineated multiplets
   5 dssr-2ndstrs.ct -- secondary structures in the connect format
   6 dssr-2ndstrs.dbn -- secondary structures in the dot-bracket notation
   7 dssr-torsions.dat -- Backbone torsion angles and suite names
   8 dssr-Aminors.pdb -- MODEL/ENDMDL delineated A minor motifs (type I/II)
