****************************************************************************
         DSSR: a software program for Defining the Secondary
         Structures of RNA from three-dimensional coordinates
        v1.0.1-2014jan31, by Xiang-Jun Lu (xiangjun@x3dna.org)

   This program is actively maintained and developed. As always, I
   greatly appreciate your feedback! Please report all DSSR-related
   issues on the 3DNA Forum (http://forum.x3dna.org/). I strive to
   respond promptly to *any* questions posted there.

****************************************************************************
Note: Each nucleotide is identified by model:chainId.name#, where the
      'model:' portion is omitted if no model number is available as
      is normally the case for X-ray crystal structures in the PDB. So
      a common example would be like A.G19, meaning G #19 on chain A.
      One-letter base names for modified nucleotides are put in lower
      case (e.g., 'c' for 5MC). For further information about the
      output notation, please run DSSR with the '-note' option. More
      details can be found in the DSSR user manual. Questions and
      suggestions are always welcome on the 3DNA Forum.

Command: x3dna-dssr -i=HAIRPIN.4LVZ.0.pdb --non-pair -o=HAIRPIN.4LVZ.0_dssr.out
Date and time: Sun Jun 29 15:54:40 2014
File name: HAIRPIN.4LVZ.0.pdb
    no. of DNA/RNA chains: 1 [A=13]
    no. of nucleotides:    13
    no. of atoms:          281
    no. of waters:         0
    no. of metals:         0

****************************************************************************
List of 3 base pairs
      nt1              nt2             bp  name         Saenger    LW DSSR
   1 A.A33            A.U45            A-U WC           20-XX     cWW cW-W
   2 A.A34            A.G44            A-G Imino        08-VIII   cWW cW-W
   3 A.U35            A.U42            U-U Calcutta     00-n/a    tWH tW-M

****************************************************************************
List of 1 helix
  Note: a helix is defined by base-stacking interactions, regardless of bp
        type and backbone connectivity, and may contain more than one stem.
      helix#number[stems-contained] bps=number-of-base-pairs in the helix
      bp-type: '|' for a canonical WC/wobble pair, '.' otherwise
      helix-form: classification of a dinucleotide step comprising the bp
        above the given designation and the bp that follows it. Types
        include 'A', 'B' or 'Z' for the common A-, B- and Z-form helices,
        '.' for an unclassified step, and 'x' for a step without a
        continuous backbone.
      --------------------------------------------------------------------
  helix#1[0] bps=3
      strand-1 5'-AAU-3'
       bp-type    |..
      strand-2 3'-UGU-5'
      helix-form  Ax
   1 A.A33            A.U45            A-U WC           20-XX     cWW cW-W
   2 A.A34            A.G44            A-G Imino        08-VIII   cWW cW-W
   3 A.U35            A.U42            U-U Calcutta     00-n/a    tWH tW-M

****************************************************************************
List of 1 lone WC/wobble pair
  Note: lone WC/wobble pairs are assigned negative indices to differentiate
        them from the stem numbers, which are positive.
        --------------------------------------------------------------------
  -1 A.A33            A.U45            A-U WC           20-XX     cWW cW-W

****************************************************************************
List of 6 non-pairing interactions
   1 A.G37            A.G38           base-overlap-area=1.6(0.3)   H-bonds[0]: ""
   2 A.G38            A.A39           base-overlap-area=2.9(1.3)   H-bonds[0]: ""
   3 A.A39            A.U40           base-overlap-area=5.8(3.1)   H-bonds[0]: ""
   4 A.U40            A.G41           base-overlap-area=1.0(0.5)   H-bonds[0]: ""
   5 A.G41            A.U42           base-overlap-area=1.0(0.0)   H-bonds[1]: "O2'(hydroxyl)-O4'[3.21]"
   6 A.U42            A.G44           base-overlap-area=2.0(0.0)   H-bonds[1]: "O2'(hydroxyl)-N7[2.93]"

****************************************************************************
Note: for the various types of loops listed below, numbers within the first
      set of brackets are the number of loop nts, and numbers in the second
      set of brackets are the identities of the stems (positive number) or
      lone WC/wobble pairs (negative numbers) to which they are linked.

****************************************************************************
List of 1 hairpin loop
   1 hairpin loop: nts=13; [11]; linked by [#-1]
     nts=13 AAUGGGAUGUCGU A.A33,A.A34,A.U35,A.G36,A.G37,A.G38,A.A39,A.U40,A.G41,A.U42,A.C43,A.G44,A.U45
       nts=11 AUGGGAUGUCG A.A34,A.U35,A.G36,A.G37,A.G38,A.A39,A.U40,A.G41,A.U42,A.C43,A.G44

****************************************************************************
Secondary structures in dot-bracket notation (dbn) as a whole and per chain
>HAIRPIN.4LVZ.0 nts=13 [whole]
AAUGGGAUGUCGU
(...........)
>HAIRPIN.4LVZ.0-A #1 nts=13 [chain] RNA
AAUGGGAUGUCGU
(...........)

****************************************************************************
List of 6 additional files
   1 dssr-helices.pdb -- MODEL/ENDMDL delineated helices (pseudo/coaxial)
   2 dssr-pairs.pdb -- MODEL/ENDMDL delineated base pairs
   3 dssr-hairpins.pdb -- MODEL/ENDMDL delineated hairpin loops
   4 dssr-2ndstrs.ct -- secondary structures in the connect format
   5 dssr-2ndstrs.dbn -- secondary structures in the dot-bracket notation
   6 dssr-torsions.dat -- Backbone torsion angles and suite names
