****************************************************************************
         DSSR: a software program for Defining the Secondary
         Structures of RNA from three-dimensional coordinates
        v1.0.1-2014jan31, by Xiang-Jun Lu (xiangjun@x3dna.org)

   This program is actively maintained and developed. As always, I
   greatly appreciate your feedback! Please report all DSSR-related
   issues on the 3DNA Forum (http://forum.x3dna.org/). I strive to
   respond promptly to *any* questions posted there.

****************************************************************************
Note: Each nucleotide is identified by model:chainId.name#, where the
      'model:' portion is omitted if no model number is available as
      is normally the case for X-ray crystal structures in the PDB. So
      a common example would be like A.G19, meaning G #19 on chain A.
      One-letter base names for modified nucleotides are put in lower
      case (e.g., 'c' for 5MC). For further information about the
      output notation, please run DSSR with the '-note' option. More
      details can be found in the DSSR user manual. Questions and
      suggestions are always welcome on the 3DNA Forum.

Command: x3dna-dssr -i=NWAY.1S72.15.pdb --non-pair -o=NWAY.1S72.15_dssr.out
Date and time: Sun Jun 29 15:52:02 2014
File name: NWAY.1S72.15.pdb
    no. of DNA/RNA chains: 1 [0=14]
    no. of nucleotides:    14
    no. of atoms:          299
    no. of waters:         0
    no. of metals:         0

****************************************************************************
List of 5 base pairs
      nt1              nt2             bp  name         Saenger    LW DSSR
   1 0.C1404          0.G1718          C-G WC           19-XIX    cWW cW-W
   2 0.U1405          0.A1716          U-A rHoogsteen   24-XXIV   tWH tW-M
   3 0.A1407          0.A1717          A+A              01-I      tWW tW+W
   4 0.G1409          0.C1700          G-C WC           19-XIX    cWW cW-W
   5 0.G1703          0.C1715          G-C WC           19-XIX    cWW cW-W

****************************************************************************
List of 1 helix
  Note: a helix is defined by base-stacking interactions, regardless of bp
        type and backbone connectivity, and may contain more than one stem.
      helix#number[stems-contained] bps=number-of-base-pairs in the helix
      bp-type: '|' for a canonical WC/wobble pair, '.' otherwise
      helix-form: classification of a dinucleotide step comprising the bp
        above the given designation and the bp that follows it. Types
        include 'A', 'B' or 'Z' for the common A-, B- and Z-form helices,
        '.' for an unclassified step, and 'x' for a step without a
        continuous backbone.
      --------------------------------------------------------------------
  helix#1[0] bps=4
      strand-1 5'-CAUG-3'
       bp-type    |..|
      strand-2 3'-GAAC-5'
      helix-form  xxx
   1 0.C1404          0.G1718          C-G WC           19-XIX    cWW cW-W
   2 0.A1407          0.A1717          A+A              01-I      tWW tW+W
   3 0.U1405          0.A1716          U-A rHoogsteen   24-XXIV   tWH tW-M
   4 0.G1703          0.C1715          G-C WC           19-XIX    cWW cW-W

****************************************************************************
List of 3 lone WC/wobble pairs
  Note: lone WC/wobble pairs are assigned negative indices to differentiate
        them from the stem numbers, which are positive.
        --------------------------------------------------------------------
  -1 0.C1404          0.G1718          C-G WC           19-XIX    cWW cW-W
  -2 0.G1409          0.C1700          G-C WC           19-XIX    cWW cW-W
  -3 0.G1703          0.C1715          G-C WC           19-XIX    cWW cW-W

****************************************************************************
List of 7 non-pairing interactions
   1 0.C1404          0.U1408         base-overlap-area=0.0(0.0)   H-bonds[2]: "O2'(hydroxyl)-O2'(hydroxyl)[2.84],O2(carbonyl)-O2'(hydroxyl)[3.09]"
   2 0.U1405          0.A1407         base-overlap-area=0.2(0.0)   H-bonds[0]: ""
   3 0.A1406          0.C1700         base-overlap-area=2.9(0.5)   H-bonds[0]: ""
   4 0.A1406          0.A1701         base-overlap-area=5.1(2.3)   H-bonds[2]: "O2'(hydroxyl)-N6(amino)[2.80],N6(amino)-O5'[2.98]"
   5 0.A1407          0.G1409         base-overlap-area=2.6(1.0)   H-bonds[1]: "O2'(hydroxyl)-N7[2.95]"
   6 0.G1409          0.G1718         base-overlap-area=0.0(0.0)   H-bonds[2]: "O4'-N2(amino)[3.04],O2'(hydroxyl)-O2'(hydroxyl)[2.68]"
   7 0.G1703          0.A1716         base-overlap-area=5.8(2.9)   H-bonds[0]: ""

****************************************************************************
Note: for the various types of loops listed below, numbers within the first
      set of brackets are the number of loop nts, and numbers in the second
      set of brackets are the identities of the stems (positive number) or
      lone WC/wobble pairs (negative numbers) to which they are linked.

****************************************************************************
List of 1 junction
   1 3-way junctions: nts=14; [4,2,2]; linked by [#-1,#-2,#-3]
     nts=14 CUAAUGCAUGCAAG 0.C1404,0.U1405,0.A1406,0.A1407,0.U1408,0.G1409,0.C1700,0.A1701,0.U1702,0.G1703,0.C1715,0.A1716,0.A1717,0.G1718
       nts=4 UAAU 0.U1405,0.A1406,0.A1407,0.U1408
       nts=2 AU 0.A1701,0.U1702
       nts=2 AA 0.A1716,0.A1717

****************************************************************************
Secondary structures in dot-bracket notation (dbn) as a whole and per chain
>NWAY.1S72.15 nts=14 [whole]
CUAAUG&CAUG&CAAG
(....(&)..(&)..)
>NWAY.1S72.15-0 #1 nts=14 [chain] RNA*
CUAAUGCAUGCAAG
(....()..()..)

****************************************************************************
List of 5 additional files
   1 dssr-helices.pdb -- MODEL/ENDMDL delineated helices (pseudo/coaxial)
   2 dssr-pairs.pdb -- MODEL/ENDMDL delineated base pairs
   3 dssr-2ndstrs.ct -- secondary structures in the connect format
   4 dssr-2ndstrs.dbn -- secondary structures in the dot-bracket notation
   5 dssr-torsions.dat -- Backbone torsion angles and suite names
