****************************************************************************
         DSSR: a software program for Defining the Secondary
         Structures of RNA from three-dimensional coordinates
        v1.0.1-2014jan31, by Xiang-Jun Lu (xiangjun@x3dna.org)

   This program is actively maintained and developed. As always, I
   greatly appreciate your feedback! Please report all DSSR-related
   issues on the 3DNA Forum (http://forum.x3dna.org/). I strive to
   respond promptly to *any* questions posted there.

****************************************************************************
Note: Each nucleotide is identified by model:chainId.name#, where the
      'model:' portion is omitted if no model number is available as
      is normally the case for X-ray crystal structures in the PDB. So
      a common example would be like A.G19, meaning G #19 on chain A.
      One-letter base names for modified nucleotides are put in lower
      case (e.g., 'c' for 5MC). For further information about the
      output notation, please run DSSR with the '-note' option. More
      details can be found in the DSSR user manual. Questions and
      suggestions are always welcome on the 3DNA Forum.

Command: x3dna-dssr -i=tc.0.pdb --non-pair -o=tc.0_dssr.out
Date and time: Thu Jul 17 15:06:45 2014
File name: tc.0.pdb
    no. of DNA/RNA chains: 1 [A=26]
    no. of nucleotides:    26
    no. of atoms:          559
    no. of waters:         0
    no. of metals:         0

****************************************************************************
List of 13 base pairs
      nt1              nt2             bp  name         Saenger    LW DSSR
   1 A.C36            A.G548           C-G WC           19-XIX    cWW cW-W
   2 A.G39            A.C403           G-C WC           19-XIX    cWW cW-W
   3 A.U404           A.U498           U+U              00-n/a    cWH cW+M
   4 A.U404           A.A499           U+A              00-n/a    cWH cW+M
   5 A.U405           A.A499           U+A Hoogsteen    23-XXIII  cWH cW+M
   6 A.G406           A.C436           G-C WC           19-XIX    cWW cW-W
   7 A.U437           A.A496           U-A rHoogsteen   24-XXIV   tWH tW-M
   8 A.G438           A.A497           G-A              00-n/a    tSH tm-M
   9 A.A439           A.U495           A-U rHoogsteen   24-XXIV   tHW tM-W
  10 A.A440           A.G494           A-G Sheared      11-XI     tHS tM-m
  11 A.C442           A.G492           C-G WC           19-XIX    cWW cW-W
  12 A.U498           A.A547           U-A rHoogsteen   24-XXIV   tWH tW-M
  13 A.G500           A.C545           G-C WC           19-XIX    cWW cW-W

****************************************************************************
List of 1 multiplet
   1 nts=3 UUA A.U404,A.U498,A.A547

****************************************************************************
List of 2 helices
  Note: a helix is defined by base-stacking interactions, regardless of bp
        type and backbone connectivity, and may contain more than one stem.
      helix#number[stems-contained] bps=number-of-base-pairs in the helix
      bp-type: '|' for a canonical WC/wobble pair, '.' otherwise
      helix-form: classification of a dinucleotide step comprising the bp
        above the given designation and the bp that follows it. Types
        include 'A', 'B' or 'Z' for the common A-, B- and Z-form helices,
        '.' for an unclassified step, and 'x' for a step without a
        continuous backbone.
      --------------------------------------------------------------------
  helix#1[0] bps=6
      strand-1 5'-CUGAAC-3'
       bp-type    |....|
      strand-2 3'-GAAUGG-5'
      helix-form  x.x..
   1 A.C436           A.G406           C-G WC           19-XIX    cWW cW-W
   2 A.U437           A.A496           U-A rHoogsteen   24-XXIV   tWH tW-M
   3 A.G438           A.A497           G-A              00-n/a    tSH tm-M
   4 A.A439           A.U495           A-U rHoogsteen   24-XXIV   tHW tM-W
   5 A.A440           A.G494           A-G Sheared      11-XI     tHS tM-m
   6 A.C442           A.G492           C-G WC           19-XIX    cWW cW-W
  --------------------------------------------------------------------------
  helix#2[0] bps=3
      strand-1 5'-UAG-3'
       bp-type    ..|
      strand-2 5'-AUC-3'
      helix-form  xx
   1 A.U498           A.A547           U-A rHoogsteen   24-XXIV   tWH tW-M
   2 A.A499           A.U405           A+U Hoogsteen    23-XXIII  cHW cM+W
   3 A.G500           A.C545           G-C WC           19-XIX    cWW cW-W

****************************************************************************
List of 5 lone WC/wobble pairs
  Note: lone WC/wobble pairs are assigned negative indices to differentiate
        them from the stem numbers, which are positive.
        --------------------------------------------------------------------
  -1 A.C36            A.G548           C-G WC           19-XIX    cWW cW-W
  -2 A.G39            A.C403           G-C WC           19-XIX    cWW cW-W
  -3 A.G406           A.C436           G-C WC           19-XIX    cWW cW-W
  -4 A.C442           A.G492           C-G WC           19-XIX    cWW cW-W
  -5 A.G500           A.C545           G-C WC           19-XIX    cWW cW-W

****************************************************************************
List of 22 non-pairing interactions
   1 A.C36            A.U37           base-overlap-area=1.1(0.4)   H-bonds[0]: ""
   2 A.U37            A.G38           base-overlap-area=0.3(0.1)   H-bonds[0]: ""
   3 A.U37            A.A547          base-overlap-area=0.0(0.0)   H-bonds[1]: "O2'(hydroxyl)-N1[2.82]"
   4 A.G39            A.U404          base-overlap-area=1.0(0.0)   H-bonds[0]: ""
   5 A.G39            A.U498          base-overlap-area=1.4(0.0)   H-bonds[0]: ""
   6 A.C403           A.U404          base-overlap-area=0.0(0.0)   H-bonds[1]: "O2'(hydroxyl)-O4'[3.21]"
   7 A.U404           A.U405          base-overlap-area=0.5(0.0)   H-bonds[0]: ""
   8 A.U405           A.A497          base-overlap-area=0.0(0.0)   H-bonds[1]: "O2'(hydroxyl)-O2'(hydroxyl)[3.17]"
   9 A.G406           A.A496          base-overlap-area=6.3(4.4)   H-bonds[2]: "O6(carbonyl)-O2'(hydroxyl)[2.76],N7-O2'(hydroxyl)[3.23]"
  10 A.G438           A.U495          base-overlap-area=0.1(0.0)   H-bonds[1]: "O2'(hydroxyl)-O4(carbonyl)[2.29]"
  11 A.G438           A.A496          base-overlap-area=0.0(0.0)   H-bonds[2]: "N2(amino)-O5'[3.28],N2(amino)-O4'[3.27]"
  12 A.A439           A.A497          base-overlap-area=4.0(3.0)   H-bonds[0]: ""
  13 A.A440           A.U495          base-overlap-area=2.2(0.3)   H-bonds[0]: ""
  14 A.A497           A.U498          base-overlap-area=0.0(0.0)   H-bonds[1]: "O2'(hydroxyl)-O5'[3.11]"
  15 A.A499           A.G546          base-overlap-area=0.3(0.0)   H-bonds[2]: "O2'(hydroxyl)-N2(amino)[2.88],N1-O2'(hydroxyl)[2.84]"
  16 A.A499           A.A547          base-overlap-area=4.2(2.8)   H-bonds[1]: "N6(amino)-O5'[3.22]"
  17 A.G500           A.G546          base-overlap-area=1.9(0.0)   H-bonds[0]: ""
  18 A.G500           A.G548          base-overlap-area=0.0(0.0)   H-bonds[1]: "N2(amino)-O2'(hydroxyl)[3.02]"
  19 A.C545           A.G546          base-overlap-area=0.9(0.4)   H-bonds[0]: ""
  20 A.G546           A.A547          base-overlap-area=0.0(0.0)   H-bonds[1]: "O2'(hydroxyl)-O4'[3.04]"
  21 A.G546           A.G548          base-overlap-area=0.0(0.0)   H-bonds[1]: "O2'(hydroxyl)-O2'(hydroxyl)[3.19]"
  22 A.A547           A.G548          base-overlap-area=0.0(0.0)   H-bonds[1]: "O4'*O4'[3.13]"

****************************************************************************
Note: for the various types of loops listed below, numbers within the first
      set of brackets are the number of loop nts, and numbers in the second
      set of brackets are the identities of the stems (positive number) or
      lone WC/wobble pairs (negative numbers) to which they are linked.

****************************************************************************
List of 1 junction
   1 5-way junctions: nts=26; [2,2,4,6,2]; linked by [#-1,#-2,#-3,#-4,#-5]
     nts=26 CUGGCUUGCUGAACGGUAAUAGCGAG A.C36,A.U37,A.G38,A.G39,A.C403,A.U404,A.U405,A.G406,A.C436,A.U437,A.G438,A.A439,A.A440,A.C442,A.G492,A.G494,A.U495,A.A496,A.A497,A.U498,A.A499,A.G500,A.C545,A.G546,A.A547,A.G548
       nts=2 UG A.U37,A.G38
       nts=2 UU A.U404,A.U405
       nts=4 UGAA A.U437,A.G438,A.A439,A.A440
       nts=6 GUAAUA A.G494,A.U495,A.A496,A.A497,A.U498,A.A499
       nts=2 GA A.G546,A.A547

****************************************************************************
Secondary structures in dot-bracket notation (dbn) as a whole and per chain
>tc.0 nts=26 [whole]
CUGG&CUUG&CUGAAC&GGUAAUAG&CGAG
(..(&)..(&)....(&)......(&)..)
>tc.0-A #1 nts=26 [chain] RNA*
CUGGCUUGCUGAACGGUAAUAGCGAG
(..()..()....()......()..)

****************************************************************************
List of 6 additional files
   1 dssr-helices.pdb -- MODEL/ENDMDL delineated helices (pseudo/coaxial)
   2 dssr-pairs.pdb -- MODEL/ENDMDL delineated base pairs
   3 dssr-multiplets.pdb -- MODEL/ENDMDL delineated multiplets
   4 dssr-2ndstrs.ct -- secondary structures in the connect format
   5 dssr-2ndstrs.dbn -- secondary structures in the dot-bracket notation
   6 dssr-torsions.dat -- Backbone torsion angles and suite names
