****************************************************************************
         DSSR: a software program for Defining the Secondary
         Structures of RNA from three-dimensional coordinates
        v1.0.1-2014jan31, by Xiang-Jun Lu (xiangjun@x3dna.org)

   This program is actively maintained and developed. As always, I
   greatly appreciate your feedback! Please report all DSSR-related
   issues on the 3DNA Forum (http://forum.x3dna.org/). I strive to
   respond promptly to *any* questions posted there.

****************************************************************************
Note: Each nucleotide is identified by model:chainId.name#, where the
      'model:' portion is omitted if no model number is available as
      is normally the case for X-ray crystal structures in the PDB. So
      a common example would be like A.G19, meaning G #19 on chain A.
      One-letter base names for modified nucleotides are put in lower
      case (e.g., 'c' for 5MC). For further information about the
      output notation, please run DSSR with the '-note' option. More
      details can be found in the DSSR user manual. Questions and
      suggestions are always welcome on the 3DNA Forum.

Command: x3dna-dssr -i=NWAY.2VQE.12.pdb --non-pair -o=NWAY.2VQE.12_dssr.out
Date and time: Sun Jun 29 15:54:11 2014
File name: NWAY.2VQE.12.pdb
    no. of DNA/RNA chains: 1 [A=10]
    no. of nucleotides:    10
    no. of atoms:          213
    no. of waters:         0
    no. of metals:         0

****************************************************************************
List of 6 base pairs
      nt1              nt2             bp  name         Saenger    LW DSSR
   1 A.U1073          A.G1084          U-G              00-n/a    c.S c.-m
   2 A.U1073          A.A1102          U-A WC           20-XX     cWW cW-W
   3 A.G1074          A.U1083          G-U Wobble       28-XXVIII cWW cW-W
   4 A.G1074          A.A1101          G+A              00-n/a    tS. tm+.
   5 A.G1084          A.A1102          G+A              00-n/a    cSH cm+M
   6 A.U1086          A.G1099          U-G Wobble       28-XXVIII cWW cW-W

****************************************************************************
List of 2 multiplets
   1 nts=3 UGA A.U1073,A.G1084,A.A1102
   2 nts=3 GUA A.G1074,A.U1083,A.A1101

****************************************************************************
List of 1 helix
  Note: a helix is defined by base-stacking interactions, regardless of bp
        type and backbone connectivity, and may contain more than one stem.
      helix#number[stems-contained] bps=number-of-base-pairs in the helix
      bp-type: '|' for a canonical WC/wobble pair, '.' otherwise
      helix-form: classification of a dinucleotide step comprising the bp
        above the given designation and the bp that follows it. Types
        include 'A', 'B' or 'Z' for the common A-, B- and Z-form helices,
        '.' for an unclassified step, and 'x' for a step without a
        continuous backbone.
      --------------------------------------------------------------------
  helix#1[0] bps=2
      strand-1 5'-UG-3'
       bp-type    ||
      strand-2 5'-AU-3'
      helix-form  x
   1 A.U1073          A.A1102          U-A WC           20-XX     cWW cW-W
   2 A.G1074          A.U1083          G-U Wobble       28-XXVIII cWW cW-W

****************************************************************************
List of 3 lone WC/wobble pairs
  Note: lone WC/wobble pairs are assigned negative indices to differentiate
        them from the stem numbers, which are positive.
        --------------------------------------------------------------------
  -1 A.U1073          A.A1102          U-A WC           20-XX     cWW cW-W
  -2 A.G1074          A.U1083          G-U Wobble       28-XXVIII cWW cW-W
  -3 A.U1086          A.G1099          U-G Wobble       28-XXVIII cWW cW-W

****************************************************************************
List of 4 non-pairing interactions
   1 A.G1074          A.A1102         base-overlap-area=5.5(3.0)   H-bonds[0]: ""
   2 A.U1083          A.G1084         base-overlap-area=5.5(2.6)   H-bonds[0]: ""
   3 A.G1084          A.U1085         base-overlap-area=2.5(1.6)   H-bonds[0]: ""
   4 A.G1099          A.C1100         base-overlap-area=7.4(4.2)   H-bonds[0]: ""

****************************************************************************
Note: for the various types of loops listed below, numbers within the first
      set of brackets are the number of loop nts, and numbers in the second
      set of brackets are the identities of the stems (positive number) or
      lone WC/wobble pairs (negative numbers) to which they are linked.

****************************************************************************
List of 1 junction
   1 3-way junctions: nts=10; [0,2,2]; linked by [#-1,#-2,#-3]
     nts=10 UGUGUUGCAA A.U1073,A.G1074,A.U1083,A.G1084,A.U1085,A.U1086,A.G1099,A.C1100,A.A1101,A.A1102
       nts=0
       nts=2 GU A.G1084,A.U1085
       nts=2 CA A.C1100,A.A1101

****************************************************************************
List of 1 A-minor motif
   1  type=I A/G-U	A.A1101 vs A.G1074+A.U1083 [Wobble]
        +A.G1074	H-bonds[2]: "N1-O2'(hydroxyl)[2.61],N3-N2(amino)[2.92]"
        -A.U1083	H-bonds[0]: ""

****************************************************************************
Secondary structures in dot-bracket notation (dbn) as a whole and per chain
>NWAY.2VQE.12 nts=10 [whole]
UG&UGUU&GCAA
((&)..(&)..)
>NWAY.2VQE.12-A #1 nts=10 [chain] RNA*
UGUGUUGCAA
(()..()..)

****************************************************************************
List of 7 additional files
   1 dssr-helices.pdb -- MODEL/ENDMDL delineated helices (pseudo/coaxial)
   2 dssr-pairs.pdb -- MODEL/ENDMDL delineated base pairs
   3 dssr-multiplets.pdb -- MODEL/ENDMDL delineated multiplets
   4 dssr-2ndstrs.ct -- secondary structures in the connect format
   5 dssr-2ndstrs.dbn -- secondary structures in the dot-bracket notation
   6 dssr-torsions.dat -- Backbone torsion angles and suite names
   7 dssr-Aminors.pdb -- MODEL/ENDMDL delineated A minor motifs (type I/II)
