****************************************************************************
         DSSR: a software program for Defining the Secondary
         Structures of RNA from three-dimensional coordinates
        v1.0.1-2014jan31, by Xiang-Jun Lu (xiangjun@x3dna.org)

   This program is actively maintained and developed. As always, I
   greatly appreciate your feedback! Please report all DSSR-related
   issues on the 3DNA Forum (http://forum.x3dna.org/). I strive to
   respond promptly to *any* questions posted there.

****************************************************************************
Note: Each nucleotide is identified by model:chainId.name#, where the
      'model:' portion is omitted if no model number is available as
      is normally the case for X-ray crystal structures in the PDB. So
      a common example would be like A.G19, meaning G #19 on chain A.
      One-letter base names for modified nucleotides are put in lower
      case (e.g., 'c' for 5MC). For further information about the
      output notation, please run DSSR with the '-note' option. More
      details can be found in the DSSR user manual. Questions and
      suggestions are always welcome on the 3DNA Forum.

Command: x3dna-dssr -i=TC.1S72.55.pdb --non-pair -o=TC.1S72.55_dssr.out
Date and time: Sun Jun 29 15:53:29 2014
File name: TC.1S72.55.pdb
    no. of DNA/RNA chains: 1 [0=20]
    no. of nucleotides:    20
    no. of atoms:          429
    no. of waters:         0
    no. of metals:         0

****************************************************************************
List of 8 base pairs
      nt1              nt2             bp  name         Saenger    LW DSSR
   1 0.G1373          0.C1431          G+C              00-n/a    tSW tm+W
   2 0.G1373          0.U2052          G-U Wobble       28-XXVIII cWW cW-W
   3 0.C1374          0.G2051          C-G WC           19-XIX    cWW cW-W
   4 0.G1387          0.C1395          G-C WC           19-XIX    cWW cW-W
   5 0.U1388          0.A1392          U-A rHoogsteen   24-XXIV   tWH tW-M
   6 0.G1389          0.U1435          G-U              00-n/a    cSW cm-W
   7 0.C1394          0.U1432          C+U              17-XVII   tWW tW+W
   8 0.G1430          0.C1436          G-C WC           19-XIX    cWW cW-W

****************************************************************************
List of 1 multiplet
   1 nts=3 GCU 0.G1373,0.C1431,0.U2052

****************************************************************************
List of 2 helices
  Note: a helix is defined by base-stacking interactions, regardless of bp
        type and backbone connectivity, and may contain more than one stem.
      helix#number[stems-contained] bps=number-of-base-pairs in the helix
      bp-type: '|' for a canonical WC/wobble pair, '.' otherwise
      helix-form: classification of a dinucleotide step comprising the bp
        above the given designation and the bp that follows it. Types
        include 'A', 'B' or 'Z' for the common A-, B- and Z-form helices,
        '.' for an unclassified step, and 'x' for a step without a
        continuous backbone.
      --------------------------------------------------------------------
  helix#1[1] bps=2
      strand-1 5'-GC-3'
       bp-type    ||
      strand-2 3'-UG-5'
      helix-form  .
   1 0.G1373          0.U2052          G-U Wobble       28-XXVIII cWW cW-W
   2 0.C1374          0.G2051          C-G WC           19-XIX    cWW cW-W
  --------------------------------------------------------------------------
  helix#2[0] bps=3
      strand-1 5'-GUG-3'
       bp-type    |..
      strand-2 5'-CAU-3'
      helix-form  xx
   1 0.G1387          0.C1395          G-C WC           19-XIX    cWW cW-W
   2 0.U1388          0.A1392          U-A rHoogsteen   24-XXIV   tWH tW-M
   3 0.G1389          0.U1435          G-U              00-n/a    cSW cm-W

****************************************************************************
List of 1 stem
  Note: a stem is defined as a helix consisting of only canonical WC/wobble
        pairs, with a continuous backbone.
      stem#number[#helix-number containing this stem]
      Other terms are defined as in the above Helix section.
      --------------------------------------------------------------------
  stem#1[#1] bps=2
      strand-1 5'-GC-3'
       bp-type    ||
      strand-2 3'-UG-5'
      helix-form  .
   1 0.G1373          0.U2052          G-U Wobble       28-XXVIII cWW cW-W
   2 0.C1374          0.G2051          C-G WC           19-XIX    cWW cW-W

****************************************************************************
List of 2 lone WC/wobble pairs
  Note: lone WC/wobble pairs are assigned negative indices to differentiate
        them from the stem numbers, which are positive.
        --------------------------------------------------------------------
  -1 0.G1387          0.C1395          G-C WC           19-XIX    cWW cW-W
  -2 0.G1430          0.C1436          G-C WC           19-XIX    cWW cW-W

****************************************************************************
List of 13 non-pairing interactions
   1 0.C1374          0.C1431         base-overlap-area=0.0(0.0)   H-bonds[1]: "O2'(hydroxyl)-O2'(hydroxyl)[3.05]"
   2 0.G1389          0.G1391         base-overlap-area=0.0(0.0)   H-bonds[1]: "O2'(hydroxyl)-N7[2.71]"
   3 0.G1389          0.A1392         base-overlap-area=0.0(0.0)   H-bonds[1]: "N2(amino)-O5'[2.81]"
   4 0.A1390          0.G1391         base-overlap-area=6.3(4.1)   H-bonds[0]: ""
   5 0.G1391          0.U1435         base-overlap-area=3.1(0.8)   H-bonds[0]: ""
   6 0.A1392          0.C1395         base-overlap-area=4.8(2.3)   H-bonds[0]: ""
   7 0.A1392          0.U1435         base-overlap-area=6.4(3.6)   H-bonds[2]: "N1-O2'(hydroxyl)[2.91],N6(amino)-O2'(hydroxyl)[3.13]"
   8 0.A1393          0.C1394         base-overlap-area=4.3(2.7)   H-bonds[0]: ""
   9 0.C1395          0.C1436         base-overlap-area=0.0(0.0)   H-bonds[1]: "O4'*O4'[3.00]"
  10 0.G1430          0.A1434         base-overlap-area=0.6(0.0)   H-bonds[0]: ""
  11 0.U1432          0.G2051         base-overlap-area=0.0(0.0)   H-bonds[3]: "O4'-N2(amino)[3.01],O3'-O2'(hydroxyl)[3.17],O2'(hydroxyl)-O2'(hydroxyl)[2.71]"
  12 0.G1433          0.A1434         base-overlap-area=6.4(4.4)   H-bonds[0]: ""
  13 0.A1434          0.C1436         base-overlap-area=1.3(0.0)   H-bonds[0]: ""

****************************************************************************
Note: for the various types of loops listed below, numbers within the first
      set of brackets are the number of loop nts, and numbers in the second
      set of brackets are the identities of the stems (positive number) or
      lone WC/wobble pairs (negative numbers) to which they are linked.

****************************************************************************
List of 2 hairpin loops
   1 hairpin loop: nts=9; [7]; linked by [#-1]
     nts=9 GUGAGAACC 0.G1387,0.U1388,0.G1389,0.A1390,0.G1391,0.A1392,0.A1393,0.C1394,0.C1395
       nts=7 UGAGAAC 0.U1388,0.G1389,0.A1390,0.G1391,0.A1392,0.A1393,0.C1394
   2 hairpin loop: nts=7; [5]; linked by [#-2]
     nts=7 GCUGAUC 0.G1430,0.C1431,0.U1432,0.G1433,0.A1434,0.U1435,0.C1436
       nts=5 CUGAU 0.C1431,0.U1432,0.G1433,0.A1434,0.U1435

****************************************************************************
Secondary structures in dot-bracket notation (dbn) as a whole and per chain
>TC.1S72.55 nts=20 [whole]
GC&GUGAGAACC&GCUGAUC&GU
((&(.......)&(.....)&))
>TC.1S72.55-0 #1 nts=20 [chain] RNA*
GCGUGAGAACCGCUGAUCGU
(((.......)(.....)))

****************************************************************************
List of 8 additional files
   1 dssr-stems.pdb -- MODEL/ENDMDL delineated stems
   2 dssr-helices.pdb -- MODEL/ENDMDL delineated helices (pseudo/coaxial)
   3 dssr-pairs.pdb -- MODEL/ENDMDL delineated base pairs
   4 dssr-multiplets.pdb -- MODEL/ENDMDL delineated multiplets
   5 dssr-hairpins.pdb -- MODEL/ENDMDL delineated hairpin loops
   6 dssr-2ndstrs.ct -- secondary structures in the connect format
   7 dssr-2ndstrs.dbn -- secondary structures in the dot-bracket notation
   8 dssr-torsions.dat -- Backbone torsion angles and suite names
