****************************************************************************
         DSSR: a software program for Defining the Secondary
         Structures of RNA from three-dimensional coordinates
        v1.0.1-2014jan31, by Xiang-Jun Lu (xiangjun@x3dna.org)

   This program is actively maintained and developed. As always, I
   greatly appreciate your feedback! Please report all DSSR-related
   issues on the 3DNA Forum (http://forum.x3dna.org/). I strive to
   respond promptly to *any* questions posted there.

****************************************************************************
Note: Each nucleotide is identified by model:chainId.name#, where the
      'model:' portion is omitted if no model number is available as
      is normally the case for X-ray crystal structures in the PDB. So
      a common example would be like A.G19, meaning G #19 on chain A.
      One-letter base names for modified nucleotides are put in lower
      case (e.g., 'c' for 5MC). For further information about the
      output notation, please run DSSR with the '-note' option. More
      details can be found in the DSSR user manual. Questions and
      suggestions are always welcome on the 3DNA Forum.

Command: x3dna-dssr -i=TC.1GID.4.pdb --non-pair -o=TC.1GID.4_dssr.out
Date and time: Sun Jun 29 15:51:43 2014
File name: TC.1GID.4.pdb
    no. of DNA/RNA chains: 1 [A=19]
    no. of nucleotides:    19
    no. of atoms:          407
    no. of waters:         0
    no. of metals:         0

****************************************************************************
List of 9 base pairs
      nt1              nt2             bp  name         Saenger    LW DSSR
   1 A.U107           A.A214           U-A WC           20-XX     cWW cW-W
   2 A.G108           A.C213           G-C WC           19-XIX    cWW cW-W
   3 A.C109           A.G212           C-G WC           19-XIX    cWW cW-W
   4 A.G110           A.A183           G-A              00-n/a    cSW cm-W
   5 A.G110           A.C211           G-C WC           19-XIX    cWW cW-W
   6 A.G134           A.C189           G-C WC           19-XIX    cWW cW-W
   7 A.U135           A.A187           U+A Hoogsteen    23-XXIII  cWH cW+M
   8 A.A136           A.U182           A-U WC           20-XX     cWW cW-W
   9 A.A184           A.G212           A+G              00-n/a    tSS tm+m

****************************************************************************
List of 2 multiplets
   1 nts=3 CAG A.C109,A.A184,A.G212
   2 nts=3 GAC A.G110,A.A183,A.C211

****************************************************************************
List of 2 helices
  Note: a helix is defined by base-stacking interactions, regardless of bp
        type and backbone connectivity, and may contain more than one stem.
      helix#number[stems-contained] bps=number-of-base-pairs in the helix
      bp-type: '|' for a canonical WC/wobble pair, '.' otherwise
      helix-form: classification of a dinucleotide step comprising the bp
        above the given designation and the bp that follows it. Types
        include 'A', 'B' or 'Z' for the common A-, B- and Z-form helices,
        '.' for an unclassified step, and 'x' for a step without a
        continuous backbone.
      --------------------------------------------------------------------
  helix#1[1] bps=4
      strand-1 5'-UGCG-3'
       bp-type    ||||
      strand-2 3'-ACGC-5'
      helix-form  AAA
   1 A.U107           A.A214           U-A WC           20-XX     cWW cW-W
   2 A.G108           A.C213           G-C WC           19-XIX    cWW cW-W
   3 A.C109           A.G212           C-G WC           19-XIX    cWW cW-W
   4 A.G110           A.C211           G-C WC           19-XIX    cWW cW-W
  --------------------------------------------------------------------------
  helix#2[0] bps=3
      strand-1 5'-GUA-3'
       bp-type    |.|
      strand-2 5'-CAU-3'
      helix-form  xx
   1 A.G134           A.C189           G-C WC           19-XIX    cWW cW-W
   2 A.U135           A.A187           U+A Hoogsteen    23-XXIII  cWH cW+M
   3 A.A136           A.U182           A-U WC           20-XX     cWW cW-W

****************************************************************************
List of 1 stem
  Note: a stem is defined as a helix consisting of only canonical WC/wobble
        pairs, with a continuous backbone.
      stem#number[#helix-number containing this stem]
      Other terms are defined as in the above Helix section.
      --------------------------------------------------------------------
  stem#1[#1] bps=4
      strand-1 5'-UGCG-3'
       bp-type    ||||
      strand-2 3'-ACGC-5'
      helix-form  AAA
   1 A.U107           A.A214           U-A WC           20-XX     cWW cW-W
   2 A.G108           A.C213           G-C WC           19-XIX    cWW cW-W
   3 A.C109           A.G212           C-G WC           19-XIX    cWW cW-W
   4 A.G110           A.C211           G-C WC           19-XIX    cWW cW-W

****************************************************************************
List of 2 lone WC/wobble pairs
  Note: lone WC/wobble pairs are assigned negative indices to differentiate
        them from the stem numbers, which are positive.
        --------------------------------------------------------------------
  -1 A.G134           A.C189           G-C WC           19-XIX    cWW cW-W
  -2 A.A136           A.U182           A-U WC           20-XX     cWW cW-W

****************************************************************************
List of 10 non-pairing interactions
   1 A.G108           A.A214          base-overlap-area=3.2(2.1)   H-bonds[0]: ""
   2 A.C109           A.A184          base-overlap-area=0.0(0.0)   H-bonds[2]: "O2'(hydroxyl)-O2'(hydroxyl)[2.51],O2(carbonyl)-O2'(hydroxyl)[2.79]"
   3 A.G110           A.A184          base-overlap-area=0.0(0.0)   H-bonds[1]: "O4'*O4'[2.98]"
   4 A.A136           A.A187          base-overlap-area=0.8(0.7)   H-bonds[0]: ""
   5 A.U182           A.A186          base-overlap-area=0.9(0.0)   H-bonds[1]: "O2(carbonyl)-O2'(hydroxyl)[2.92]"
   6 A.U182           A.A187          base-overlap-area=2.6(1.3)   H-bonds[0]: ""
   7 A.U182           A.G188          base-overlap-area=0.0(0.0)   H-bonds[1]: "O2'(hydroxyl)-O4'[3.05]"
   8 A.A183           A.A184          base-overlap-area=5.5(3.4)   H-bonds[0]: ""
   9 A.A184           A.C213          base-overlap-area=0.0(0.0)   H-bonds[1]: "O2'(hydroxyl)-O2(carbonyl)[3.29]"
  10 A.A187           A.C189          base-overlap-area=8.1(4.4)   H-bonds[0]: ""

****************************************************************************
Note: for the various types of loops listed below, numbers within the first
      set of brackets are the number of loop nts, and numbers in the second
      set of brackets are the identities of the stems (positive number) or
      lone WC/wobble pairs (negative numbers) to which they are linked.

****************************************************************************
List of 1 internal loop
   1 asymmetric internal loop: nts=11; [1,6]; linked by [#-1,#-2]
     nts=11 GUAUAAUAAGC A.G134,A.U135,A.A136,A.U182,A.A183,A.A184,A.U185,A.A186,A.A187,A.G188,A.C189
       nts=1 U A.U135
       nts=6 AAUAAG A.A183,A.A184,A.U185,A.A186,A.A187,A.G188

****************************************************************************
List of 2 A-minor motifs
   1  type=II A/G-C	A.A183 vs A.G110+A.C211 [WC]
        -A.G110	H-bonds[2]: "O2'(hydroxyl)-O2'(hydroxyl)[2.74],N3-O2'(hydroxyl)[2.74]"
        +A.C211	H-bonds[0]: ""
   2  type=I A/C-G	A.A184 vs A.C109+A.G212 [WC]
        -A.C109	H-bonds[2]: "O2'(hydroxyl)-O2'(hydroxyl)[2.51],O2'(hydroxyl)-O2(carbonyl)[2.79]"
        +A.G212	H-bonds[2]: "N1-O2'(hydroxyl)[2.80],N3-N2(amino)[2.93]"

****************************************************************************
List of 1 ribose zipper
   1 nts=4 CGAA A.C109,A.G110,A.A183,A.A184

****************************************************************************
Secondary structures in dot-bracket notation (dbn) as a whole and per chain
>TC.1GID.4 nts=19 [whole]
UGCG&GUA&UAAUAAGC&CGCA
((((&(.(&)......)&))))
>TC.1GID.4-A #1 nts=19 [chain] RNA*
UGCGGUAUAAUAAGCCGCA
(((((.()......)))))

****************************************************************************
List of 8 additional files
   1 dssr-stems.pdb -- MODEL/ENDMDL delineated stems
   2 dssr-helices.pdb -- MODEL/ENDMDL delineated helices (pseudo/coaxial)
   3 dssr-pairs.pdb -- MODEL/ENDMDL delineated base pairs
   4 dssr-multiplets.pdb -- MODEL/ENDMDL delineated multiplets
   5 dssr-2ndstrs.ct -- secondary structures in the connect format
   6 dssr-2ndstrs.dbn -- secondary structures in the dot-bracket notation
   7 dssr-torsions.dat -- Backbone torsion angles and suite names
   8 dssr-Aminors.pdb -- MODEL/ENDMDL delineated A minor motifs (type I/II)
