****************************************************************************
         DSSR: a software program for Defining the Secondary
         Structures of RNA from three-dimensional coordinates
        v1.0.1-2014jan31, by Xiang-Jun Lu (xiangjun@x3dna.org)

   This program is actively maintained and developed. As always, I
   greatly appreciate your feedback! Please report all DSSR-related
   issues on the 3DNA Forum (http://forum.x3dna.org/). I strive to
   respond promptly to *any* questions posted there.

****************************************************************************
Note: Each nucleotide is identified by model:chainId.name#, where the
      'model:' portion is omitted if no model number is available as
      is normally the case for X-ray crystal structures in the PDB. So
      a common example would be like A.G19, meaning G #19 on chain A.
      One-letter base names for modified nucleotides are put in lower
      case (e.g., 'c' for 5MC). For further information about the
      output notation, please run DSSR with the '-note' option. More
      details can be found in the DSSR user manual. Questions and
      suggestions are always welcome on the 3DNA Forum.

Command: x3dna-dssr -i=tc.0.pdb --non-pair -o=tc.0_dssr.out
Date and time: Thu Jul 17 15:07:01 2014
File name: tc.0.pdb
    no. of DNA/RNA chains: 1 [A=17]
    no. of nucleotides:    17
    no. of atoms:          367
    no. of waters:         0
    no. of metals:         0

****************************************************************************
List of 7 base pairs
      nt1              nt2             bp  name         Saenger    LW DSSR
   1 A.U20            A.G65            U-G Wobble       28-XXVIII cWW cW-W
   2 A.A23            A.A55            A-A              05-V      tHW tM-W
   3 A.G24            A.G54            G-G              00-n/a    tH. tM-.
   4 A.G26            A.A52            G-A Imino        08-VIII   cWW cW-W
   5 A.U27            A.A51            U-A WC           20-XX     cWW cW-W
   6 A.A56            A.G65            A+G              00-n/a    tSS tm+m
   7 A.G57            A.C64            G-C WC           19-XIX    cWW cW-W

****************************************************************************
List of 1 multiplet
   1 nts=3 UAG A.U20,A.A56,A.G65

****************************************************************************
List of 3 helices
  Note: a helix is defined by base-stacking interactions, regardless of bp
        type and backbone connectivity, and may contain more than one stem.
      helix#number[stems-contained] bps=number-of-base-pairs in the helix
      bp-type: '|' for a canonical WC/wobble pair, '.' otherwise
      helix-form: classification of a dinucleotide step comprising the bp
        above the given designation and the bp that follows it. Types
        include 'A', 'B' or 'Z' for the common A-, B- and Z-form helices,
        '.' for an unclassified step, and 'x' for a step without a
        continuous backbone.
      --------------------------------------------------------------------
  helix#1[0] bps=2
      strand-1 5'-UG-3'
       bp-type    ||
      strand-2 3'-GC-5'
      helix-form  x
   1 A.U20            A.G65            U-G Wobble       28-XXVIII cWW cW-W
   2 A.G57            A.C64            G-C WC           19-XIX    cWW cW-W
  --------------------------------------------------------------------------
  helix#2[0] bps=2
      strand-1 5'-AG-3'
       bp-type    ..
      strand-2 3'-AG-5'
      helix-form  .
   1 A.A23            A.A55            A-A              05-V      tHW tM-W
   2 A.G24            A.G54            G-G              00-n/a    tH. tM-.
  --------------------------------------------------------------------------
  helix#3[0] bps=2
      strand-1 5'-GU-3'
       bp-type    .|
      strand-2 3'-AA-5'
      helix-form  .
   1 A.G26            A.A52            G-A Imino        08-VIII   cWW cW-W
   2 A.U27            A.A51            U-A WC           20-XX     cWW cW-W

****************************************************************************
List of 3 lone WC/wobble pairs
  Note: lone WC/wobble pairs are assigned negative indices to differentiate
        them from the stem numbers, which are positive.
        --------------------------------------------------------------------
  -1 A.U20            A.G65            U-G Wobble       28-XXVIII cWW cW-W
  -2 A.U27            A.A51            U-A WC           20-XX     cWW cW-W
  -3 A.G57            A.C64            G-C WC           19-XIX    cWW cW-W

****************************************************************************
List of 7 non-pairing interactions
   1 A.A22            A.A55           base-overlap-area=4.7(2.3)   H-bonds[1]: "O2'(hydroxyl)-N6(amino)[3.28]"
   2 A.G24            A.U25           base-overlap-area=6.1(2.3)   H-bonds[0]: ""
   3 A.U25            A.G26           base-overlap-area=1.0(0.6)   H-bonds[0]: ""
   4 A.G26            A.C53           base-overlap-area=0.0(0.0)   H-bonds[1]: "N2(amino)-O2(carbonyl)[2.90]"
   5 A.A52            A.C53           base-overlap-area=6.4(3.3)   H-bonds[0]: ""
   6 A.C53            A.G54           base-overlap-area=2.8(1.6)   H-bonds[0]: ""
   7 A.G57            A.G65           base-overlap-area=5.0(2.1)   H-bonds[0]: ""

****************************************************************************
Note: for the various types of loops listed below, numbers within the first
      set of brackets are the number of loop nts, and numbers in the second
      set of brackets are the identities of the stems (positive number) or
      lone WC/wobble pairs (negative numbers) to which they are linked.

****************************************************************************
List of 1 junction
   1 3-way junctions: nts=17; [6,5,0]; linked by [#-1,#-2,#-3]
     nts=17 UUAAGUGUAACGAAGCG A.U20,A.U21,A.A22,A.A23,A.G24,A.U25,A.G26,A.U27,A.A51,A.A52,A.C53,A.G54,A.A55,A.A56,A.G57,A.C64,A.G65
       nts=6 UAAGUG A.U21,A.A22,A.A23,A.G24,A.U25,A.G26
       nts=5 ACGAA A.A52,A.C53,A.G54,A.A55,A.A56
       nts=0

****************************************************************************
List of 1 A-minor motif
   1  type=I A/U-G	A.A56 vs A.U20+A.G65 [Wobble]
        -A.U20	H-bonds[0]: ""
        +A.G65	H-bonds[2]: "N1-O2'(hydroxyl)[2.51],N3-N2(amino)[3.02]"

****************************************************************************
Secondary structures in dot-bracket notation (dbn) as a whole and per chain
>tc.0 nts=17 [whole]
UUAAGUGU&AACGAAG&CG
(......(&).....(&))
>tc.0-A #1 nts=17 [chain] RNA*
UUAAGUGUAACGAAGCG
(......().....())

****************************************************************************
List of 7 additional files
   1 dssr-helices.pdb -- MODEL/ENDMDL delineated helices (pseudo/coaxial)
   2 dssr-pairs.pdb -- MODEL/ENDMDL delineated base pairs
   3 dssr-multiplets.pdb -- MODEL/ENDMDL delineated multiplets
   4 dssr-2ndstrs.ct -- secondary structures in the connect format
   5 dssr-2ndstrs.dbn -- secondary structures in the dot-bracket notation
   6 dssr-torsions.dat -- Backbone torsion angles and suite names
   7 dssr-Aminors.pdb -- MODEL/ENDMDL delineated A minor motifs (type I/II)
