****************************************************************************
         DSSR: a software program for Defining the Secondary
         Structures of RNA from three-dimensional coordinates
        v1.0.1-2014jan31, by Xiang-Jun Lu (xiangjun@x3dna.org)

   This program is actively maintained and developed. As always, I
   greatly appreciate your feedback! Please report all DSSR-related
   issues on the 3DNA Forum (http://forum.x3dna.org/). I strive to
   respond promptly to *any* questions posted there.

****************************************************************************
Note: Each nucleotide is identified by model:chainId.name#, where the
      'model:' portion is omitted if no model number is available as
      is normally the case for X-ray crystal structures in the PDB. So
      a common example would be like A.G19, meaning G #19 on chain A.
      One-letter base names for modified nucleotides are put in lower
      case (e.g., 'c' for 5MC). For further information about the
      output notation, please run DSSR with the '-note' option. More
      details can be found in the DSSR user manual. Questions and
      suggestions are always welcome on the 3DNA Forum.

Command: x3dna-dssr -i=NWAY.3DIL.0.pdb --non-pair -o=NWAY.3DIL.0_dssr.out
Date and time: Sun Jun 29 15:54:23 2014
File name: NWAY.3DIL.0.pdb
    no. of DNA/RNA chains: 1 [A=19]
    no. of nucleotides:    19
    no. of atoms:          417
    no. of waters:         0
    no. of metals:         0

****************************************************************************
List of 10 base pairs
      nt1              nt2             bp  name         Saenger    LW DSSR
   1 A.G9             A.C166           G-C WC           19-XIX    cWW cW-W
   2 A.A10            A.G165           A-G Imino        08-VIII   cWW cW-W
   3 A.G11            A.G163           G-G              07-VII    tHW tM-W
   4 A.G12            A.C79            G-C WC           19-XIX    cWW cW-W
   5 A.G80            A.A81            G+A Platform     00-n/a    cSH cm+M
   6 A.A82            A.U113           A-U WC           20-XX     cWW cW-W
   7 A.G114           A.U140           G-U Wobble       28-XXVIII cWW cW-W
   8 A.G141           A.A162           G-A Imino        08-VIII   cWW cW-W
   9 A.G141           A.G163           G-G              00-n/a    tSH tm-M
  10 A.U142           A.G161           U-G Wobble       28-XXVIII cWW cW-W

****************************************************************************
List of 1 multiplet
   1 nts=4 GGAG A.G11,A.G141,A.A162,A.G163

****************************************************************************
List of 2 helices
  Note: a helix is defined by base-stacking interactions, regardless of bp
        type and backbone connectivity, and may contain more than one stem.
      helix#number[stems-contained] bps=number-of-base-pairs in the helix
      bp-type: '|' for a canonical WC/wobble pair, '.' otherwise
      helix-form: classification of a dinucleotide step comprising the bp
        above the given designation and the bp that follows it. Types
        include 'A', 'B' or 'Z' for the common A-, B- and Z-form helices,
        '.' for an unclassified step, and 'x' for a step without a
        continuous backbone.
      --------------------------------------------------------------------
  helix#1[0] bps=3
      strand-1 5'-GAG-3'
       bp-type    |..
      strand-2 3'-CGG-5'
      helix-form  .x
   1 A.G9             A.C166           G-C WC           19-XIX    cWW cW-W
   2 A.A10            A.G165           A-G Imino        08-VIII   cWW cW-W
   3 A.G11            A.G163           G-G              07-VII    tHW tM-W
  --------------------------------------------------------------------------
  helix#2[0] bps=3
      strand-1 5'-UGU-3'
       bp-type    |.|
      strand-2 3'-GAG-5'
      helix-form  x.
   1 A.U140           A.G114           U-G Wobble       28-XXVIII cWW cW-W
   2 A.G141           A.A162           G-A Imino        08-VIII   cWW cW-W
   3 A.U142           A.G161           U-G Wobble       28-XXVIII cWW cW-W

****************************************************************************
List of 5 lone WC/wobble pairs
  Note: lone WC/wobble pairs are assigned negative indices to differentiate
        them from the stem numbers, which are positive.
        --------------------------------------------------------------------
  -1 A.G9             A.C166           G-C WC           19-XIX    cWW cW-W
  -2 A.G12            A.C79            G-C WC           19-XIX    cWW cW-W
  -3 A.A82            A.U113           A-U WC           20-XX     cWW cW-W
  -4 A.G114           A.U140           G-U Wobble       28-XXVIII cWW cW-W
  -5 A.U142           A.G161           U-G Wobble       28-XXVIII cWW cW-W

****************************************************************************
List of 7 non-pairing interactions
   1 A.G11            A.C79           base-overlap-area=0.0(0.0)   H-bonds[2]: "N1(imino)-O2'(hydroxyl)[3.20],O6(carbonyl)-O2'(hydroxyl)[2.57]"
   2 A.G80            A.A82           base-overlap-area=1.7(0.7)   H-bonds[0]: ""
   3 A.G80            A.U113          base-overlap-area=0.3(0.0)   H-bonds[0]: ""
   4 A.G80            A.G114          base-overlap-area=0.0(0.0)   H-bonds[1]: "N1(imino)-O3'[3.11]"
   5 A.G114           A.G141          base-overlap-area=4.9(2.0)   H-bonds[0]: ""
   6 A.U142           A.C166          base-overlap-area=0.0(0.0)   H-bonds[3]: "O3'-O2'(hydroxyl)[2.86],O2'(hydroxyl)-O4'[3.19],O2'(hydroxyl)-O2'(hydroxyl)[2.93]"
   7 A.G163           A.G165          base-overlap-area=4.9(2.3)   H-bonds[1]: "O4'*O4'[3.21]"

****************************************************************************
Note: for the various types of loops listed below, numbers within the first
      set of brackets are the number of loop nts, and numbers in the second
      set of brackets are the identities of the stems (positive number) or
      lone WC/wobble pairs (negative numbers) to which they are linked.

****************************************************************************
List of 1 junction
   1 5-way junctions: nts=19; [2,2,0,1,4]; linked by [#-1,#-2,#-3,#-4,#-5]
     nts=19 GAGGCGAAUGUGUGAGAGC A.G9,A.A10,A.G11,A.G12,A.C79,A.G80,A.A81,A.A82,A.U113,A.G114,A.U140,A.G141,A.U142,A.G161,A.A162,A.G163,A.A164,A.G165,A.C166
       nts=2 AG A.A10,A.G11
       nts=2 GA A.G80,A.A81
       nts=0
       nts=1 G A.G141
       nts=4 AGAG A.A162,A.G163,A.A164,A.G165

****************************************************************************
Secondary structures in dot-bracket notation (dbn) as a whole and per chain
>NWAY.3DIL.0 nts=19 [whole]
GAGG&CGAA&UG&UGU&GAGAGC
(..(&)..(&)(&).(&)....)
>NWAY.3DIL.0-A #1 nts=19 [chain] RNA*
GAGGCGAAUGUGUGAGAGC
(..()..()().()....)

****************************************************************************
List of 6 additional files
   1 dssr-helices.pdb -- MODEL/ENDMDL delineated helices (pseudo/coaxial)
   2 dssr-pairs.pdb -- MODEL/ENDMDL delineated base pairs
   3 dssr-multiplets.pdb -- MODEL/ENDMDL delineated multiplets
   4 dssr-2ndstrs.ct -- secondary structures in the connect format
   5 dssr-2ndstrs.dbn -- secondary structures in the dot-bracket notation
   6 dssr-torsions.dat -- Backbone torsion angles and suite names
