****************************************************************************
         DSSR: a software program for Defining the Secondary
         Structures of RNA from three-dimensional coordinates
        v1.0.1-2014jan31, by Xiang-Jun Lu (xiangjun@x3dna.org)

   This program is actively maintained and developed. As always, I
   greatly appreciate your feedback! Please report all DSSR-related
   issues on the 3DNA Forum (http://forum.x3dna.org/). I strive to
   respond promptly to *any* questions posted there.

****************************************************************************
Note: Each nucleotide is identified by model:chainId.name#, where the
      'model:' portion is omitted if no model number is available as
      is normally the case for X-ray crystal structures in the PDB. So
      a common example would be like A.G19, meaning G #19 on chain A.
      One-letter base names for modified nucleotides are put in lower
      case (e.g., 'c' for 5MC). For further information about the
      output notation, please run DSSR with the '-note' option. More
      details can be found in the DSSR user manual. Questions and
      suggestions are always welcome on the 3DNA Forum.

Command: x3dna-dssr -i=NWAY.3RG5.0.pdb --non-pair -o=NWAY.3RG5.0_dssr.out
Date and time: Sun Jun 29 15:54:31 2014
File name: NWAY.3RG5.0.pdb
    no. of DNA/RNA chains: 1 [A=10]
    no. of nucleotides:    10
    no. of atoms:          213
    no. of waters:         0
    no. of metals:         0

****************************************************************************
List of 4 base pairs
      nt1              nt2             bp  name         Saenger    LW DSSR
   1 A.G7             A.C66            G-C WC           19-XIX    cWW cW-W
   2 A.C10            A.G25            C-G WC           19-XIX    cWW cW-W
   3 A.U26            A.A44            U-A WC           20-XX     cWW cW-W
   4 A.G50            A.C64            G-C WC           19-XIX    cWW cW-W

****************************************************************************
List of 2 helices
  Note: a helix is defined by base-stacking interactions, regardless of bp
        type and backbone connectivity, and may contain more than one stem.
      helix#number[stems-contained] bps=number-of-base-pairs in the helix
      bp-type: '|' for a canonical WC/wobble pair, '.' otherwise
      helix-form: classification of a dinucleotide step comprising the bp
        above the given designation and the bp that follows it. Types
        include 'A', 'B' or 'Z' for the common A-, B- and Z-form helices,
        '.' for an unclassified step, and 'x' for a step without a
        continuous backbone.
      --------------------------------------------------------------------
  helix#1[0] bps=2
      strand-1 5'-GG-3'
       bp-type    ||
      strand-2 3'-CC-5'
      helix-form  x
   1 A.G7             A.C66            G-C WC           19-XIX    cWW cW-W
   2 A.G50            A.C64            G-C WC           19-XIX    cWW cW-W
  --------------------------------------------------------------------------
  helix#2[0] bps=2
      strand-1 5'-CA-3'
       bp-type    ||
      strand-2 5'-GU-3'
      helix-form  x
   1 A.C10            A.G25            C-G WC           19-XIX    cWW cW-W
   2 A.A44            A.U26            A-U WC           20-XX     cWW cW-W

****************************************************************************
List of 4 lone WC/wobble pairs
  Note: lone WC/wobble pairs are assigned negative indices to differentiate
        them from the stem numbers, which are positive.
        --------------------------------------------------------------------
  -1 A.G7             A.C66            G-C WC           19-XIX    cWW cW-W
  -2 A.C10            A.G25            C-G WC           19-XIX    cWW cW-W
  -3 A.U26            A.A44            U-A WC           20-XX     cWW cW-W
  -4 A.G50            A.C64            G-C WC           19-XIX    cWW cW-W

****************************************************************************
List of 3 non-pairing interactions
   1 A.G7             A.G50           base-overlap-area=1.6(0.3)   H-bonds[0]: ""
   2 A.C10            A.A44           base-overlap-area=4.9(3.4)   H-bonds[1]: "O4'-O2'(hydroxyl)[3.12]"
   3 A.G50            A.C66           base-overlap-area=0.8(0.0)   H-bonds[0]: ""

****************************************************************************
List of 1 non-loop single-stranded segment
   1 nts=2 AU A.A8,A.U9

****************************************************************************
Secondary structures in dot-bracket notation (dbn) as a whole and per chain
>NWAY.3RG5.0 nts=10 [whole]
GAUC&GU&A&G&CC
(..(&)(&)&(&))
>NWAY.3RG5.0-A #1 nts=10 [chain] RNA*
GAUCGUAGCC
(..()()())

****************************************************************************
List of 5 additional files
   1 dssr-helices.pdb -- MODEL/ENDMDL delineated helices (pseudo/coaxial)
   2 dssr-pairs.pdb -- MODEL/ENDMDL delineated base pairs
   3 dssr-2ndstrs.ct -- secondary structures in the connect format
   4 dssr-2ndstrs.dbn -- secondary structures in the dot-bracket notation
   5 dssr-torsions.dat -- Backbone torsion angles and suite names
