****************************************************************************
         DSSR: a software program for Defining the Secondary
         Structures of RNA from three-dimensional coordinates
        v1.0.1-2014jan31, by Xiang-Jun Lu (xiangjun@x3dna.org)

   This program is actively maintained and developed. As always, I
   greatly appreciate your feedback! Please report all DSSR-related
   issues on the 3DNA Forum (http://forum.x3dna.org/). I strive to
   respond promptly to *any* questions posted there.

****************************************************************************
Note: Each nucleotide is identified by model:chainId.name#, where the
      'model:' portion is omitted if no model number is available as
      is normally the case for X-ray crystal structures in the PDB. So
      a common example would be like A.G19, meaning G #19 on chain A.
      One-letter base names for modified nucleotides are put in lower
      case (e.g., 'c' for 5MC). For further information about the
      output notation, please run DSSR with the '-note' option. More
      details can be found in the DSSR user manual. Questions and
      suggestions are always welcome on the 3DNA Forum.

Command: x3dna-dssr -i=TC.1S72.48.pdb --non-pair -o=TC.1S72.48_dssr.out
Date and time: Sun Jun 29 15:53:07 2014
File name: TC.1S72.48.pdb
    no. of DNA/RNA chains: 1 [0=20]
    no. of nucleotides:    20
    no. of atoms:          426
    no. of waters:         0
    no. of metals:         0

****************************************************************************
List of 10 base pairs
      nt1              nt2             bp  name         Saenger    LW DSSR
   1 0.G1848          0.U1883          G-U Wobble       28-XXVIII cWW cW-W
   2 0.G1849          0.C1882          G-C WC           19-XIX    cWW cW-W
   3 0.G1849          0.A1941          G+A              00-n/a    tSW tm+W
   4 0.U1850          0.A1881          U-A WC           20-XX     cWW cW-W
   5 0.G1851          0.C1880          G-C WC           19-XIX    cWW cW-W
   6 0.A1852          0.U1879          A-U WC           20-XX     cWW cW-W
   7 0.C1853          0.G1878          C-G WC           19-XIX    cWW cW-W
   8 0.C1854          0.G1877          C-G WC           19-XIX    cWW cW-W
   9 0.U1897          0.A1942          U-A WC           20-XX     cWW cW-W
  10 0.G1898          0.U1939          G-U Wobble       28-XXVIII cWW cW-W

****************************************************************************
List of 1 multiplet
   1 nts=3 GCA 0.G1849,0.C1882,0.A1941

****************************************************************************
List of 2 helices
  Note: a helix is defined by base-stacking interactions, regardless of bp
        type and backbone connectivity, and may contain more than one stem.
      helix#number[stems-contained] bps=number-of-base-pairs in the helix
      bp-type: '|' for a canonical WC/wobble pair, '.' otherwise
      helix-form: classification of a dinucleotide step comprising the bp
        above the given designation and the bp that follows it. Types
        include 'A', 'B' or 'Z' for the common A-, B- and Z-form helices,
        '.' for an unclassified step, and 'x' for a step without a
        continuous backbone.
      --------------------------------------------------------------------
  helix#1[1] bps=7
      strand-1 5'-GGUGACC-3'
       bp-type    |||||||
      strand-2 3'-UCACUGG-5'
      helix-form  .AAAAA
   1 0.G1848          0.U1883          G-U Wobble       28-XXVIII cWW cW-W
   2 0.G1849          0.C1882          G-C WC           19-XIX    cWW cW-W
   3 0.U1850          0.A1881          U-A WC           20-XX     cWW cW-W
   4 0.G1851          0.C1880          G-C WC           19-XIX    cWW cW-W
   5 0.A1852          0.U1879          A-U WC           20-XX     cWW cW-W
   6 0.C1853          0.G1878          C-G WC           19-XIX    cWW cW-W
   7 0.C1854          0.G1877          C-G WC           19-XIX    cWW cW-W
  --------------------------------------------------------------------------
  helix#2[0] bps=2
      strand-1 5'-UG-3'
       bp-type    ||
      strand-2 5'-AU-3'
      helix-form  x
   1 0.U1897          0.A1942          U-A WC           20-XX     cWW cW-W
   2 0.G1898          0.U1939          G-U Wobble       28-XXVIII cWW cW-W

****************************************************************************
List of 1 stem
  Note: a stem is defined as a helix consisting of only canonical WC/wobble
        pairs, with a continuous backbone.
      stem#number[#helix-number containing this stem]
      Other terms are defined as in the above Helix section.
      --------------------------------------------------------------------
  stem#1[#1] bps=7
      strand-1 5'-GGUGACC-3'
       bp-type    |||||||
      strand-2 3'-UCACUGG-5'
      helix-form  .AAAAA
   1 0.G1848          0.U1883          G-U Wobble       28-XXVIII cWW cW-W
   2 0.G1849          0.C1882          G-C WC           19-XIX    cWW cW-W
   3 0.U1850          0.A1881          U-A WC           20-XX     cWW cW-W
   4 0.G1851          0.C1880          G-C WC           19-XIX    cWW cW-W
   5 0.A1852          0.U1879          A-U WC           20-XX     cWW cW-W
   6 0.C1853          0.G1878          C-G WC           19-XIX    cWW cW-W
   7 0.C1854          0.G1877          C-G WC           19-XIX    cWW cW-W

****************************************************************************
List of 2 lone WC/wobble pairs
  Note: lone WC/wobble pairs are assigned negative indices to differentiate
        them from the stem numbers, which are positive.
        --------------------------------------------------------------------
  -1 0.U1897          0.A1942          U-A WC           20-XX     cWW cW-W
  -2 0.G1898          0.U1939          G-U Wobble       28-XXVIII cWW cW-W

****************************************************************************
List of 3 non-pairing interactions
   1 0.U1850          0.A1941         base-overlap-area=0.0(0.0)   H-bonds[1]: "O2'(hydroxyl)-O2'(hydroxyl)[2.83]"
   2 0.G1851          0.A1881         base-overlap-area=2.3(1.2)   H-bonds[0]: ""
   3 0.G1851          0.A1941         base-overlap-area=0.0(0.0)   H-bonds[1]: "O4'-O2'(hydroxyl)[3.36]"

****************************************************************************
Note: for the various types of loops listed below, numbers within the first
      set of brackets are the number of loop nts, and numbers in the second
      set of brackets are the identities of the stems (positive number) or
      lone WC/wobble pairs (negative numbers) to which they are linked.

****************************************************************************
List of 1 bulge
   1 bulge: nts=6; [0,2]; linked by [#-1,#-2]
     nts=6 UGUCAA 0.U1897,0.G1898,0.U1939,0.C1940,0.A1941,0.A1942
       nts=0
       nts=2 CA 0.C1940,0.A1941

****************************************************************************
List of 1 A-minor motif
   1  type=I A/G-C	0.A1941 vs 0.G1849+0.C1882 [WC]
        +0.G1849	H-bonds[2]: "N1-O2'(hydroxyl)[2.67],N3-N2(amino)[3.58]"
        -0.C1882	H-bonds[0]: ""

****************************************************************************
Secondary structures in dot-bracket notation (dbn) as a whole and per chain
>TC.1S72.48 nts=20 [whole]
GGUGACC&GGUCACU&UG&UCAA
(((((((&)))))))&((&)..)
>TC.1S72.48-0 #1 nts=20 [chain] RNA*
GGUGACCGGUCACUUGUCAA
((((((()))))))(()..)

****************************************************************************
List of 8 additional files
   1 dssr-stems.pdb -- MODEL/ENDMDL delineated stems
   2 dssr-helices.pdb -- MODEL/ENDMDL delineated helices (pseudo/coaxial)
   3 dssr-pairs.pdb -- MODEL/ENDMDL delineated base pairs
   4 dssr-multiplets.pdb -- MODEL/ENDMDL delineated multiplets
   5 dssr-2ndstrs.ct -- secondary structures in the connect format
   6 dssr-2ndstrs.dbn -- secondary structures in the dot-bracket notation
   7 dssr-torsions.dat -- Backbone torsion angles and suite names
   8 dssr-Aminors.pdb -- MODEL/ENDMDL delineated A minor motifs (type I/II)
