****************************************************************************
         DSSR: a software program for Defining the Secondary
         Structures of RNA from three-dimensional coordinates
        v1.0.1-2014jan31, by Xiang-Jun Lu (xiangjun@x3dna.org)

   This program is actively maintained and developed. As always, I
   greatly appreciate your feedback! Please report all DSSR-related
   issues on the 3DNA Forum (http://forum.x3dna.org/). I strive to
   respond promptly to *any* questions posted there.

****************************************************************************
Note: Each nucleotide is identified by model:chainId.name#, where the
      'model:' portion is omitted if no model number is available as
      is normally the case for X-ray crystal structures in the PDB. So
      a common example would be like A.G19, meaning G #19 on chain A.
      One-letter base names for modified nucleotides are put in lower
      case (e.g., 'c' for 5MC). For further information about the
      output notation, please run DSSR with the '-note' option. More
      details can be found in the DSSR user manual. Questions and
      suggestions are always welcome on the 3DNA Forum.

Command: x3dna-dssr -i=NWAY.2VQE.7.pdb --non-pair -o=NWAY.2VQE.7_dssr.out
Date and time: Sun Jun 29 15:54:10 2014
File name: NWAY.2VQE.7.pdb
    no. of DNA/RNA chains: 1 [A=19]
    no. of nucleotides:    19
    no. of atoms:          408
    no. of waters:         0
    no. of metals:         0

****************************************************************************
List of 10 base pairs
      nt1              nt2             bp  name         Saenger    LW DSSR
   1 A.C936           A.G1379          C-G WC           19-XIX    cWW cW-W
   2 A.A937           A.U1345          A-U              00-n/a    tWH tW-M
   3 A.A937           A.C1378          A-C              00-n/a    tSH tm-M
   4 A.G939           A.C1344          G-C WC           19-XIX    cWW cW-W
   5 A.U1345          A.U1376          U+U              13-XIII   tWW tW+W
   6 A.A1346          A.A1375          A+A              02-II     tHH tM+M
   7 A.G1347          A.U1348          G+U Platform     00-n/a    cSH cm+M
   8 A.U1348          A.A1374          U-A rHoogsteen   24-XXIV   tWH tW-M
   9 A.A1349          A.G1373          A-G Sheared      11-XI     tHS tM-m
  10 A.A1350          A.U1372          A-U WC           20-XX     cWW cW-W

****************************************************************************
List of 2 multiplets
   1 nts=3 GUA A.G1347,A.U1348,A.A1374
   2 nts=4 AUUC A.A937,A.U1345,A.U1376,A.C1378

****************************************************************************
List of 2 helices
  Note: a helix is defined by base-stacking interactions, regardless of bp
        type and backbone connectivity, and may contain more than one stem.
      helix#number[stems-contained] bps=number-of-base-pairs in the helix
      bp-type: '|' for a canonical WC/wobble pair, '.' otherwise
      helix-form: classification of a dinucleotide step comprising the bp
        above the given designation and the bp that follows it. Types
        include 'A', 'B' or 'Z' for the common A-, B- and Z-form helices,
        '.' for an unclassified step, and 'x' for a step without a
        continuous backbone.
      --------------------------------------------------------------------
  helix#1[0] bps=2
      strand-1 5'-CA-3'
       bp-type    |.
      strand-2 3'-GC-5'
      helix-form  .
   1 A.C936           A.G1379          C-G WC           19-XIX    cWW cW-W
   2 A.A937           A.C1378          A-C              00-n/a    tSH tm-M
  --------------------------------------------------------------------------
  helix#2[0] bps=5
      strand-1 5'-UAUAA-3'
       bp-type    ....|
      strand-2 3'-UAAGU-5'
      helix-form  .x..
   1 A.U1345          A.U1376          U+U              13-XIII   tWW tW+W
   2 A.A1346          A.A1375          A+A              02-II     tHH tM+M
   3 A.U1348          A.A1374          U-A rHoogsteen   24-XXIV   tWH tW-M
   4 A.A1349          A.G1373          A-G Sheared      11-XI     tHS tM-m
   5 A.A1350          A.U1372          A-U WC           20-XX     cWW cW-W

****************************************************************************
List of 3 lone WC/wobble pairs
  Note: lone WC/wobble pairs are assigned negative indices to differentiate
        them from the stem numbers, which are positive.
        --------------------------------------------------------------------
  -1 A.C936           A.G1379          C-G WC           19-XIX    cWW cW-W
  -2 A.G939           A.C1344          G-C WC           19-XIX    cWW cW-W
  -3 A.A1350          A.U1372          A-U WC           20-XX     cWW cW-W

****************************************************************************
List of 13 non-pairing interactions
   1 A.A937           A.A938          base-overlap-area=5.2(2.7)   H-bonds[0]: ""
   2 A.A938           A.G939          base-overlap-area=4.7(2.2)   H-bonds[0]: ""
   3 A.A938           A.U1376         base-overlap-area=0.0(0.0)   H-bonds[3]: "O2'(hydroxyl)-O3'[3.01],O2'(hydroxyl)-O2'(hydroxyl)[2.72],N3-O2'(hydroxyl)[2.75]"
   4 A.G939           A.A1375         base-overlap-area=0.0(0.0)   H-bonds[2]: "O2'(hydroxyl)-O2'(hydroxyl)[2.94],O2'(hydroxyl)-N3[3.06]"
   5 A.C1344          A.U1348         base-overlap-area=0.0(0.0)   H-bonds[1]: "O2'(hydroxyl)-O2'(hydroxyl)[3.04]"
   6 A.C1344          A.A1349         base-overlap-area=0.0(0.0)   H-bonds[1]: "O2'(hydroxyl)-O4'[3.18]"
   7 A.U1345          A.A1377         base-overlap-area=1.9(0.9)   H-bonds[0]: ""
   8 A.A1346          A.U1348         base-overlap-area=2.6(0.4)   H-bonds[1]: "O4'*O4'[3.23]"
   9 A.G1347          A.G1373         base-overlap-area=4.6(2.3)   H-bonds[1]: "O2'(hydroxyl)-N2(amino)[3.13]"
  10 A.G1347          A.A1374         base-overlap-area=0.0(0.0)   H-bonds[1]: "N2(amino)-O5'[2.89]"
  11 A.A1349          A.A1374         base-overlap-area=2.2(2.1)   H-bonds[0]: ""
  12 A.U1376          A.A1377         base-overlap-area=0.0(0.0)   H-bonds[1]: "O2'(hydroxyl)-O4'[3.11]"
  13 A.A1377          A.G1379         base-overlap-area=0.0(0.0)   H-bonds[1]: "O2'(hydroxyl)-N7[3.13]"

****************************************************************************
Note: for the various types of loops listed below, numbers within the first
      set of brackets are the number of loop nts, and numbers in the second
      set of brackets are the identities of the stems (positive number) or
      lone WC/wobble pairs (negative numbers) to which they are linked.

****************************************************************************
List of 1 junction
   1 3-way junctions: nts=19; [2,5,6]; linked by [#-1,#-2,#-3]
     nts=19 CAAGCUAGUAAUGAAUACG A.C936,A.A937,A.A938,A.G939,A.C1344,A.U1345,A.A1346,A.G1347,A.U1348,A.A1349,A.A1350,A.U1372,A.G1373,A.A1374,A.A1375,A.U1376,A.A1377,A.C1378,A.G1379
       nts=2 AA A.A937,A.A938
       nts=5 UAGUA A.U1345,A.A1346,A.G1347,A.U1348,A.A1349
       nts=6 GAAUAC A.G1373,A.A1374,A.A1375,A.U1376,A.A1377,A.C1378

****************************************************************************
List of 1 ribose zipper
   1 nts=4 AGAU A.A938,A.G939,A.A1375,A.U1376

****************************************************************************
Secondary structures in dot-bracket notation (dbn) as a whole and per chain
>NWAY.2VQE.7 nts=19 [whole]
CAAG&CUAGUAA&UGAAUACG
(..(&).....(&)......)
>NWAY.2VQE.7-A #1 nts=19 [chain] RNA*
CAAGCUAGUAAUGAAUACG
(..().....()......)

****************************************************************************
List of 6 additional files
   1 dssr-helices.pdb -- MODEL/ENDMDL delineated helices (pseudo/coaxial)
   2 dssr-pairs.pdb -- MODEL/ENDMDL delineated base pairs
   3 dssr-multiplets.pdb -- MODEL/ENDMDL delineated multiplets
   4 dssr-2ndstrs.ct -- secondary structures in the connect format
   5 dssr-2ndstrs.dbn -- secondary structures in the dot-bracket notation
   6 dssr-torsions.dat -- Backbone torsion angles and suite names
