****************************************************************************
         DSSR: a software program for Defining the Secondary
         Structures of RNA from three-dimensional coordinates
        v1.0.1-2014jan31, by Xiang-Jun Lu (xiangjun@x3dna.org)

   This program is actively maintained and developed. As always, I
   greatly appreciate your feedback! Please report all DSSR-related
   issues on the 3DNA Forum (http://forum.x3dna.org/). I strive to
   respond promptly to *any* questions posted there.

****************************************************************************
Note: Each nucleotide is identified by model:chainId.name#, where the
      'model:' portion is omitted if no model number is available as
      is normally the case for X-ray crystal structures in the PDB. So
      a common example would be like A.G19, meaning G #19 on chain A.
      One-letter base names for modified nucleotides are put in lower
      case (e.g., 'c' for 5MC). For further information about the
      output notation, please run DSSR with the '-note' option. More
      details can be found in the DSSR user manual. Questions and
      suggestions are always welcome on the 3DNA Forum.

Command: x3dna-dssr -i=TC.1S72.3.pdb --non-pair -o=TC.1S72.3_dssr.out
Date and time: Sun Jun 29 15:52:06 2014
File name: TC.1S72.3.pdb
    no. of DNA/RNA chains: 1 [0=30]
    no. of nucleotides:    30
    no. of atoms:          650
    no. of waters:         0
    no. of metals:         0

****************************************************************************
List of 12 base pairs
      nt1              nt2             bp  name         Saenger    LW DSSR
   1 0.U312           0.A319           U-A WC           20-XX     cWW cW-W
   2 0.U313           0.A317           U-A rHoogsteen   24-XXIV   tWH tW-M
   3 0.G314           0.A337           G+A              00-n/a    tSW tm+W
   4 0.G315           0.G336           G+G              04-IV     tSS tm+m
   5 0.A316           0.U1314          A+U              00-n/a    tWW tW+W
   6 0.G334           0.C342           G-C WC           19-XIX    cWW cW-W
   7 0.U335           0.A339           U-A rHoogsteen   24-XXIV   tWH tW-M
   8 0.G1312          0.C1342          G-C WC           19-XIX    cWW cW-W
   9 0.G1316          0.A1341          G-A Sheared      11-XI     tSH cm-M
  10 0.A1317          0.G1340          A-G              11-XI     tHS tM-m
  11 0.A1318          0.G1339          A-G Sheared      11-XI     tHS cM-m
  12 0.G1319          0.U1338          G-U Wobble       28-XXVIII cWW cW-W

****************************************************************************
List of 2 helices
  Note: a helix is defined by base-stacking interactions, regardless of bp
        type and backbone connectivity, and may contain more than one stem.
      helix#number[stems-contained] bps=number-of-base-pairs in the helix
      bp-type: '|' for a canonical WC/wobble pair, '.' otherwise
      helix-form: classification of a dinucleotide step comprising the bp
        above the given designation and the bp that follows it. Types
        include 'A', 'B' or 'Z' for the common A-, B- and Z-form helices,
        '.' for an unclassified step, and 'x' for a step without a
        continuous backbone.
      --------------------------------------------------------------------
  helix#1[0] bps=3
      strand-1 5'-UUG-3'
       bp-type    |..
      strand-2 5'-AAA-3'
      helix-form  xx
   1 0.U312           0.A319           U-A WC           20-XX     cWW cW-W
   2 0.U313           0.A317           U-A rHoogsteen   24-XXIV   tWH tW-M
   3 0.G314           0.A337           G+A              00-n/a    tSW tm+W
  --------------------------------------------------------------------------
  helix#2[0] bps=4
      strand-1 5'-GAAG-3'
       bp-type    ...|
      strand-2 3'-AGGU-5'
      helix-form  ...
   1 0.G1316          0.A1341          G-A Sheared      11-XI     tSH cm-M
   2 0.A1317          0.G1340          A-G              11-XI     tHS tM-m
   3 0.A1318          0.G1339          A-G Sheared      11-XI     tHS cM-m
   4 0.G1319          0.U1338          G-U Wobble       28-XXVIII cWW cW-W

****************************************************************************
List of 4 lone WC/wobble pairs
  Note: lone WC/wobble pairs are assigned negative indices to differentiate
        them from the stem numbers, which are positive.
        --------------------------------------------------------------------
  -1 0.U312           0.A319           U-A WC           20-XX     cWW cW-W
  -2 0.G334           0.C342           G-C WC           19-XIX    cWW cW-W
  -3 0.G1312          0.C1342          G-C WC           19-XIX    cWW cW-W
  -4 0.G1319          0.U1338          G-U Wobble       28-XXVIII cWW cW-W

****************************************************************************
List of 26 non-pairing interactions
   1 0.G314           0.A316          base-overlap-area=0.0(0.0)   H-bonds[1]: "O2'(hydroxyl)-N7[2.74]"
   2 0.G314           0.A317          base-overlap-area=0.0(0.0)   H-bonds[2]: "N2(amino)-O5'[2.98],N2(amino)-O4'[3.18]"
   3 0.G315           0.A316          base-overlap-area=6.3(4.1)   H-bonds[0]: ""
   4 0.A316           0.G336          base-overlap-area=0.0(0.0)   H-bonds[2]: "O2'(hydroxyl)-O2'(hydroxyl)[2.82],N3-O2'(hydroxyl)[2.51]"
   5 0.A316           0.A337          base-overlap-area=4.3(2.9)   H-bonds[0]: ""
   6 0.A317           0.C318          base-overlap-area=0.0(0.0)   H-bonds[1]: "N3-O2'(hydroxyl)[3.32]"
   7 0.A317           0.A319          base-overlap-area=5.1(3.3)   H-bonds[1]: "O2'(hydroxyl)-N7[3.11]"
   8 0.A317           0.A337          base-overlap-area=3.4(1.9)   H-bonds[0]: ""
   9 0.A317           0.U1314         base-overlap-area=0.0(0.0)   H-bonds[1]: "N6(amino)-O2'(hydroxyl)[3.10]"
  10 0.C318           0.U335          base-overlap-area=0.7(0.0)   H-bonds[0]: ""
  11 0.C318           0.A337          base-overlap-area=0.0(0.0)   H-bonds[1]: "O2'(hydroxyl)-O2'(hydroxyl)[3.00]"
  12 0.C318           0.A339          base-overlap-area=0.2(0.0)   H-bonds[0]: ""
  13 0.G334           0.U335          base-overlap-area=7.4(4.2)   H-bonds[0]: ""
  14 0.A337           0.U1314         base-overlap-area=0.0(0.0)   H-bonds[1]: "N7-O2'(hydroxyl)[2.67]"
  15 0.C338           0.A1313         base-overlap-area=2.9(0.5)   H-bonds[0]: ""
  16 0.A339           0.C342          base-overlap-area=4.0(2.0)   H-bonds[1]: "O2'(hydroxyl)-N4(amino)[3.23]"
  17 0.A340           0.C341          base-overlap-area=2.3(1.6)   H-bonds[0]: ""
  18 0.G1312          0.A1313         base-overlap-area=3.9(2.3)   H-bonds[0]: ""
  19 0.G1312          0.A1317         base-overlap-area=0.0(0.0)   H-bonds[1]: "N2(amino)-O2'(hydroxyl)[3.25]"
  20 0.A1313          0.A1341         base-overlap-area=0.0(0.0)   H-bonds[1]: "O2'(hydroxyl)-N1[2.84]"
  21 0.U1314          0.G1316         base-overlap-area=2.3(0.0)   H-bonds[0]: ""
  22 0.U1314          0.A1341         base-overlap-area=0.1(0.0)   H-bonds[0]: ""
  23 0.G1316          0.G1339         base-overlap-area=0.0(0.0)   H-bonds[1]: "O2'(hydroxyl)-O6(carbonyl)[2.99]"
  24 0.G1316          0.G1340         base-overlap-area=5.0(2.3)   H-bonds[3]: "O2'(hydroxyl)-N1(imino)[2.96],O2'(hydroxyl)-N2(amino)[2.93],N2(amino)-O2'(hydroxyl)[3.09]"
  25 0.A1317          0.A1341         base-overlap-area=6.4(3.5)   H-bonds[0]: ""
  26 0.A1317          0.C1342         base-overlap-area=0.0(0.0)   H-bonds[2]: "O2'(hydroxyl)-O2(carbonyl)[3.39],N3-O2'(hydroxyl)[2.66]"

****************************************************************************
Note: for the various types of loops listed below, numbers within the first
      set of brackets are the number of loop nts, and numbers in the second
      set of brackets are the identities of the stems (positive number) or
      lone WC/wobble pairs (negative numbers) to which they are linked.

****************************************************************************
List of 2 hairpin loops
   1 hairpin loop: nts=8; [6]; linked by [#-1]
     nts=8 UUGGAACA 0.U312,0.U313,0.G314,0.G315,0.A316,0.A317,0.C318,0.A319
       nts=6 UGGAAC 0.U313,0.G314,0.G315,0.A316,0.A317,0.C318
   2 hairpin loop: nts=9; [7]; linked by [#-2]
     nts=9 GUGACAACC 0.G334,0.U335,0.G336,0.A337,0.C338,0.A339,0.A340,0.C341,0.C342
       nts=7 UGACAAC 0.U335,0.G336,0.A337,0.C338,0.A339,0.A340,0.C341

****************************************************************************
List of 1 internal loop
   1 asymmetric internal loop: nts=13; [6,3]; linked by [#-3,#-4]
     nts=13 GAUGGAAGUGGAC 0.G1312,0.A1313,0.U1314,0.G1315,0.G1316,0.A1317,0.A1318,0.G1319,0.U1338,0.G1339,0.G1340,0.A1341,0.C1342
       nts=6 AUGGAA 0.A1313,0.U1314,0.G1315,0.G1316,0.A1317,0.A1318
       nts=3 GGA 0.G1339,0.G1340,0.A1341

****************************************************************************
List of 1 (possible) kink turn
   1 Normal k-turn with GA on NC-helix#2; iloop#1
      C#-3{0.G1312,0.C1342 GC} (0.G1316,0.A1341 GA) NC#-4{0.U1338,0.G1319 UG}
      strand1 nts=8; GAUGGAAG 0.G1312,0.A1313,0.U1314,0.G1315,0.G1316,0.A1317,0.A1318,0.G1319
      strand2 nts=5; UGGAC 0.U1338,0.G1339,0.G1340,0.A1341,0.C1342

****************************************************************************
Secondary structures in dot-bracket notation (dbn) as a whole and per chain
>TC.1S72.3 nts=30 [whole]
UUGGAACA&GUGACAACC&GAUGGAAG&UGGAC
(......)&(.......)&(......(&)...)
>TC.1S72.3-0 #1 nts=30 [chain] RNA*
UUGGAACAGUGACAACCGAUGGAAGUGGAC
(......)(.......)(......()...)

****************************************************************************
List of 7 additional files
   1 dssr-helices.pdb -- MODEL/ENDMDL delineated helices (pseudo/coaxial)
   2 dssr-pairs.pdb -- MODEL/ENDMDL delineated base pairs
   3 dssr-hairpins.pdb -- MODEL/ENDMDL delineated hairpin loops
   4 dssr-2ndstrs.ct -- secondary structures in the connect format
   5 dssr-2ndstrs.dbn -- secondary structures in the dot-bracket notation
   6 dssr-torsions.dat -- Backbone torsion angles and suite names
   7 dssr-Kturns.pdb -- MODEL/ENDMDL delineated kink-turn motifs
