****************************************************************************
         DSSR: a software program for Defining the Secondary
         Structures of RNA from three-dimensional coordinates
        v1.0.1-2014jan31, by Xiang-Jun Lu (xiangjun@x3dna.org)

   This program is actively maintained and developed. As always, I
   greatly appreciate your feedback! Please report all DSSR-related
   issues on the 3DNA Forum (http://forum.x3dna.org/). I strive to
   respond promptly to *any* questions posted there.

****************************************************************************
Note: Each nucleotide is identified by model:chainId.name#, where the
      'model:' portion is omitted if no model number is available as
      is normally the case for X-ray crystal structures in the PDB. So
      a common example would be like A.G19, meaning G #19 on chain A.
      One-letter base names for modified nucleotides are put in lower
      case (e.g., 'c' for 5MC). For further information about the
      output notation, please run DSSR with the '-note' option. More
      details can be found in the DSSR user manual. Questions and
      suggestions are always welcome on the 3DNA Forum.

Command: x3dna-dssr -i=NWAY.1S72.26.pdb --non-pair -o=NWAY.1S72.26_dssr.out
Date and time: Sun Jun 29 15:52:03 2014
File name: NWAY.1S72.26.pdb
    no. of DNA/RNA chains: 1 [0=16]
    no. of nucleotides:    16
    no. of atoms:          341
    no. of waters:         0
    no. of metals:         0

****************************************************************************
List of 7 base pairs
      nt1              nt2             bp  name         Saenger    LW DSSR
   1 0.C2552          0.G2602          C-G WC           19-XIX    cWW cW-W
   2 0.C2555          0.G2580          C-G WC           19-XIX    cWW cW-W
   3 0.G2580          0.A2600          G+A              00-n/a    tSS tm+m
   4 0.U2581          0.G2602          U+G              00-n/a    cWH cW+M
   5 0.G2582          0.A2596          G-A Imino        08-VIII   cWW cW-W
   6 0.A2583          0.U2595          A-U WC           20-XX     cWW cW-W
   7 0.U2597          0.A2601          U-A rHoogsteen   24-XXIV   tWH tW-M

****************************************************************************
List of 2 multiplets
   1 nts=3 CUG 0.C2552,0.U2581,0.G2602
   2 nts=3 CGA 0.C2555,0.G2580,0.A2600

****************************************************************************
List of 1 helix
  Note: a helix is defined by base-stacking interactions, regardless of bp
        type and backbone connectivity, and may contain more than one stem.
      helix#number[stems-contained] bps=number-of-base-pairs in the helix
      bp-type: '|' for a canonical WC/wobble pair, '.' otherwise
      helix-form: classification of a dinucleotide step comprising the bp
        above the given designation and the bp that follows it. Types
        include 'A', 'B' or 'Z' for the common A-, B- and Z-form helices,
        '.' for an unclassified step, and 'x' for a step without a
        continuous backbone.
      --------------------------------------------------------------------
  helix#1[0] bps=3
      strand-1 5'-UAU-3'
       bp-type    |..
      strand-2 3'-AGA-5'
      helix-form  Ax
   1 0.U2595          0.A2583          U-A WC           20-XX     cWW cW-W
   2 0.A2596          0.G2582          A-G Imino        08-VIII   cWW cW-W
   3 0.U2597          0.A2601          U-A rHoogsteen   24-XXIV   tWH tW-M

****************************************************************************
List of 3 lone WC/wobble pairs
  Note: lone WC/wobble pairs are assigned negative indices to differentiate
        them from the stem numbers, which are positive.
        --------------------------------------------------------------------
  -1 0.C2552          0.G2602          C-G WC           19-XIX    cWW cW-W
  -2 0.C2555          0.G2580          C-G WC           19-XIX    cWW cW-W
  -3 0.A2583          0.U2595          A-U WC           20-XX     cWW cW-W

****************************************************************************
List of 10 non-pairing interactions
   1 0.C2552          0.A2553         base-overlap-area=0.0(0.0)   H-bonds[1]: "O2(carbonyl)-O2'(hydroxyl)[3.36]"
   2 0.C2555          0.A2600         base-overlap-area=0.0(0.0)   H-bonds[1]: "O2'(hydroxyl)-O2'(hydroxyl)[2.66]"
   3 0.C2555          0.G2602         base-overlap-area=4.0(1.0)   H-bonds[0]: ""
   4 0.G2580          0.U2581         base-overlap-area=7.3(4.2)   H-bonds[0]: ""
   5 0.U2581          0.A2601         base-overlap-area=0.0(0.0)   H-bonds[1]: "O2'(hydroxyl)-O3'[3.09]"
   6 0.G2582          0.A2601         base-overlap-area=5.4(3.3)   H-bonds[1]: "N7-O2'(hydroxyl)[2.67]"
   7 0.U2597          0.U2598         base-overlap-area=1.6(0.3)   H-bonds[0]: ""
   8 0.U2598          0.A2600         base-overlap-area=0.0(0.0)   H-bonds[1]: "O2'(hydroxyl)-N7[2.65]"
   9 0.U2598          0.A2601         base-overlap-area=0.0(0.0)   H-bonds[1]: "N3(imino)-O5'[3.45]"
  10 0.A2599          0.A2600         base-overlap-area=7.6(5.6)   H-bonds[0]: ""

****************************************************************************
Note: for the various types of loops listed below, numbers within the first
      set of brackets are the number of loop nts, and numbers in the second
      set of brackets are the identities of the stems (positive number) or
      lone WC/wobble pairs (negative numbers) to which they are linked.

****************************************************************************
List of 1 junction
   1 3-way junctions: nts=16; [2,2,6]; linked by [#-1,#-2,#-3]
     nts=16 CAUCGUGAUAUUAAAG 0.C2552,0.A2553,0.U2554,0.C2555,0.G2580,0.U2581,0.G2582,0.A2583,0.U2595,0.A2596,0.U2597,0.U2598,0.A2599,0.A2600,0.A2601,0.G2602
       nts=2 AU 0.A2553,0.U2554
       nts=2 UG 0.U2581,0.G2582
       nts=6 AUUAAA 0.A2596,0.U2597,0.U2598,0.A2599,0.A2600,0.A2601

****************************************************************************
List of 1 A-minor motif
   1  type=I A/C-G	0.A2600 vs 0.C2555+0.G2580 [WC]
        -0.C2555	H-bonds[1]: "O2'(hydroxyl)-O2'(hydroxyl)[2.66]"
        +0.G2580	H-bonds[2]: "N1-O2'(hydroxyl)[2.72],N3-N2(amino)[3.11]"

****************************************************************************
Secondary structures in dot-bracket notation (dbn) as a whole and per chain
>NWAY.1S72.26 nts=16 [whole]
CAUC&GUGA&UAUUAAAG
(..(&)..(&)......)
>NWAY.1S72.26-0 #1 nts=16 [chain] RNA*
CAUCGUGAUAUUAAAG
(..()..()......)

****************************************************************************
List of 7 additional files
   1 dssr-helices.pdb -- MODEL/ENDMDL delineated helices (pseudo/coaxial)
   2 dssr-pairs.pdb -- MODEL/ENDMDL delineated base pairs
   3 dssr-multiplets.pdb -- MODEL/ENDMDL delineated multiplets
   4 dssr-2ndstrs.ct -- secondary structures in the connect format
   5 dssr-2ndstrs.dbn -- secondary structures in the dot-bracket notation
   6 dssr-torsions.dat -- Backbone torsion angles and suite names
   7 dssr-Aminors.pdb -- MODEL/ENDMDL delineated A minor motifs (type I/II)
