****************************************************************************
         DSSR: a software program for Defining the Secondary
         Structures of RNA from three-dimensional coordinates
        v1.0.1-2014jan31, by Xiang-Jun Lu (xiangjun@x3dna.org)

   This program is actively maintained and developed. As always, I
   greatly appreciate your feedback! Please report all DSSR-related
   issues on the 3DNA Forum (http://forum.x3dna.org/). I strive to
   respond promptly to *any* questions posted there.

****************************************************************************
Note: Each nucleotide is identified by model:chainId.name#, where the
      'model:' portion is omitted if no model number is available as
      is normally the case for X-ray crystal structures in the PDB. So
      a common example would be like A.G19, meaning G #19 on chain A.
      One-letter base names for modified nucleotides are put in lower
      case (e.g., 'c' for 5MC). For further information about the
      output notation, please run DSSR with the '-note' option. More
      details can be found in the DSSR user manual. Questions and
      suggestions are always welcome on the 3DNA Forum.

Command: x3dna-dssr -i=TC.1FEU.0.pdb --non-pair -o=TC.1FEU.0_dssr.out
Date and time: Sun Jun 29 15:51:41 2014
File name: TC.1FEU.0.pdb
    no. of DNA/RNA chains: 4 [B=9,C=9,E=9,F=9]
    no. of nucleotides:    36
    no. of atoms:          788
    no. of waters:         0
    no. of metals:         0

****************************************************************************
List of 19 base pairs
      nt1              nt2             bp  name         Saenger    LW DSSR
   1 B.C71            C.G105           C-G WC           19-XIX    cWW cW-W
   2 B.G72            C.A104           G-A Sheared      11-XI     tSH cm-M
   3 B.A73            C.U103           A-U rHoogsteen   24-XXIV   tHW tM-W
   4 B.U74            C.G102           U-G              00-n/a    t.W c.-W
   5 B.G75            C.A101           G-A              00-n/a    cWW cW-W
   6 B.G76            C.G100           G-G              00-n/a    tWH cW-M
   7 B.U77            C.A99            U-A rHoogsteen   24-XXIV   tWH tW-M
   8 B.A78            C.G98            A-G Sheared      11-XI     tHS cM-m
   9 B.G79            C.C97            G-C WC           19-XIX    cWW cW-W
  10 E.C71            F.G105           C-G WC           19-XIX    cWW cW-W
  11 E.G72            F.A104           G-A Sheared      11-XI     tSH cm-M
  12 E.A73            F.U103           A-U rHoogsteen   24-XXIV   tHW tM-W
  13 E.U74            F.G102           U-G              00-n/a    t.W t.-W
  14 E.G75            F.A101           G-A              00-n/a    c.W c.-W
  15 E.G76            F.G100           G-G              00-n/a    tWH tW-M
  16 E.U77            F.A99            U-A rHoogsteen   24-XXIV   tWH tW-M
  17 E.A78            F.G98            A-G Sheared      11-XI     tHS cM-m
  18 E.G79            C.A99            G+A              00-n/a    tS. tm+.
  19 E.G79            F.C97            G-C WC           19-XIX    cWW cW-W

****************************************************************************
List of 2 helices
  Note: a helix is defined by base-stacking interactions, regardless of bp
        type and backbone connectivity, and may contain more than one stem.
      helix#number[stems-contained] bps=number-of-base-pairs in the helix
      bp-type: '|' for a canonical WC/wobble pair, '.' otherwise
      helix-form: classification of a dinucleotide step comprising the bp
        above the given designation and the bp that follows it. Types
        include 'A', 'B' or 'Z' for the common A-, B- and Z-form helices,
        '.' for an unclassified step, and 'x' for a step without a
        continuous backbone.
      --------------------------------------------------------------------
  helix#1[0] bps=9
      strand-1 5'-CGAUGGUAG-3'
       bp-type    |.......|
      strand-2 3'-GAUGAGAGC-5'
      helix-form  ........
   1 B.C71            C.G105           C-G WC           19-XIX    cWW cW-W
   2 B.G72            C.A104           G-A Sheared      11-XI     tSH cm-M
   3 B.A73            C.U103           A-U rHoogsteen   24-XXIV   tHW tM-W
   4 B.U74            C.G102           U-G              00-n/a    t.W c.-W
   5 B.G75            C.A101           G-A              00-n/a    cWW cW-W
   6 B.G76            C.G100           G-G              00-n/a    tWH cW-M
   7 B.U77            C.A99            U-A rHoogsteen   24-XXIV   tWH tW-M
   8 B.A78            C.G98            A-G Sheared      11-XI     tHS cM-m
   9 B.G79            C.C97            G-C WC           19-XIX    cWW cW-W
  --------------------------------------------------------------------------
  helix#2[0] bps=9
      strand-1 5'-CGAUGGUAG-3'
       bp-type    |.......|
      strand-2 3'-GAUGAGAGC-5'
      helix-form  ........
   1 E.C71            F.G105           C-G WC           19-XIX    cWW cW-W
   2 E.G72            F.A104           G-A Sheared      11-XI     tSH cm-M
   3 E.A73            F.U103           A-U rHoogsteen   24-XXIV   tHW tM-W
   4 E.U74            F.G102           U-G              00-n/a    t.W t.-W
   5 E.G75            F.A101           G-A              00-n/a    c.W c.-W
   6 E.G76            F.G100           G-G              00-n/a    tWH tW-M
   7 E.U77            F.A99            U-A rHoogsteen   24-XXIV   tWH tW-M
   8 E.A78            F.G98            A-G Sheared      11-XI     tHS cM-m
   9 E.G79            F.C97            G-C WC           19-XIX    cWW cW-W

****************************************************************************
List of 4 lone WC/wobble pairs
  Note: lone WC/wobble pairs are assigned negative indices to differentiate
        them from the stem numbers, which are positive.
        --------------------------------------------------------------------
  -1 B.C71            C.G105           C-G WC           19-XIX    cWW cW-W
  -2 B.G79            C.C97            G-C WC           19-XIX    cWW cW-W
  -3 E.C71            F.G105           C-G WC           19-XIX    cWW cW-W
  -4 E.G79            F.C97            G-C WC           19-XIX    cWW cW-W

****************************************************************************
List of 9 non-pairing interactions
   1 B.A73            C.A104          base-overlap-area=5.1(3.9)   H-bonds[0]: ""
   2 B.A78            E.G79           base-overlap-area=0.0(0.0)   H-bonds[3]: "O2'(hydroxyl)-O3'[2.82],O2'(hydroxyl)-O2'(hydroxyl)[2.95],N3-O2'(hydroxyl)[3.00]"
   3 B.A78            C.A99           base-overlap-area=5.0(4.0)   H-bonds[0]: ""
   4 B.G79            E.A78           base-overlap-area=0.0(0.0)   H-bonds[3]: "O3'-O2'(hydroxyl)[3.02],O2'(hydroxyl)-O2'(hydroxyl)[3.03],O2'(hydroxyl)-N3[3.01]"
   5 B.G79            F.G100          base-overlap-area=0.0(0.0)   H-bonds[1]: "N2(amino)-O4'[3.16]"
   6 E.A73            F.A104          base-overlap-area=4.6(4.0)   H-bonds[0]: ""
   7 E.A78            F.A99           base-overlap-area=4.4(3.9)   H-bonds[0]: ""
   8 E.G79            C.G100          base-overlap-area=0.0(0.0)   H-bonds[1]: "N2(amino)-O4'[3.07]"
   9 C.A99            F.G98           base-overlap-area=0.0(0.0)   H-bonds[1]: "O2'(hydroxyl)-O2'(hydroxyl)[3.15]"

****************************************************************************
Note: for the various types of loops listed below, numbers within the first
      set of brackets are the number of loop nts, and numbers in the second
      set of brackets are the identities of the stems (positive number) or
      lone WC/wobble pairs (negative numbers) to which they are linked.

****************************************************************************
List of 2 internal loops
   1 symmetric internal loop: nts=18; [7,7]; linked by [#-1,#-2]
     nts=18 CGAUGGUAGCGAGAGUAG B.C71,B.G72,B.A73,B.U74,B.G75,B.G76,B.U77,B.A78,B.G79,C.C97,C.G98,C.A99,C.G100,C.A101,C.G102,C.U103,C.A104,C.G105
       nts=7 GAUGGUA B.G72,B.A73,B.U74,B.G75,B.G76,B.U77,B.A78
       nts=7 GAGAGUA C.G98,C.A99,C.G100,C.A101,C.G102,C.U103,C.A104
   2 symmetric internal loop: nts=18; [7,7]; linked by [#-3,#-4]
     nts=18 CGAUGGUAGCGAGAGUAG E.C71,E.G72,E.A73,E.U74,E.G75,E.G76,E.U77,E.A78,E.G79,F.C97,F.G98,F.A99,F.G100,F.A101,F.G102,F.U103,F.A104,F.G105
       nts=7 GAUGGUA E.G72,E.A73,E.U74,E.G75,E.G76,E.U77,E.A78
       nts=7 GAGAGUA F.G98,F.A99,F.G100,F.A101,F.G102,F.U103,F.A104

****************************************************************************
List of 2 ribose zippers
   1 nts=4 AGAG B.A78,B.G79,E.A78,E.G79
   2 nts=4 GAGA C.G98,C.A99,F.G98,F.A99

****************************************************************************
Secondary structures in dot-bracket notation (dbn) as a whole and per chain
>TC.1FEU.0 nts=36 [whole]
CGAUGGUAG&CGAUGGUAG&CGAGAGUAG&CGAGAGUAG
(.......(&(.......(&).......)&).......)
>TC.1FEU.0-B #1 nts=9 [chain] RNA
CGAUGGUAG
(.......(
>TC.1FEU.0-C #2 nts=9 [chain] RNA
CGAGAGUAG
).......)
>TC.1FEU.0-E #3 nts=9 [chain] RNA
CGAUGGUAG
(.......(
>TC.1FEU.0-F #4 nts=9 [chain] RNA
CGAGAGUAG
).......)

****************************************************************************
List of 5 additional files
   1 dssr-helices.pdb -- MODEL/ENDMDL delineated helices (pseudo/coaxial)
   2 dssr-pairs.pdb -- MODEL/ENDMDL delineated base pairs
   3 dssr-2ndstrs.ct -- secondary structures in the connect format
   4 dssr-2ndstrs.dbn -- secondary structures in the dot-bracket notation
   5 dssr-torsions.dat -- Backbone torsion angles and suite names
