****************************************************************************
         DSSR: a software program for Defining the Secondary
         Structures of RNA from three-dimensional coordinates
        v1.0.1-2014jan31, by Xiang-Jun Lu (xiangjun@x3dna.org)

   This program is actively maintained and developed. As always, I
   greatly appreciate your feedback! Please report all DSSR-related
   issues on the 3DNA Forum (http://forum.x3dna.org/). I strive to
   respond promptly to *any* questions posted there.

****************************************************************************
Note: Each nucleotide is identified by model:chainId.name#, where the
      'model:' portion is omitted if no model number is available as
      is normally the case for X-ray crystal structures in the PDB. So
      a common example would be like A.G19, meaning G #19 on chain A.
      One-letter base names for modified nucleotides are put in lower
      case (e.g., 'c' for 5MC). For further information about the
      output notation, please run DSSR with the '-note' option. More
      details can be found in the DSSR user manual. Questions and
      suggestions are always welcome on the 3DNA Forum.

Command: x3dna-dssr -i=TWOWAY.409D.1.pdb --non-pair -o=TWOWAY.409D.1_dssr.out
Date and time: Thu Jul 17 15:06:58 2014
File name: TWOWAY.409D.1.pdb
    no. of DNA/RNA chains: 2 [C=4,D=4]
    no. of nucleotides:    8
    no. of atoms:          170
    no. of waters:         0
    no. of metals:         0

****************************************************************************
List of 4 base pairs
      nt1              nt2             bp  name         Saenger    LW DSSR
   1 C.C19            D.G30            C-G WC           19-XIX    cWW cW-W
   2 C.G20            D.U29            G-U Wobble       28-XXVIII cWW cW-W
   3 C.U21            D.G28            U-G Wobble       28-XXVIII cWW cW-W
   4 C.G22            D.C27            G-C WC           19-XIX    cWW cW-W

****************************************************************************
List of 1 helix
  Note: a helix is defined by base-stacking interactions, regardless of bp
        type and backbone connectivity, and may contain more than one stem.
      helix#number[stems-contained] bps=number-of-base-pairs in the helix
      bp-type: '|' for a canonical WC/wobble pair, '.' otherwise
      helix-form: classification of a dinucleotide step comprising the bp
        above the given designation and the bp that follows it. Types
        include 'A', 'B' or 'Z' for the common A-, B- and Z-form helices,
        '.' for an unclassified step, and 'x' for a step without a
        continuous backbone.
      --------------------------------------------------------------------
  helix#1[1] bps=4
      strand-1 5'-CGUG-3'
       bp-type    ||||
      strand-2 3'-GUGC-5'
      helix-form  ...
   1 C.C19            D.G30            C-G WC           19-XIX    cWW cW-W
   2 C.G20            D.U29            G-U Wobble       28-XXVIII cWW cW-W
   3 C.U21            D.G28            U-G Wobble       28-XXVIII cWW cW-W
   4 C.G22            D.C27            G-C WC           19-XIX    cWW cW-W

****************************************************************************
List of 1 stem
  Note: a stem is defined as a helix consisting of only canonical WC/wobble
        pairs, with a continuous backbone.
      stem#number[#helix-number containing this stem]
      Other terms are defined as in the above Helix section.
      --------------------------------------------------------------------
  stem#1[#1] bps=4
      strand-1 5'-CGUG-3'
       bp-type    ||||
      strand-2 3'-GUGC-5'
      helix-form  ...
   1 C.C19            D.G30            C-G WC           19-XIX    cWW cW-W
   2 C.G20            D.U29            G-U Wobble       28-XXVIII cWW cW-W
   3 C.U21            D.G28            U-G Wobble       28-XXVIII cWW cW-W
   4 C.G22            D.C27            G-C WC           19-XIX    cWW cW-W

****************************************************************************
List of 2 non-pairing interactions
   1 C.G20            D.G30           base-overlap-area=4.8(3.4)   H-bonds[0]: ""
   2 C.G22            D.G28           base-overlap-area=2.9(1.3)   H-bonds[0]: ""

****************************************************************************
Secondary structures in dot-bracket notation (dbn) as a whole and per chain
>TWOWAY.409D.1 nts=8 [whole]
CGUG&CGUG
((((&))))
>TWOWAY.409D.1-C #1 nts=4 [chain] RNA
CGUG
((((
>TWOWAY.409D.1-D #2 nts=4 [chain] RNA
CGUG
))))

****************************************************************************
List of 6 additional files
   1 dssr-stems.pdb -- MODEL/ENDMDL delineated stems
   2 dssr-helices.pdb -- MODEL/ENDMDL delineated helices (pseudo/coaxial)
   3 dssr-pairs.pdb -- MODEL/ENDMDL delineated base pairs
   4 dssr-2ndstrs.ct -- secondary structures in the connect format
   5 dssr-2ndstrs.dbn -- secondary structures in the dot-bracket notation
   6 dssr-torsions.dat -- Backbone torsion angles and suite names
