****************************************************************************
         DSSR: a software program for Defining the Secondary
         Structures of RNA from three-dimensional coordinates
        v1.0.1-2014jan31, by Xiang-Jun Lu (xiangjun@x3dna.org)

   This program is actively maintained and developed. As always, I
   greatly appreciate your feedback! Please report all DSSR-related
   issues on the 3DNA Forum (http://forum.x3dna.org/). I strive to
   respond promptly to *any* questions posted there.

****************************************************************************
Note: Each nucleotide is identified by model:chainId.name#, where the
      'model:' portion is omitted if no model number is available as
      is normally the case for X-ray crystal structures in the PDB. So
      a common example would be like A.G19, meaning G #19 on chain A.
      One-letter base names for modified nucleotides are put in lower
      case (e.g., 'c' for 5MC). For further information about the
      output notation, please run DSSR with the '-note' option. More
      details can be found in the DSSR user manual. Questions and
      suggestions are always welcome on the 3DNA Forum.

Command: x3dna-dssr -i=TC.1DUQ.0.pdb --non-pair -o=TC.1DUQ.0_dssr.out
Date and time: Sun Jun 29 15:51:39 2014
File name: TC.1DUQ.0.pdb
    no. of DNA/RNA chains: 4 [C=4,D=5,G=2,H=3]
    no. of nucleotides:    14
    no. of atoms:          305
    no. of waters:         0
    no. of metals:         0

****************************************************************************
List of 6 base pairs
      nt1              nt2             bp  name         Saenger    LW DSSR
   1 C.G204           D.C227           G-C WC           19-XIX    cWW cW-W
   2 C.G206           D.G224           G+G              06-VI     cWH cW+M
   3 C.C207           D.G223           C-G WC           19-XIX    cWW cW-W
   4 D.U225           G.G408           U-G              00-n/a    cWS cW-m
   5 G.G408           H.C422           G-C WC           19-XIX    cWW cW-W
   6 G.C409           H.G420           C-G WC           19-XIX    cWW cW-W

****************************************************************************
List of 1 multiplet
   1 nts=3 UGC D.U225,G.G408,H.C422

****************************************************************************
List of 2 helices
  Note: a helix is defined by base-stacking interactions, regardless of bp
        type and backbone connectivity, and may contain more than one stem.
      helix#number[stems-contained] bps=number-of-base-pairs in the helix
      bp-type: '|' for a canonical WC/wobble pair, '.' otherwise
      helix-form: classification of a dinucleotide step comprising the bp
        above the given designation and the bp that follows it. Types
        include 'A', 'B' or 'Z' for the common A-, B- and Z-form helices,
        '.' for an unclassified step, and 'x' for a step without a
        continuous backbone.
      --------------------------------------------------------------------
  helix#1[0] bps=2
      strand-1 5'-GC-3'
       bp-type    .|
      strand-2 3'-GG-5'
      helix-form  .
   1 C.G206           D.G224           G+G              06-VI     cWH cW+M
   2 C.C207           D.G223           C-G WC           19-XIX    cWW cW-W
  --------------------------------------------------------------------------
  helix#2[0] bps=2
      strand-1 5'-GC-3'
       bp-type    ||
      strand-2 5'-CG-3'
      helix-form  x
   1 G.G408           H.C422           G-C WC           19-XIX    cWW cW-W
   2 G.C409           H.G420           C-G WC           19-XIX    cWW cW-W

****************************************************************************
List of 4 lone WC/wobble pairs
  Note: lone WC/wobble pairs are assigned negative indices to differentiate
        them from the stem numbers, which are positive.
        --------------------------------------------------------------------
  -1 C.G204           D.C227           G-C WC           19-XIX    cWW cW-W
  -2 C.C207           D.G223           C-G WC           19-XIX    cWW cW-W
  -3 G.G408           H.C422           G-C WC           19-XIX    cWW cW-W
  -4 G.C409           H.G420           C-G WC           19-XIX    cWW cW-W

****************************************************************************
List of 7 non-pairing interactions
   1 C.G204           C.G205          base-overlap-area=2.2(0.7)   H-bonds[0]: ""
   2 C.G205           C.G206          base-overlap-area=5.4(2.6)   H-bonds[0]: ""
   3 C.G205           D.C227          base-overlap-area=0.6(0.0)   H-bonds[0]: ""
   4 D.G224           D.U225          base-overlap-area=0.0(0.0)   H-bonds[1]: "O2'(hydroxyl)-O3'[3.25]"
   5 D.G224           D.A226          base-overlap-area=5.7(3.3)   H-bonds[0]: ""
   6 D.A226           D.C227          base-overlap-area=0.0(0.0)   H-bonds[1]: "O2'(hydroxyl)-O4'[2.90]"
   7 H.G420           H.C422          base-overlap-area=4.1(1.1)   H-bonds[0]: ""

****************************************************************************
Note: for the various types of loops listed below, numbers within the first
      set of brackets are the number of loop nts, and numbers in the second
      set of brackets are the identities of the stems (positive number) or
      lone WC/wobble pairs (negative numbers) to which they are linked.

****************************************************************************
List of 1 bulge
   1 bulge: nts=5; [0,1]; linked by [#-3,#-4]
     nts=5 GCGAC G.G408,G.C409,H.G420,H.A421,H.C422
       nts=0
       nts=1 A H.A421

****************************************************************************
List of 1 internal loop
   1 asymmetric internal loop: nts=9; [2,3]; linked by [#-1,#-2]
     nts=9 GGGCGGUAC C.G204,C.G205,C.G206,C.C207,D.G223,D.G224,D.U225,D.A226,D.C227
       nts=2 GG C.G205,C.G206
       nts=3 GUA D.G224,D.U225,D.A226

****************************************************************************
Secondary structures in dot-bracket notation (dbn) as a whole and per chain
>TC.1DUQ.0 nts=14 [whole]
GGGC&GGUAC&GC&GAC
(..(&)...)&((&).)
>TC.1DUQ.0-C #1 nts=4 [chain] RNA
GGGC
(..(
>TC.1DUQ.0-D #2 nts=5 [chain] RNA
GGUAC
)...)
>TC.1DUQ.0-G #3 nts=2 [chain] RNA
GC
((
>TC.1DUQ.0-H #4 nts=3 [chain] RNA
GAC
).)

****************************************************************************
List of 6 additional files
   1 dssr-helices.pdb -- MODEL/ENDMDL delineated helices (pseudo/coaxial)
   2 dssr-pairs.pdb -- MODEL/ENDMDL delineated base pairs
   3 dssr-multiplets.pdb -- MODEL/ENDMDL delineated multiplets
   4 dssr-2ndstrs.ct -- secondary structures in the connect format
   5 dssr-2ndstrs.dbn -- secondary structures in the dot-bracket notation
   6 dssr-torsions.dat -- Backbone torsion angles and suite names
