****************************************************************************
         DSSR: a software program for Defining the Secondary
         Structures of RNA from three-dimensional coordinates
        v1.0.1-2014jan31, by Xiang-Jun Lu (xiangjun@x3dna.org)

   This program is actively maintained and developed. As always, I
   greatly appreciate your feedback! Please report all DSSR-related
   issues on the 3DNA Forum (http://forum.x3dna.org/). I strive to
   respond promptly to *any* questions posted there.

****************************************************************************
Note: Each nucleotide is identified by model:chainId.name#, where the
      'model:' portion is omitted if no model number is available as
      is normally the case for X-ray crystal structures in the PDB. So
      a common example would be like A.G19, meaning G #19 on chain A.
      One-letter base names for modified nucleotides are put in lower
      case (e.g., 'c' for 5MC). For further information about the
      output notation, please run DSSR with the '-note' option. More
      details can be found in the DSSR user manual. Questions and
      suggestions are always welcome on the 3DNA Forum.

Command: x3dna-dssr -i=NWAY.1S72.8.pdb --non-pair -o=NWAY.1S72.8_dssr.out
Date and time: Sun Jun 29 15:52:01 2014
File name: NWAY.1S72.8.pdb
    no. of DNA/RNA chains: 1 [0=23]
    no. of nucleotides:    23
    no. of atoms:          496
    no. of waters:         0
    no. of metals:         0

****************************************************************************
List of 10 base pairs
      nt1              nt2             bp  name         Saenger    LW DSSR
   1 0.G641           0.C1360          G-C WC           19-XIX    cWW cW-W
   2 0.G642           0.A1358          G-A Sheared      11-XI     tSH tm-M
   3 0.A643           0.G902           A+G              00-n/a    tSS tm+m
   4 0.A643           0.A1355          A+A              02-II     tHH tM+M
   5 0.G644           0.U903           G-U              00-n/a    cWW cW-W
   6 0.U645           0.A761           U+A              00-n/a    tWS tW+m
   7 0.G646           0.C759           G-C WC           19-XIX    cWW cW-W
   8 0.C762           0.G902           C-G WC           19-XIX    cWW cW-W
   9 0.C905           0.G1300          C-G WC           19-XIX    cWW cW-W
  10 0.C1301          0.G1354          C-G WC           19-XIX    cWW cW-W

****************************************************************************
List of 1 multiplet
   1 nts=4 ACGA 0.A643,0.C762,0.G902,0.A1355

****************************************************************************
List of 2 helices
  Note: a helix is defined by base-stacking interactions, regardless of bp
        type and backbone connectivity, and may contain more than one stem.
      helix#number[stems-contained] bps=number-of-base-pairs in the helix
      bp-type: '|' for a canonical WC/wobble pair, '.' otherwise
      helix-form: classification of a dinucleotide step comprising the bp
        above the given designation and the bp that follows it. Types
        include 'A', 'B' or 'Z' for the common A-, B- and Z-form helices,
        '.' for an unclassified step, and 'x' for a step without a
        continuous backbone.
      --------------------------------------------------------------------
  helix#1[0] bps=3
      strand-1 5'-GGA-3'
       bp-type    |..
      strand-2 5'-CAA-3'
      helix-form  xx
   1 0.G641           0.C1360          G-C WC           19-XIX    cWW cW-W
   2 0.G642           0.A1358          G-A Sheared      11-XI     tSH tm-M
   3 0.A643           0.A1355          A+A              02-II     tHH tM+M
  --------------------------------------------------------------------------
  helix#2[0] bps=2
      strand-1 5'-CG-3'
       bp-type    ||
      strand-2 5'-GC-3'
      helix-form  x
   1 0.C905           0.G1300          C-G WC           19-XIX    cWW cW-W
   2 0.G1354          0.C1301          G-C WC           19-XIX    cWW cW-W

****************************************************************************
List of 5 lone WC/wobble pairs
  Note: lone WC/wobble pairs are assigned negative indices to differentiate
        them from the stem numbers, which are positive.
        --------------------------------------------------------------------
  -1 0.G641           0.C1360          G-C WC           19-XIX    cWW cW-W
  -2 0.G646           0.C759           G-C WC           19-XIX    cWW cW-W
  -3 0.C762           0.G902           C-G WC           19-XIX    cWW cW-W
  -4 0.C905           0.G1300          C-G WC           19-XIX    cWW cW-W
  -5 0.C1301          0.G1354          C-G WC           19-XIX    cWW cW-W

****************************************************************************
List of 13 non-pairing interactions
   1 0.G642           0.A1355         base-overlap-area=3.6(0.8)   H-bonds[1]: "O6(carbonyl)-O2'(hydroxyl)[2.75]"
   2 0.A643           0.C762          base-overlap-area=0.0(0.0)   H-bonds[2]: "O2'(hydroxyl)-O2'(hydroxyl)[2.56],O2'(hydroxyl)-O2(carbonyl)[2.80]"
   3 0.A643           0.A1358         base-overlap-area=0.9(0.0)   H-bonds[0]: ""
   4 0.G644           0.C762          base-overlap-area=3.0(0.0)   H-bonds[1]: "O4'*O4'[3.24]"
   5 0.U645           0.G646          base-overlap-area=0.0(0.0)   H-bonds[1]: "O2'(hydroxyl)-O4'[3.25]"
   6 0.C759           0.A761          base-overlap-area=2.2(0.9)   H-bonds[1]: "N4(amino)-O2'(hydroxyl)[2.95]"
   7 0.G760           0.A761          base-overlap-area=1.7(0.0)   H-bonds[1]: "O2'(hydroxyl)-O5'[3.12]"
   8 0.G902           0.U903          base-overlap-area=6.2(3.0)   H-bonds[0]: ""
   9 0.U904           0.G1354         base-overlap-area=0.0(0.0)   H-bonds[2]: "O2'(hydroxyl)-O2'(hydroxyl)[2.72],O2(carbonyl)*O5'[3.05]"
  10 0.U904           0.A1355         base-overlap-area=5.8(0.9)   H-bonds[1]: "O4'*O4'[2.80]"
  11 0.C905           0.G1354         base-overlap-area=2.8(0.5)   H-bonds[0]: ""
  12 0.A1356          0.A1357         base-overlap-area=2.0(0.5)   H-bonds[0]: ""
  13 0.A1358          0.C1360         base-overlap-area=0.9(0.0)   H-bonds[0]: ""

****************************************************************************
Note: for the various types of loops listed below, numbers within the first
      set of brackets are the number of loop nts, and numbers in the second
      set of brackets are the identities of the stems (positive number) or
      lone WC/wobble pairs (negative numbers) to which they are linked.

****************************************************************************
List of 1 junction
   1 5-way junctions: nts=23; [4,2,2,0,5]; linked by [#-1,#-2,#-3,#-4,#-5]
     nts=23 GGAGUGCGACGUUCGCGAAAAUC 0.G641,0.G642,0.A643,0.G644,0.U645,0.G646,0.C759,0.G760,0.A761,0.C762,0.G902,0.U903,0.U904,0.C905,0.G1300,0.C1301,0.G1354,0.A1355,0.A1356,0.A1357,0.A1358,0.U1359,0.C1360
       nts=4 GAGU 0.G642,0.A643,0.G644,0.U645
       nts=2 GA 0.G760,0.A761
       nts=2 UU 0.U903,0.U904
       nts=0
       nts=5 AAAAU 0.A1355,0.A1356,0.A1357,0.A1358,0.U1359

****************************************************************************
List of 1 A-minor motif
   1  type=I A/C-G	0.A643 vs 0.C762+0.G902 [WC]
        -0.C762	H-bonds[2]: "O2'(hydroxyl)-O2'(hydroxyl)[2.56],O2'(hydroxyl)-O2(carbonyl)[2.80]"
        +0.G902	H-bonds[2]: "N1-O2'(hydroxyl)[2.56],N3-N2(amino)[3.01]"

****************************************************************************
Secondary structures in dot-bracket notation (dbn) as a whole and per chain
>NWAY.1S72.8 nts=23 [whole]
GGAGUG&CGAC&GUUC&GC&GAAAAUC
(....(&)..(&)..(&)(&).....)
>NWAY.1S72.8-0 #1 nts=23 [chain] RNA*
GGAGUGCGACGUUCGCGAAAAUC
(....()..()..()().....)

****************************************************************************
List of 7 additional files
   1 dssr-helices.pdb -- MODEL/ENDMDL delineated helices (pseudo/coaxial)
   2 dssr-pairs.pdb -- MODEL/ENDMDL delineated base pairs
   3 dssr-multiplets.pdb -- MODEL/ENDMDL delineated multiplets
   4 dssr-2ndstrs.ct -- secondary structures in the connect format
   5 dssr-2ndstrs.dbn -- secondary structures in the dot-bracket notation
   6 dssr-torsions.dat -- Backbone torsion angles and suite names
   7 dssr-Aminors.pdb -- MODEL/ENDMDL delineated A minor motifs (type I/II)
