****************************************************************************
         DSSR: a software program for Defining the Secondary
         Structures of RNA from three-dimensional coordinates
        v1.0.1-2014jan31, by Xiang-Jun Lu (xiangjun@x3dna.org)

   This program is actively maintained and developed. As always, I
   greatly appreciate your feedback! Please report all DSSR-related
   issues on the 3DNA Forum (http://forum.x3dna.org/). I strive to
   respond promptly to *any* questions posted there.

****************************************************************************
Note: Each nucleotide is identified by model:chainId.name#, where the
      'model:' portion is omitted if no model number is available as
      is normally the case for X-ray crystal structures in the PDB. So
      a common example would be like A.G19, meaning G #19 on chain A.
      One-letter base names for modified nucleotides are put in lower
      case (e.g., 'c' for 5MC). For further information about the
      output notation, please run DSSR with the '-note' option. More
      details can be found in the DSSR user manual. Questions and
      suggestions are always welcome on the 3DNA Forum.

Command: x3dna-dssr -i=TWOWAY.1S72.20.pdb --non-pair -o=TWOWAY.1S72.20_dssr.out
Date and time: Thu Jul 17 15:06:25 2014
File name: TWOWAY.1S72.20.pdb
    no. of DNA/RNA chains: 1 [0=16]
    no. of nucleotides:    16
    no. of atoms:          342
    no. of waters:         0
    no. of metals:         0

****************************************************************************
List of 8 base pairs
      nt1              nt2             bp  name         Saenger    LW DSSR
   1 0.C936           0.G1034          C-G WC           19-XIX    cWW cW-W
   2 0.C937           0.C1033          C-C              00-n/a    cW. cW-.
   3 0.G938           0.A1032          G-A              00-n/a    tSH tm-M
   4 0.A939           0.G1027          A+G              00-n/a    t.S t.+m
   5 0.A939           0.G1031          A-G Sheared      11-XI     tHS tM-m
   6 0.G940           0.C1026          G-C              00-n/a    cWW cW-W
   7 0.G940           0.A1032          G+A              00-n/a    tSS tm+m
   8 0.G941           0.C1025          G-C WC           19-XIX    cWW cW-W

****************************************************************************
List of 2 multiplets
   1 nts=3* AGG 0.A939,0.G1027,0.G1031
   2 nts=4 GGCA 0.G938,0.G940,0.C1026,0.A1032

****************************************************************************
List of 2 helices
  Note: a helix is defined by base-stacking interactions, regardless of bp
        type and backbone connectivity, and may contain more than one stem.
      helix#number[stems-contained] bps=number-of-base-pairs in the helix
      bp-type: '|' for a canonical WC/wobble pair, '.' otherwise
      helix-form: classification of a dinucleotide step comprising the bp
        above the given designation and the bp that follows it. Types
        include 'A', 'B' or 'Z' for the common A-, B- and Z-form helices,
        '.' for an unclassified step, and 'x' for a step without a
        continuous backbone.
      --------------------------------------------------------------------
  helix#1[0] bps=4
      strand-1 5'-CCGA-3'
       bp-type    |...
      strand-2 3'-GCAG-5'
      helix-form  ...
   1 0.C936           0.G1034          C-G WC           19-XIX    cWW cW-W
   2 0.C937           0.C1033          C-C              00-n/a    cW. cW-.
   3 0.G938           0.A1032          G-A              00-n/a    tSH tm-M
   4 0.A939           0.G1031          A-G Sheared      11-XI     tHS tM-m
  --------------------------------------------------------------------------
  helix#2[0] bps=2
      strand-1 5'-GG-3'
       bp-type    .|
      strand-2 3'-CC-5'
      helix-form  .
   1 0.G940           0.C1026          G-C              00-n/a    cWW cW-W
   2 0.G941           0.C1025          G-C WC           19-XIX    cWW cW-W

****************************************************************************
List of 2 lone WC/wobble pairs
  Note: lone WC/wobble pairs are assigned negative indices to differentiate
        them from the stem numbers, which are positive.
        --------------------------------------------------------------------
  -1 0.C936           0.G1034          C-G WC           19-XIX    cWW cW-W
  -2 0.G941           0.C1025          G-C WC           19-XIX    cWW cW-W

****************************************************************************
List of 7 non-pairing interactions
   1 0.C937           0.G1034         base-overlap-area=0.5(0.0)   H-bonds[0]: ""
   2 0.G938           0.G1031         base-overlap-area=2.8(0.5)   H-bonds[3]: "O2'(hydroxyl)-N2(amino)[2.98],N1(imino)-O2'(hydroxyl)[2.94],N2(amino)-O3'[3.27]"
   3 0.A939           0.U1028         base-overlap-area=1.2(0.0)   H-bonds[0]: ""
   4 0.A939           0.A1032         base-overlap-area=2.1(1.2)   H-bonds[0]: ""
   5 0.G940           0.G1027         base-overlap-area=3.8(1.3)   H-bonds[0]: ""
   6 0.C1026          0.G1027         base-overlap-area=0.2(0.0)   H-bonds[0]: ""
   7 0.G1027          0.U1028         base-overlap-area=4.5(2.4)   H-bonds[0]: ""

****************************************************************************
Note: for the various types of loops listed below, numbers within the first
      set of brackets are the number of loop nts, and numbers in the second
      set of brackets are the identities of the stems (positive number) or
      lone WC/wobble pairs (negative numbers) to which they are linked.

****************************************************************************
List of 1 internal loop
   1 asymmetric internal loop: nts=16; [4,8]; linked by [#-1,#-2]
     nts=16 CCGAGGCCGUUUGACG 0.C936,0.C937,0.G938,0.A939,0.G940,0.G941,0.C1025,0.C1026,0.G1027,0.U1028,0.U1029,0.U1030,0.G1031,0.A1032,0.C1033,0.G1034
       nts=4 CGAG 0.C937,0.G938,0.A939,0.G940
       nts=8 CGUUUGAC 0.C1026,0.G1027,0.U1028,0.U1029,0.U1030,0.G1031,0.A1032,0.C1033

****************************************************************************
List of 1 A-minor motif
   1  type=I A/G-C	0.A1032 vs 0.G940+0.C1026 []
        +0.G940	H-bonds[2]: "N1-O2'(hydroxyl)[2.55],N3-N2(amino)[3.09]"
        -0.C1026	H-bonds[0]: ""

****************************************************************************
List of 1 (possible) kink turn
   1 Normal k-turn with GA on NC-helix#1; iloop#1
      C#-2{0.C1025,0.G941 CG} (0.G1031,0.A939 GA) NC#-1{0.C936,0.G1034 CG}
      strand1 nts=10; CCGUUUGACG 0.C1025,0.C1026,0.G1027,0.U1028,0.U1029,0.U1030,0.G1031,0.A1032,0.C1033,0.G1034
      strand2 nts=6; CCGAGG 0.C936,0.C937,0.G938,0.A939,0.G940,0.G941

****************************************************************************
Secondary structures in dot-bracket notation (dbn) as a whole and per chain
>TWOWAY.1S72.20 nts=16 [whole]
CCGAGG&CCGUUUGACG
(....(&)........)
>TWOWAY.1S72.20-0 #1 nts=16 [chain] RNA*
CCGAGGCCGUUUGACG
(....()........)

****************************************************************************
List of 8 additional files
   1 dssr-helices.pdb -- MODEL/ENDMDL delineated helices (pseudo/coaxial)
   2 dssr-pairs.pdb -- MODEL/ENDMDL delineated base pairs
   3 dssr-multiplets.pdb -- MODEL/ENDMDL delineated multiplets
   4 dssr-2ndstrs.ct -- secondary structures in the connect format
   5 dssr-2ndstrs.dbn -- secondary structures in the dot-bracket notation
   6 dssr-torsions.dat -- Backbone torsion angles and suite names
   7 dssr-Aminors.pdb -- MODEL/ENDMDL delineated A minor motifs (type I/II)
   8 dssr-Kturns.pdb -- MODEL/ENDMDL delineated kink-turn motifs
