****************************************************************************
         DSSR: a software program for Defining the Secondary
         Structures of RNA from three-dimensional coordinates
        v1.0.1-2014jan31, by Xiang-Jun Lu (xiangjun@x3dna.org)

   This program is actively maintained and developed. As always, I
   greatly appreciate your feedback! Please report all DSSR-related
   issues on the 3DNA Forum (http://forum.x3dna.org/). I strive to
   respond promptly to *any* questions posted there.

****************************************************************************
Note: Each nucleotide is identified by model:chainId.name#, where the
      'model:' portion is omitted if no model number is available as
      is normally the case for X-ray crystal structures in the PDB. So
      a common example would be like A.G19, meaning G #19 on chain A.
      One-letter base names for modified nucleotides are put in lower
      case (e.g., 'c' for 5MC). For further information about the
      output notation, please run DSSR with the '-note' option. More
      details can be found in the DSSR user manual. Questions and
      suggestions are always welcome on the 3DNA Forum.

Command: x3dna-dssr -i=NWAY.2VQE.10.pdb --non-pair -o=NWAY.2VQE.10_dssr.out
Date and time: Sun Jun 29 15:54:10 2014
File name: NWAY.2VQE.10.pdb
    no. of DNA/RNA chains: 1 [A=24]
    no. of nucleotides:    24
    no. of atoms:          540
    no. of waters:         0
    no. of metals:         0

****************************************************************************
List of 9 base pairs
      nt1              nt2             bp  name         Saenger    LW DSSR
   1 A.C999           A.G1042          C-G WC           19-XIX    cWW cW-W
   2 A.U1000          A.A1041          U-A              00-n/a    ... c...
   3 A.A1001          A.G1002          A+G Platform     00-n/a    ... c...
   4 A.G1002          A.U1040          G-U              00-n/a    cWW cW-W
   5 A.G1003          A.C1039          G-C              00-n/a    cWW cW-W
   6 A.C1006          A.G1023          C-G WC           19-XIX    cWW cW-W
   7 A.C1006          A.G1024          C-G              00-n/a    cWS cW-m
   8 A.G1026          A.G1036          G-G              00-n/a    cWW cW-W
   9 A.C1028          A.G1033          C-G WC           19-XIX    cWW cW-W

****************************************************************************
List of 1 multiplet
   1 nts=3 AGU A.A1001,A.G1002,A.U1040

****************************************************************************
List of 2 helices
  Note: a helix is defined by base-stacking interactions, regardless of bp
        type and backbone connectivity, and may contain more than one stem.
      helix#number[stems-contained] bps=number-of-base-pairs in the helix
      bp-type: '|' for a canonical WC/wobble pair, '.' otherwise
      helix-form: classification of a dinucleotide step comprising the bp
        above the given designation and the bp that follows it. Types
        include 'A', 'B' or 'Z' for the common A-, B- and Z-form helices,
        '.' for an unclassified step, and 'x' for a step without a
        continuous backbone.
      --------------------------------------------------------------------
  helix#1[0] bps=2
      strand-1 5'-CU-3'
       bp-type    |.
      strand-2 3'-GA-5'
      helix-form  .
   1 A.C999           A.G1042          C-G WC           19-XIX    cWW cW-W
   2 A.U1000          A.A1041          U-A              00-n/a    ... c...
  --------------------------------------------------------------------------
  helix#2[0] bps=2
      strand-1 5'-GG-3'
       bp-type    ..
      strand-2 3'-UC-5'
      helix-form  .
   1 A.G1002          A.U1040          G-U              00-n/a    cWW cW-W
   2 A.G1003          A.C1039          G-C              00-n/a    cWW cW-W

****************************************************************************
List of 3 lone WC/wobble pairs
  Note: lone WC/wobble pairs are assigned negative indices to differentiate
        them from the stem numbers, which are positive.
        --------------------------------------------------------------------
  -1 A.C999           A.G1042          C-G WC           19-XIX    cWW cW-W
  -2 A.C1006          A.G1023          C-G WC           19-XIX    cWW cW-W
  -3 A.C1028          A.G1033          C-G WC           19-XIX    cWW cW-W

****************************************************************************
List of 13 non-pairing interactions
   1 A.U1000          A.A1001         base-overlap-area=1.4(0.8)   H-bonds[0]: ""
   2 A.A1001          A.A1041         base-overlap-area=0.2(0.2)   H-bonds[0]: ""
   3 A.A1004          A.C1038         base-overlap-area=0.0(0.0)   H-bonds[1]: "O2'(hydroxyl)-O2(carbonyl)[2.81]"
   4 A.A1005          A.G1024         base-overlap-area=0.0(0.0)   H-bonds[1]: "N6(amino)-O2'(hydroxyl)[3.49]"
   5 A.G1023          A.G1024         base-overlap-area=5.8(3.1)   H-bonds[0]: ""
   6 A.G1024          A.U1025         base-overlap-area=7.6(3.6)   H-bonds[0]: ""
   7 A.G1026          A.C1027         base-overlap-area=4.3(0.7)   H-bonds[0]: ""
   8 A.C1027          A.C1028         base-overlap-area=0.0(0.0)   H-bonds[2]: "O2'(hydroxyl)-O5'[2.64],O2'(hydroxyl)-O4'[3.15]"
   9 A.C1027          A.A1035         base-overlap-area=0.0(0.0)   H-bonds[1]: "N3-N6(amino)[2.83]"
  10 A.G1033          A.G1034         base-overlap-area=5.3(2.5)   H-bonds[0]: ""
  11 A.A1035          A.G1036         base-overlap-area=1.3(1.3)   H-bonds[0]: ""
  12 A.G1036          A.C1037         base-overlap-area=7.3(3.9)   H-bonds[0]: ""
  13 A.C1037          A.C1038         base-overlap-area=6.1(1.4)   H-bonds[0]: ""

****************************************************************************
List of 3 non-loop single-stranded segments
   1 nts=6* UAGGAA A.U1000,A.A1001,A.G1002,A.G1003,A.A1004,A.A1005
   2 nts=4 GUGC A.G1024,A.U1025,A.G1026,A.C1027
   3 nts=8 GAGCCCUA A.G1034,A.A1035,A.G1036,A.C1037,A.C1038,A.C1039,A.U1040,A.A1041

****************************************************************************
Secondary structures in dot-bracket notation (dbn) as a whole and per chain
>NWAY.2VQE.10 nts=24 [whole]
CUAGG&AAC&GGUGCC&GGAGCCCUAG
(....&..(&)....(&)........)
>NWAY.2VQE.10-A #1 nts=24 [chain] RNA*
CUAGGAACGGUGCCGGAGCCCUAG
(......()....()........)

****************************************************************************
List of 6 additional files
   1 dssr-helices.pdb -- MODEL/ENDMDL delineated helices (pseudo/coaxial)
   2 dssr-pairs.pdb -- MODEL/ENDMDL delineated base pairs
   3 dssr-multiplets.pdb -- MODEL/ENDMDL delineated multiplets
   4 dssr-2ndstrs.ct -- secondary structures in the connect format
   5 dssr-2ndstrs.dbn -- secondary structures in the dot-bracket notation
   6 dssr-torsions.dat -- Backbone torsion angles and suite names
