****************************************************************************
         DSSR: a software program for Defining the Secondary
         Structures of RNA from three-dimensional coordinates
        v1.0.1-2014jan31, by Xiang-Jun Lu (xiangjun@x3dna.org)

   This program is actively maintained and developed. As always, I
   greatly appreciate your feedback! Please report all DSSR-related
   issues on the 3DNA Forum (http://forum.x3dna.org/). I strive to
   respond promptly to *any* questions posted there.

****************************************************************************
Note: Each nucleotide is identified by model:chainId.name#, where the
      'model:' portion is omitted if no model number is available as
      is normally the case for X-ray crystal structures in the PDB. So
      a common example would be like A.G19, meaning G #19 on chain A.
      One-letter base names for modified nucleotides are put in lower
      case (e.g., 'c' for 5MC). For further information about the
      output notation, please run DSSR with the '-note' option. More
      details can be found in the DSSR user manual. Questions and
      suggestions are always welcome on the 3DNA Forum.

Command: x3dna-dssr -i=TWOWAY.1S72.29.pdb --non-pair -o=TWOWAY.1S72.29_dssr.out
Date and time: Thu Jul 17 15:06:27 2014
File name: TWOWAY.1S72.29.pdb
    no. of DNA/RNA chains: 1 [0=13]
    no. of nucleotides:    13
    no. of atoms:          286
    no. of waters:         0
    no. of metals:         0

****************************************************************************
List of 5 base pairs
      nt1              nt2             bp  name         Saenger    LW DSSR
   1 0.G1312          0.C1342          G-C WC           19-XIX    cWW cW-W
   2 0.G1316          0.A1341          G-A Sheared      11-XI     tSH cm-M
   3 0.A1317          0.G1340          A-G              11-XI     tHS tM-m
   4 0.A1318          0.G1339          A-G Sheared      11-XI     tHS cM-m
   5 0.G1319          0.U1338          G-U Wobble       28-XXVIII cWW cW-W

****************************************************************************
List of 1 helix
  Note: a helix is defined by base-stacking interactions, regardless of bp
        type and backbone connectivity, and may contain more than one stem.
      helix#number[stems-contained] bps=number-of-base-pairs in the helix
      bp-type: '|' for a canonical WC/wobble pair, '.' otherwise
      helix-form: classification of a dinucleotide step comprising the bp
        above the given designation and the bp that follows it. Types
        include 'A', 'B' or 'Z' for the common A-, B- and Z-form helices,
        '.' for an unclassified step, and 'x' for a step without a
        continuous backbone.
      --------------------------------------------------------------------
  helix#1[0] bps=4
      strand-1 5'-GAAG-3'
       bp-type    ...|
      strand-2 3'-AGGU-5'
      helix-form  ...
   1 0.G1316          0.A1341          G-A Sheared      11-XI     tSH cm-M
   2 0.A1317          0.G1340          A-G              11-XI     tHS tM-m
   3 0.A1318          0.G1339          A-G Sheared      11-XI     tHS cM-m
   4 0.G1319          0.U1338          G-U Wobble       28-XXVIII cWW cW-W

****************************************************************************
List of 2 lone WC/wobble pairs
  Note: lone WC/wobble pairs are assigned negative indices to differentiate
        them from the stem numbers, which are positive.
        --------------------------------------------------------------------
  -1 0.G1312          0.C1342          G-C WC           19-XIX    cWW cW-W
  -2 0.G1319          0.U1338          G-U Wobble       28-XXVIII cWW cW-W

****************************************************************************
List of 9 non-pairing interactions
   1 0.G1312          0.A1313         base-overlap-area=3.9(2.3)   H-bonds[0]: ""
   2 0.G1312          0.A1317         base-overlap-area=0.0(0.0)   H-bonds[1]: "N2(amino)-O2'(hydroxyl)[3.25]"
   3 0.A1313          0.A1341         base-overlap-area=0.0(0.0)   H-bonds[1]: "O2'(hydroxyl)-N1[2.84]"
   4 0.U1314          0.G1316         base-overlap-area=2.3(0.0)   H-bonds[0]: ""
   5 0.U1314          0.A1341         base-overlap-area=0.1(0.0)   H-bonds[0]: ""
   6 0.G1316          0.G1339         base-overlap-area=0.0(0.0)   H-bonds[1]: "O2'(hydroxyl)-O6(carbonyl)[2.99]"
   7 0.G1316          0.G1340         base-overlap-area=5.0(2.3)   H-bonds[3]: "O2'(hydroxyl)-N1(imino)[2.96],O2'(hydroxyl)-N2(amino)[2.93],N2(amino)-O2'(hydroxyl)[3.09]"
   8 0.A1317          0.A1341         base-overlap-area=6.4(3.5)   H-bonds[0]: ""
   9 0.A1317          0.C1342         base-overlap-area=0.0(0.0)   H-bonds[2]: "O2'(hydroxyl)-O2(carbonyl)[3.39],N3-O2'(hydroxyl)[2.66]"

****************************************************************************
Note: for the various types of loops listed below, numbers within the first
      set of brackets are the number of loop nts, and numbers in the second
      set of brackets are the identities of the stems (positive number) or
      lone WC/wobble pairs (negative numbers) to which they are linked.

****************************************************************************
List of 1 internal loop
   1 asymmetric internal loop: nts=13; [6,3]; linked by [#-1,#-2]
     nts=13 GAUGGAAGUGGAC 0.G1312,0.A1313,0.U1314,0.G1315,0.G1316,0.A1317,0.A1318,0.G1319,0.U1338,0.G1339,0.G1340,0.A1341,0.C1342
       nts=6 AUGGAA 0.A1313,0.U1314,0.G1315,0.G1316,0.A1317,0.A1318
       nts=3 GGA 0.G1339,0.G1340,0.A1341

****************************************************************************
List of 1 (possible) kink turn
   1 Normal k-turn with GA on NC-helix#1; iloop#1
      C#-1{0.G1312,0.C1342 GC} (0.G1316,0.A1341 GA) NC#-2{0.U1338,0.G1319 UG}
      strand1 nts=8; GAUGGAAG 0.G1312,0.A1313,0.U1314,0.G1315,0.G1316,0.A1317,0.A1318,0.G1319
      strand2 nts=5; UGGAC 0.U1338,0.G1339,0.G1340,0.A1341,0.C1342

****************************************************************************
Secondary structures in dot-bracket notation (dbn) as a whole and per chain
>TWOWAY.1S72.29 nts=13 [whole]
GAUGGAAG&UGGAC
(......(&)...)
>TWOWAY.1S72.29-0 #1 nts=13 [chain] RNA*
GAUGGAAGUGGAC
(......()...)

****************************************************************************
List of 6 additional files
   1 dssr-helices.pdb -- MODEL/ENDMDL delineated helices (pseudo/coaxial)
   2 dssr-pairs.pdb -- MODEL/ENDMDL delineated base pairs
   3 dssr-2ndstrs.ct -- secondary structures in the connect format
   4 dssr-2ndstrs.dbn -- secondary structures in the dot-bracket notation
   5 dssr-torsions.dat -- Backbone torsion angles and suite names
   6 dssr-Kturns.pdb -- MODEL/ENDMDL delineated kink-turn motifs
