****************************************************************************
         DSSR: a software program for Defining the Secondary
         Structures of RNA from three-dimensional coordinates
        v1.0.1-2014jan31, by Xiang-Jun Lu (xiangjun@x3dna.org)

   This program is actively maintained and developed. As always, I
   greatly appreciate your feedback! Please report all DSSR-related
   issues on the 3DNA Forum (http://forum.x3dna.org/). I strive to
   respond promptly to *any* questions posted there.

****************************************************************************
Note: Each nucleotide is identified by model:chainId.name#, where the
      'model:' portion is omitted if no model number is available as
      is normally the case for X-ray crystal structures in the PDB. So
      a common example would be like A.G19, meaning G #19 on chain A.
      One-letter base names for modified nucleotides are put in lower
      case (e.g., 'c' for 5MC). For further information about the
      output notation, please run DSSR with the '-note' option. More
      details can be found in the DSSR user manual. Questions and
      suggestions are always welcome on the 3DNA Forum.

Command: x3dna-dssr -i=TWOWAY.1S72.11.pdb --non-pair -o=TWOWAY.1S72.11_dssr.out
Date and time: Thu Jul 17 15:06:24 2014
File name: TWOWAY.1S72.11.pdb
    no. of DNA/RNA chains: 1 [0=11]
    no. of nucleotides:    11
    no. of atoms:          236
    no. of waters:         0
    no. of metals:         0

****************************************************************************
List of 4 base pairs
      nt1              nt2             bp  name         Saenger    LW DSSR
   1 0.A562           0.U595           A-U WC           20-XX     cWW cW-W
   2 0.C563           0.C594           C-C              00-n/a    cWW cW-W
   3 0.A566           0.G592           A-G Sheared      11-XI     tHS tM-m
   4 0.U567           0.A591           U-A WC           20-XX     cWW cW-W

****************************************************************************
List of 2 helices
  Note: a helix is defined by base-stacking interactions, regardless of bp
        type and backbone connectivity, and may contain more than one stem.
      helix#number[stems-contained] bps=number-of-base-pairs in the helix
      bp-type: '|' for a canonical WC/wobble pair, '.' otherwise
      helix-form: classification of a dinucleotide step comprising the bp
        above the given designation and the bp that follows it. Types
        include 'A', 'B' or 'Z' for the common A-, B- and Z-form helices,
        '.' for an unclassified step, and 'x' for a step without a
        continuous backbone.
      --------------------------------------------------------------------
  helix#1[0] bps=2
      strand-1 5'-AC-3'
       bp-type    |.
      strand-2 3'-UC-5'
      helix-form  .
   1 0.A562           0.U595           A-U WC           20-XX     cWW cW-W
   2 0.C563           0.C594           C-C              00-n/a    cWW cW-W
  --------------------------------------------------------------------------
  helix#2[0] bps=2
      strand-1 5'-AU-3'
       bp-type    .|
      strand-2 3'-GA-5'
      helix-form  .
   1 0.A566           0.G592           A-G Sheared      11-XI     tHS tM-m
   2 0.U567           0.A591           U-A WC           20-XX     cWW cW-W

****************************************************************************
List of 2 lone WC/wobble pairs
  Note: lone WC/wobble pairs are assigned negative indices to differentiate
        them from the stem numbers, which are positive.
        --------------------------------------------------------------------
  -1 0.A562           0.U595           A-U WC           20-XX     cWW cW-W
  -2 0.U567           0.A591           U-A WC           20-XX     cWW cW-W

****************************************************************************
List of 5 non-pairing interactions
   1 0.C563           0.G564          base-overlap-area=4.5(1.7)   H-bonds[0]: ""
   2 0.G564           0.G592          base-overlap-area=0.8(0.0)   H-bonds[0]: ""
   3 0.A565           0.A566          base-overlap-area=6.6(4.7)   H-bonds[0]: ""
   4 0.A565           0.G592          base-overlap-area=0.0(0.0)   H-bonds[1]: "N6(amino)-O2'(hydroxyl)[3.20]"
   5 0.A593           0.C594          base-overlap-area=6.3(2.5)   H-bonds[0]: ""

****************************************************************************
Note: for the various types of loops listed below, numbers within the first
      set of brackets are the number of loop nts, and numbers in the second
      set of brackets are the identities of the stems (positive number) or
      lone WC/wobble pairs (negative numbers) to which they are linked.

****************************************************************************
List of 1 internal loop
   1 asymmetric internal loop: nts=11; [4,3]; linked by [#-1,#-2]
     nts=11 ACGAAUAGACU 0.A562,0.C563,0.G564,0.A565,0.A566,0.U567,0.A591,0.G592,0.A593,0.C594,0.U595
       nts=4 CGAA 0.C563,0.G564,0.A565,0.A566
       nts=3 GAC 0.G592,0.A593,0.C594

****************************************************************************
List of 1 (possible) kink turn
   1 Undecided case with GA on NC-helix#2; iloop#1
      C#-1{0.A562,0.U595 AU} (0.A566,0.G592 AG) NC#-2{0.A591,0.U567 AU}
      strand1 nts=6; ACGAAU 0.A562,0.C563,0.G564,0.A565,0.A566,0.U567
      strand2 nts=5; AGACU 0.A591,0.G592,0.A593,0.C594,0.U595

****************************************************************************
Secondary structures in dot-bracket notation (dbn) as a whole and per chain
>TWOWAY.1S72.11 nts=11 [whole]
ACGAAU&AGACU
(....(&)...)
>TWOWAY.1S72.11-0 #1 nts=11 [chain] RNA*
ACGAAUAGACU
(....()...)

****************************************************************************
List of 6 additional files
   1 dssr-helices.pdb -- MODEL/ENDMDL delineated helices (pseudo/coaxial)
   2 dssr-pairs.pdb -- MODEL/ENDMDL delineated base pairs
   3 dssr-2ndstrs.ct -- secondary structures in the connect format
   4 dssr-2ndstrs.dbn -- secondary structures in the dot-bracket notation
   5 dssr-torsions.dat -- Backbone torsion angles and suite names
   6 dssr-Kturns.pdb -- MODEL/ENDMDL delineated kink-turn motifs
