****************************************************************************
         DSSR: a software program for Defining the Secondary
         Structures of RNA from three-dimensional coordinates
        v1.0.1-2014jan31, by Xiang-Jun Lu (xiangjun@x3dna.org)

   This program is actively maintained and developed. As always, I
   greatly appreciate your feedback! Please report all DSSR-related
   issues on the 3DNA Forum (http://forum.x3dna.org/). I strive to
   respond promptly to *any* questions posted there.

****************************************************************************
Note: Each nucleotide is identified by model:chainId.name#, where the
      'model:' portion is omitted if no model number is available as
      is normally the case for X-ray crystal structures in the PDB. So
      a common example would be like A.G19, meaning G #19 on chain A.
      One-letter base names for modified nucleotides are put in lower
      case (e.g., 'c' for 5MC). For further information about the
      output notation, please run DSSR with the '-note' option. More
      details can be found in the DSSR user manual. Questions and
      suggestions are always welcome on the 3DNA Forum.

Command: x3dna-dssr -i=TWOWAY.4P95.2.pdb --non-pair -o=TWOWAY.4P95.2_dssr.out
Date and time: Thu Jul 17 15:07:02 2014
File name: TWOWAY.4P95.2.pdb
    no. of DNA/RNA chains: 1 [A=13]
    no. of nucleotides:    13
    no. of atoms:          278
    no. of waters:         0
    no. of metals:         0

****************************************************************************
List of 4 base pairs
      nt1              nt2             bp  name         Saenger    LW DSSR
   1 A.G290           A.A308           G+A              00-n/a    tSS tm+m
   2 A.G290           A.C312           G-C WC           19-XIX    cWW cW-W
   3 A.U291           A.A310           U+A rWC          21-XXI    tWW tW+W
   4 A.G293           A.C304           G-C WC           19-XIX    cWW cW-W

****************************************************************************
List of 1 multiplet
   1 nts=3 GAC A.G290,A.A308,A.C312

****************************************************************************
List of 2 lone WC/wobble pairs
  Note: lone WC/wobble pairs are assigned negative indices to differentiate
        them from the stem numbers, which are positive.
        --------------------------------------------------------------------
  -1 A.G290           A.C312           G-C WC           19-XIX    cWW cW-W
  -2 A.G293           A.C304           G-C WC           19-XIX    cWW cW-W

****************************************************************************
List of 11 non-pairing interactions
   1 A.G290           A.U291          base-overlap-area=2.9(1.2)   H-bonds[0]: ""
   2 A.U291           A.G292          base-overlap-area=0.7(0.3)   H-bonds[0]: ""
   3 A.U291           A.A308          base-overlap-area=0.0(0.0)   H-bonds[1]: "O2(carbonyl)-O2'(hydroxyl)[2.97]"
   4 A.G292           A.A310          base-overlap-area=2.0(0.6)   H-bonds[0]: ""
   5 A.G293           A.G305          base-overlap-area=4.0(1.3)   H-bonds[0]: ""
   6 A.C304           A.G305          base-overlap-area=0.3(0.0)   H-bonds[0]: ""
   7 A.G305           A.U306          base-overlap-area=7.3(4.6)   H-bonds[0]: ""
   8 A.U306           A.A308          base-overlap-area=0.0(0.0)   H-bonds[1]: "O2'(hydroxyl)-N7[2.61]"
   9 A.A307           A.A308          base-overlap-area=6.6(4.6)   H-bonds[0]: ""
  10 A.A308           A.C312          base-overlap-area=0.0(0.0)   H-bonds[2]: "O2'(hydroxyl)-O2'(hydroxyl)[2.77],O2'(hydroxyl)-O2(carbonyl)[2.70]"
  11 A.A310           A.C312          base-overlap-area=1.6(0.0)   H-bonds[0]: ""

****************************************************************************
Note: for the various types of loops listed below, numbers within the first
      set of brackets are the number of loop nts, and numbers in the second
      set of brackets are the identities of the stems (positive number) or
      lone WC/wobble pairs (negative numbers) to which they are linked.

****************************************************************************
List of 1 internal loop
   1 asymmetric internal loop: nts=13; [2,7]; linked by [#-1,#-2]
     nts=13 GUGGCGUAACAUC A.G290,A.U291,A.G292,A.G293,A.C304,A.G305,A.U306,A.A307,A.A308,A.C309,A.A310,A.U311,A.C312
       nts=2 UG A.U291,A.G292
       nts=7 GUAACAU A.G305,A.U306,A.A307,A.A308,A.C309,A.A310,A.U311

****************************************************************************
List of 1 A-minor motif
   1  type=I A/G-C	A.A308 vs A.G290+A.C312 [WC]
        +A.G290	H-bonds[2]: "N1-O2'(hydroxyl)[2.73],N3-N2(amino)[3.03]"
        -A.C312	H-bonds[2]: "O2'(hydroxyl)-O2'(hydroxyl)[2.77],O2'(hydroxyl)-O2(carbonyl)[2.70]"

****************************************************************************
Secondary structures in dot-bracket notation (dbn) as a whole and per chain
>TWOWAY.4P95.2 nts=13 [whole]
GUGG&CGUAACAUC
(..(&).......)
>TWOWAY.4P95.2-A #1 nts=13 [chain] RNA*
GUGGCGUAACAUC
(..().......)

****************************************************************************
List of 6 additional files
   1 dssr-pairs.pdb -- MODEL/ENDMDL delineated base pairs
   2 dssr-multiplets.pdb -- MODEL/ENDMDL delineated multiplets
   3 dssr-2ndstrs.ct -- secondary structures in the connect format
   4 dssr-2ndstrs.dbn -- secondary structures in the dot-bracket notation
   5 dssr-torsions.dat -- Backbone torsion angles and suite names
   6 dssr-Aminors.pdb -- MODEL/ENDMDL delineated A minor motifs (type I/II)
