****************************************************************************
         DSSR: a software program for Defining the Secondary
         Structures of RNA from three-dimensional coordinates
        v1.0.1-2014jan31, by Xiang-Jun Lu (xiangjun@x3dna.org)

   This program is actively maintained and developed. As always, I
   greatly appreciate your feedback! Please report all DSSR-related
   issues on the 3DNA Forum (http://forum.x3dna.org/). I strive to
   respond promptly to *any* questions posted there.

****************************************************************************
Note: Each nucleotide is identified by model:chainId.name#, where the
      'model:' portion is omitted if no model number is available as
      is normally the case for X-ray crystal structures in the PDB. So
      a common example would be like A.G19, meaning G #19 on chain A.
      One-letter base names for modified nucleotides are put in lower
      case (e.g., 'c' for 5MC). For further information about the
      output notation, please run DSSR with the '-note' option. More
      details can be found in the DSSR user manual. Questions and
      suggestions are always welcome on the 3DNA Forum.

Command: x3dna-dssr -i=TWOWAY.1S72.25.pdb --non-pair -o=TWOWAY.1S72.25_dssr.out
Date and time: Thu Jul 17 15:06:26 2014
File name: TWOWAY.1S72.25.pdb
    no. of DNA/RNA chains: 1 [0=13]
    no. of nucleotides:    13
    no. of atoms:          276
    no. of waters:         0
    no. of metals:         0

****************************************************************************
List of 7 base pairs
      nt1              nt2             bp  name         Saenger    LW DSSR
   1 0.U1115          0.A1248          U-A WC           20-XX     cWW cW-W
   2 0.U1116          0.A1118          U-A              00-n/a    ... c...
   3 0.U1116          0.A1246          U-A              00-n/a    tWH cW-M
   4 0.A1118          0.U1244          A-U              00-n/a    tHW tM-W
   5 0.G1119          0.U1120          G+U Platform     00-n/a    cSH cm+M
   6 0.U1120          0.A1246          U+A              00-n/a    ... t...
   7 0.G1121          0.C1243          G-C WC           19-XIX    cWW cW-W

****************************************************************************
List of 2 multiplets
   1 nts=3 UAA 0.U1116,0.A1118,0.A1246
   2 nts=3* GUA 0.G1119,0.U1120,0.A1246

****************************************************************************
List of 1 helix
  Note: a helix is defined by base-stacking interactions, regardless of bp
        type and backbone connectivity, and may contain more than one stem.
      helix#number[stems-contained] bps=number-of-base-pairs in the helix
      bp-type: '|' for a canonical WC/wobble pair, '.' otherwise
      helix-form: classification of a dinucleotide step comprising the bp
        above the given designation and the bp that follows it. Types
        include 'A', 'B' or 'Z' for the common A-, B- and Z-form helices,
        '.' for an unclassified step, and 'x' for a step without a
        continuous backbone.
      --------------------------------------------------------------------
  helix#1[0] bps=3
      strand-1 5'-AUG-3'
       bp-type    ..|
      strand-2 3'-UGC-5'
      helix-form  xx
   1 0.A1118          0.U1244          A-U              00-n/a    tHW tM-W
   2 0.U1120          0.G1119          U+G Platform     00-n/a    cHS cM+m
   3 0.G1121          0.C1243          G-C WC           19-XIX    cWW cW-W

****************************************************************************
List of 2 lone WC/wobble pairs
  Note: lone WC/wobble pairs are assigned negative indices to differentiate
        them from the stem numbers, which are positive.
        --------------------------------------------------------------------
  -1 0.U1115          0.A1248          U-A WC           20-XX     cWW cW-W
  -2 0.G1121          0.C1243          G-C WC           19-XIX    cWW cW-W

****************************************************************************
List of 11 non-pairing interactions
   1 0.U1115          0.U1116         base-overlap-area=0.2(0.0)   H-bonds[0]: ""
   2 0.U1116          0.A1117         base-overlap-area=0.0(0.0)   H-bonds[1]: "O4(carbonyl)-N6(amino)[3.09]"
   3 0.A1117          0.A1118         base-overlap-area=1.5(0.0)   H-bonds[0]: ""
   4 0.A1117          0.U1244         base-overlap-area=0.3(0.0)   H-bonds[1]: "N1-O2'(hydroxyl)[2.64]"
   5 0.A1118          0.U1120         base-overlap-area=5.9(4.5)   H-bonds[0]: ""
   6 0.G1119          0.C1243         base-overlap-area=3.2(0.7)   H-bonds[0]: ""
   7 0.G1119          0.U1244         base-overlap-area=4.9(2.2)   H-bonds[0]: ""
   8 0.G1119          0.A1246         base-overlap-area=0.0(0.0)   H-bonds[1]: "N2(amino)-N1[2.78]"
   9 0.G1121          0.A1248         base-overlap-area=0.0(0.0)   H-bonds[2]: "O2'(hydroxyl)-O2'(hydroxyl)[2.61],N2(amino)-O4'[2.96]"
  10 0.C1243          0.A1247         base-overlap-area=0.0(0.0)   H-bonds[1]: "O2'(hydroxyl)-O2'(hydroxyl)[2.73]"
  11 0.A1246          0.A1248         base-overlap-area=5.4(3.2)   H-bonds[0]: ""

****************************************************************************
Note: for the various types of loops listed below, numbers within the first
      set of brackets are the number of loop nts, and numbers in the second
      set of brackets are the identities of the stems (positive number) or
      lone WC/wobble pairs (negative numbers) to which they are linked.

****************************************************************************
List of 1 internal loop
   1 asymmetric internal loop: nts=13; [5,4]; linked by [#-1,#-2]
     nts=13 UUAAGUGCUCAAA 0.U1115,0.U1116,0.A1117,0.A1118,0.G1119,0.U1120,0.G1121,0.C1243,0.U1244,0.C1245,0.A1246,0.A1247,0.A1248
       nts=5 UAAGU 0.U1116,0.A1117,0.A1118,0.G1119,0.U1120
       nts=4 UCAA 0.U1244,0.C1245,0.A1246,0.A1247

****************************************************************************
Secondary structures in dot-bracket notation (dbn) as a whole and per chain
>TWOWAY.1S72.25 nts=13 [whole]
UUAAGUG&CUCAAA
(.....(&)....)
>TWOWAY.1S72.25-0 #1 nts=13 [chain] RNA*
UUAAGUGCUCAAA
(.....()....)

****************************************************************************
List of 6 additional files
   1 dssr-helices.pdb -- MODEL/ENDMDL delineated helices (pseudo/coaxial)
   2 dssr-pairs.pdb -- MODEL/ENDMDL delineated base pairs
   3 dssr-multiplets.pdb -- MODEL/ENDMDL delineated multiplets
   4 dssr-2ndstrs.ct -- secondary structures in the connect format
   5 dssr-2ndstrs.dbn -- secondary structures in the dot-bracket notation
   6 dssr-torsions.dat -- Backbone torsion angles and suite names
