****************************************************************************
         DSSR: a software program for Defining the Secondary
         Structures of RNA from three-dimensional coordinates
        v1.0.1-2014jan31, by Xiang-Jun Lu (xiangjun@x3dna.org)

   This program is actively maintained and developed. As always, I
   greatly appreciate your feedback! Please report all DSSR-related
   issues on the 3DNA Forum (http://forum.x3dna.org/). I strive to
   respond promptly to *any* questions posted there.

****************************************************************************
Note: Each nucleotide is identified by model:chainId.name#, where the
      'model:' portion is omitted if no model number is available as
      is normally the case for X-ray crystal structures in the PDB. So
      a common example would be like A.G19, meaning G #19 on chain A.
      One-letter base names for modified nucleotides are put in lower
      case (e.g., 'c' for 5MC). For further information about the
      output notation, please run DSSR with the '-note' option. More
      details can be found in the DSSR user manual. Questions and
      suggestions are always welcome on the 3DNA Forum.

Command: x3dna-dssr -i=NWAY.2VQE.13.pdb --non-pair -o=NWAY.2VQE.13_dssr.out
Date and time: Sun Jun 29 15:54:11 2014
File name: NWAY.2VQE.13.pdb
    no. of DNA/RNA chains: 1 [A=24]
    no. of nucleotides:    24
    no. of atoms:          526
    no. of waters:         0
    no. of metals:         0

****************************************************************************
List of 15 base pairs
      nt1              nt2             bp  name         Saenger    LW DSSR
   1 A.C1116          A.G1184          C-G WC           19-XIX    cWW cW-W
   2 A.C1118          A.G1155          C-G              00-n/a    cWW cW-W
   3 A.C1119          A.G1154          C-G WC           19-XIX    cWW cW-W
   4 A.G1156          A.A1179          G+A              00-n/a    tSW tm+W
   5 A.G1156          A.A1180          G+A              00-n/a    ... t...
   6 A.A1157          A.G1178          A+G              00-n/a    tWS tW+m
   7 A.U1159          A.C1162          U+C              00-n/a    tW. cW+.
   8 A.U1159          A.G1174          U-G              00-n/a    tWH tW-M
   9 A.G1160          A.A1176          G-A              08-VIII   cWW cW-W
  10 A.G1160          A.G1182          G+G              00-n/a    cHW cM+W
  11 A.C1161          A.G1175          C-G              00-n/a    cWW cW-W
  12 A.C1161          A.G1181          C+G              00-n/a    t.H t.+M
  13 A.C1161          A.G1182          C+G              00-n/a    ... t...
  14 A.C1162          A.G1174          C-G WC           19-XIX    cWW cW-W
  15 A.G1178          A.A1180          G-A              00-n/a    ... t...

****************************************************************************
List of 2 multiplets
   1 nts=3 GGA A.G1156,A.G1178,A.A1180
   2 nts=4* GCGG A.G1160,A.C1161,A.G1181,A.G1182

****************************************************************************
List of 2 helices
  Note: a helix is defined by base-stacking interactions, regardless of bp
        type and backbone connectivity, and may contain more than one stem.
      helix#number[stems-contained] bps=number-of-base-pairs in the helix
      bp-type: '|' for a canonical WC/wobble pair, '.' otherwise
      helix-form: classification of a dinucleotide step comprising the bp
        above the given designation and the bp that follows it. Types
        include 'A', 'B' or 'Z' for the common A-, B- and Z-form helices,
        '.' for an unclassified step, and 'x' for a step without a
        continuous backbone.
      --------------------------------------------------------------------
  helix#1[0] bps=3
      strand-1 5'-GGG-3'
       bp-type    |..
      strand-2 3'-CCA-5'
      helix-form  .x
   1 A.G1154          A.C1119          G-C WC           19-XIX    cWW cW-W
   2 A.G1155          A.C1118          G-C              00-n/a    cWW cW-W
   3 A.G1156          A.A1179          G+A              00-n/a    tSW tm+W
  --------------------------------------------------------------------------
  helix#2[0] bps=3
      strand-1 5'-GCC-3'
       bp-type    ..|
      strand-2 3'-AGG-5'
      helix-form  ..
   1 A.G1160          A.A1176          G-A              08-VIII   cWW cW-W
   2 A.C1161          A.G1175          C-G              00-n/a    cWW cW-W
   3 A.C1162          A.G1174          C-G WC           19-XIX    cWW cW-W

****************************************************************************
List of 3 lone WC/wobble pairs
  Note: lone WC/wobble pairs are assigned negative indices to differentiate
        them from the stem numbers, which are positive.
        --------------------------------------------------------------------
  -1 A.C1116          A.G1184          C-G WC           19-XIX    cWW cW-W
  -2 A.C1119          A.G1154          C-G WC           19-XIX    cWW cW-W
  -3 A.C1162          A.G1174          C-G WC           19-XIX    cWW cW-W

****************************************************************************
List of 18 non-pairing interactions
   1 A.G1117          A.A1180         base-overlap-area=0.0(0.0)   H-bonds[1]: "N2(amino)-O2'(hydroxyl)[2.91]"
   2 A.G1117          A.G1184         base-overlap-area=5.8(2.9)   H-bonds[0]: ""
   3 A.C1118          A.A1179         base-overlap-area=1.0(0.0)   H-bonds[0]: ""
   4 A.C1119          A.G1155         base-overlap-area=0.2(0.0)   H-bonds[0]: ""
   5 A.A1157          A.A1180         base-overlap-area=3.9(2.6)   H-bonds[0]: ""
   6 A.A1157          A.G1181         base-overlap-area=4.6(2.3)   H-bonds[0]: ""
   7 A.C1158          A.U1159         base-overlap-area=0.0(0.0)   H-bonds[1]: "O2'(hydroxyl)-O3'[3.22]"
   8 A.C1158          A.G1160         base-overlap-area=3.2(1.2)   H-bonds[1]: "O2'(hydroxyl)-O5'[3.10]"
   9 A.U1159          A.G1182         base-overlap-area=5.4(2.8)   H-bonds[0]: ""
  10 A.G1160          A.G1181         base-overlap-area=0.0(0.0)   H-bonds[1]: "N1(imino)-O6(carbonyl)[3.13]"
  11 A.C1162          A.G1175         base-overlap-area=1.0(0.0)   H-bonds[0]: ""
  12 A.G1175          A.G1182         base-overlap-area=0.0(0.0)   H-bonds[1]: "O6(carbonyl)*O6(carbonyl)[3.31]"
  13 A.A1176          A.G1177         base-overlap-area=5.9(4.3)   H-bonds[0]: ""
  14 A.G1177          A.G1178         base-overlap-area=5.6(2.7)   H-bonds[0]: ""
  15 A.G1178          A.A1179         base-overlap-area=0.0(0.0)   H-bonds[1]: "O2'(hydroxyl)-N7[3.18]"
  16 A.G1178          A.G1181         base-overlap-area=0.9(0.0)   H-bonds[1]: "N2(amino)-O5'[3.05]"
  17 A.A1179          A.A1180         base-overlap-area=4.2(1.9)   H-bonds[0]: ""
  18 A.G1182          A.A1183         base-overlap-area=0.0(0.0)   H-bonds[1]: "O2'(hydroxyl)-O5'[2.46]"

****************************************************************************
Note: for the various types of loops listed below, numbers within the first
      set of brackets are the number of loop nts, and numbers in the second
      set of brackets are the identities of the stems (positive number) or
      lone WC/wobble pairs (negative numbers) to which they are linked.

****************************************************************************
List of 1 junction
   1 3-way junctions: nts=24; [2,7,9]; linked by [#-1,#-2,#-3]
     nts=24 CGCCGGGACUGCCGGAGGAAGGAG A.C1116,A.G1117,A.C1118,A.C1119,A.G1154,A.G1155,A.G1156,A.A1157,A.C1158,A.U1159,A.G1160,A.C1161,A.C1162,A.G1174,A.G1175,A.A1176,A.G1177,A.G1178,A.A1179,A.A1180,A.G1181,A.G1182,A.A1183,A.G1184
       nts=2 GC A.G1117,A.C1118
       nts=7 GGACUGC A.G1155,A.G1156,A.A1157,A.C1158,A.U1159,A.G1160,A.C1161
       nts=9 GAGGAAGGA A.G1175,A.A1176,A.G1177,A.G1178,A.A1179,A.A1180,A.G1181,A.G1182,A.A1183

****************************************************************************
Secondary structures in dot-bracket notation (dbn) as a whole and per chain
>NWAY.2VQE.13 nts=24 [whole]
CGCC&GGGACUGCC&GGAGGAAGGAG
(..(&).......(&).........)
>NWAY.2VQE.13-A #1 nts=24 [chain] RNA*
CGCCGGGACUGCCGGAGGAAGGAG
(..().......().........)

****************************************************************************
List of 6 additional files
   1 dssr-helices.pdb -- MODEL/ENDMDL delineated helices (pseudo/coaxial)
   2 dssr-pairs.pdb -- MODEL/ENDMDL delineated base pairs
   3 dssr-multiplets.pdb -- MODEL/ENDMDL delineated multiplets
   4 dssr-2ndstrs.ct -- secondary structures in the connect format
   5 dssr-2ndstrs.dbn -- secondary structures in the dot-bracket notation
   6 dssr-torsions.dat -- Backbone torsion angles and suite names
