****************************************************************************
         DSSR: a software program for Defining the Secondary
         Structures of RNA from three-dimensional coordinates
        v1.0.1-2014jan31, by Xiang-Jun Lu (xiangjun@x3dna.org)

   This program is actively maintained and developed. As always, I
   greatly appreciate your feedback! Please report all DSSR-related
   issues on the 3DNA Forum (http://forum.x3dna.org/). I strive to
   respond promptly to *any* questions posted there.

****************************************************************************
Note: Each nucleotide is identified by model:chainId.name#, where the
      'model:' portion is omitted if no model number is available as
      is normally the case for X-ray crystal structures in the PDB. So
      a common example would be like A.G19, meaning G #19 on chain A.
      One-letter base names for modified nucleotides are put in lower
      case (e.g., 'c' for 5MC). For further information about the
      output notation, please run DSSR with the '-note' option. More
      details can be found in the DSSR user manual. Questions and
      suggestions are always welcome on the 3DNA Forum.

Command: x3dna-dssr -i=TC.3RG5.0.pdb --non-pair -o=TC.3RG5.0_dssr.out
Date and time: Sun Jun 29 15:54:32 2014
File name: TC.3RG5.0.pdb
    no. of DNA/RNA chains: 1 [A=14]
    no. of nucleotides:    14
    no. of atoms:          296
    no. of waters:         0
    no. of metals:         0

****************************************************************************
List of 6 base pairs
      nt1              nt2             bp  name         Saenger    LW DSSR
   1 A.U16            A.U59            U+U              13-XIII   tWW tW+W
   2 A.G18            A.U55            G+U              00-n/a    tWS tW+m
   3 A.G19            A.U20            G+U Platform     00-n/a    cSH cm+M
   4 A.G19            A.C56            G-C WC           19-XIX    cWW cW-W
   5 A.G53            A.C61            G-C WC           19-XIX    cWW cW-W
   6 A.U54            A.A58            U-A rHoogsteen   24-XXIV   tWH tW-M

****************************************************************************
List of 1 multiplet
   1 nts=3 GUC A.G19,A.U20,A.C56

****************************************************************************
List of 1 helix
  Note: a helix is defined by base-stacking interactions, regardless of bp
        type and backbone connectivity, and may contain more than one stem.
      helix#number[stems-contained] bps=number-of-base-pairs in the helix
      bp-type: '|' for a canonical WC/wobble pair, '.' otherwise
      helix-form: classification of a dinucleotide step comprising the bp
        above the given designation and the bp that follows it. Types
        include 'A', 'B' or 'Z' for the common A-, B- and Z-form helices,
        '.' for an unclassified step, and 'x' for a step without a
        continuous backbone.
      --------------------------------------------------------------------
  helix#1[0] bps=4
      strand-1 5'-GUUG-3'
       bp-type    |..|
      strand-2 3'-CAGC-5'
      helix-form  xxx
   1 A.G53            A.C61            G-C WC           19-XIX    cWW cW-W
   2 A.U54            A.A58            U-A rHoogsteen   24-XXIV   tWH tW-M
   3 A.U55            A.G18            U+G              00-n/a    tSW tm+W
   4 A.G19            A.C56            G-C WC           19-XIX    cWW cW-W

****************************************************************************
List of 2 lone WC/wobble pairs
  Note: lone WC/wobble pairs are assigned negative indices to differentiate
        them from the stem numbers, which are positive.
        --------------------------------------------------------------------
  -1 A.G19            A.C56            G-C WC           19-XIX    cWW cW-W
  -2 A.G53            A.C61            G-C WC           19-XIX    cWW cW-W

****************************************************************************
List of 8 non-pairing interactions
   1 A.G15            A.U16           base-overlap-area=7.3(3.6)   H-bonds[0]: ""
   2 A.G18            A.A57           base-overlap-area=5.7(2.7)   H-bonds[0]: ""
   3 A.G18            A.A58           base-overlap-area=5.8(2.8)   H-bonds[1]: "N2(amino)-O5'[2.90]"
   4 A.G19            A.A57           base-overlap-area=1.2(0.5)   H-bonds[0]: ""
   5 A.U55            A.A57           base-overlap-area=0.0(0.0)   H-bonds[1]: "O2'(hydroxyl)-N7[2.48]"
   6 A.C56            A.A57           base-overlap-area=2.3(1.3)   H-bonds[0]: ""
   7 A.A58            A.C61           base-overlap-area=5.9(2.8)   H-bonds[1]: "O2'(hydroxyl)-N4(amino)[3.31]"
   8 A.U59            A.U60           base-overlap-area=5.1(2.3)   H-bonds[0]: ""

****************************************************************************
Note: for the various types of loops listed below, numbers within the first
      set of brackets are the number of loop nts, and numbers in the second
      set of brackets are the identities of the stems (positive number) or
      lone WC/wobble pairs (negative numbers) to which they are linked.

****************************************************************************
List of 1 hairpin loop
   1 hairpin loop: nts=9; [7]; linked by [#-2]
     nts=9 GUUCAAUUC A.G53,A.U54,A.U55,A.C56,A.A57,A.A58,A.U59,A.U60,A.C61
       nts=7 UUCAAUU A.U54,A.U55,A.C56,A.A57,A.A58,A.U59,A.U60

****************************************************************************
This structure contains at least one pseudo-knot.

****************************************************************************
List of 2 non-loop single-stranded segments
   1 nts=3 GUG A.G15,A.U16,A.G18
   2 nts=1 U A.U20

****************************************************************************
Secondary structures in dot-bracket notation (dbn) as a whole and per chain
>TC.3RG5.0 nts=14 [whole]
GUGGU&GUUCAAUUC
...[.&(..]....)
>TC.3RG5.0-A #1 nts=14 [chain] RNA*
GUGGUGUUCAAUUC
...[.(..]....)

****************************************************************************
List of 7 additional files
   1 dssr-helices.pdb -- MODEL/ENDMDL delineated helices (pseudo/coaxial)
   2 dssr-pairs.pdb -- MODEL/ENDMDL delineated base pairs
   3 dssr-multiplets.pdb -- MODEL/ENDMDL delineated multiplets
   4 dssr-hairpins.pdb -- MODEL/ENDMDL delineated hairpin loops
   5 dssr-2ndstrs.ct -- secondary structures in the connect format
   6 dssr-2ndstrs.dbn -- secondary structures in the dot-bracket notation
   7 dssr-torsions.dat -- Backbone torsion angles and suite names
