****************************************************************************
         DSSR: a software program for Defining the Secondary
         Structures of RNA from three-dimensional coordinates
        v1.0.1-2014jan31, by Xiang-Jun Lu (xiangjun@x3dna.org)

   This program is actively maintained and developed. As always, I
   greatly appreciate your feedback! Please report all DSSR-related
   issues on the 3DNA Forum (http://forum.x3dna.org/). I strive to
   respond promptly to *any* questions posted there.

****************************************************************************
Note: Each nucleotide is identified by model:chainId.name#, where the
      'model:' portion is omitted if no model number is available as
      is normally the case for X-ray crystal structures in the PDB. So
      a common example would be like A.G19, meaning G #19 on chain A.
      One-letter base names for modified nucleotides are put in lower
      case (e.g., 'c' for 5MC). For further information about the
      output notation, please run DSSR with the '-note' option. More
      details can be found in the DSSR user manual. Questions and
      suggestions are always welcome on the 3DNA Forum.

Command: x3dna-dssr -i=NWAY.4P95.0.pdb --non-pair -o=NWAY.4P95.0_dssr.out
Date and time: Sun Jun 29 15:54:43 2014
File name: NWAY.4P95.0.pdb
    no. of DNA/RNA chains: 1 [A=13]
    no. of nucleotides:    13
    no. of atoms:          279
    no. of waters:         0
    no. of metals:         0

****************************************************************************
List of 3 base pairs
      nt1              nt2             bp  name         Saenger    LW DSSR
   1 A.G7             A.U260           G-U Wobble       28-XXVIII cWW cW-W
   2 A.C11            A.G230           C-G WC           19-XIX    cWW cW-W
   3 A.G233           A.C257           G-C WC           19-XIX    cWW cW-W

****************************************************************************
List of 3 lone WC/wobble pairs
  Note: lone WC/wobble pairs are assigned negative indices to differentiate
        them from the stem numbers, which are positive.
        --------------------------------------------------------------------
  -1 A.G7             A.U260           G-U Wobble       28-XXVIII cWW cW-W
  -2 A.C11            A.G230           C-G WC           19-XIX    cWW cW-W
  -3 A.G233           A.C257           G-C WC           19-XIX    cWW cW-W

****************************************************************************
List of 14 non-pairing interactions
   1 A.G7             A.U8            base-overlap-area=7.1(3.3)   H-bonds[0]: ""
   2 A.U8             A.G233          base-overlap-area=0.0(0.0)   H-bonds[1]: "O2'(hydroxyl)-O2'(hydroxyl)[2.69]"
   3 A.U8             A.A259          base-overlap-area=0.0(0.0)   H-bonds[1]: "O2'(hydroxyl)-N1[2.70]"
   4 A.A9             A.U10           base-overlap-area=5.5(3.1)   H-bonds[0]: ""
   5 A.G230           A.A231          base-overlap-area=5.5(3.6)   H-bonds[0]: ""
   6 A.A231           A.A232          base-overlap-area=0.0(0.0)   H-bonds[1]: "O5'*N7[3.07]"
   7 A.A231           A.A259          base-overlap-area=0.0(0.0)   H-bonds[1]: "O2'(hydroxyl)-N7[2.75]"
   8 A.A232           A.G233          base-overlap-area=3.5(2.4)   H-bonds[0]: ""
   9 A.A232           A.A258          base-overlap-area=0.0(0.0)   H-bonds[1]: "N1-O2'(hydroxyl)[2.74]"
  10 A.A232           A.A259          base-overlap-area=2.6(2.2)   H-bonds[0]: ""
  11 A.G233           A.A258          base-overlap-area=0.8(0.0)   H-bonds[0]: ""
  12 A.C257           A.A258          base-overlap-area=1.4(0.8)   H-bonds[0]: ""
  13 A.A258           A.A259          base-overlap-area=0.0(0.0)   H-bonds[1]: "O2'(hydroxyl)-O4'[2.94]"
  14 A.A258           A.U260          base-overlap-area=0.0(0.0)   H-bonds[1]: "O2'(hydroxyl)-O2'(hydroxyl)[2.90]"

****************************************************************************
Note: for the various types of loops listed below, numbers within the first
      set of brackets are the number of loop nts, and numbers in the second
      set of brackets are the identities of the stems (positive number) or
      lone WC/wobble pairs (negative numbers) to which they are linked.

****************************************************************************
List of 1 junction
   1 3-way junctions: nts=13; [3,2,2]; linked by [#-1,#-2,#-3]
     nts=13 GUAUCGAAGCAAU A.G7,A.U8,A.A9,A.U10,A.C11,A.G230,A.A231,A.A232,A.G233,A.C257,A.A258,A.A259,A.U260
       nts=3 UAU A.U8,A.A9,A.U10
       nts=2 AA A.A231,A.A232
       nts=2 AA A.A258,A.A259

****************************************************************************
Secondary structures in dot-bracket notation (dbn) as a whole and per chain
>NWAY.4P95.0 nts=13 [whole]
GUAUC&GAAG&CAAU
(...(&)..(&)..)
>NWAY.4P95.0-A #1 nts=13 [chain] RNA*
GUAUCGAAGCAAU
(...()..()..)

****************************************************************************
List of 4 additional files
   1 dssr-pairs.pdb -- MODEL/ENDMDL delineated base pairs
   2 dssr-2ndstrs.ct -- secondary structures in the connect format
   3 dssr-2ndstrs.dbn -- secondary structures in the dot-bracket notation
   4 dssr-torsions.dat -- Backbone torsion angles and suite names
