****************************************************************************
         DSSR: a software program for Defining the Secondary
         Structures of RNA from three-dimensional coordinates
        v1.0.1-2014jan31, by Xiang-Jun Lu (xiangjun@x3dna.org)

   This program is actively maintained and developed. As always, I
   greatly appreciate your feedback! Please report all DSSR-related
   issues on the 3DNA Forum (http://forum.x3dna.org/). I strive to
   respond promptly to *any* questions posted there.

****************************************************************************
Note: Each nucleotide is identified by model:chainId.name#, where the
      'model:' portion is omitted if no model number is available as
      is normally the case for X-ray crystal structures in the PDB. So
      a common example would be like A.G19, meaning G #19 on chain A.
      One-letter base names for modified nucleotides are put in lower
      case (e.g., 'c' for 5MC). For further information about the
      output notation, please run DSSR with the '-note' option. More
      details can be found in the DSSR user manual. Questions and
      suggestions are always welcome on the 3DNA Forum.

Command: x3dna-dssr -i=HAIRPIN.3AGV.0.pdb --non-pair -o=HAIRPIN.3AGV.0_dssr.out
Date and time: Sun Jun 29 15:54:20 2014
File name: HAIRPIN.3AGV.0.pdb
    no. of DNA/RNA chains: 1 [U=4]
    no. of nucleotides:    4
    no. of atoms:          89
    no. of waters:         0
    no. of metals:         0

****************************************************************************
List of 1 base pair
      nt1              nt2             bp  name         Saenger    LW DSSR
   1 U.G12            U.A15            G+A              00-n/a    tSW tm+W

****************************************************************************
List of 3 non-pairing interactions
   1 U.G12            U.A14           base-overlap-area=0.0(0.0)   H-bonds[1]: "O2'(hydroxyl)-N7[3.02]"
   2 U.A13            U.A14           base-overlap-area=3.1(2.7)   H-bonds[1]: "O2'(hydroxyl)-O4'[3.12]"
   3 U.A14            U.A15           base-overlap-area=5.7(4.7)   H-bonds[0]: ""

****************************************************************************
List of 1 non-loop single-stranded segment
   1 nts=4 GAAA U.G12,U.A13,U.A14,U.A15

****************************************************************************
Secondary structures in dot-bracket notation (dbn) as a whole and per chain
>HAIRPIN.3AGV.0 nts=4 [whole]
GAAA
....
>HAIRPIN.3AGV.0-U #1 nts=4 [chain] RNA
GAAA
....

****************************************************************************
List of 4 additional files
   1 dssr-pairs.pdb -- MODEL/ENDMDL delineated base pairs
   2 dssr-2ndstrs.ct -- secondary structures in the connect format
   3 dssr-2ndstrs.dbn -- secondary structures in the dot-bracket notation
   4 dssr-torsions.dat -- Backbone torsion angles and suite names
