****************************************************************************
         DSSR: a software program for Defining the Secondary
         Structures of RNA from three-dimensional coordinates
        v1.0.1-2014jan31, by Xiang-Jun Lu (xiangjun@x3dna.org)

   This program is actively maintained and developed. As always, I
   greatly appreciate your feedback! Please report all DSSR-related
   issues on the 3DNA Forum (http://forum.x3dna.org/). I strive to
   respond promptly to *any* questions posted there.

****************************************************************************
Note: Each nucleotide is identified by model:chainId.name#, where the
      'model:' portion is omitted if no model number is available as
      is normally the case for X-ray crystal structures in the PDB. So
      a common example would be like A.G19, meaning G #19 on chain A.
      One-letter base names for modified nucleotides are put in lower
      case (e.g., 'c' for 5MC). For further information about the
      output notation, please run DSSR with the '-note' option. More
      details can be found in the DSSR user manual. Questions and
      suggestions are always welcome on the 3DNA Forum.

Command: x3dna-dssr -i=TWOWAY.3RW6.5.pdb --non-pair -o=TWOWAY.3RW6.5_dssr.out
Date and time: Thu Jul 17 15:06:56 2014
File name: TWOWAY.3RW6.5.pdb
    no. of DNA/RNA chains: 1 [F=6]
    no. of nucleotides:    6
    no. of atoms:          129
    no. of waters:         0
    no. of metals:         0

****************************************************************************
List of 3 base pairs
      nt1              nt2             bp  name         Saenger    LW DSSR
   1 F.A20            F.U41            A-U WC           20-XX     cWW cW-W
   2 F.G21            F.U38            G-U Wobble       28-XXVIII cWW cW-W
   3 F.G21            F.A40            G-A Sheared      11-XI     tSH tm-M

****************************************************************************
List of 1 multiplet
   1 nts=3 GUA F.G21,F.U38,F.A40

****************************************************************************
List of 2 lone WC/wobble pairs
  Note: lone WC/wobble pairs are assigned negative indices to differentiate
        them from the stem numbers, which are positive.
        --------------------------------------------------------------------
  -1 F.A20            F.U41            A-U WC           20-XX     cWW cW-W
  -2 F.G21            F.U38            G-U Wobble       28-XXVIII cWW cW-W

****************************************************************************
List of 2 non-pairing interactions
   1 F.A20            F.G21           base-overlap-area=4.1(1.4)   H-bonds[0]: ""
   2 F.A40            F.U41           base-overlap-area=7.2(3.2)   H-bonds[0]: ""

****************************************************************************
Note: for the various types of loops listed below, numbers within the first
      set of brackets are the number of loop nts, and numbers in the second
      set of brackets are the identities of the stems (positive number) or
      lone WC/wobble pairs (negative numbers) to which they are linked.

****************************************************************************
List of 1 bulge
   1 bulge: nts=6; [0,2]; linked by [#-1,#-2]
     nts=6 AGUAAU F.A20,F.G21,F.U38,F.A39,F.A40,F.U41
       nts=0
       nts=2 AA F.A39,F.A40

****************************************************************************
Secondary structures in dot-bracket notation (dbn) as a whole and per chain
>TWOWAY.3RW6.5 nts=6 [whole]
AG&UAAU
((&)..)
>TWOWAY.3RW6.5-F #1 nts=6 [chain] RNA*
AGUAAU
(()..)

****************************************************************************
List of 5 additional files
   1 dssr-pairs.pdb -- MODEL/ENDMDL delineated base pairs
   2 dssr-multiplets.pdb -- MODEL/ENDMDL delineated multiplets
   3 dssr-2ndstrs.ct -- secondary structures in the connect format
   4 dssr-2ndstrs.dbn -- secondary structures in the dot-bracket notation
   5 dssr-torsions.dat -- Backbone torsion angles and suite names
