****************************************************************************
         DSSR: a software program for Defining the Secondary
         Structures of RNA from three-dimensional coordinates
        v1.0.1-2014jan31, by Xiang-Jun Lu (xiangjun@x3dna.org)

   This program is actively maintained and developed. As always, I
   greatly appreciate your feedback! Please report all DSSR-related
   issues on the 3DNA Forum (http://forum.x3dna.org/). I strive to
   respond promptly to *any* questions posted there.

****************************************************************************
Note: Each nucleotide is identified by model:chainId.name#, where the
      'model:' portion is omitted if no model number is available as
      is normally the case for X-ray crystal structures in the PDB. So
      a common example would be like A.G19, meaning G #19 on chain A.
      One-letter base names for modified nucleotides are put in lower
      case (e.g., 'c' for 5MC). For further information about the
      output notation, please run DSSR with the '-note' option. More
      details can be found in the DSSR user manual. Questions and
      suggestions are always welcome on the 3DNA Forum.

Command: x3dna-dssr -i=NWAY.1S72.13.pdb --non-pair -o=NWAY.1S72.13_dssr.out
Date and time: Sun Jun 29 15:52:02 2014
File name: NWAY.1S72.13.pdb
    no. of DNA/RNA chains: 1 [0=19]
    no. of nucleotides:    19
    no. of atoms:          408
    no. of waters:         0
    no. of metals:         0

****************************************************************************
List of 8 base pairs
      nt1              nt2             bp  name         Saenger    LW DSSR
   1 0.G1159          0.A1189          G-A              00-n/a    ... t...
   2 0.G1159          0.C1208          G-C WC           19-XIX    cWW cW-W
   3 0.G1160          0.A1207          G-A              00-n/a    tSH tm-M
   4 0.A1161          0.U1185          A-U WC           20-XX     cWW cW-W
   5 0.C1186          0.G1190          C+G rWC          22-XXII   tWW tW+W
   6 0.A1191          0.U1206          A-U              00-n/a    ... c...
   7 0.A1193          0.A1194          A+A Platform     00-n/a    cSH cm+M
   8 0.G1195          0.C1204          G-C WC           19-XIX    cWW cW-W

****************************************************************************
List of 1 multiplet
   1 nts=3 GAC 0.G1159,0.A1189,0.C1208

****************************************************************************
List of 1 helix
  Note: a helix is defined by base-stacking interactions, regardless of bp
        type and backbone connectivity, and may contain more than one stem.
      helix#number[stems-contained] bps=number-of-base-pairs in the helix
      bp-type: '|' for a canonical WC/wobble pair, '.' otherwise
      helix-form: classification of a dinucleotide step comprising the bp
        above the given designation and the bp that follows it. Types
        include 'A', 'B' or 'Z' for the common A-, B- and Z-form helices,
        '.' for an unclassified step, and 'x' for a step without a
        continuous backbone.
      --------------------------------------------------------------------
  helix#1[0] bps=4
      strand-1 5'-GGAA-3'
       bp-type    |...
      strand-2 3'-CAUA-5'
      helix-form  .xx
   1 0.G1159          0.C1208          G-C WC           19-XIX    cWW cW-W
   2 0.G1160          0.A1207          G-A              00-n/a    tSH tm-M
   3 0.A1191          0.U1206          A-U              00-n/a    ... c...
   4 0.A1193          0.A1194          A+A Platform     00-n/a    cSH cm+M

****************************************************************************
List of 3 lone WC/wobble pairs
  Note: lone WC/wobble pairs are assigned negative indices to differentiate
        them from the stem numbers, which are positive.
        --------------------------------------------------------------------
  -1 0.G1159          0.C1208          G-C WC           19-XIX    cWW cW-W
  -2 0.A1161          0.U1185          A-U WC           20-XX     cWW cW-W
  -3 0.G1195          0.C1204          G-C WC           19-XIX    cWW cW-W

****************************************************************************
List of 13 non-pairing interactions
   1 0.G1160          0.G1190         base-overlap-area=0.0(0.0)   H-bonds[1]: "O2'(hydroxyl)-O2'(hydroxyl)[3.20]"
   2 0.U1185          0.C1186         base-overlap-area=3.8(1.2)   H-bonds[0]: ""
   3 0.C1186          0.U1187         base-overlap-area=6.6(2.8)   H-bonds[0]: ""
   4 0.A1188          0.A1189         base-overlap-area=6.0(4.6)   H-bonds[0]: ""
   5 0.A1189          0.G1190         base-overlap-area=2.4(0.5)   H-bonds[0]: ""
   6 0.A1189          0.C1208         base-overlap-area=0.0(0.0)   H-bonds[3]: "O3'-O2'(hydroxyl)[3.06],O2'(hydroxyl)-O2'(hydroxyl)[2.84],O2'(hydroxyl)-O2(carbonyl)[2.99]"
   7 0.G1190          0.A1207         base-overlap-area=0.0(0.0)   H-bonds[2]: "O2'(hydroxyl)-N1[3.04],O2'(hydroxyl)-N6(amino)[2.78]"
   8 0.A1191          0.A1193         base-overlap-area=5.6(2.9)   H-bonds[0]: ""
   9 0.A1191          0.A1207         base-overlap-area=0.8(0.6)   H-bonds[0]: ""
  10 0.A1194          0.G1195         base-overlap-area=1.3(1.2)   H-bonds[0]: ""
  11 0.A1194          0.U1205         base-overlap-area=0.0(0.0)   H-bonds[1]: "N1*O2(carbonyl)[3.30]"
  12 0.A1194          0.U1206         base-overlap-area=3.9(0.9)   H-bonds[0]: ""
  13 0.C1204          0.U1205         base-overlap-area=1.6(0.6)   H-bonds[0]: ""

****************************************************************************
Note: for the various types of loops listed below, numbers within the first
      set of brackets are the number of loop nts, and numbers in the second
      set of brackets are the identities of the stems (positive number) or
      lone WC/wobble pairs (negative numbers) to which they are linked.

****************************************************************************
List of 1 junction
   1 3-way junctions: nts=19; [1,9,3]; linked by [#-1,#-2,#-3]
     nts=19 GGAUCUAAGAAAAGCUUAC 0.G1159,0.G1160,0.A1161,0.U1185,0.C1186,0.U1187,0.A1188,0.A1189,0.G1190,0.A1191,0.A1192,0.A1193,0.A1194,0.G1195,0.C1204,0.U1205,0.U1206,0.A1207,0.C1208
       nts=1 G 0.G1160
       nts=9 CUAAGAAAA 0.C1186,0.U1187,0.A1188,0.A1189,0.G1190,0.A1191,0.A1192,0.A1193,0.A1194
       nts=3 UUA 0.U1205,0.U1206,0.A1207

****************************************************************************
Secondary structures in dot-bracket notation (dbn) as a whole and per chain
>NWAY.1S72.13 nts=19 [whole]
GGA&UCUAAGAAAAG&CUUAC
(.(&).........(&)...)
>NWAY.1S72.13-0 #1 nts=19 [chain] RNA*
GGAUCUAAGAAAAGCUUAC
(.().........()...)

****************************************************************************
List of 6 additional files
   1 dssr-helices.pdb -- MODEL/ENDMDL delineated helices (pseudo/coaxial)
   2 dssr-pairs.pdb -- MODEL/ENDMDL delineated base pairs
   3 dssr-multiplets.pdb -- MODEL/ENDMDL delineated multiplets
   4 dssr-2ndstrs.ct -- secondary structures in the connect format
   5 dssr-2ndstrs.dbn -- secondary structures in the dot-bracket notation
   6 dssr-torsions.dat -- Backbone torsion angles and suite names
