****************************************************************************
         DSSR: a software program for Defining the Secondary
         Structures of RNA from three-dimensional coordinates
        v1.0.1-2014jan31, by Xiang-Jun Lu (xiangjun@x3dna.org)

   This program is actively maintained and developed. As always, I
   greatly appreciate your feedback! Please report all DSSR-related
   issues on the 3DNA Forum (http://forum.x3dna.org/). I strive to
   respond promptly to *any* questions posted there.

****************************************************************************
Note: Each nucleotide is identified by model:chainId.name#, where the
      'model:' portion is omitted if no model number is available as
      is normally the case for X-ray crystal structures in the PDB. So
      a common example would be like A.G19, meaning G #19 on chain A.
      One-letter base names for modified nucleotides are put in lower
      case (e.g., 'c' for 5MC). For further information about the
      output notation, please run DSSR with the '-note' option. More
      details can be found in the DSSR user manual. Questions and
      suggestions are always welcome on the 3DNA Forum.

Command: x3dna-dssr -i=TC.1S72.51.pdb --non-pair -o=TC.1S72.51_dssr.out
Date and time: Sun Jun 29 15:53:16 2014
File name: TC.1S72.51.pdb
    no. of DNA/RNA chains: 1 [0=20]
    no. of nucleotides:    20
    no. of atoms:          427
    no. of waters:         0
    no. of metals:         0

****************************************************************************
List of 11 base pairs
      nt1              nt2             bp  name         Saenger    LW DSSR
   1 0.C418           0.G2449          C-G WC           19-XIX    cWW cW-W
   2 0.A419           0.C1920          A-C              00-n/a    cSW cm-W
   3 0.A419           0.U2448          A-U WC           20-XX     cWW cW-W
   4 0.U420           0.A2447          U-A WC           20-XX     cWW cW-W
   5 0.C421           0.G2446          C-G WC           19-XIX    cWW cW-W
   6 0.G422           0.U2445          G-U Wobble       28-XXVIII cWW cW-W
   7 0.A423           0.U2444          A-U WC           20-XX     cWW cW-W
   8 0.C1916          0.G1923          C-G WC           19-XIX    cWW cW-W
   9 0.G1917          0.A1922          G-A Sheared      11-XI     tSH tm-M
  10 0.U1918          0.A1921          U-A              00-n/a    ... t...
  11 0.A1921          0.G2449          A+G              00-n/a    tWS tW+m

****************************************************************************
List of 2 multiplets
   1 nts=3 ACU 0.A419,0.C1920,0.U2448
   2 nts=4 CUAG 0.C418,0.U1918,0.A1921,0.G2449

****************************************************************************
List of 2 helices
  Note: a helix is defined by base-stacking interactions, regardless of bp
        type and backbone connectivity, and may contain more than one stem.
      helix#number[stems-contained] bps=number-of-base-pairs in the helix
      bp-type: '|' for a canonical WC/wobble pair, '.' otherwise
      helix-form: classification of a dinucleotide step comprising the bp
        above the given designation and the bp that follows it. Types
        include 'A', 'B' or 'Z' for the common A-, B- and Z-form helices,
        '.' for an unclassified step, and 'x' for a step without a
        continuous backbone.
      --------------------------------------------------------------------
  helix#1[1] bps=6
      strand-1 5'-CAUCGA-3'
       bp-type    ||||||
      strand-2 3'-GUAGUU-5'
      helix-form  AAA..
   1 0.C418           0.G2449          C-G WC           19-XIX    cWW cW-W
   2 0.A419           0.U2448          A-U WC           20-XX     cWW cW-W
   3 0.U420           0.A2447          U-A WC           20-XX     cWW cW-W
   4 0.C421           0.G2446          C-G WC           19-XIX    cWW cW-W
   5 0.G422           0.U2445          G-U Wobble       28-XXVIII cWW cW-W
   6 0.A423           0.U2444          A-U WC           20-XX     cWW cW-W
  --------------------------------------------------------------------------
  helix#2[0] bps=3
      strand-1 5'-CGU-3'
       bp-type    |..
      strand-2 3'-GAA-5'
      helix-form  ..
   1 0.C1916          0.G1923          C-G WC           19-XIX    cWW cW-W
   2 0.G1917          0.A1922          G-A Sheared      11-XI     tSH tm-M
   3 0.U1918          0.A1921          U-A              00-n/a    ... t...

****************************************************************************
List of 1 stem
  Note: a stem is defined as a helix consisting of only canonical WC/wobble
        pairs, with a continuous backbone.
      stem#number[#helix-number containing this stem]
      Other terms are defined as in the above Helix section.
      --------------------------------------------------------------------
  stem#1[#1] bps=6
      strand-1 5'-CAUCGA-3'
       bp-type    ||||||
      strand-2 3'-GUAGUU-5'
      helix-form  AAA..
   1 0.C418           0.G2449          C-G WC           19-XIX    cWW cW-W
   2 0.A419           0.U2448          A-U WC           20-XX     cWW cW-W
   3 0.U420           0.A2447          U-A WC           20-XX     cWW cW-W
   4 0.C421           0.G2446          C-G WC           19-XIX    cWW cW-W
   5 0.G422           0.U2445          G-U Wobble       28-XXVIII cWW cW-W
   6 0.A423           0.U2444          A-U WC           20-XX     cWW cW-W

****************************************************************************
List of 1 lone WC/wobble pair
  Note: lone WC/wobble pairs are assigned negative indices to differentiate
        them from the stem numbers, which are positive.
        --------------------------------------------------------------------
  -1 0.C1916          0.G1923          C-G WC           19-XIX    cWW cW-W

****************************************************************************
List of 6 non-pairing interactions
   1 0.A419           0.G2449         base-overlap-area=2.8(0.9)   H-bonds[0]: ""
   2 0.G422           0.G2446         base-overlap-area=4.9(2.1)   H-bonds[0]: ""
   3 0.G1917          0.G1923         base-overlap-area=1.2(0.0)   H-bonds[0]: ""
   4 0.U1918          0.A1922         base-overlap-area=0.0(0.0)   H-bonds[1]: "O4'-N6(amino)[3.09]"
   5 0.C1920          0.A1921         base-overlap-area=0.9(0.4)   H-bonds[0]: ""
   6 0.A1922          0.G2449         base-overlap-area=0.0(0.0)   H-bonds[1]: "N1-O2'(hydroxyl)[2.72]"

****************************************************************************
Note: for the various types of loops listed below, numbers within the first
      set of brackets are the number of loop nts, and numbers in the second
      set of brackets are the identities of the stems (positive number) or
      lone WC/wobble pairs (negative numbers) to which they are linked.

****************************************************************************
List of 1 hairpin loop
   1 hairpin loop: nts=8; [6]; linked by [#-1]
     nts=8 CGUACAAG 0.C1916,0.G1917,0.U1918,0.A1919,0.C1920,0.A1921,0.A1922,0.G1923
       nts=6 GUACAA 0.G1917,0.U1918,0.A1919,0.C1920,0.A1921,0.A1922

****************************************************************************
Secondary structures in dot-bracket notation (dbn) as a whole and per chain
>TC.1S72.51 nts=20 [whole]
CAUCGA&CGUACAAG&UUGAUG
((((((&(......)&))))))
>TC.1S72.51-0 #1 nts=20 [chain] RNA*
CAUCGACGUACAAGUUGAUG
(((((((......)))))))

****************************************************************************
List of 8 additional files
   1 dssr-stems.pdb -- MODEL/ENDMDL delineated stems
   2 dssr-helices.pdb -- MODEL/ENDMDL delineated helices (pseudo/coaxial)
   3 dssr-pairs.pdb -- MODEL/ENDMDL delineated base pairs
   4 dssr-multiplets.pdb -- MODEL/ENDMDL delineated multiplets
   5 dssr-hairpins.pdb -- MODEL/ENDMDL delineated hairpin loops
   6 dssr-2ndstrs.ct -- secondary structures in the connect format
   7 dssr-2ndstrs.dbn -- secondary structures in the dot-bracket notation
   8 dssr-torsions.dat -- Backbone torsion angles and suite names
