****************************************************************************
         DSSR: a software program for Defining the Secondary
         Structures of RNA from three-dimensional coordinates
        v1.0.1-2014jan31, by Xiang-Jun Lu (xiangjun@x3dna.org)

   This program is actively maintained and developed. As always, I
   greatly appreciate your feedback! Please report all DSSR-related
   issues on the 3DNA Forum (http://forum.x3dna.org/). I strive to
   respond promptly to *any* questions posted there.

****************************************************************************
Note: Each nucleotide is identified by model:chainId.name#, where the
      'model:' portion is omitted if no model number is available as
      is normally the case for X-ray crystal structures in the PDB. So
      a common example would be like A.G19, meaning G #19 on chain A.
      One-letter base names for modified nucleotides are put in lower
      case (e.g., 'c' for 5MC). For further information about the
      output notation, please run DSSR with the '-note' option. More
      details can be found in the DSSR user manual. Questions and
      suggestions are always welcome on the 3DNA Forum.

Command: x3dna-dssr -i=TC.2Z75.0.pdb --non-pair -o=TC.2Z75.0_dssr.out
Date and time: Sun Jun 29 15:54:19 2014
File name: TC.2Z75.0.pdb
    no. of DNA/RNA chains: 2 [A=11,B=17]
    no. of nucleotides:    28
    no. of atoms:          598
    no. of waters:         0
    no. of metals:         0

****************************************************************************
List of 15 base pairs
      nt1              nt2             bp  name         Saenger    LW DSSR
   1 A.G8             B.U33            G-U Wobble       28-XXVIII cWW cW-W
   2 A.A9             B.U32            A-U WC           20-XX     cWW cW-W
   3 A.C10            B.G31            C-G WC           19-XIX    cWW cW-W
   4 A.U11            B.A30            U-A WC           20-XX     cWW cW-W
   5 A.U11            B.G116           U-G              00-n/a    cSS cm-m
   6 A.U12            B.A29            U-A WC           20-XX     cWW cW-W
   7 A.A13            B.U28            A-U WC           20-XX     cWW cW-W
   8 A.A14            B.U27            A-U WC           20-XX     cWW cW-W
   9 A.A15            B.U26            A-U WC           20-XX     cWW cW-W
  10 A.G16            B.C25            G-C WC           19-XIX    cWW cW-W
  11 A.C17            B.G24            C-G WC           19-XIX    cWW cW-W
  12 A.C18            B.G23            C-G WC           19-XIX    cWW cW-W
  13 B.G31            B.A117           G+A              00-n/a    tS. tm+.
  14 B.G113           B.C118           G-C WC           19-XIX    cWW cW-W
  15 B.G114           B.A117           G-A              00-n/a    tSH tm-M

****************************************************************************
List of 2 multiplets
   1 nts=3 UAG A.U11,B.A30,B.G116
   2 nts=4 CGGA A.C10,B.G31,B.G114,B.A117

****************************************************************************
List of 2 helices
  Note: a helix is defined by base-stacking interactions, regardless of bp
        type and backbone connectivity, and may contain more than one stem.
      helix#number[stems-contained] bps=number-of-base-pairs in the helix
      bp-type: '|' for a canonical WC/wobble pair, '.' otherwise
      helix-form: classification of a dinucleotide step comprising the bp
        above the given designation and the bp that follows it. Types
        include 'A', 'B' or 'Z' for the common A-, B- and Z-form helices,
        '.' for an unclassified step, and 'x' for a step without a
        continuous backbone.
      --------------------------------------------------------------------
  helix#1[1] bps=11
      strand-1 5'-GACUUAAAGCC-3'
       bp-type    |||||||||||
      strand-2 3'-UUGAAUUUCGG-5'
      helix-form  .A.AAAAA..
   1 A.G8             B.U33            G-U Wobble       28-XXVIII cWW cW-W
   2 A.A9             B.U32            A-U WC           20-XX     cWW cW-W
   3 A.C10            B.G31            C-G WC           19-XIX    cWW cW-W
   4 A.U11            B.A30            U-A WC           20-XX     cWW cW-W
   5 A.U12            B.A29            U-A WC           20-XX     cWW cW-W
   6 A.A13            B.U28            A-U WC           20-XX     cWW cW-W
   7 A.A14            B.U27            A-U WC           20-XX     cWW cW-W
   8 A.A15            B.U26            A-U WC           20-XX     cWW cW-W
   9 A.G16            B.C25            G-C WC           19-XIX    cWW cW-W
  10 A.C17            B.G24            C-G WC           19-XIX    cWW cW-W
  11 A.C18            B.G23            C-G WC           19-XIX    cWW cW-W
  --------------------------------------------------------------------------
  helix#2[0] bps=2
      strand-1 5'-GG-3'
       bp-type    |.
      strand-2 3'-CA-5'
      helix-form  .
   1 B.G113           B.C118           G-C WC           19-XIX    cWW cW-W
   2 B.G114           B.A117           G-A              00-n/a    tSH tm-M

****************************************************************************
List of 1 stem
  Note: a stem is defined as a helix consisting of only canonical WC/wobble
        pairs, with a continuous backbone.
      stem#number[#helix-number containing this stem]
      Other terms are defined as in the above Helix section.
      --------------------------------------------------------------------
  stem#1[#1] bps=11
      strand-1 5'-GACUUAAAGCC-3'
       bp-type    |||||||||||
      strand-2 3'-UUGAAUUUCGG-5'
      helix-form  .A.AAAAA..
   1 A.G8             B.U33            G-U Wobble       28-XXVIII cWW cW-W
   2 A.A9             B.U32            A-U WC           20-XX     cWW cW-W
   3 A.C10            B.G31            C-G WC           19-XIX    cWW cW-W
   4 A.U11            B.A30            U-A WC           20-XX     cWW cW-W
   5 A.U12            B.A29            U-A WC           20-XX     cWW cW-W
   6 A.A13            B.U28            A-U WC           20-XX     cWW cW-W
   7 A.A14            B.U27            A-U WC           20-XX     cWW cW-W
   8 A.A15            B.U26            A-U WC           20-XX     cWW cW-W
   9 A.G16            B.C25            G-C WC           19-XIX    cWW cW-W
  10 A.C17            B.G24            C-G WC           19-XIX    cWW cW-W
  11 A.C18            B.G23            C-G WC           19-XIX    cWW cW-W

****************************************************************************
List of 1 lone WC/wobble pair
  Note: lone WC/wobble pairs are assigned negative indices to differentiate
        them from the stem numbers, which are positive.
        --------------------------------------------------------------------
  -1 B.G113           B.C118           G-C WC           19-XIX    cWW cW-W

****************************************************************************
List of 12 non-pairing interactions
   1 A.C10            B.A117          base-overlap-area=0.0(0.0)   H-bonds[1]: "O2'(hydroxyl)-O2'(hydroxyl)[2.69]"
   2 A.U11            B.G31           base-overlap-area=0.9(0.0)   H-bonds[0]: ""
   3 A.U11            B.A117          base-overlap-area=0.0(0.0)   H-bonds[1]: "O4'*O4'[3.24]"
   4 A.U12            B.C115          base-overlap-area=0.0(0.0)   H-bonds[1]: "O2'(hydroxyl)-N3[3.04]"
   5 A.A13            B.A29           base-overlap-area=0.4(0.4)   H-bonds[0]: ""
   6 A.G16            B.U26           base-overlap-area=0.1(0.0)   H-bonds[0]: ""
   7 A.C18            B.G24           base-overlap-area=0.4(0.0)   H-bonds[0]: ""
   8 B.U32            B.C118          base-overlap-area=0.0(0.0)   H-bonds[2]: "O3'-O2'(hydroxyl)[3.17],O2'(hydroxyl)-O2'(hydroxyl)[2.90]"
   9 B.G114           B.G116          base-overlap-area=0.0(0.0)   H-bonds[1]: "O2'(hydroxyl)-N7[2.79]"
  10 B.G114           B.C118          base-overlap-area=0.3(0.0)   H-bonds[0]: ""
  11 B.C115           B.G116          base-overlap-area=6.9(3.8)   H-bonds[0]: ""
  12 B.G116           B.A117          base-overlap-area=5.2(2.2)   H-bonds[0]: ""

****************************************************************************
Note: for the various types of loops listed below, numbers within the first
      set of brackets are the number of loop nts, and numbers in the second
      set of brackets are the identities of the stems (positive number) or
      lone WC/wobble pairs (negative numbers) to which they are linked.

****************************************************************************
List of 1 hairpin loop
   1 hairpin loop: nts=6; [4]; linked by [#-1]
     nts=6 GGCGAC B.G113,B.G114,B.C115,B.G116,B.A117,B.C118
       nts=4 GCGA B.G114,B.C115,B.G116,B.A117

****************************************************************************
List of 1 A-minor motif
   1  type=I A/C-G	B.A117 vs A.C10+B.G31 [WC]
        -A.C10	H-bonds[1]: "O2'(hydroxyl)-O2'(hydroxyl)[2.69]"
        +B.G31	H-bonds[2]: "N1-O2'(hydroxyl)[2.56],N3-N2(amino)[3.17]"

****************************************************************************
List of 1 ribose zipper
   1 nts=4 CUGA A.C10,A.U11,B.G116,B.A117

****************************************************************************
Secondary structures in dot-bracket notation (dbn) as a whole and per chain
>TC.2Z75.0 nts=28 [whole]
GACUUAAAGCC&GGCUUUAAGUU&GGCGAC
(((((((((((&)))))))))))&(....)
>TC.2Z75.0-A #1 nts=11 [chain] RNA
GACUUAAAGCC
(((((((((((
>TC.2Z75.0-B #2 nts=17 [chain] RNA*
GGCUUUAAGUUGGCGAC
)))))))))))(....)

****************************************************************************
List of 9 additional files
   1 dssr-stems.pdb -- MODEL/ENDMDL delineated stems
   2 dssr-helices.pdb -- MODEL/ENDMDL delineated helices (pseudo/coaxial)
   3 dssr-pairs.pdb -- MODEL/ENDMDL delineated base pairs
   4 dssr-multiplets.pdb -- MODEL/ENDMDL delineated multiplets
   5 dssr-hairpins.pdb -- MODEL/ENDMDL delineated hairpin loops
   6 dssr-2ndstrs.ct -- secondary structures in the connect format
   7 dssr-2ndstrs.dbn -- secondary structures in the dot-bracket notation
   8 dssr-torsions.dat -- Backbone torsion angles and suite names
   9 dssr-Aminors.pdb -- MODEL/ENDMDL delineated A minor motifs (type I/II)
