****************************************************************************
         DSSR: a software program for Defining the Secondary
         Structures of RNA from three-dimensional coordinates
        v1.0.1-2014jan31, by Xiang-Jun Lu (xiangjun@x3dna.org)

   This program is actively maintained and developed. As always, I
   greatly appreciate your feedback! Please report all DSSR-related
   issues on the 3DNA Forum (http://forum.x3dna.org/). I strive to
   respond promptly to *any* questions posted there.

****************************************************************************
Note: Each nucleotide is identified by model:chainId.name#, where the
      'model:' portion is omitted if no model number is available as
      is normally the case for X-ray crystal structures in the PDB. So
      a common example would be like A.G19, meaning G #19 on chain A.
      One-letter base names for modified nucleotides are put in lower
      case (e.g., 'c' for 5MC). For further information about the
      output notation, please run DSSR with the '-note' option. More
      details can be found in the DSSR user manual. Questions and
      suggestions are always welcome on the 3DNA Forum.

Command: x3dna-dssr -i=tc.2.pdb --non-pair -o=tc.2_dssr.out
Date and time: Thu Jul 17 15:06:26 2014
File name: tc.2.pdb
    no. of DNA/RNA chains: 1 [0=36]
    no. of nucleotides:    36
    no. of atoms:          764
    no. of waters:         0
    no. of metals:         0

****************************************************************************
List of 12 base pairs
      nt1              nt2             bp  name         Saenger    LW DSSR
   1 0.U1101          0.A1255          U-A WC           20-XX     cWW cW-W
   2 0.C1102          0.G1241          C-G WC           19-XIX    cWW cW-W
   3 0.C1104          0.G1239          C-G WC           19-XIX    cWW cW-W
   4 0.C1105          0.A1106          C+A Platform     00-n/a    cSH cm+M
   5 0.C1105          0.A1107          C+A              00-n/a    cS. cm+.
   6 0.G1108          0.C1254          G-C WC           19-XIX    cWW cW-W
   7 0.U1122          0.A1242          U-A WC           20-XX     cWW cW-W
   8 0.A1132          0.A1230          A+A              02-II     tHH tM+M
   9 0.A1133          0.C1229          A-C              00-n/a    tHS tM-m
  10 0.G1134          0.C1228          G-C WC           19-XIX    cWW cW-W
  11 0.G1235          0.A1236          G+A Platform     00-n/a    cSH cm+M
  12 0.C1238          0.G1241          C-G              00-n/a    tWH tW-M

****************************************************************************
List of 1 multiplet
   1 nts=3 CCG 0.C1102,0.C1238,0.G1241

****************************************************************************
List of 2 helices
  Note: a helix is defined by base-stacking interactions, regardless of bp
        type and backbone connectivity, and may contain more than one stem.
      helix#number[stems-contained] bps=number-of-base-pairs in the helix
      bp-type: '|' for a canonical WC/wobble pair, '.' otherwise
      helix-form: classification of a dinucleotide step comprising the bp
        above the given designation and the bp that follows it. Types
        include 'A', 'B' or 'Z' for the common A-, B- and Z-form helices,
        '.' for an unclassified step, and 'x' for a step without a
        continuous backbone.
      --------------------------------------------------------------------
  helix#1[0] bps=2
      strand-1 5'-UG-3'
       bp-type    ||
      strand-2 3'-AC-5'
      helix-form  x
   1 0.U1101          0.A1255          U-A WC           20-XX     cWW cW-W
   2 0.G1108          0.C1254          G-C WC           19-XIX    cWW cW-W
  --------------------------------------------------------------------------
  helix#2[0] bps=3
      strand-1 5'-AAG-3'
       bp-type    ..|
      strand-2 3'-ACC-5'
      helix-form  ..
   1 0.A1132          0.A1230          A+A              02-II     tHH tM+M
   2 0.A1133          0.C1229          A-C              00-n/a    tHS tM-m
   3 0.G1134          0.C1228          G-C WC           19-XIX    cWW cW-W

****************************************************************************
List of 6 lone WC/wobble pairs
  Note: lone WC/wobble pairs are assigned negative indices to differentiate
        them from the stem numbers, which are positive.
        --------------------------------------------------------------------
  -1 0.U1101          0.A1255          U-A WC           20-XX     cWW cW-W
  -2 0.C1102          0.G1241          C-G WC           19-XIX    cWW cW-W
  -3 0.C1104          0.G1239          C-G WC           19-XIX    cWW cW-W
  -4 0.G1108          0.C1254          G-C WC           19-XIX    cWW cW-W
  -5 0.U1122          0.A1242          U-A WC           20-XX     cWW cW-W
  -6 0.G1134          0.C1228          G-C WC           19-XIX    cWW cW-W

****************************************************************************
List of 20 non-pairing interactions
   1 0.U1101          0.A1107         base-overlap-area=0.0(0.0)   H-bonds[1]: "O2(carbonyl)-O2'(hydroxyl)[3.14]"
   2 0.C1104          0.C1105         base-overlap-area=3.4(1.7)   H-bonds[0]: ""
   3 0.A1106          0.A1107         base-overlap-area=6.1(3.9)   H-bonds[0]: ""
   4 0.G1108          0.A1255         base-overlap-area=0.8(0.3)   H-bonds[0]: ""
   5 0.U1122          0.C1238         base-overlap-area=1.7(0.0)   H-bonds[0]: ""
   6 0.A1123          0.C1129         base-overlap-area=0.0(0.0)   H-bonds[1]: "O2'(hydroxyl)-O2'(hydroxyl)[3.40]"
   7 0.A1123          0.C1238         base-overlap-area=0.0(0.0)   H-bonds[1]: "O5'-O2'(hydroxyl)[3.24]"
   8 0.A1124          0.U1125         base-overlap-area=6.6(2.7)   H-bonds[0]: ""
   9 0.U1125          0.C1126         base-overlap-area=6.3(2.8)   H-bonds[0]: ""
  10 0.C1126          0.C1127         base-overlap-area=0.0(0.0)   H-bonds[1]: "O2'(hydroxyl)-O5'[3.18]"
  11 0.C1126          0.U1128         base-overlap-area=0.0(0.0)   H-bonds[1]: "O2'(hydroxyl)-O5'[3.36]"
  12 0.C1127          0.U1128         base-overlap-area=5.6(3.1)   H-bonds[0]: ""
  13 0.U1130          0.G1131         base-overlap-area=3.9(1.1)   H-bonds[0]: ""
  14 0.G1131          0.A1132         base-overlap-area=0.0(0.0)   H-bonds[1]: "O2'(hydroxyl)-O4'[3.14]"
  15 0.G1131          0.A1230         base-overlap-area=5.8(3.7)   H-bonds[0]: ""
  16 0.A1232          0.A1233         base-overlap-area=5.2(2.7)   H-bonds[0]: ""
  17 0.A1236          0.U1237         base-overlap-area=6.0(3.9)   H-bonds[0]: ""
  18 0.U1237          0.C1238         base-overlap-area=0.0(0.0)   H-bonds[1]: "O2'(hydroxyl)-O5'[3.11]"
  19 0.C1238          0.A1242         base-overlap-area=0.4(0.0)   H-bonds[0]: ""
  20 0.G1241          0.A1242         base-overlap-area=1.1(0.0)   H-bonds[0]: ""

****************************************************************************
Note: for the various types of loops listed below, numbers within the first
      set of brackets are the number of loop nts, and numbers in the second
      set of brackets are the identities of the stems (positive number) or
      lone WC/wobble pairs (negative numbers) to which they are linked.

****************************************************************************
List of 1 junction
   1 6-way junctions: nts=36; [0,0,11,10,3,0]; linked by [#-1,#-2,#-5,#-6,#-3,#-4]
     nts=36 UCGAUAAUCCUCUGAAGCCAAAAUGAUCGCCAAGCA 0.U1101,0.C1102,0.G1241,0.A1242,0.U1122,0.A1123,0.A1124,0.U1125,0.C1126,0.C1127,0.U1128,0.C1129,0.U1130,0.G1131,0.A1132,0.A1133,0.G1134,0.C1228,0.C1229,0.A1230,0.A1231,0.A1232,0.A1233,0.U1234,0.G1235,0.A1236,0.U1237,0.C1238,0.G1239,0.C1104,0.C1105,0.A1106,0.A1107,0.G1108,0.C1254,0.A1255
       nts=0
       nts=0
       nts=11 AAUCCUCUGAA 0.A1123,0.A1124,0.U1125,0.C1126,0.C1127,0.U1128,0.C1129,0.U1130,0.G1131,0.A1132,0.A1133
       nts=10 CAAAAUGAUC 0.C1229,0.A1230,0.A1231,0.A1232,0.A1233,0.U1234,0.G1235,0.A1236,0.U1237,0.C1238
       nts=3 CAA 0.C1105,0.A1106,0.A1107
       nts=0

****************************************************************************
Secondary structures in dot-bracket notation (dbn) as a whole and per chain
>tc.2 nts=36 [whole]
UC&CCAAG&UAAUCCUCUGAAG&CCAAAAUGAUCG&GA&CA
((&(...(&(...........(&)..........)&))&))
>tc.2-0 #1 nts=36 [chain] RNA*
UCCCAAGUAAUCCUCUGAAGCCAAAAUGAUCGGACA
(((...((...........()..........)))))

****************************************************************************
List of 6 additional files
   1 dssr-helices.pdb -- MODEL/ENDMDL delineated helices (pseudo/coaxial)
   2 dssr-pairs.pdb -- MODEL/ENDMDL delineated base pairs
   3 dssr-multiplets.pdb -- MODEL/ENDMDL delineated multiplets
   4 dssr-2ndstrs.ct -- secondary structures in the connect format
   5 dssr-2ndstrs.dbn -- secondary structures in the dot-bracket notation
   6 dssr-torsions.dat -- Backbone torsion angles and suite names
