****************************************************************************
         DSSR: a software program for Defining the Secondary
         Structures of RNA from three-dimensional coordinates
        v1.0.1-2014jan31, by Xiang-Jun Lu (xiangjun@x3dna.org)

   This program is actively maintained and developed. As always, I
   greatly appreciate your feedback! Please report all DSSR-related
   issues on the 3DNA Forum (http://forum.x3dna.org/). I strive to
   respond promptly to *any* questions posted there.

****************************************************************************
Note: Each nucleotide is identified by model:chainId.name#, where the
      'model:' portion is omitted if no model number is available as
      is normally the case for X-ray crystal structures in the PDB. So
      a common example would be like A.G19, meaning G #19 on chain A.
      One-letter base names for modified nucleotides are put in lower
      case (e.g., 'c' for 5MC). For further information about the
      output notation, please run DSSR with the '-note' option. More
      details can be found in the DSSR user manual. Questions and
      suggestions are always welcome on the 3DNA Forum.

Command: x3dna-dssr -i=TC.1LNG.0.pdb --non-pair -o=TC.1LNG.0_dssr.out
Date and time: Sun Jun 29 15:51:46 2014
File name: TC.1LNG.0.pdb
    no. of DNA/RNA chains: 1 [B=12]
    no. of nucleotides:    12
    no. of atoms:          264
    no. of waters:         0
    no. of metals:         0

****************************************************************************
List of 6 base pairs
      nt1              nt2             bp  name         Saenger    LW DSSR
   1 B.U162           B.G167           U-G Wobble       28-XXVIII cWW cW-W
   2 B.G163           B.G166           G-G              00-n/a    t.H t.-M
   3 B.A165           B.A212           A+A              01-I      tWW tW+W
   4 B.G166           B.G213           G+G              04-IV     tSS tm+m
   5 B.C208           B.G213           C-G WC           19-XIX    cWW cW-W
   6 B.G209           B.A212           G-A Sheared      11-XI     tSH tm-M

****************************************************************************
List of 2 multiplets
   1 nts=3 AGA B.A165,B.G209,B.A212
   2 nts=4 GGCG B.G163,B.G166,B.C208,B.G213

****************************************************************************
List of 1 helix
  Note: a helix is defined by base-stacking interactions, regardless of bp
        type and backbone connectivity, and may contain more than one stem.
      helix#number[stems-contained] bps=number-of-base-pairs in the helix
      bp-type: '|' for a canonical WC/wobble pair, '.' otherwise
      helix-form: classification of a dinucleotide step comprising the bp
        above the given designation and the bp that follows it. Types
        include 'A', 'B' or 'Z' for the common A-, B- and Z-form helices,
        '.' for an unclassified step, and 'x' for a step without a
        continuous backbone.
      --------------------------------------------------------------------
  helix#1[0] bps=2
      strand-1 5'-UG-3'
       bp-type    |.
      strand-2 3'-GG-5'
      helix-form  .
   1 B.U162           B.G167           U-G Wobble       28-XXVIII cWW cW-W
   2 B.G163           B.G166           G-G              00-n/a    t.H t.-M

****************************************************************************
List of 2 lone WC/wobble pairs
  Note: lone WC/wobble pairs are assigned negative indices to differentiate
        them from the stem numbers, which are positive.
        --------------------------------------------------------------------
  -1 B.U162           B.G167           U-G Wobble       28-XXVIII cWW cW-W
  -2 B.C208           B.G213           C-G WC           19-XIX    cWW cW-W

****************************************************************************
List of 9 non-pairing interactions
   1 B.G163           B.G167          base-overlap-area=5.9(3.0)   H-bonds[0]: ""
   2 B.A165           B.G166          base-overlap-area=5.3(2.4)   H-bonds[0]: ""
   3 B.A165           B.C208          base-overlap-area=0.0(0.0)   H-bonds[1]: "N3-O2'(hydroxyl)[2.85]"
   4 B.C208           B.G209          base-overlap-area=2.6(1.4)   H-bonds[0]: ""
   5 B.G209           B.A211          base-overlap-area=0.0(0.0)   H-bonds[2]: "O2'(hydroxyl)-N6(amino)[3.19],O2'(hydroxyl)-N7[2.72]"
   6 B.G209           B.G213          base-overlap-area=0.4(0.0)   H-bonds[0]: ""
   7 B.G210           B.A211          base-overlap-area=5.9(3.6)   H-bonds[0]: ""
   8 B.A211           B.A212          base-overlap-area=6.3(4.1)   H-bonds[0]: ""
   9 B.A212           B.G213          base-overlap-area=1.8(0.4)   H-bonds[0]: ""

****************************************************************************
Note: for the various types of loops listed below, numbers within the first
      set of brackets are the number of loop nts, and numbers in the second
      set of brackets are the identities of the stems (positive number) or
      lone WC/wobble pairs (negative numbers) to which they are linked.

****************************************************************************
List of 2 hairpin loops
   1 hairpin loop: nts=6; [4]; linked by [#-1]
     nts=6 UGUAGG B.U162,B.G163,B.U164,B.A165,B.G166,B.G167
       nts=4 GUAG B.G163,B.U164,B.A165,B.G166
   2 hairpin loop: nts=6; [4]; linked by [#-2]
     nts=6 CGGAAG B.C208,B.G209,B.G210,B.A211,B.A212,B.G213
       nts=4 GGAA B.G209,B.G210,B.A211,B.A212

****************************************************************************
Secondary structures in dot-bracket notation (dbn) as a whole and per chain
>TC.1LNG.0 nts=12 [whole]
UGUAGG&CGGAAG
(....)&(....)
>TC.1LNG.0-B #1 nts=12 [chain] RNA*
UGUAGGCGGAAG
(....)(....)

****************************************************************************
List of 7 additional files
   1 dssr-helices.pdb -- MODEL/ENDMDL delineated helices (pseudo/coaxial)
   2 dssr-pairs.pdb -- MODEL/ENDMDL delineated base pairs
   3 dssr-multiplets.pdb -- MODEL/ENDMDL delineated multiplets
   4 dssr-hairpins.pdb -- MODEL/ENDMDL delineated hairpin loops
   5 dssr-2ndstrs.ct -- secondary structures in the connect format
   6 dssr-2ndstrs.dbn -- secondary structures in the dot-bracket notation
   7 dssr-torsions.dat -- Backbone torsion angles and suite names
