****************************************************************************
         DSSR: a software program for Defining the Secondary
         Structures of RNA from three-dimensional coordinates
        v1.0.1-2014jan31, by Xiang-Jun Lu (xiangjun@x3dna.org)

   This program is actively maintained and developed. As always, I
   greatly appreciate your feedback! Please report all DSSR-related
   issues on the 3DNA Forum (http://forum.x3dna.org/). I strive to
   respond promptly to *any* questions posted there.

****************************************************************************
Note: Each nucleotide is identified by model:chainId.name#, where the
      'model:' portion is omitted if no model number is available as
      is normally the case for X-ray crystal structures in the PDB. So
      a common example would be like A.G19, meaning G #19 on chain A.
      One-letter base names for modified nucleotides are put in lower
      case (e.g., 'c' for 5MC). For further information about the
      output notation, please run DSSR with the '-note' option. More
      details can be found in the DSSR user manual. Questions and
      suggestions are always welcome on the 3DNA Forum.

Command: x3dna-dssr -i=TC.2QUW.1.pdb --non-pair -o=TC.2QUW.1_dssr.out
Date and time: Sun Jun 29 15:54:01 2014
File name: TC.2QUW.1.pdb
    no. of DNA/RNA chains: 1 [D=15]
    no. of nucleotides:    15
    no. of atoms:          319
    no. of waters:         0
    no. of metals:         0

****************************************************************************
List of 4 base pairs
      nt1              nt2             bp  name         Saenger    LW DSSR
   1 D.A18            D.U26            A-U WC           20-XX     cWW cW-W
   2 D.U19            D.A46            U-A rHoogsteen   24-XXIV   tWH tW-M
   3 D.U24            D.A46            U-A WC           20-XX     cWW cW-W
   4 D.C42            D.G47            C-G WC           19-XIX    cWW cW-W

****************************************************************************
List of 1 multiplet
   1 nts=3 UUA D.U19,D.U24,D.A46

****************************************************************************
List of 1 helix
  Note: a helix is defined by base-stacking interactions, regardless of bp
        type and backbone connectivity, and may contain more than one stem.
      helix#number[stems-contained] bps=number-of-base-pairs in the helix
      bp-type: '|' for a canonical WC/wobble pair, '.' otherwise
      helix-form: classification of a dinucleotide step comprising the bp
        above the given designation and the bp that follows it. Types
        include 'A', 'B' or 'Z' for the common A-, B- and Z-form helices,
        '.' for an unclassified step, and 'x' for a step without a
        continuous backbone.
      --------------------------------------------------------------------
  helix#1[0] bps=2
      strand-1 5'-AA-3'
       bp-type    ||
      strand-2 5'-UU-3'
      helix-form  x
   1 D.A18            D.U26            A-U WC           20-XX     cWW cW-W
   2 D.A46            D.U24            A-U WC           20-XX     cWW cW-W

****************************************************************************
List of 3 lone WC/wobble pairs
  Note: lone WC/wobble pairs are assigned negative indices to differentiate
        them from the stem numbers, which are positive.
        --------------------------------------------------------------------
  -1 D.A18            D.U26            A-U WC           20-XX     cWW cW-W
  -2 D.U24            D.A46            U-A WC           20-XX     cWW cW-W
  -3 D.C42            D.G47            C-G WC           19-XIX    cWW cW-W

****************************************************************************
List of 11 non-pairing interactions
   1 D.A18            D.U19           base-overlap-area=5.7(4.6)   H-bonds[0]: ""
   2 D.U19            D.G22           base-overlap-area=0.0(0.0)   H-bonds[1]: "O2'(hydroxyl)-O2'(hydroxyl)[2.99]"
   3 D.U19            D.G45           base-overlap-area=1.0(0.0)   H-bonds[0]: ""
   4 D.G20            D.G45           base-overlap-area=8.5(4.9)   H-bonds[2]: "N1(imino)-O2'(hydroxyl)[2.80],N2(amino)-O2'(hydroxyl)[2.98]"
   5 D.U21            D.G22           base-overlap-area=2.5(0.2)   H-bonds[0]: ""
   6 D.G22            D.U24           base-overlap-area=4.5(1.9)   H-bonds[0]: ""
   7 D.C23            D.U26           base-overlap-area=0.0(0.0)   H-bonds[1]: "O2'(hydroxyl)-O3'[3.14]"
   8 D.U25            D.G43           base-overlap-area=2.1(0.1)   H-bonds[1]: "O2'(hydroxyl)-O6(carbonyl)[3.45]"
   9 D.U26            D.A46           base-overlap-area=5.5(2.7)   H-bonds[0]: ""
  10 D.G43            D.G47           base-overlap-area=4.2(1.5)   H-bonds[0]: ""
  11 D.G45            D.A46           base-overlap-area=1.5(0.0)   H-bonds[1]: "O4'*O4'[3.11]"

****************************************************************************
Note: for the various types of loops listed below, numbers within the first
      set of brackets are the number of loop nts, and numbers in the second
      set of brackets are the identities of the stems (positive number) or
      lone WC/wobble pairs (negative numbers) to which they are linked.

****************************************************************************
List of 2 hairpin loops
   1 hairpin loop: nts=9; [7]; linked by [#-1]
     nts=9 AUGUGCUUU D.A18,D.U19,D.G20,D.U21,D.G22,D.C23,D.U24,D.U25,D.U26
       nts=7 UGUGCUU D.U19,D.G20,D.U21,D.G22,D.C23,D.U24,D.U25
   2 hairpin loop: nts=6; [4]; linked by [#-3]
     nts=6 CGUGAG D.C42,D.G43,D.U44,D.G45,D.A46,D.G47
       nts=4 GUGA D.G43,D.U44,D.G45,D.A46

****************************************************************************
This structure contains at least one pseudo-knot.

****************************************************************************
List of 1 kissing loop interaction
   1 lone-pair #-2 between hairpin loops #1 and #2

****************************************************************************
Secondary structures in dot-bracket notation (dbn) as a whole and per chain
>TC.2QUW.1 nts=15 [whole]
AUGUGCUUU&CGUGAG
(.....[.)&(...])
>TC.2QUW.1-D #1 nts=15 [chain] RNA*
AUGUGCUUUCGUGAG
(.....[.)(...])

****************************************************************************
List of 7 additional files
   1 dssr-helices.pdb -- MODEL/ENDMDL delineated helices (pseudo/coaxial)
   2 dssr-pairs.pdb -- MODEL/ENDMDL delineated base pairs
   3 dssr-multiplets.pdb -- MODEL/ENDMDL delineated multiplets
   4 dssr-hairpins.pdb -- MODEL/ENDMDL delineated hairpin loops
   5 dssr-2ndstrs.ct -- secondary structures in the connect format
   6 dssr-2ndstrs.dbn -- secondary structures in the dot-bracket notation
   7 dssr-torsions.dat -- Backbone torsion angles and suite names
