****************************************************************************
         DSSR: a software program for Defining the Secondary
         Structures of RNA from three-dimensional coordinates
        v1.0.1-2014jan31, by Xiang-Jun Lu (xiangjun@x3dna.org)

   This program is actively maintained and developed. As always, I
   greatly appreciate your feedback! Please report all DSSR-related
   issues on the 3DNA Forum (http://forum.x3dna.org/). I strive to
   respond promptly to *any* questions posted there.

****************************************************************************
Note: Each nucleotide is identified by model:chainId.name#, where the
      'model:' portion is omitted if no model number is available as
      is normally the case for X-ray crystal structures in the PDB. So
      a common example would be like A.G19, meaning G #19 on chain A.
      One-letter base names for modified nucleotides are put in lower
      case (e.g., 'c' for 5MC). For further information about the
      output notation, please run DSSR with the '-note' option. More
      details can be found in the DSSR user manual. Questions and
      suggestions are always welcome on the 3DNA Forum.

Command: x3dna-dssr -i=HAIRPIN.1S72.46.pdb --non-pair -o=HAIRPIN.1S72.46_dssr.out
Date and time: Sun Jun 29 15:51:59 2014
File name: HAIRPIN.1S72.46.pdb
    no. of DNA/RNA chains: 1 [0=15]
    no. of nucleotides:    15
    no. of atoms:          319
    no. of waters:         0
    no. of metals:         0

****************************************************************************
List of 8 base pairs
      nt1              nt2             bp  name         Saenger    LW DSSR
   1 0.C2780          0.G2794          C-G WC           19-XIX    cWW cW-W
   2 0.U2781          0.U2791          U-U Calcutta     00-n/a    tWH tW-M
   3 0.U2781          0.A2793          U-A              00-n/a    tWH cW-M
   4 0.G2782          0.A2792          G-A Sheared      11-XI     tSH tm-M
   5 0.A2783          0.U2789          A-U rHoogsteen   24-XXIV   tHW tM-W
   6 0.A2784          0.A2788          A-A              05-V      tHW tM-W
   7 0.C2785          0.C2787          C+C              00-n/a    cS. cm+.
   8 0.U2791          0.A2793          U+A Hoogsteen    23-XXIII  cWH cW+M

****************************************************************************
List of 1 multiplet
   1 nts=3 UUA 0.U2781,0.U2791,0.A2793

****************************************************************************
List of 1 helix
  Note: a helix is defined by base-stacking interactions, regardless of bp
        type and backbone connectivity, and may contain more than one stem.
      helix#number[stems-contained] bps=number-of-base-pairs in the helix
      bp-type: '|' for a canonical WC/wobble pair, '.' otherwise
      helix-form: classification of a dinucleotide step comprising the bp
        above the given designation and the bp that follows it. Types
        include 'A', 'B' or 'Z' for the common A-, B- and Z-form helices,
        '.' for an unclassified step, and 'x' for a step without a
        continuous backbone.
      --------------------------------------------------------------------
  helix#1[0] bps=6
      strand-1 5'-CUGAAC-3'
       bp-type    |.....
      strand-2 3'-GAAUAC-5'
      helix-form  xxx..
   1 0.C2780          0.G2794          C-G WC           19-XIX    cWW cW-W
   2 0.U2791          0.A2793          U+A Hoogsteen    23-XXIII  cWH cW+M
   3 0.G2782          0.A2792          G-A Sheared      11-XI     tSH tm-M
   4 0.A2783          0.U2789          A-U rHoogsteen   24-XXIV   tHW tM-W
   5 0.A2784          0.A2788          A-A              05-V      tHW tM-W
   6 0.C2785          0.C2787          C+C              00-n/a    cS. cm+.

****************************************************************************
List of 1 lone WC/wobble pair
  Note: lone WC/wobble pairs are assigned negative indices to differentiate
        them from the stem numbers, which are positive.
        --------------------------------------------------------------------
  -1 0.C2780          0.G2794          C-G WC           19-XIX    cWW cW-W

****************************************************************************
List of 6 non-pairing interactions
   1 0.C2780          0.U2781         base-overlap-area=2.9(1.0)   H-bonds[0]: ""
   2 0.C2780          0.C2790         base-overlap-area=0.0(0.0)   H-bonds[1]: "N4(amino)-O2'(hydroxyl)[3.38]"
   3 0.U2781          0.G2782         base-overlap-area=1.5(0.7)   H-bonds[0]: ""
   4 0.G2782          0.U2789         base-overlap-area=3.1(0.7)   H-bonds[0]: ""
   5 0.G2782          0.U2791         base-overlap-area=0.4(0.0)   H-bonds[0]: ""
   6 0.A2783          0.A2792         base-overlap-area=1.7(1.3)   H-bonds[0]: ""

****************************************************************************
Note: for the various types of loops listed below, numbers within the first
      set of brackets are the number of loop nts, and numbers in the second
      set of brackets are the identities of the stems (positive number) or
      lone WC/wobble pairs (negative numbers) to which they are linked.

****************************************************************************
List of 1 hairpin loop
   1 hairpin loop: nts=15; [13]; linked by [#-1]
     nts=15 CUGAACGCAUCUAAG 0.C2780,0.U2781,0.G2782,0.A2783,0.A2784,0.C2785,0.G2786,0.C2787,0.A2788,0.U2789,0.C2790,0.U2791,0.A2792,0.A2793,0.G2794
       nts=13 UGAACGCAUCUAA 0.U2781,0.G2782,0.A2783,0.A2784,0.C2785,0.G2786,0.C2787,0.A2788,0.U2789,0.C2790,0.U2791,0.A2792,0.A2793

****************************************************************************
Secondary structures in dot-bracket notation (dbn) as a whole and per chain
>HAIRPIN.1S72.46 nts=15 [whole]
CUGAACGCAUCUAAG
(.............)
>HAIRPIN.1S72.46-0 #1 nts=15 [chain] RNA
CUGAACGCAUCUAAG
(.............)

****************************************************************************
List of 7 additional files
   1 dssr-helices.pdb -- MODEL/ENDMDL delineated helices (pseudo/coaxial)
   2 dssr-pairs.pdb -- MODEL/ENDMDL delineated base pairs
   3 dssr-multiplets.pdb -- MODEL/ENDMDL delineated multiplets
   4 dssr-hairpins.pdb -- MODEL/ENDMDL delineated hairpin loops
   5 dssr-2ndstrs.ct -- secondary structures in the connect format
   6 dssr-2ndstrs.dbn -- secondary structures in the dot-bracket notation
   7 dssr-torsions.dat -- Backbone torsion angles and suite names
