****************************************************************************
         DSSR: a software program for Defining the Secondary
         Structures of RNA from three-dimensional coordinates
        v1.0.1-2014jan31, by Xiang-Jun Lu (xiangjun@x3dna.org)

   This program is actively maintained and developed. As always, I
   greatly appreciate your feedback! Please report all DSSR-related
   issues on the 3DNA Forum (http://forum.x3dna.org/). I strive to
   respond promptly to *any* questions posted there.

****************************************************************************
Note: Each nucleotide is identified by model:chainId.name#, where the
      'model:' portion is omitted if no model number is available as
      is normally the case for X-ray crystal structures in the PDB. So
      a common example would be like A.G19, meaning G #19 on chain A.
      One-letter base names for modified nucleotides are put in lower
      case (e.g., 'c' for 5MC). For further information about the
      output notation, please run DSSR with the '-note' option. More
      details can be found in the DSSR user manual. Questions and
      suggestions are always welcome on the 3DNA Forum.

Command: x3dna-dssr -i=NWAY.1S72.4.pdb --non-pair -o=NWAY.1S72.4_dssr.out
Date and time: Sun Jun 29 15:52:01 2014
File name: NWAY.1S72.4.pdb
    no. of DNA/RNA chains: 1 [0=14]
    no. of nucleotides:    14
    no. of atoms:          299
    no. of waters:         0
    no. of metals:         0

****************************************************************************
List of 6 base pairs
      nt1              nt2             bp  name         Saenger    LW DSSR
   1 0.A52            0.U109           A-U WC           20-XX     cWW cW-W
   2 0.C53            0.G66            C-G WC           19-XIX    cWW cW-W
   3 0.G66            0.A67            G-A Platform     00-n/a    cSW cm-W
   4 0.G71            0.A106           G-A Imino        08-VIII   cWW cW-W
   5 0.G71            0.U107           G-U              00-n/a    cWW cW-W
   6 0.C72            0.G105           C-G WC           19-XIX    cWW cW-W

****************************************************************************
List of 1 multiplet
   1 nts=3 CGA 0.C53,0.G66,0.A67

****************************************************************************
List of 2 helices
  Note: a helix is defined by base-stacking interactions, regardless of bp
        type and backbone connectivity, and may contain more than one stem.
      helix#number[stems-contained] bps=number-of-base-pairs in the helix
      bp-type: '|' for a canonical WC/wobble pair, '.' otherwise
      helix-form: classification of a dinucleotide step comprising the bp
        above the given designation and the bp that follows it. Types
        include 'A', 'B' or 'Z' for the common A-, B- and Z-form helices,
        '.' for an unclassified step, and 'x' for a step without a
        continuous backbone.
      --------------------------------------------------------------------
  helix#1[0] bps=2
      strand-1 5'-AC-3'
       bp-type    ||
      strand-2 5'-UG-3'
      helix-form  x
   1 0.A52            0.U109           A-U WC           20-XX     cWW cW-W
   2 0.C53            0.G66            C-G WC           19-XIX    cWW cW-W
  --------------------------------------------------------------------------
  helix#2[0] bps=2
      strand-1 5'-GC-3'
       bp-type    .|
      strand-2 3'-AG-5'
      helix-form  .
   1 0.G71            0.A106           G-A Imino        08-VIII   cWW cW-W
   2 0.C72            0.G105           C-G WC           19-XIX    cWW cW-W

****************************************************************************
List of 3 lone WC/wobble pairs
  Note: lone WC/wobble pairs are assigned negative indices to differentiate
        them from the stem numbers, which are positive.
        --------------------------------------------------------------------
  -1 0.A52            0.U109           A-U WC           20-XX     cWW cW-W
  -2 0.C53            0.G66            C-G WC           19-XIX    cWW cW-W
  -3 0.C72            0.G105           C-G WC           19-XIX    cWW cW-W

****************************************************************************
List of 8 non-pairing interactions
   1 0.G66            0.A69           base-overlap-area=0.0(0.0)   H-bonds[1]: "O4'*O4'[2.93]"
   2 0.G66            0.U108          base-overlap-area=0.0(0.0)   H-bonds[1]: "O2'(hydroxyl)-O2'(hydroxyl)[2.70]"
   3 0.G66            0.U109          base-overlap-area=1.6(0.0)   H-bonds[0]: ""
   4 0.A67            0.A69           base-overlap-area=1.3(0.8)   H-bonds[0]: ""
   5 0.U68            0.G71           base-overlap-area=0.0(0.0)   H-bonds[1]: "O2'(hydroxyl)-N2(amino)[3.18]"
   6 0.U68            0.A106          base-overlap-area=0.0(0.0)   H-bonds[1]: "O4(carbonyl)-O2'(hydroxyl)[3.06]"
   7 0.A106           0.U107          base-overlap-area=6.3(3.7)   H-bonds[0]: ""
   8 0.U107           0.U108          base-overlap-area=4.6(1.5)   H-bonds[0]: ""

****************************************************************************
Note: for the various types of loops listed below, numbers within the first
      set of brackets are the number of loop nts, and numbers in the second
      set of brackets are the identities of the stems (positive number) or
      lone WC/wobble pairs (negative numbers) to which they are linked.

****************************************************************************
List of 1 junction
   1 3-way junctions: nts=14; [0,5,3]; linked by [#-1,#-2,#-3]
     nts=14 ACGAUAAGCGAUUU 0.A52,0.C53,0.G66,0.A67,0.U68,0.A69,0.A70,0.G71,0.C72,0.G105,0.A106,0.U107,0.U108,0.U109
       nts=0
       nts=5 AUAAG 0.A67,0.U68,0.A69,0.A70,0.G71
       nts=3 AUU 0.A106,0.U107,0.U108

****************************************************************************
Secondary structures in dot-bracket notation (dbn) as a whole and per chain
>NWAY.1S72.4 nts=14 [whole]
AC&GAUAAGC&GAUUU
((&).....(&)...)
>NWAY.1S72.4-0 #1 nts=14 [chain] RNA*
ACGAUAAGCGAUUU
(().....()...)

****************************************************************************
List of 6 additional files
   1 dssr-helices.pdb -- MODEL/ENDMDL delineated helices (pseudo/coaxial)
   2 dssr-pairs.pdb -- MODEL/ENDMDL delineated base pairs
   3 dssr-multiplets.pdb -- MODEL/ENDMDL delineated multiplets
   4 dssr-2ndstrs.ct -- secondary structures in the connect format
   5 dssr-2ndstrs.dbn -- secondary structures in the dot-bracket notation
   6 dssr-torsions.dat -- Backbone torsion angles and suite names
