****************************************************************************
         DSSR: a software program for Defining the Secondary
         Structures of RNA from three-dimensional coordinates
        v1.0.1-2014jan31, by Xiang-Jun Lu (xiangjun@x3dna.org)

   This program is actively maintained and developed. As always, I
   greatly appreciate your feedback! Please report all DSSR-related
   issues on the 3DNA Forum (http://forum.x3dna.org/). I strive to
   respond promptly to *any* questions posted there.

****************************************************************************
Note: Each nucleotide is identified by model:chainId.name#, where the
      'model:' portion is omitted if no model number is available as
      is normally the case for X-ray crystal structures in the PDB. So
      a common example would be like A.G19, meaning G #19 on chain A.
      One-letter base names for modified nucleotides are put in lower
      case (e.g., 'c' for 5MC). For further information about the
      output notation, please run DSSR with the '-note' option. More
      details can be found in the DSSR user manual. Questions and
      suggestions are always welcome on the 3DNA Forum.

Command: x3dna-dssr -i=TC.1S72.29.pdb --non-pair -o=TC.1S72.29_dssr.out
Date and time: Sun Jun 29 15:52:47 2014
File name: TC.1S72.29.pdb
    no. of DNA/RNA chains: 1 [0=23]
    no. of nucleotides:    23
    no. of atoms:          499
    no. of waters:         0
    no. of metals:         0

****************************************************************************
List of 9 base pairs
      nt1              nt2             bp  name         Saenger    LW DSSR
   1 0.A2506          0.U2514          A-U WC           20-XX     cWW cW-W
   2 0.G2507          0.A2513          G-A Sheared      11-XI     tSH tm-M
   3 0.C2510          0.G2564          C+G rWC          22-XXII   tWW tW+W
   4 0.U2563          0.G2570          U-G Wobble       28-XXVIII cWW cW-W
   5 0.A2566          0.C2695          A-C              00-n/a    ... c...
   6 0.A2566          0.A2699          A+A              01-I      tWW tW+W
   7 0.G2567          0.G2700          G+G              04-IV     tSS tm+m
   8 0.C2695          0.G2700          C-G WC           19-XIX    cWW cW-W
   9 0.G2696          0.A2699          G-A              00-n/a    tSH tm-M

****************************************************************************
List of 2 multiplets
   1 nts=3 ACA 0.A2566,0.C2695,0.A2699
   2 nts=3 GCG 0.G2567,0.C2695,0.G2700

****************************************************************************
List of 1 helix
  Note: a helix is defined by base-stacking interactions, regardless of bp
        type and backbone connectivity, and may contain more than one stem.
      helix#number[stems-contained] bps=number-of-base-pairs in the helix
      bp-type: '|' for a canonical WC/wobble pair, '.' otherwise
      helix-form: classification of a dinucleotide step comprising the bp
        above the given designation and the bp that follows it. Types
        include 'A', 'B' or 'Z' for the common A-, B- and Z-form helices,
        '.' for an unclassified step, and 'x' for a step without a
        continuous backbone.
      --------------------------------------------------------------------
  helix#1[0] bps=3
      strand-1 5'-AGC-3'
       bp-type    |..
      strand-2 3'-UAG-5'
      helix-form  .x
   1 0.A2506          0.U2514          A-U WC           20-XX     cWW cW-W
   2 0.G2507          0.A2513          G-A Sheared      11-XI     tSH tm-M
   3 0.C2510          0.G2564          C+G rWC          22-XXII   tWW tW+W

****************************************************************************
List of 3 lone WC/wobble pairs
  Note: lone WC/wobble pairs are assigned negative indices to differentiate
        them from the stem numbers, which are positive.
        --------------------------------------------------------------------
  -1 0.A2506          0.U2514          A-U WC           20-XX     cWW cW-W
  -2 0.U2563          0.G2570          U-G Wobble       28-XXVIII cWW cW-W
  -3 0.C2695          0.G2700          C-G WC           19-XIX    cWW cW-W

****************************************************************************
List of 17 non-pairing interactions
   1 0.A2506          0.A2511         base-overlap-area=0.0(0.0)   H-bonds[1]: "N6(amino)-O2'(hydroxyl)[2.64]"
   2 0.G2507          0.C2510         base-overlap-area=3.9(1.1)   H-bonds[0]: ""
   3 0.G2507          0.A2511         base-overlap-area=0.0(0.0)   H-bonds[1]: "N1(imino)-O3'[3.12]"
   4 0.A2509          0.C2510         base-overlap-area=6.9(3.0)   H-bonds[0]: ""
   5 0.A2511          0.U2512         base-overlap-area=6.2(4.1)   H-bonds[0]: ""
   6 0.A2513          0.G2564         base-overlap-area=5.3(3.2)   H-bonds[0]: ""
   7 0.U2563          0.C2565         base-overlap-area=0.6(0.0)   H-bonds[0]: ""
   8 0.A2566          0.G2567         base-overlap-area=5.3(3.0)   H-bonds[0]: ""
   9 0.G2567          0.A2568         base-overlap-area=6.2(4.0)   H-bonds[0]: ""
  10 0.A2568          0.A2569         base-overlap-area=5.6(2.6)   H-bonds[0]: ""
  11 0.A2569          0.G2570         base-overlap-area=3.5(0.6)   H-bonds[0]: ""
  12 0.C2695          0.G2696         base-overlap-area=1.6(0.9)   H-bonds[0]: ""
  13 0.G2696          0.G2698         base-overlap-area=0.0(0.0)   H-bonds[1]: "O2'(hydroxyl)-N7[2.70]"
  14 0.G2696          0.G2700         base-overlap-area=0.8(0.0)   H-bonds[0]: ""
  15 0.A2697          0.G2698         base-overlap-area=6.4(4.1)   H-bonds[0]: ""
  16 0.G2698          0.A2699         base-overlap-area=6.8(5.0)   H-bonds[0]: ""
  17 0.A2699          0.G2700         base-overlap-area=0.5(0.0)   H-bonds[0]: ""

****************************************************************************
Note: for the various types of loops listed below, numbers within the first
      set of brackets are the number of loop nts, and numbers in the second
      set of brackets are the identities of the stems (positive number) or
      lone WC/wobble pairs (negative numbers) to which they are linked.

****************************************************************************
List of 3 hairpin loops
   1 hairpin loop: nts=9; [7]; linked by [#-1]
     nts=9 AGCACAUAU 0.A2506,0.G2507,0.C2508,0.A2509,0.C2510,0.A2511,0.U2512,0.A2513,0.U2514
       nts=7 GCACAUA 0.G2507,0.C2508,0.A2509,0.C2510,0.A2511,0.U2512,0.A2513
   2 hairpin loop: nts=8; [6]; linked by [#-2]
     nts=8 UGCAGAAG 0.U2563,0.G2564,0.C2565,0.A2566,0.G2567,0.A2568,0.A2569,0.G2570
       nts=6 GCAGAA 0.G2564,0.C2565,0.A2566,0.G2567,0.A2568,0.A2569
   3 hairpin loop: nts=6; [4]; linked by [#-3]
     nts=6 CGAGAG 0.C2695,0.G2696,0.A2697,0.G2698,0.A2699,0.G2700
       nts=4 GAGA 0.G2696,0.A2697,0.G2698,0.A2699

****************************************************************************
Secondary structures in dot-bracket notation (dbn) as a whole and per chain
>TC.1S72.29 nts=23 [whole]
AGCACAUAU&UGCAGAAG&CGAGAG
(.......)&(......)&(....)
>TC.1S72.29-0 #1 nts=23 [chain] RNA*
AGCACAUAUUGCAGAAGCGAGAG
(.......)(......)(....)

****************************************************************************
List of 7 additional files
   1 dssr-helices.pdb -- MODEL/ENDMDL delineated helices (pseudo/coaxial)
   2 dssr-pairs.pdb -- MODEL/ENDMDL delineated base pairs
   3 dssr-multiplets.pdb -- MODEL/ENDMDL delineated multiplets
   4 dssr-hairpins.pdb -- MODEL/ENDMDL delineated hairpin loops
   5 dssr-2ndstrs.ct -- secondary structures in the connect format
   6 dssr-2ndstrs.dbn -- secondary structures in the dot-bracket notation
   7 dssr-torsions.dat -- Backbone torsion angles and suite names
