****************************************************************************
         DSSR: a software program for Defining the Secondary
         Structures of RNA from three-dimensional coordinates
        v1.0.1-2014jan31, by Xiang-Jun Lu (xiangjun@x3dna.org)

   This program is actively maintained and developed. As always, I
   greatly appreciate your feedback! Please report all DSSR-related
   issues on the 3DNA Forum (http://forum.x3dna.org/). I strive to
   respond promptly to *any* questions posted there.

****************************************************************************
Note: Each nucleotide is identified by model:chainId.name#, where the
      'model:' portion is omitted if no model number is available as
      is normally the case for X-ray crystal structures in the PDB. So
      a common example would be like A.G19, meaning G #19 on chain A.
      One-letter base names for modified nucleotides are put in lower
      case (e.g., 'c' for 5MC). For further information about the
      output notation, please run DSSR with the '-note' option. More
      details can be found in the DSSR user manual. Questions and
      suggestions are always welcome on the 3DNA Forum.

Command: x3dna-dssr -i=tc.2.pdb --non-pair -o=tc.2_dssr.out
Date and time: Thu Jul 17 15:06:28 2014
File name: tc.2.pdb
    no. of DNA/RNA chains: 1 [0=13]
    no. of nucleotides:    13
    no. of atoms:          282
    no. of waters:         0
    no. of metals:         0

****************************************************************************
List of 6 base pairs
      nt1              nt2             bp  name         Saenger    LW DSSR
   1 0.U1531          0.G1660          U-G Wobble       28-XXVIII cWW cW-W
   2 0.G1532          0.A1659          G-A Sheared      11-XI     tSH tm-M
   3 0.A1533          0.A1658          A+A              02-II     tHH tM+M
   4 0.C1534          0.A1657          C-A              00-n/a    tWH tW-M
   5 0.G1535          0.C1650          G-C WC           19-XIX    cWW cW-W
   6 0.C1651          0.G1655          C-G WC           19-XIX    cWW cW-W

****************************************************************************
List of 2 helices
  Note: a helix is defined by base-stacking interactions, regardless of bp
        type and backbone connectivity, and may contain more than one stem.
      helix#number[stems-contained] bps=number-of-base-pairs in the helix
      bp-type: '|' for a canonical WC/wobble pair, '.' otherwise
      helix-form: classification of a dinucleotide step comprising the bp
        above the given designation and the bp that follows it. Types
        include 'A', 'B' or 'Z' for the common A-, B- and Z-form helices,
        '.' for an unclassified step, and 'x' for a step without a
        continuous backbone.
      --------------------------------------------------------------------
  helix#1[0] bps=4
      strand-1 5'-UGAC-3'
       bp-type    |...
      strand-2 3'-GAAA-5'
      helix-form  ...
   1 0.U1531          0.G1660          U-G Wobble       28-XXVIII cWW cW-W
   2 0.G1532          0.A1659          G-A Sheared      11-XI     tSH tm-M
   3 0.A1533          0.A1658          A+A              02-II     tHH tM+M
   4 0.C1534          0.A1657          C-A              00-n/a    tWH tW-M
  --------------------------------------------------------------------------
  helix#2[0] bps=2
      strand-1 5'-GG-3'
       bp-type    ||
      strand-2 5'-CC-3'
      helix-form  x
   1 0.G1535          0.C1650          G-C WC           19-XIX    cWW cW-W
   2 0.G1655          0.C1651          G-C WC           19-XIX    cWW cW-W

****************************************************************************
List of 3 lone WC/wobble pairs
  Note: lone WC/wobble pairs are assigned negative indices to differentiate
        them from the stem numbers, which are positive.
        --------------------------------------------------------------------
  -1 0.U1531          0.G1660          U-G Wobble       28-XXVIII cWW cW-W
  -2 0.G1535          0.C1650          G-C WC           19-XIX    cWW cW-W
  -3 0.C1651          0.G1655          C-G WC           19-XIX    cWW cW-W

****************************************************************************
List of 2 non-pairing interactions
   1 0.G1535          0.G1655         base-overlap-area=6.8(4.1)   H-bonds[0]: ""
   2 0.A1656          0.A1657         base-overlap-area=5.8(4.2)   H-bonds[0]: ""

****************************************************************************
Note: for the various types of loops listed below, numbers within the first
      set of brackets are the number of loop nts, and numbers in the second
      set of brackets are the identities of the stems (positive number) or
      lone WC/wobble pairs (negative numbers) to which they are linked.

****************************************************************************
List of 1 junction
   1 3-way junctions: nts=13; [3,0,4]; linked by [#-1,#-2,#-3]
     nts=13 UGACGCCGAAAAG 0.U1531,0.G1532,0.A1533,0.C1534,0.G1535,0.C1650,0.C1651,0.G1655,0.A1656,0.A1657,0.A1658,0.A1659,0.G1660
       nts=3 GAC 0.G1532,0.A1533,0.C1534
       nts=0
       nts=4 AAAA 0.A1656,0.A1657,0.A1658,0.A1659

****************************************************************************
Secondary structures in dot-bracket notation (dbn) as a whole and per chain
>tc.2 nts=13 [whole]
UGACG&CC&GAAAAG
(...(&)(&)....)
>tc.2-0 #1 nts=13 [chain] RNA*
UGACGCCGAAAAG
(...()()....)

****************************************************************************
List of 5 additional files
   1 dssr-helices.pdb -- MODEL/ENDMDL delineated helices (pseudo/coaxial)
   2 dssr-pairs.pdb -- MODEL/ENDMDL delineated base pairs
   3 dssr-2ndstrs.ct -- secondary structures in the connect format
   4 dssr-2ndstrs.dbn -- secondary structures in the dot-bracket notation
   5 dssr-torsions.dat -- Backbone torsion angles and suite names
