****************************************************************************
         DSSR: a software program for Defining the Secondary
         Structures of RNA from three-dimensional coordinates
        v1.0.1-2014jan31, by Xiang-Jun Lu (xiangjun@x3dna.org)

   This program is actively maintained and developed. As always, I
   greatly appreciate your feedback! Please report all DSSR-related
   issues on the 3DNA Forum (http://forum.x3dna.org/). I strive to
   respond promptly to *any* questions posted there.

****************************************************************************
Note: Each nucleotide is identified by model:chainId.name#, where the
      'model:' portion is omitted if no model number is available as
      is normally the case for X-ray crystal structures in the PDB. So
      a common example would be like A.G19, meaning G #19 on chain A.
      One-letter base names for modified nucleotides are put in lower
      case (e.g., 'c' for 5MC). For further information about the
      output notation, please run DSSR with the '-note' option. More
      details can be found in the DSSR user manual. Questions and
      suggestions are always welcome on the 3DNA Forum.

Command: x3dna-dssr -i=TC.1S72.45.pdb --non-pair -o=TC.1S72.45_dssr.out
Date and time: Sun Jun 29 15:53:04 2014
File name: TC.1S72.45.pdb
    no. of DNA/RNA chains: 1 [0=18]
    no. of nucleotides:    18
    no. of atoms:          392
    no. of waters:         0
    no. of metals:         0

****************************************************************************
List of 9 base pairs
      nt1              nt2             bp  name         Saenger    LW DSSR
   1 0.U2557          0.G2578          U-G Wobble       28-XXVIII cWW cW-W
   2 0.G2558          0.C2575          G-C WC           19-XIX    cWW cW-W
   3 0.G2558          0.A2799          G-A              00-n/a    c.S c.-m
   4 0.A2576          0.A2800          A-A              00-n/a    cS. cm-.
   5 0.G2772          0.C2802          G-C WC           19-XIX    cWW cW-W
   6 0.G2773          0.A2801          G-A Imino        08-VIII   cWW cW-W
   7 0.U2774          0.A2799          U-A rHoogsteen   24-XXIV   tWH tW-M
   8 0.A2776          0.G2798          A-G Sheared      11-XI     tHS tM-m
   9 0.G2777          0.C2797          G-C WC           19-XIX    cWW cW-W

****************************************************************************
List of 1 multiplet
   1 nts=4 GCUA 0.G2558,0.C2575,0.U2774,0.A2799

****************************************************************************
List of 1 helix
  Note: a helix is defined by base-stacking interactions, regardless of bp
        type and backbone connectivity, and may contain more than one stem.
      helix#number[stems-contained] bps=number-of-base-pairs in the helix
      bp-type: '|' for a canonical WC/wobble pair, '.' otherwise
      helix-form: classification of a dinucleotide step comprising the bp
        above the given designation and the bp that follows it. Types
        include 'A', 'B' or 'Z' for the common A-, B- and Z-form helices,
        '.' for an unclassified step, and 'x' for a step without a
        continuous backbone.
      --------------------------------------------------------------------
  helix#1[0] bps=5
      strand-1 5'-GGUAG-3'
       bp-type    |...|
      strand-2 3'-CAAGC-5'
      helix-form  .xx.
   1 0.G2772          0.C2802          G-C WC           19-XIX    cWW cW-W
   2 0.G2773          0.A2801          G-A Imino        08-VIII   cWW cW-W
   3 0.U2774          0.A2799          U-A rHoogsteen   24-XXIV   tWH tW-M
   4 0.A2776          0.G2798          A-G Sheared      11-XI     tHS tM-m
   5 0.G2777          0.C2797          G-C WC           19-XIX    cWW cW-W

****************************************************************************
List of 4 lone WC/wobble pairs
  Note: lone WC/wobble pairs are assigned negative indices to differentiate
        them from the stem numbers, which are positive.
        --------------------------------------------------------------------
  -1 0.U2557          0.G2578          U-G Wobble       28-XXVIII cWW cW-W
  -2 0.G2558          0.C2575          G-C WC           19-XIX    cWW cW-W
  -3 0.G2772          0.C2802          G-C WC           19-XIX    cWW cW-W
  -4 0.G2777          0.C2797          G-C WC           19-XIX    cWW cW-W

****************************************************************************
List of 11 non-pairing interactions
   1 0.U2557          0.G2558         base-overlap-area=1.1(0.6)   H-bonds[0]: ""
   2 0.G2558          0.A2800         base-overlap-area=1.4(0.0)   H-bonds[0]: ""
   3 0.C2575          0.A2576         base-overlap-area=5.1(2.7)   H-bonds[0]: ""
   4 0.C2575          0.A2775         base-overlap-area=0.0(0.0)   H-bonds[2]: "O2'(hydroxyl)-O2'(hydroxyl)[2.83],O2'(hydroxyl)-N3[2.64]"
   5 0.C2575          0.A2776         base-overlap-area=0.0(0.0)   H-bonds[1]: "O4'*O4'[3.05]"
   6 0.G2578          0.A2800         base-overlap-area=5.1(2.3)   H-bonds[0]: ""
   7 0.U2774          0.G2798         base-overlap-area=3.6(1.5)   H-bonds[0]: ""
   8 0.A2775          0.A2776         base-overlap-area=5.7(4.2)   H-bonds[0]: ""
   9 0.A2775          0.G2798         base-overlap-area=0.0(0.0)   H-bonds[1]: "N6(amino)-O2'(hydroxyl)[3.40]"
  10 0.A2775          0.A2799         base-overlap-area=4.3(3.7)   H-bonds[0]: ""
  11 0.A2799          0.A2801         base-overlap-area=5.6(3.5)   H-bonds[0]: ""

****************************************************************************
Note: for the various types of loops listed below, numbers within the first
      set of brackets are the number of loop nts, and numbers in the second
      set of brackets are the identities of the stems (positive number) or
      lone WC/wobble pairs (negative numbers) to which they are linked.

****************************************************************************
List of 1 bulge
   1 bulge: nts=6; [0,2]; linked by [#-1,#-2]
     nts=6 UGCAAG 0.U2557,0.G2558,0.C2575,0.A2576,0.A2577,0.G2578
       nts=0
       nts=2 AA 0.A2576,0.A2577

****************************************************************************
List of 1 internal loop
   1 symmetric internal loop: nts=12; [4,4]; linked by [#-3,#-4]
     nts=12 GGUAAGCGAAAC 0.G2772,0.G2773,0.U2774,0.A2775,0.A2776,0.G2777,0.C2797,0.G2798,0.A2799,0.A2800,0.A2801,0.C2802
       nts=4 GUAA 0.G2773,0.U2774,0.A2775,0.A2776
       nts=4 GAAA 0.G2798,0.A2799,0.A2800,0.A2801

****************************************************************************
Secondary structures in dot-bracket notation (dbn) as a whole and per chain
>TC.1S72.45 nts=18 [whole]
UG&CAAG&GGUAAG&CGAAAC
((&)..)&(....(&)....)
>TC.1S72.45-0 #1 nts=18 [chain] RNA*
UGCAAGGGUAAGCGAAAC
(()..)(....()....)

****************************************************************************
List of 6 additional files
   1 dssr-helices.pdb -- MODEL/ENDMDL delineated helices (pseudo/coaxial)
   2 dssr-pairs.pdb -- MODEL/ENDMDL delineated base pairs
   3 dssr-multiplets.pdb -- MODEL/ENDMDL delineated multiplets
   4 dssr-2ndstrs.ct -- secondary structures in the connect format
   5 dssr-2ndstrs.dbn -- secondary structures in the dot-bracket notation
   6 dssr-torsions.dat -- Backbone torsion angles and suite names
