****************************************************************************
         DSSR: a software program for Defining the Secondary
         Structures of RNA from three-dimensional coordinates
        v1.0.1-2014jan31, by Xiang-Jun Lu (xiangjun@x3dna.org)

   This program is actively maintained and developed. As always, I
   greatly appreciate your feedback! Please report all DSSR-related
   issues on the 3DNA Forum (http://forum.x3dna.org/). I strive to
   respond promptly to *any* questions posted there.

****************************************************************************
Note: Each nucleotide is identified by model:chainId.name#, where the
      'model:' portion is omitted if no model number is available as
      is normally the case for X-ray crystal structures in the PDB. So
      a common example would be like A.G19, meaning G #19 on chain A.
      One-letter base names for modified nucleotides are put in lower
      case (e.g., 'c' for 5MC). For further information about the
      output notation, please run DSSR with the '-note' option. More
      details can be found in the DSSR user manual. Questions and
      suggestions are always welcome on the 3DNA Forum.

Command: x3dna-dssr -i=TC.2VQE.12.pdb --non-pair -o=TC.2VQE.12_dssr.out
Date and time: Sun Jun 29 15:54:14 2014
File name: TC.2VQE.12.pdb
    no. of DNA/RNA chains: 1 [A=14]
    no. of nucleotides:    14
    no. of atoms:          302
    no. of waters:         0
    no. of metals:         0

****************************************************************************
List of 6 base pairs
      nt1              nt2             bp  name         Saenger    LW DSSR
   1 A.G1089          A.C1096          G-C WC           19-XIX    cWW cW-W
   2 A.G1089          A.A1169          G+A              00-n/a    tSS tm+m
   3 A.U1090          A.U1095          U-U              16-XVI    cWW cW-W
   4 A.U1091          A.A1093          U-A              00-n/a    ... t...
   5 A.C1165          A.G1171          C-G WC           19-XIX    cWW cW-W
   6 A.G1166          A.A1169          G-A              00-n/a    tSH tm-M

****************************************************************************
List of 1 multiplet
   1 nts=4 GCGA A.G1089,A.C1096,A.G1166,A.A1169

****************************************************************************
List of 2 helices
  Note: a helix is defined by base-stacking interactions, regardless of bp
        type and backbone connectivity, and may contain more than one stem.
      helix#number[stems-contained] bps=number-of-base-pairs in the helix
      bp-type: '|' for a canonical WC/wobble pair, '.' otherwise
      helix-form: classification of a dinucleotide step comprising the bp
        above the given designation and the bp that follows it. Types
        include 'A', 'B' or 'Z' for the common A-, B- and Z-form helices,
        '.' for an unclassified step, and 'x' for a step without a
        continuous backbone.
      --------------------------------------------------------------------
  helix#1[0] bps=3
      strand-1 5'-GUU-3'
       bp-type    |..
      strand-2 3'-CUA-5'
      helix-form  .x
   1 A.G1089          A.C1096          G-C WC           19-XIX    cWW cW-W
   2 A.U1090          A.U1095          U-U              16-XVI    cWW cW-W
   3 A.U1091          A.A1093          U-A              00-n/a    ... t...
  --------------------------------------------------------------------------
  helix#2[0] bps=2
      strand-1 5'-CG-3'
       bp-type    |.
      strand-2 3'-GA-5'
      helix-form  .
   1 A.C1165          A.G1171          C-G WC           19-XIX    cWW cW-W
   2 A.G1166          A.A1169          G-A              00-n/a    tSH tm-M

****************************************************************************
List of 2 lone WC/wobble pairs
  Note: lone WC/wobble pairs are assigned negative indices to differentiate
        them from the stem numbers, which are positive.
        --------------------------------------------------------------------
  -1 A.G1089          A.C1096          G-C WC           19-XIX    cWW cW-W
  -2 A.C1165          A.G1171          C-G WC           19-XIX    cWW cW-W

****************************************************************************
List of 8 non-pairing interactions
   1 A.G1089          A.A1168         base-overlap-area=0.0(0.0)   H-bonds[1]: "O2'(hydroxyl)-N1[3.36]"
   2 A.U1091          A.U1095         base-overlap-area=2.3(0.0)   H-bonds[0]: ""
   3 A.A1092          A.A1093         base-overlap-area=6.4(4.6)   H-bonds[0]: ""
   4 A.C1096          A.A1169         base-overlap-area=0.0(0.0)   H-bonds[1]: "O2'(hydroxyl)-O2'(hydroxyl)[2.77]"
   5 A.G1166          A.A1168         base-overlap-area=0.0(0.0)   H-bonds[1]: "O2'(hydroxyl)-N7[2.84]"
   6 A.G1166          A.G1171         base-overlap-area=0.7(0.0)   H-bonds[0]: ""
   7 A.A1167          A.A1168         base-overlap-area=5.2(3.7)   H-bonds[0]: ""
   8 A.A1168          A.A1169         base-overlap-area=5.2(3.7)   H-bonds[0]: ""

****************************************************************************
Note: for the various types of loops listed below, numbers within the first
      set of brackets are the number of loop nts, and numbers in the second
      set of brackets are the identities of the stems (positive number) or
      lone WC/wobble pairs (negative numbers) to which they are linked.

****************************************************************************
List of 2 hairpin loops
   1 hairpin loop: nts=8; [6]; linked by [#-1]
     nts=8 GUUAAGUC A.G1089,A.U1090,A.U1091,A.A1092,A.A1093,A.G1094,A.U1095,A.C1096
       nts=6 UUAAGU A.U1090,A.U1091,A.A1092,A.A1093,A.G1094,A.U1095
   2 hairpin loop: nts=6; [4]; linked by [#-2]
     nts=6 CGAAAG A.C1165,A.G1166,A.A1167,A.A1168,A.A1169,A.G1171
       nts=4 GAAA A.G1166,A.A1167,A.A1168,A.A1169

****************************************************************************
List of 1 A-minor motif
   1  type=I A/G-C	A.A1169 vs A.G1089+A.C1096 [WC]
        +A.G1089	H-bonds[2]: "N1-O2'(hydroxyl)[2.72],N3-N2(amino)[3.17]"
        -A.C1096	H-bonds[1]: "O2'(hydroxyl)-O2'(hydroxyl)[2.77]"

****************************************************************************
Secondary structures in dot-bracket notation (dbn) as a whole and per chain
>TC.2VQE.12 nts=14 [whole]
GUUAAGUC&CGAAAG
(......)&(....)
>TC.2VQE.12-A #1 nts=14 [chain] RNA*
GUUAAGUCCGAAAG
(......)(....)

****************************************************************************
List of 8 additional files
   1 dssr-helices.pdb -- MODEL/ENDMDL delineated helices (pseudo/coaxial)
   2 dssr-pairs.pdb -- MODEL/ENDMDL delineated base pairs
   3 dssr-multiplets.pdb -- MODEL/ENDMDL delineated multiplets
   4 dssr-hairpins.pdb -- MODEL/ENDMDL delineated hairpin loops
   5 dssr-2ndstrs.ct -- secondary structures in the connect format
   6 dssr-2ndstrs.dbn -- secondary structures in the dot-bracket notation
   7 dssr-torsions.dat -- Backbone torsion angles and suite names
   8 dssr-Aminors.pdb -- MODEL/ENDMDL delineated A minor motifs (type I/II)
