****************************************************************************
         DSSR: a software program for Defining the Secondary
         Structures of RNA from three-dimensional coordinates
        v1.0.1-2014jan31, by Xiang-Jun Lu (xiangjun@x3dna.org)

   This program is actively maintained and developed. As always, I
   greatly appreciate your feedback! Please report all DSSR-related
   issues on the 3DNA Forum (http://forum.x3dna.org/). I strive to
   respond promptly to *any* questions posted there.

****************************************************************************
Note: Each nucleotide is identified by model:chainId.name#, where the
      'model:' portion is omitted if no model number is available as
      is normally the case for X-ray crystal structures in the PDB. So
      a common example would be like A.G19, meaning G #19 on chain A.
      One-letter base names for modified nucleotides are put in lower
      case (e.g., 'c' for 5MC). For further information about the
      output notation, please run DSSR with the '-note' option. More
      details can be found in the DSSR user manual. Questions and
      suggestions are always welcome on the 3DNA Forum.

Command: x3dna-dssr -i=TC.3P22.1.pdb --non-pair -o=TC.3P22.1_dssr.out
Date and time: Sun Jun 29 15:54:28 2014
File name: TC.3P22.1.pdb
    no. of DNA/RNA chains: 2 [E=6,G=6]
    no. of nucleotides:    12
    no. of atoms:          264
    no. of waters:         0
    no. of metals:         0

****************************************************************************
List of 8 base pairs
      nt1              nt2             bp  name         Saenger    LW DSSR
   1 E.C17            E.G22            C-G WC           19-XIX    cWW cW-W
   2 E.G18            E.A21            G-A Sheared      11-XI     tSH tm-M
   3 E.A19            G.A19            A+A              02-II     tHH cM+M
   4 E.A20            G.A20            A+A              00-n/a    ... c...
   5 E.A21            G.A21            A+A              01-I      tWW tW+W
   6 E.G22            G.G22            G+G              04-IV     tSS tm+m
   7 G.C17            G.G22            C-G WC           19-XIX    cWW cW-W
   8 G.G18            G.A21            G-A Sheared      11-XI     tSH tm-M

****************************************************************************
List of 2 multiplets
   1 nts=4 CGCG E.C17,E.G22,G.C17,G.G22
   2 nts=4 GAGA E.G18,E.A21,G.G18,G.A21

****************************************************************************
List of 1 helix
  Note: a helix is defined by base-stacking interactions, regardless of bp
        type and backbone connectivity, and may contain more than one stem.
      helix#number[stems-contained] bps=number-of-base-pairs in the helix
      bp-type: '|' for a canonical WC/wobble pair, '.' otherwise
      helix-form: classification of a dinucleotide step comprising the bp
        above the given designation and the bp that follows it. Types
        include 'A', 'B' or 'Z' for the common A-, B- and Z-form helices,
        '.' for an unclassified step, and 'x' for a step without a
        continuous backbone.
      --------------------------------------------------------------------
  helix#1[0] bps=4
      strand-1 5'-AAAC-3'
       bp-type    ...|
      strand-2 5'-AAAG-3'
      helix-form  .xx
   1 E.A19            G.A19            A+A              02-II     tHH cM+M
   2 E.A20            G.A20            A+A              00-n/a    ... c...
   3 G.A21            E.A21            A+A              01-I      tWW tW+W
   4 E.C17            E.G22            C-G WC           19-XIX    cWW cW-W

****************************************************************************
List of 2 lone WC/wobble pairs
  Note: lone WC/wobble pairs are assigned negative indices to differentiate
        them from the stem numbers, which are positive.
        --------------------------------------------------------------------
  -1 E.C17            E.G22            C-G WC           19-XIX    cWW cW-W
  -2 G.C17            G.G22            C-G WC           19-XIX    cWW cW-W

****************************************************************************
List of 10 non-pairing interactions
   1 E.C17            E.G18           base-overlap-area=3.4(1.4)   H-bonds[0]: ""
   2 E.C17            G.A21           base-overlap-area=0.0(0.0)   H-bonds[2]: "O2'(hydroxyl)-O2'(hydroxyl)[3.10],O2'(hydroxyl)-N3[2.70]"
   3 E.G18            E.A20           base-overlap-area=0.0(0.0)   H-bonds[1]: "O2'(hydroxyl)-N7[2.85]"
   4 E.G18            G.A19           base-overlap-area=0.0(0.0)   H-bonds[1]: "O3'-N6(amino)[3.28]"
   5 E.G18            G.A20           base-overlap-area=0.0(0.0)   H-bonds[1]: "O2'(hydroxyl)-N6(amino)[3.37]"
   6 E.A20            G.G18           base-overlap-area=0.0(0.0)   H-bonds[1]: "N6(amino)-O2'(hydroxyl)[3.19]"
   7 E.A21            G.C17           base-overlap-area=0.0(0.0)   H-bonds[1]: "N3-O2'(hydroxyl)[2.55]"
   8 G.C17            G.G18           base-overlap-area=3.2(1.4)   H-bonds[0]: ""
   9 G.G18            G.A20           base-overlap-area=0.0(0.0)   H-bonds[1]: "O2'(hydroxyl)-N7[2.86]"
  10 G.A21            G.G22           base-overlap-area=2.4(0.9)   H-bonds[0]: ""

****************************************************************************
Note: for the various types of loops listed below, numbers within the first
      set of brackets are the number of loop nts, and numbers in the second
      set of brackets are the identities of the stems (positive number) or
      lone WC/wobble pairs (negative numbers) to which they are linked.

****************************************************************************
List of 2 hairpin loops
   1 hairpin loop: nts=6; [4]; linked by [#-1]
     nts=6 CGAAAG E.C17,E.G18,E.A19,E.A20,E.A21,E.G22
       nts=4 GAAA E.G18,E.A19,E.A20,E.A21
   2 hairpin loop: nts=6; [4]; linked by [#-2]
     nts=6 CGAAAG G.C17,G.G18,G.A19,G.A20,G.A21,G.G22
       nts=4 GAAA G.G18,G.A19,G.A20,G.A21

****************************************************************************
Secondary structures in dot-bracket notation (dbn) as a whole and per chain
>TC.3P22.1 nts=12 [whole]
CGAAAG&CGAAAG
(....)&(....)
>TC.3P22.1-E #1 nts=6 [chain] RNA
CGAAAG
(....)
>TC.3P22.1-G #2 nts=6 [chain] RNA
CGAAAG
(....)

****************************************************************************
List of 7 additional files
   1 dssr-helices.pdb -- MODEL/ENDMDL delineated helices (pseudo/coaxial)
   2 dssr-pairs.pdb -- MODEL/ENDMDL delineated base pairs
   3 dssr-multiplets.pdb -- MODEL/ENDMDL delineated multiplets
   4 dssr-hairpins.pdb -- MODEL/ENDMDL delineated hairpin loops
   5 dssr-2ndstrs.ct -- secondary structures in the connect format
   6 dssr-2ndstrs.dbn -- secondary structures in the dot-bracket notation
   7 dssr-torsions.dat -- Backbone torsion angles and suite names
