****************************************************************************
         DSSR: a software program for Defining the Secondary
         Structures of RNA from three-dimensional coordinates
        v1.0.1-2014jan31, by Xiang-Jun Lu (xiangjun@x3dna.org)

   This program is actively maintained and developed. As always, I
   greatly appreciate your feedback! Please report all DSSR-related
   issues on the 3DNA Forum (http://forum.x3dna.org/). I strive to
   respond promptly to *any* questions posted there.

****************************************************************************
Note: Each nucleotide is identified by model:chainId.name#, where the
      'model:' portion is omitted if no model number is available as
      is normally the case for X-ray crystal structures in the PDB. So
      a common example would be like A.G19, meaning G #19 on chain A.
      One-letter base names for modified nucleotides are put in lower
      case (e.g., 'c' for 5MC). For further information about the
      output notation, please run DSSR with the '-note' option. More
      details can be found in the DSSR user manual. Questions and
      suggestions are always welcome on the 3DNA Forum.

Command: x3dna-dssr -i=TC.3RKF.2.pdb --non-pair -o=TC.3RKF.2_dssr.out
Date and time: Sun Jun 29 15:54:33 2014
File name: TC.3RKF.2.pdb
    no. of DNA/RNA chains: 1 [C=22]
    no. of nucleotides:    22
    no. of atoms:          463
    no. of waters:         0
    no. of metals:         0

****************************************************************************
List of 11 base pairs
      nt1              nt2             bp  name         Saenger    LW DSSR
   1 C.G15            C.C81            G-C WC           19-XIX    cWW cW-W
   2 C.G16            C.U80            G-U Wobble       28-XXVIII cWW cW-W
   3 C.C17            C.G79            C-G WC           19-XIX    cWW cW-W
   4 C.C18            C.G78            C-G WC           19-XIX    cWW cW-W
   5 C.A19            C.U77            A-U WC           20-XX     cWW cW-W
   6 C.U20            C.A76            U-A WC           20-XX     cWW cW-W
   7 C.A21            C.U75            A-U WC           20-XX     cWW cW-W
   8 C.G46            C.C53            G-C WC           19-XIX    cWW cW-W
   9 C.U47            C.U51            U-U              00-n/a    cW. cW-.
  10 C.U49            C.A76            U-A              00-n/a    cWS cW-m
  11 C.C50            C.U75            C-U              00-n/a    cWS cW-m

****************************************************************************
List of 2 multiplets
   1 nts=3 UUA C.U20,C.U49,C.A76
   2 nts=3 ACU C.A21,C.C50,C.U75

****************************************************************************
List of 1 helix
  Note: a helix is defined by base-stacking interactions, regardless of bp
        type and backbone connectivity, and may contain more than one stem.
      helix#number[stems-contained] bps=number-of-base-pairs in the helix
      bp-type: '|' for a canonical WC/wobble pair, '.' otherwise
      helix-form: classification of a dinucleotide step comprising the bp
        above the given designation and the bp that follows it. Types
        include 'A', 'B' or 'Z' for the common A-, B- and Z-form helices,
        '.' for an unclassified step, and 'x' for a step without a
        continuous backbone.
      --------------------------------------------------------------------
  helix#1[1] bps=7
      strand-1 5'-GGCCAUA-3'
       bp-type    |||||||
      strand-2 3'-CUGGUAU-5'
      helix-form  ..AAA.
   1 C.G15            C.C81            G-C WC           19-XIX    cWW cW-W
   2 C.G16            C.U80            G-U Wobble       28-XXVIII cWW cW-W
   3 C.C17            C.G79            C-G WC           19-XIX    cWW cW-W
   4 C.C18            C.G78            C-G WC           19-XIX    cWW cW-W
   5 C.A19            C.U77            A-U WC           20-XX     cWW cW-W
   6 C.U20            C.A76            U-A WC           20-XX     cWW cW-W
   7 C.A21            C.U75            A-U WC           20-XX     cWW cW-W

****************************************************************************
List of 1 stem
  Note: a stem is defined as a helix consisting of only canonical WC/wobble
        pairs, with a continuous backbone.
      stem#number[#helix-number containing this stem]
      Other terms are defined as in the above Helix section.
      --------------------------------------------------------------------
  stem#1[#1] bps=7
      strand-1 5'-GGCCAUA-3'
       bp-type    |||||||
      strand-2 3'-CUGGUAU-5'
      helix-form  ..AAA.
   1 C.G15            C.C81            G-C WC           19-XIX    cWW cW-W
   2 C.G16            C.U80            G-U Wobble       28-XXVIII cWW cW-W
   3 C.C17            C.G79            C-G WC           19-XIX    cWW cW-W
   4 C.C18            C.G78            C-G WC           19-XIX    cWW cW-W
   5 C.A19            C.U77            A-U WC           20-XX     cWW cW-W
   6 C.U20            C.A76            U-A WC           20-XX     cWW cW-W
   7 C.A21            C.U75            A-U WC           20-XX     cWW cW-W

****************************************************************************
List of 1 lone WC/wobble pair
  Note: lone WC/wobble pairs are assigned negative indices to differentiate
        them from the stem numbers, which are positive.
        --------------------------------------------------------------------
  -1 C.G46            C.C53            G-C WC           19-XIX    cWW cW-W

****************************************************************************
List of 14 non-pairing interactions
   1 C.G16            C.C81           base-overlap-area=0.1(0.0)   H-bonds[0]: ""
   2 C.C18            C.G79           base-overlap-area=0.3(0.0)   H-bonds[0]: ""
   3 C.A19            C.G78           base-overlap-area=3.7(1.8)   H-bonds[0]: ""
   4 C.A21            C.U47           base-overlap-area=0.0(0.0)   H-bonds[2]: "O2'(hydroxyl)-O4'[2.40],O2'(hydroxyl)-O2(carbonyl)[3.10]"
   5 C.A21            C.A76           base-overlap-area=0.2(0.2)   H-bonds[0]: ""
   6 C.G46            C.U47           base-overlap-area=2.5(0.9)   H-bonds[0]: ""
   7 C.G46            C.A52           base-overlap-area=0.0(0.0)   H-bonds[1]: "O6(carbonyl)-N6(amino)[2.97]"
   8 C.U47            C.U48           base-overlap-area=0.0(0.0)   H-bonds[1]: "O2'(hydroxyl)-O5'[2.51]"
   9 C.U47            C.U49           base-overlap-area=0.0(0.0)   H-bonds[1]: "O2'(hydroxyl)-O5'[3.19]"
  10 C.U48            C.U49           base-overlap-area=3.3(0.8)   H-bonds[0]: ""
  11 C.U48            C.U77           base-overlap-area=0.0(0.0)   H-bonds[1]: "O4(carbonyl)-O2'(hydroxyl)[2.92]"
  12 C.C50            C.U51           base-overlap-area=5.4(3.3)   H-bonds[0]: ""
  13 C.U51            C.A52           base-overlap-area=1.8(0.8)   H-bonds[0]: ""
  14 C.A52            C.C53           base-overlap-area=6.6(3.8)   H-bonds[0]: ""

****************************************************************************
Note: for the various types of loops listed below, numbers within the first
      set of brackets are the number of loop nts, and numbers in the second
      set of brackets are the identities of the stems (positive number) or
      lone WC/wobble pairs (negative numbers) to which they are linked.

****************************************************************************
List of 1 hairpin loop
   1 hairpin loop: nts=8; [6]; linked by [#-1]
     nts=8 GUUUCUAC C.G46,C.U47,C.U48,C.U49,C.C50,C.U51,C.A52,C.C53
       nts=6 UUUCUA C.U47,C.U48,C.U49,C.C50,C.U51,C.A52

****************************************************************************
Secondary structures in dot-bracket notation (dbn) as a whole and per chain
>TC.3RKF.2 nts=22 [whole]
GGCCAUA&GUUUCUAC&UAUGGUC
(((((((&(......)&)))))))
>TC.3RKF.2-C #1 nts=22 [chain] RNA*
GGCCAUAGUUUCUACUAUGGUC
((((((((......))))))))

****************************************************************************
List of 8 additional files
   1 dssr-stems.pdb -- MODEL/ENDMDL delineated stems
   2 dssr-helices.pdb -- MODEL/ENDMDL delineated helices (pseudo/coaxial)
   3 dssr-pairs.pdb -- MODEL/ENDMDL delineated base pairs
   4 dssr-multiplets.pdb -- MODEL/ENDMDL delineated multiplets
   5 dssr-hairpins.pdb -- MODEL/ENDMDL delineated hairpin loops
   6 dssr-2ndstrs.ct -- secondary structures in the connect format
   7 dssr-2ndstrs.dbn -- secondary structures in the dot-bracket notation
   8 dssr-torsions.dat -- Backbone torsion angles and suite names
