****************************************************************************
         DSSR: a software program for Defining the Secondary
         Structures of RNA from three-dimensional coordinates
        v1.0.1-2014jan31, by Xiang-Jun Lu (xiangjun@x3dna.org)

   This program is actively maintained and developed. As always, I
   greatly appreciate your feedback! Please report all DSSR-related
   issues on the 3DNA Forum (http://forum.x3dna.org/). I strive to
   respond promptly to *any* questions posted there.

****************************************************************************
Note: Each nucleotide is identified by model:chainId.name#, where the
      'model:' portion is omitted if no model number is available as
      is normally the case for X-ray crystal structures in the PDB. So
      a common example would be like A.G19, meaning G #19 on chain A.
      One-letter base names for modified nucleotides are put in lower
      case (e.g., 'c' for 5MC). For further information about the
      output notation, please run DSSR with the '-note' option. More
      details can be found in the DSSR user manual. Questions and
      suggestions are always welcome on the 3DNA Forum.

Command: x3dna-dssr -i=NWAY.3RG5.1.pdb --non-pair -o=NWAY.3RG5.1_dssr.out
Date and time: Sun Jun 29 15:54:31 2014
File name: NWAY.3RG5.1.pdb
    no. of DNA/RNA chains: 1 [B=12]
    no. of nucleotides:    12
    no. of atoms:          258
    no. of waters:         0
    no. of metals:         0

****************************************************************************
List of 5 base pairs
      nt1              nt2             bp  name         Saenger    LW DSSR
   1 B.G7             B.C66            G-C WC           19-XIX    cWW cW-W
   2 B.C10            B.G25            C-G WC           19-XIX    cWW cW-W
   3 B.U26            B.A44            U-A WC           20-XX     cWW cW-W
   4 B.G45            B.A48            G-A Imino        08-VIII   cWW cW-W
   5 B.G50            B.C64            G-C WC           19-XIX    cWW cW-W

****************************************************************************
List of 2 helices
  Note: a helix is defined by base-stacking interactions, regardless of bp
        type and backbone connectivity, and may contain more than one stem.
      helix#number[stems-contained] bps=number-of-base-pairs in the helix
      bp-type: '|' for a canonical WC/wobble pair, '.' otherwise
      helix-form: classification of a dinucleotide step comprising the bp
        above the given designation and the bp that follows it. Types
        include 'A', 'B' or 'Z' for the common A-, B- and Z-form helices,
        '.' for an unclassified step, and 'x' for a step without a
        continuous backbone.
      --------------------------------------------------------------------
  helix#1[0] bps=2
      strand-1 5'-GG-3'
       bp-type    ||
      strand-2 3'-CC-5'
      helix-form  x
   1 B.G7             B.C66            G-C WC           19-XIX    cWW cW-W
   2 B.G50            B.C64            G-C WC           19-XIX    cWW cW-W
  --------------------------------------------------------------------------
  helix#2[0] bps=2
      strand-1 5'-CA-3'
       bp-type    ||
      strand-2 5'-GU-3'
      helix-form  x
   1 B.C10            B.G25            C-G WC           19-XIX    cWW cW-W
   2 B.A44            B.U26            A-U WC           20-XX     cWW cW-W

****************************************************************************
List of 4 lone WC/wobble pairs
  Note: lone WC/wobble pairs are assigned negative indices to differentiate
        them from the stem numbers, which are positive.
        --------------------------------------------------------------------
  -1 B.G7             B.C66            G-C WC           19-XIX    cWW cW-W
  -2 B.C10            B.G25            C-G WC           19-XIX    cWW cW-W
  -3 B.U26            B.A44            U-A WC           20-XX     cWW cW-W
  -4 B.G50            B.C64            G-C WC           19-XIX    cWW cW-W

****************************************************************************
List of 5 non-pairing interactions
   1 B.G7             B.G50           base-overlap-area=3.5(1.8)   H-bonds[0]: ""
   2 B.A8             B.A48           base-overlap-area=0.5(0.0)   H-bonds[1]: "O2'(hydroxyl)-N3[2.80]"
   3 B.U9             B.A48           base-overlap-area=4.2(1.9)   H-bonds[0]: ""
   4 B.C10            B.A44           base-overlap-area=3.0(1.5)   H-bonds[0]: ""
   5 B.G50            B.C66           base-overlap-area=1.2(0.0)   H-bonds[0]: ""

****************************************************************************
List of 2 non-loop single-stranded segments
   1 nts=2 AU B.A8,B.U9
   2 nts=2* GA B.G45,B.A48

****************************************************************************
Secondary structures in dot-bracket notation (dbn) as a whole and per chain
>NWAY.3RG5.1 nts=12 [whole]
GAUC&GU&AG&AG&CC
(..(&)(&).&.(&))
>NWAY.3RG5.1-B #1 nts=12 [chain] RNA*
GAUCGUAGAGCC
(..()()..())

****************************************************************************
List of 5 additional files
   1 dssr-helices.pdb -- MODEL/ENDMDL delineated helices (pseudo/coaxial)
   2 dssr-pairs.pdb -- MODEL/ENDMDL delineated base pairs
   3 dssr-2ndstrs.ct -- secondary structures in the connect format
   4 dssr-2ndstrs.dbn -- secondary structures in the dot-bracket notation
   5 dssr-torsions.dat -- Backbone torsion angles and suite names
