****************************************************************************
         DSSR: a software program for Defining the Secondary
         Structures of RNA from three-dimensional coordinates
        v1.0.1-2014jan31, by Xiang-Jun Lu (xiangjun@x3dna.org)

   This program is actively maintained and developed. As always, I
   greatly appreciate your feedback! Please report all DSSR-related
   issues on the 3DNA Forum (http://forum.x3dna.org/). I strive to
   respond promptly to *any* questions posted there.

****************************************************************************
Note: Each nucleotide is identified by model:chainId.name#, where the
      'model:' portion is omitted if no model number is available as
      is normally the case for X-ray crystal structures in the PDB. So
      a common example would be like A.G19, meaning G #19 on chain A.
      One-letter base names for modified nucleotides are put in lower
      case (e.g., 'c' for 5MC). For further information about the
      output notation, please run DSSR with the '-note' option. More
      details can be found in the DSSR user manual. Questions and
      suggestions are always welcome on the 3DNA Forum.

Command: x3dna-dssr -i=TC.2VQE.4.pdb --non-pair -o=TC.2VQE.4_dssr.out
Date and time: Sun Jun 29 15:54:12 2014
File name: TC.2VQE.4.pdb
    no. of DNA/RNA chains: 1 [A=21]
    no. of nucleotides:    21
    no. of atoms:          452
    no. of waters:         0
    no. of metals:         0

****************************************************************************
List of 6 base pairs
      nt1              nt2             bp  name         Saenger    LW DSSR
   1 A.C689           A.G698           C-G WC           19-XIX    cWW cW-W
   2 A.G690           A.U697           G-U              00-n/a    t.H t.-M
   3 A.G691           A.A696           G-A Sheared      11-XI     tSH tm-M
   4 A.A695           A.G786           A-G              00-n/a    cWS cW-m
   5 A.G786           A.C796           G-C WC           19-XIX    cWW cW-W
   6 A.U788           A.A794           U-A              00-n/a    tWH cW-M

****************************************************************************
List of 1 multiplet
   1 nts=3 AGC A.A695,A.G786,A.C796

****************************************************************************
List of 1 helix
  Note: a helix is defined by base-stacking interactions, regardless of bp
        type and backbone connectivity, and may contain more than one stem.
      helix#number[stems-contained] bps=number-of-base-pairs in the helix
      bp-type: '|' for a canonical WC/wobble pair, '.' otherwise
      helix-form: classification of a dinucleotide step comprising the bp
        above the given designation and the bp that follows it. Types
        include 'A', 'B' or 'Z' for the common A-, B- and Z-form helices,
        '.' for an unclassified step, and 'x' for a step without a
        continuous backbone.
      --------------------------------------------------------------------
  helix#1[0] bps=3
      strand-1 5'-CGG-3'
       bp-type    |..
      strand-2 3'-GUA-5'
      helix-form  ..
   1 A.C689           A.G698           C-G WC           19-XIX    cWW cW-W
   2 A.G690           A.U697           G-U              00-n/a    t.H t.-M
   3 A.G691           A.A696           G-A Sheared      11-XI     tSH tm-M

****************************************************************************
List of 2 lone WC/wobble pairs
  Note: lone WC/wobble pairs are assigned negative indices to differentiate
        them from the stem numbers, which are positive.
        --------------------------------------------------------------------
  -1 A.C689           A.G698           C-G WC           19-XIX    cWW cW-W
  -2 A.G786           A.C796           G-C WC           19-XIX    cWW cW-W

****************************************************************************
List of 21 non-pairing interactions
   1 A.G691           A.U692          base-overlap-area=3.8(1.8)   H-bonds[0]: ""
   2 A.U692           A.A694          base-overlap-area=0.0(0.0)   H-bonds[1]: "O2'(hydroxyl)-N7[2.69]"
   3 A.U692           A.A695          base-overlap-area=0.0(0.0)   H-bonds[1]: "O4'-N6(amino)[3.50]"
   4 A.G693           A.A694          base-overlap-area=6.3(4.3)   H-bonds[0]: ""
   5 A.A694           A.A695          base-overlap-area=2.8(0.2)   H-bonds[0]: ""
   6 A.A694           A.A787          base-overlap-area=0.0(0.0)   H-bonds[2]: "N1-O2'(hydroxyl)[2.56],N6(amino)-O2'(hydroxyl)[3.00]"
   7 A.A695           A.A696          base-overlap-area=6.3(4.5)   H-bonds[0]: ""
   8 A.A696           A.G786          base-overlap-area=0.0(0.0)   H-bonds[2]: "O2'(hydroxyl)-O2'(hydroxyl)[2.82],N3-O2'(hydroxyl)[2.72]"
   9 A.U697           A.G786          base-overlap-area=0.0(0.0)   H-bonds[1]: "O4'-O2'(hydroxyl)[3.24]"
  10 A.G786           A.A787          base-overlap-area=4.4(2.0)   H-bonds[0]: ""
  11 A.A787           A.U788          base-overlap-area=5.5(2.8)   H-bonds[0]: ""
  12 A.A787           A.C795          base-overlap-area=0.0(0.0)   H-bonds[1]: "N1-N4(amino)[3.06]"
  13 A.U788           A.U789          base-overlap-area=3.1(1.2)   H-bonds[0]: ""
  14 A.U788           A.A792          base-overlap-area=0.0(0.0)   H-bonds[1]: "N3(imino)-O2'(hydroxyl)[3.14]"
  15 A.U788           A.C795          base-overlap-area=0.0(0.0)   H-bonds[1]: "O2(carbonyl)-N4(amino)[2.86]"
  16 A.U789           A.G791          base-overlap-area=0.0(0.0)   H-bonds[1]: "O2'(hydroxyl)-N7[2.56]"
  17 A.A790           A.G791          base-overlap-area=6.1(4.4)   H-bonds[0]: ""
  18 A.G791           A.A792          base-overlap-area=3.4(2.1)   H-bonds[0]: ""
  19 A.A792           A.A794          base-overlap-area=3.8(2.6)   H-bonds[2]: "O2'(hydroxyl)-N6(amino)[2.73],O2'(hydroxyl)-N7[2.65]"
  20 A.A794           A.C795          base-overlap-area=4.9(3.3)   H-bonds[0]: ""
  21 A.C795           A.C796          base-overlap-area=2.7(0.8)   H-bonds[0]: ""

****************************************************************************
Note: for the various types of loops listed below, numbers within the first
      set of brackets are the number of loop nts, and numbers in the second
      set of brackets are the identities of the stems (positive number) or
      lone WC/wobble pairs (negative numbers) to which they are linked.

****************************************************************************
List of 2 hairpin loops
   1 hairpin loop: nts=10; [8]; linked by [#-1]
     nts=10 CGGUGAAAUG A.C689,A.G690,A.G691,A.U692,A.G693,A.A694,A.A695,A.A696,A.U697,A.G698
       nts=8 GGUGAAAU A.G690,A.G691,A.U692,A.G693,A.A694,A.A695,A.A696,A.U697
   2 hairpin loop: nts=11; [9]; linked by [#-2]
     nts=11 GAUUAGAUACC A.G786,A.A787,A.U788,A.U789,A.A790,A.G791,A.A792,A.U793,A.A794,A.C795,A.C796
       nts=9 AUUAGAUAC A.A787,A.U788,A.U789,A.A790,A.G791,A.A792,A.U793,A.A794,A.C795

****************************************************************************
Secondary structures in dot-bracket notation (dbn) as a whole and per chain
>TC.2VQE.4 nts=21 [whole]
CGGUGAAAUG&GAUUAGAUACC
(........)&(.........)
>TC.2VQE.4-A #1 nts=21 [chain] RNA*
CGGUGAAAUGGAUUAGAUACC
(........)(.........)

****************************************************************************
List of 7 additional files
   1 dssr-helices.pdb -- MODEL/ENDMDL delineated helices (pseudo/coaxial)
   2 dssr-pairs.pdb -- MODEL/ENDMDL delineated base pairs
   3 dssr-multiplets.pdb -- MODEL/ENDMDL delineated multiplets
   4 dssr-hairpins.pdb -- MODEL/ENDMDL delineated hairpin loops
   5 dssr-2ndstrs.ct -- secondary structures in the connect format
   6 dssr-2ndstrs.dbn -- secondary structures in the dot-bracket notation
   7 dssr-torsions.dat -- Backbone torsion angles and suite names
