****************************************************************************
         DSSR: a software program for Defining the Secondary
         Structures of RNA from three-dimensional coordinates
        v1.0.1-2014jan31, by Xiang-Jun Lu (xiangjun@x3dna.org)

   This program is actively maintained and developed. As always, I
   greatly appreciate your feedback! Please report all DSSR-related
   issues on the 3DNA Forum (http://forum.x3dna.org/). I strive to
   respond promptly to *any* questions posted there.

****************************************************************************
Note: Each nucleotide is identified by model:chainId.name#, where the
      'model:' portion is omitted if no model number is available as
      is normally the case for X-ray crystal structures in the PDB. So
      a common example would be like A.G19, meaning G #19 on chain A.
      One-letter base names for modified nucleotides are put in lower
      case (e.g., 'c' for 5MC). For further information about the
      output notation, please run DSSR with the '-note' option. More
      details can be found in the DSSR user manual. Questions and
      suggestions are always welcome on the 3DNA Forum.

Command: x3dna-dssr -i=TWOWAY.1JBS.1.pdb --non-pair -o=TWOWAY.1JBS.1_dssr.out
Date and time: Thu Jul 17 15:06:19 2014
File name: TWOWAY.1JBS.1.pdb
    no. of DNA/RNA chains: 1 [D=13]
    no. of nucleotides:    13
    no. of atoms:          277
    no. of waters:         0
    no. of metals:         0

****************************************************************************
List of 7 base pairs
      nt1              nt2             bp  name         Saenger    LW DSSR
   1 D.U7             D.C23            U-C              00-n/a    cW. cW-.
   2 D.C8             D.C22            C-C              00-n/a    tSH tm-M
   3 D.A9             D.A21            A+A              02-II     tHH tM+M
   4 D.G10            D.U11            G+U Platform     00-n/a    cSH cm+M
   5 D.U11            D.A20            U-A rHoogsteen   24-XXIV   tWH tW-M
   6 D.A12            D.G19            A-G Sheared      11-XI     tHS tM-m
   7 D.C13            D.G18            C-G WC           19-XIX    cWW cW-W

****************************************************************************
List of 1 multiplet
   1 nts=3 GUA D.G10,D.U11,D.A20

****************************************************************************
List of 1 helix
  Note: a helix is defined by base-stacking interactions, regardless of bp
        type and backbone connectivity, and may contain more than one stem.
      helix#number[stems-contained] bps=number-of-base-pairs in the helix
      bp-type: '|' for a canonical WC/wobble pair, '.' otherwise
      helix-form: classification of a dinucleotide step comprising the bp
        above the given designation and the bp that follows it. Types
        include 'A', 'B' or 'Z' for the common A-, B- and Z-form helices,
        '.' for an unclassified step, and 'x' for a step without a
        continuous backbone.
      --------------------------------------------------------------------
  helix#1[0] bps=6
      strand-1 5'-UCAUAC-3'
       bp-type    .....|
      strand-2 3'-CCAAGG-5'
      helix-form  ..x..
   1 D.U7             D.C23            U-C              00-n/a    cW. cW-.
   2 D.C8             D.C22            C-C              00-n/a    tSH tm-M
   3 D.A9             D.A21            A+A              02-II     tHH tM+M
   4 D.U11            D.A20            U-A rHoogsteen   24-XXIV   tWH tW-M
   5 D.A12            D.G19            A-G Sheared      11-XI     tHS tM-m
   6 D.C13            D.G18            C-G WC           19-XIX    cWW cW-W

****************************************************************************
List of 1 lone WC/wobble pair
  Note: lone WC/wobble pairs are assigned negative indices to differentiate
        them from the stem numbers, which are positive.
        --------------------------------------------------------------------
  -1 D.C13            D.G18            C-G WC           19-XIX    cWW cW-W

****************************************************************************
List of 4 non-pairing interactions
   1 D.A9             D.U11           base-overlap-area=4.3(1.4)   H-bonds[1]: "O4'*O4'[2.86]"
   2 D.G10            D.G19           base-overlap-area=1.7(0.2)   H-bonds[1]: "O2'(hydroxyl)-O6(carbonyl)[2.56]"
   3 D.G10            D.A20           base-overlap-area=0.0(0.0)   H-bonds[1]: "N2(amino)-O5'[3.17]"
   4 D.A12            D.A20           base-overlap-area=2.7(2.6)   H-bonds[0]: ""

****************************************************************************
List of 2 non-loop single-stranded segments
   1 nts=6 UCAGUA D.U7,D.C8,D.A9,D.G10,D.U11,D.A12
   2 nts=5 GAACC D.G19,D.A20,D.A21,D.C22,D.C23

****************************************************************************
Secondary structures in dot-bracket notation (dbn) as a whole and per chain
>TWOWAY.1JBS.1 nts=13 [whole]
UCAGUAC&GGAACC
......(&).....
>TWOWAY.1JBS.1-D #1 nts=13 [chain] RNA*
UCAGUACGGAACC
......().....

****************************************************************************
List of 6 additional files
   1 dssr-helices.pdb -- MODEL/ENDMDL delineated helices (pseudo/coaxial)
   2 dssr-pairs.pdb -- MODEL/ENDMDL delineated base pairs
   3 dssr-multiplets.pdb -- MODEL/ENDMDL delineated multiplets
   4 dssr-2ndstrs.ct -- secondary structures in the connect format
   5 dssr-2ndstrs.dbn -- secondary structures in the dot-bracket notation
   6 dssr-torsions.dat -- Backbone torsion angles and suite names
