****************************************************************************
         DSSR: a software program for Defining the Secondary
         Structures of RNA from three-dimensional coordinates
        v1.0.1-2014jan31, by Xiang-Jun Lu (xiangjun@x3dna.org)

   This program is actively maintained and developed. As always, I
   greatly appreciate your feedback! Please report all DSSR-related
   issues on the 3DNA Forum (http://forum.x3dna.org/). I strive to
   respond promptly to *any* questions posted there.

****************************************************************************
Note: Each nucleotide is identified by model:chainId.name#, where the
      'model:' portion is omitted if no model number is available as
      is normally the case for X-ray crystal structures in the PDB. So
      a common example would be like A.G19, meaning G #19 on chain A.
      One-letter base names for modified nucleotides are put in lower
      case (e.g., 'c' for 5MC). For further information about the
      output notation, please run DSSR with the '-note' option. More
      details can be found in the DSSR user manual. Questions and
      suggestions are always welcome on the 3DNA Forum.

Command: x3dna-dssr -i=TWOWAY.2VQE.10.pdb --non-pair -o=TWOWAY.2VQE.10_dssr.out
Date and time: Thu Jul 17 15:06:41 2014
File name: TWOWAY.2VQE.10.pdb
    no. of DNA/RNA chains: 1 [A=16]
    no. of nucleotides:    16
    no. of atoms:          343
    no. of waters:         0
    no. of metals:         0

****************************************************************************
List of 6 base pairs
      nt1              nt2             bp  name         Saenger    LW DSSR
   1 A.G515           A.C536           G-C WC           19-XIX    cWW cW-W
   2 A.U516           A.C519           U-C              00-n/a    cSW cm-W
   3 A.U516           A.A533           U-A rHoogsteen   24-XXIV   tWH tW-M
   4 A.A520           A.G529           A-G Sheared      11-XI     tHS cM-m
   5 A.A520           A.A533           A+A              00-n/a    tWW tW+W
   6 A.G521           A.C528           G-C WC           19-XIX    cWW cW-W

****************************************************************************
List of 2 multiplets
   1 nts=3 UCA A.U516,A.C519,A.A533
   2 nts=3 AGA A.A520,A.G529,A.A533

****************************************************************************
List of 1 helix
  Note: a helix is defined by base-stacking interactions, regardless of bp
        type and backbone connectivity, and may contain more than one stem.
      helix#number[stems-contained] bps=number-of-base-pairs in the helix
      bp-type: '|' for a canonical WC/wobble pair, '.' otherwise
      helix-form: classification of a dinucleotide step comprising the bp
        above the given designation and the bp that follows it. Types
        include 'A', 'B' or 'Z' for the common A-, B- and Z-form helices,
        '.' for an unclassified step, and 'x' for a step without a
        continuous backbone.
      --------------------------------------------------------------------
  helix#1[0] bps=2
      strand-1 5'-AG-3'
       bp-type    .|
      strand-2 3'-GC-5'
      helix-form  .
   1 A.A520           A.G529           A-G Sheared      11-XI     tHS cM-m
   2 A.G521           A.C528           G-C WC           19-XIX    cWW cW-W

****************************************************************************
List of 2 lone WC/wobble pairs
  Note: lone WC/wobble pairs are assigned negative indices to differentiate
        them from the stem numbers, which are positive.
        --------------------------------------------------------------------
  -1 A.G515           A.C536           G-C WC           19-XIX    cWW cW-W
  -2 A.G521           A.C528           G-C WC           19-XIX    cWW cW-W

****************************************************************************
List of 13 non-pairing interactions
   1 A.G515           A.U516          base-overlap-area=6.6(3.4)   H-bonds[0]: ""
   2 A.U516           A.G517          base-overlap-area=4.2(1.1)   H-bonds[0]: ""
   3 A.G517           A.G530          base-overlap-area=0.0(0.0)   H-bonds[1]: "O2'(hydroxyl)-O3'[3.22]"
   4 A.G517           A.U531          base-overlap-area=4.4(2.2)   H-bonds[0]: ""
   5 A.C518           A.C519          base-overlap-area=0.0(0.0)   H-bonds[1]: "O5'*O4'[3.24]"
   6 A.C518           A.G529          base-overlap-area=1.2(0.0)   H-bonds[0]: ""
   7 A.C518           A.G530          base-overlap-area=6.9(3.9)   H-bonds[0]: ""
   8 A.C519           A.A520          base-overlap-area=5.1(1.9)   H-bonds[0]: ""
   9 A.C519           A.G529          base-overlap-area=0.0(0.0)   H-bonds[1]: "N4(amino)-O2'(hydroxyl)[3.02]"
  10 A.G521           A.G529          base-overlap-area=0.6(0.0)   H-bonds[0]: ""
  11 A.G521           A.C536          base-overlap-area=0.0(0.0)   H-bonds[2]: "O2'(hydroxyl)-O2'(hydroxyl)[2.82],N2(amino)-O4'[2.70]"
  12 A.C528           A.A535          base-overlap-area=0.0(0.0)   H-bonds[1]: "O2'(hydroxyl)-O2'(hydroxyl)[3.00]"
  13 A.A533           A.C536          base-overlap-area=4.3(1.6)   H-bonds[0]: ""

****************************************************************************
Note: for the various types of loops listed below, numbers within the first
      set of brackets are the number of loop nts, and numbers in the second
      set of brackets are the identities of the stems (positive number) or
      lone WC/wobble pairs (negative numbers) to which they are linked.

****************************************************************************
List of 1 internal loop
   1 asymmetric internal loop: nts=16; [5,7]; linked by [#-1,#-2]
     nts=16 GUGCCAGCGGUAAUAC A.G515,A.U516,A.G517,A.C518,A.C519,A.A520,A.G521,A.C528,A.G529,A.G530,A.U531,A.A532,A.A533,A.U534,A.A535,A.C536
       nts=5 UGCCA A.U516,A.G517,A.C518,A.C519,A.A520
       nts=7 GGUAAUA A.G529,A.G530,A.U531,A.A532,A.A533,A.U534,A.A535

****************************************************************************
List of 1 (possible) kink turn
   1 Normal k-turn with GA on C-helix#1; iloop#1
      C#-2{A.C528,A.G521 CG} (A.G529,A.A520 GA) NC#-1{A.G515,A.C536 GC}
      strand1 nts=9; CGGUAAUAC A.C528,A.G529,A.G530,A.U531,A.A532,A.A533,A.U534,A.A535,A.C536
      strand2 nts=7; GUGCCAG A.G515,A.U516,A.G517,A.C518,A.C519,A.A520,A.G521

****************************************************************************
Secondary structures in dot-bracket notation (dbn) as a whole and per chain
>TWOWAY.2VQE.10 nts=16 [whole]
GUGCCAG&CGGUAAUAC
(.....(&).......)
>TWOWAY.2VQE.10-A #1 nts=16 [chain] RNA*
GUGCCAGCGGUAAUAC
(.....().......)

****************************************************************************
List of 7 additional files
   1 dssr-helices.pdb -- MODEL/ENDMDL delineated helices (pseudo/coaxial)
   2 dssr-pairs.pdb -- MODEL/ENDMDL delineated base pairs
   3 dssr-multiplets.pdb -- MODEL/ENDMDL delineated multiplets
   4 dssr-2ndstrs.ct -- secondary structures in the connect format
   5 dssr-2ndstrs.dbn -- secondary structures in the dot-bracket notation
   6 dssr-torsions.dat -- Backbone torsion angles and suite names
   7 dssr-Kturns.pdb -- MODEL/ENDMDL delineated kink-turn motifs
