****************************************************************************
         DSSR: a software program for Defining the Secondary
         Structures of RNA from three-dimensional coordinates
        v1.0.1-2014jan31, by Xiang-Jun Lu (xiangjun@x3dna.org)

   This program is actively maintained and developed. As always, I
   greatly appreciate your feedback! Please report all DSSR-related
   issues on the 3DNA Forum (http://forum.x3dna.org/). I strive to
   respond promptly to *any* questions posted there.

****************************************************************************
Note: Each nucleotide is identified by model:chainId.name#, where the
      'model:' portion is omitted if no model number is available as
      is normally the case for X-ray crystal structures in the PDB. So
      a common example would be like A.G19, meaning G #19 on chain A.
      One-letter base names for modified nucleotides are put in lower
      case (e.g., 'c' for 5MC). For further information about the
      output notation, please run DSSR with the '-note' option. More
      details can be found in the DSSR user manual. Questions and
      suggestions are always welcome on the 3DNA Forum.

Command: x3dna-dssr -i=TC.2VQE.2.pdb --non-pair -o=TC.2VQE.2_dssr.out
Date and time: Sun Jun 29 15:54:12 2014
File name: TC.2VQE.2.pdb
    no. of DNA/RNA chains: 1 [A=28]
    no. of nucleotides:    28
    no. of atoms:          595
    no. of waters:         0
    no. of metals:         0

****************************************************************************
List of 11 base pairs
      nt1              nt2             bp  name         Saenger    LW DSSR
   1 A.G500           A.C545           G-C WC           19-XIX    cWW cW-W
   2 A.C501           A.G544           C-G WC           19-XIX    cWW cW-W
   3 A.G502           A.C543           G-C WC           19-XIX    cWW cW-W
   4 A.C503           A.G542           C-G WC           19-XIX    cWW cW-W
   5 A.C504           A.G541           C-G WC           19-XIX    cWW cW-W
   6 A.C507           A.G524           C-G WC           19-XIX    cWW cW-W
   7 A.C508           A.A509           C+A Platform     00-n/a    cSH cm+M
   8 A.C508           A.A510           C+A              00-n/a    cS. cm+.
   9 A.A509           A.C543           A-C              00-n/a    ... c...
  10 A.A510           A.G542           A-G              00-n/a    cS. cm-.
  11 A.U516           A.C519           U-C              00-n/a    cSW cm-W

****************************************************************************
List of 2 multiplets
   1 nts=3 GAC A.G502,A.A509,A.C543
   2 nts=4 CCAG A.C503,A.C508,A.A510,A.G542

****************************************************************************
List of 1 helix
  Note: a helix is defined by base-stacking interactions, regardless of bp
        type and backbone connectivity, and may contain more than one stem.
      helix#number[stems-contained] bps=number-of-base-pairs in the helix
      bp-type: '|' for a canonical WC/wobble pair, '.' otherwise
      helix-form: classification of a dinucleotide step comprising the bp
        above the given designation and the bp that follows it. Types
        include 'A', 'B' or 'Z' for the common A-, B- and Z-form helices,
        '.' for an unclassified step, and 'x' for a step without a
        continuous backbone.
      --------------------------------------------------------------------
  helix#1[1] bps=5
      strand-1 5'-GCGCC-3'
       bp-type    |||||
      strand-2 3'-CGCGG-5'
      helix-form  AAAA
   1 A.G500           A.C545           G-C WC           19-XIX    cWW cW-W
   2 A.C501           A.G544           C-G WC           19-XIX    cWW cW-W
   3 A.G502           A.C543           G-C WC           19-XIX    cWW cW-W
   4 A.C503           A.G542           C-G WC           19-XIX    cWW cW-W
   5 A.C504           A.G541           C-G WC           19-XIX    cWW cW-W

****************************************************************************
List of 1 stem
  Note: a stem is defined as a helix consisting of only canonical WC/wobble
        pairs, with a continuous backbone.
      stem#number[#helix-number containing this stem]
      Other terms are defined as in the above Helix section.
      --------------------------------------------------------------------
  stem#1[#1] bps=5
      strand-1 5'-GCGCC-3'
       bp-type    |||||
      strand-2 3'-CGCGG-5'
      helix-form  AAAA
   1 A.G500           A.C545           G-C WC           19-XIX    cWW cW-W
   2 A.C501           A.G544           C-G WC           19-XIX    cWW cW-W
   3 A.G502           A.C543           G-C WC           19-XIX    cWW cW-W
   4 A.C503           A.G542           C-G WC           19-XIX    cWW cW-W
   5 A.C504           A.G541           C-G WC           19-XIX    cWW cW-W

****************************************************************************
List of 1 lone WC/wobble pair
  Note: lone WC/wobble pairs are assigned negative indices to differentiate
        them from the stem numbers, which are positive.
        --------------------------------------------------------------------
  -1 A.C507           A.G524           C-G WC           19-XIX    cWW cW-W

****************************************************************************
List of 18 non-pairing interactions
   1 A.G502           A.G544          base-overlap-area=4.0(1.3)   H-bonds[0]: ""
   2 A.C503           A.A510          base-overlap-area=0.0(0.0)   H-bonds[1]: "O2'(hydroxyl)-N1[2.76]"
   3 A.C504           A.A510          base-overlap-area=0.0(0.0)   H-bonds[1]: "O2(carbonyl)-O2'(hydroxyl)[3.04]"
   4 A.C504           A.G542          base-overlap-area=0.6(0.0)   H-bonds[0]: ""
   5 A.C507           A.C508          base-overlap-area=3.1(1.3)   H-bonds[0]: ""
   6 A.A509           A.A510          base-overlap-area=6.2(4.0)   H-bonds[0]: ""
   7 A.A510           A.C543          base-overlap-area=0.0(0.0)   H-bonds[1]: "O4'*O4'[2.95]"
   8 A.C511           A.U512          base-overlap-area=3.0(0.5)   H-bonds[0]: ""
   9 A.U512           A.C513          base-overlap-area=0.2(0.0)   H-bonds[0]: ""
  10 A.C513           A.C514          base-overlap-area=2.8(1.0)   H-bonds[0]: ""
  11 A.C514           A.G515          base-overlap-area=0.3(0.1)   H-bonds[0]: ""
  12 A.G515           A.U516          base-overlap-area=6.6(3.4)   H-bonds[0]: ""
  13 A.U516           A.G517          base-overlap-area=4.2(1.1)   H-bonds[0]: ""
  14 A.C518           A.C519          base-overlap-area=0.0(0.0)   H-bonds[1]: "O5'*O4'[3.24]"
  15 A.C519           A.A520          base-overlap-area=5.1(1.9)   H-bonds[0]: ""
  16 A.A520           A.G521          base-overlap-area=0.5(0.0)   H-bonds[0]: ""
  17 A.G521           A.C522          base-overlap-area=4.5(2.1)   H-bonds[0]: ""
  18 A.C522           A.A523          base-overlap-area=4.4(2.5)   H-bonds[0]: ""

****************************************************************************
Note: for the various types of loops listed below, numbers within the first
      set of brackets are the number of loop nts, and numbers in the second
      set of brackets are the identities of the stems (positive number) or
      lone WC/wobble pairs (negative numbers) to which they are linked.

****************************************************************************
List of 1 hairpin loop
   1 hairpin loop: nts=18; [16]; linked by [#-1]
     nts=18 CCAACUCCGUGCCAGCAG A.C507,A.C508,A.A509,A.A510,A.C511,A.U512,A.C513,A.C514,A.G515,A.U516,A.G517,A.C518,A.C519,A.A520,A.G521,A.C522,A.A523,A.G524
       nts=16 CAACUCCGUGCCAGCA A.C508,A.A509,A.A510,A.C511,A.U512,A.C513,A.C514,A.G515,A.U516,A.G517,A.C518,A.C519,A.A520,A.G521,A.C522,A.A523

****************************************************************************
List of 2 A-minor motifs
   1  type=II A/G-C	A.A509 vs A.G502+A.C543 [WC]
        +A.G502	H-bonds[0]: ""
        -A.C543	H-bonds[1]: "N3-O2'(hydroxyl)[2.58]"
   2  type=I A/C-G	A.A510 vs A.C503+A.G542 [WC]
        +A.C503	H-bonds[1]: "N1-O2'(hydroxyl)[2.76]"
        -A.G542	H-bonds[2]: "O2'(hydroxyl)-O2'(hydroxyl)[2.88],N3-N2(amino)[3.18]"

****************************************************************************
List of 1 ribose zipper
   1 nts=4 AAGC A.A509,A.A510,A.G542,A.C543

****************************************************************************
Secondary structures in dot-bracket notation (dbn) as a whole and per chain
>TC.2VQE.2 nts=28 [whole]
GCGCC&CCAACUCCGUGCCAGCAG&GGCGC
(((((&(................)&)))))
>TC.2VQE.2-A #1 nts=28 [chain] RNA*
GCGCCCCAACUCCGUGCCAGCAGGGCGC
((((((................))))))

****************************************************************************
List of 9 additional files
   1 dssr-stems.pdb -- MODEL/ENDMDL delineated stems
   2 dssr-helices.pdb -- MODEL/ENDMDL delineated helices (pseudo/coaxial)
   3 dssr-pairs.pdb -- MODEL/ENDMDL delineated base pairs
   4 dssr-multiplets.pdb -- MODEL/ENDMDL delineated multiplets
   5 dssr-hairpins.pdb -- MODEL/ENDMDL delineated hairpin loops
   6 dssr-2ndstrs.ct -- secondary structures in the connect format
   7 dssr-2ndstrs.dbn -- secondary structures in the dot-bracket notation
   8 dssr-torsions.dat -- Backbone torsion angles and suite names
   9 dssr-Aminors.pdb -- MODEL/ENDMDL delineated A minor motifs (type I/II)
