****************************************************************************
         DSSR: a software program for Defining the Secondary
         Structures of RNA from three-dimensional coordinates
        v1.0.1-2014jan31, by Xiang-Jun Lu (xiangjun@x3dna.org)

   This program is actively maintained and developed. As always, I
   greatly appreciate your feedback! Please report all DSSR-related
   issues on the 3DNA Forum (http://forum.x3dna.org/). I strive to
   respond promptly to *any* questions posted there.

****************************************************************************
Note: Each nucleotide is identified by model:chainId.name#, where the
      'model:' portion is omitted if no model number is available as
      is normally the case for X-ray crystal structures in the PDB. So
      a common example would be like A.G19, meaning G #19 on chain A.
      One-letter base names for modified nucleotides are put in lower
      case (e.g., 'c' for 5MC). For further information about the
      output notation, please run DSSR with the '-note' option. More
      details can be found in the DSSR user manual. Questions and
      suggestions are always welcome on the 3DNA Forum.

Command: x3dna-dssr -i=tc.0.pdb --non-pair -o=tc.0_dssr.out
Date and time: Thu Jul 17 15:06:29 2014
File name: tc.0.pdb
    no. of DNA/RNA chains: 1 [0=16]
    no. of nucleotides:    16
    no. of atoms:          342
    no. of waters:         0
    no. of metals:         0

****************************************************************************
List of 8 base pairs
      nt1              nt2             bp  name         Saenger    LW DSSR
   1 0.G2124          0.C2269          G-C WC           19-XIX    cWW cW-W
   2 0.G2125          0.C2268          G-C WC           19-XIX    cWW cW-W
   3 0.C2126          0.G2267          C-G WC           19-XIX    cWW cW-W
   4 0.U2127          0.A2266          U-A WC           20-XX     cWW cW-W
   5 0.G2128          0.U2265          G-U Wobble       28-XXVIII cWW cW-W
   6 0.U2129          0.A2264          U-A WC           20-XX     cWW cW-W
   7 0.C2130          0.G2263          C-G WC           19-XIX    cWW cW-W
   8 0.G2131          0.C2262          G-C WC           19-XIX    cWW cW-W

****************************************************************************
List of 1 helix
  Note: a helix is defined by base-stacking interactions, regardless of bp
        type and backbone connectivity, and may contain more than one stem.
      helix#number[stems-contained] bps=number-of-base-pairs in the helix
      bp-type: '|' for a canonical WC/wobble pair, '.' otherwise
      helix-form: classification of a dinucleotide step comprising the bp
        above the given designation and the bp that follows it. Types
        include 'A', 'B' or 'Z' for the common A-, B- and Z-form helices,
        '.' for an unclassified step, and 'x' for a step without a
        continuous backbone.
      --------------------------------------------------------------------
  helix#1[1] bps=8
      strand-1 5'-GGCUGUCG-3'
       bp-type    ||||||||
      strand-2 3'-CCGAUAGC-5'
      helix-form  AAA..AA
   1 0.G2124          0.C2269          G-C WC           19-XIX    cWW cW-W
   2 0.G2125          0.C2268          G-C WC           19-XIX    cWW cW-W
   3 0.C2126          0.G2267          C-G WC           19-XIX    cWW cW-W
   4 0.U2127          0.A2266          U-A WC           20-XX     cWW cW-W
   5 0.G2128          0.U2265          G-U Wobble       28-XXVIII cWW cW-W
   6 0.U2129          0.A2264          U-A WC           20-XX     cWW cW-W
   7 0.C2130          0.G2263          C-G WC           19-XIX    cWW cW-W
   8 0.G2131          0.C2262          G-C WC           19-XIX    cWW cW-W

****************************************************************************
List of 1 stem
  Note: a stem is defined as a helix consisting of only canonical WC/wobble
        pairs, with a continuous backbone.
      stem#number[#helix-number containing this stem]
      Other terms are defined as in the above Helix section.
      --------------------------------------------------------------------
  stem#1[#1] bps=8
      strand-1 5'-GGCUGUCG-3'
       bp-type    ||||||||
      strand-2 3'-CCGAUAGC-5'
      helix-form  AAA..AA
   1 0.G2124          0.C2269          G-C WC           19-XIX    cWW cW-W
   2 0.G2125          0.C2268          G-C WC           19-XIX    cWW cW-W
   3 0.C2126          0.G2267          C-G WC           19-XIX    cWW cW-W
   4 0.U2127          0.A2266          U-A WC           20-XX     cWW cW-W
   5 0.G2128          0.U2265          G-U Wobble       28-XXVIII cWW cW-W
   6 0.U2129          0.A2264          U-A WC           20-XX     cWW cW-W
   7 0.C2130          0.G2263          C-G WC           19-XIX    cWW cW-W
   8 0.G2131          0.C2262          G-C WC           19-XIX    cWW cW-W

****************************************************************************
List of 2 non-pairing interactions
   1 0.G2128          0.A2266         base-overlap-area=2.6(1.4)   H-bonds[0]: ""
   2 0.G2131          0.G2263         base-overlap-area=4.4(1.8)   H-bonds[0]: ""

****************************************************************************
Secondary structures in dot-bracket notation (dbn) as a whole and per chain
>tc.0 nts=16 [whole]
GGCUGUCG&CGAUAGCC
((((((((&))))))))
>tc.0-0 #1 nts=16 [chain] RNA*
GGCUGUCGCGAUAGCC
(((((((())))))))

****************************************************************************
List of 6 additional files
   1 dssr-stems.pdb -- MODEL/ENDMDL delineated stems
   2 dssr-helices.pdb -- MODEL/ENDMDL delineated helices (pseudo/coaxial)
   3 dssr-pairs.pdb -- MODEL/ENDMDL delineated base pairs
   4 dssr-2ndstrs.ct -- secondary structures in the connect format
   5 dssr-2ndstrs.dbn -- secondary structures in the dot-bracket notation
   6 dssr-torsions.dat -- Backbone torsion angles and suite names
