****************************************************************************
         DSSR: a software program for Defining the Secondary
         Structures of RNA from three-dimensional coordinates
        v1.0.1-2014jan31, by Xiang-Jun Lu (xiangjun@x3dna.org)

   This program is actively maintained and developed. As always, I
   greatly appreciate your feedback! Please report all DSSR-related
   issues on the 3DNA Forum (http://forum.x3dna.org/). I strive to
   respond promptly to *any* questions posted there.

****************************************************************************
Note: Each nucleotide is identified by model:chainId.name#, where the
      'model:' portion is omitted if no model number is available as
      is normally the case for X-ray crystal structures in the PDB. So
      a common example would be like A.G19, meaning G #19 on chain A.
      One-letter base names for modified nucleotides are put in lower
      case (e.g., 'c' for 5MC). For further information about the
      output notation, please run DSSR with the '-note' option. More
      details can be found in the DSSR user manual. Questions and
      suggestions are always welcome on the 3DNA Forum.

Command: x3dna-dssr -i=tc.1.pdb --non-pair -o=tc.1_dssr.out
Date and time: Thu Jul 17 15:06:26 2014
File name: tc.1.pdb
    no. of DNA/RNA chains: 1 [0=36]
    no. of nucleotides:    36
    no. of atoms:          778
    no. of waters:         0
    no. of metals:         0

****************************************************************************
List of 18 base pairs
      nt1              nt2             bp  name         Saenger    LW DSSR
   1 0.C910           0.G1295          C-G WC           19-XIX    cWW cW-W
   2 0.G911           0.A1294          G-A Sheared      11-XI     tSH tm-M
   3 0.A912           0.U1293          A-U rHoogsteen   24-XXIV   tHW tM-W
   4 0.A913           0.G1071          A+G              00-n/a    tHH cM+M
   5 0.A914           0.A1070          A-A              00-n/a    tHS tM-m
   6 0.C915           0.G928           C-G WC           19-XIX    cWW cW-W
   7 0.C915           0.U1042          C+U              00-n/a    c.. c.+.
   8 0.A929           0.U1041          A-U              00-n/a    cWW cW-W
   9 0.C930           0.A1040          C-A              00-n/a    tWH cW-M
  10 0.C931           0.G1039          C-G WC           19-XIX    cWW cW-W
  11 0.G1045          0.C1069          G-C WC           19-XIX    cWW cW-W
  12 0.G1072          0.A1088          G-A Sheared      11-XI     tSH tm-M
  13 0.A1073          0.A1086          A-A              00-n/a    tHS cM-m
  14 0.A1073          0.G1087          A-G              00-n/a    tHS tM-m
  15 0.G1074          0.C1085          G-C WC           19-XIX    cWW cW-W
  16 0.G1089          0.C1267          G-C WC           19-XIX    cWW cW-W
  17 0.C1268          0.G1290          C-G WC           19-XIX    cWW cW-W
  18 0.G1292          0.U1293          G+U Platform     00-n/a    cSH cm+M

****************************************************************************
List of 2 multiplets
   1 nts=3 AGU 0.A912,0.G1292,0.U1293
   2 nts=3 CGU 0.C915,0.G928,0.U1042

****************************************************************************
List of 4 helices
  Note: a helix is defined by base-stacking interactions, regardless of bp
        type and backbone connectivity, and may contain more than one stem.
      helix#number[stems-contained] bps=number-of-base-pairs in the helix
      bp-type: '|' for a canonical WC/wobble pair, '.' otherwise
      helix-form: classification of a dinucleotide step comprising the bp
        above the given designation and the bp that follows it. Types
        include 'A', 'B' or 'Z' for the common A-, B- and Z-form helices,
        '.' for an unclassified step, and 'x' for a step without a
        continuous backbone.
      --------------------------------------------------------------------
  helix#1[0] bps=6
      strand-1 5'-CGAAAG-3'
       bp-type    |....|
      strand-2 3'-GAUGAC-5'
      helix-form  ..x.x
   1 0.C910           0.G1295          C-G WC           19-XIX    cWW cW-W
   2 0.G911           0.A1294          G-A Sheared      11-XI     tSH tm-M
   3 0.A912           0.U1293          A-U rHoogsteen   24-XXIV   tHW tM-W
   4 0.A913           0.G1071          A+G              00-n/a    tHH cM+M
   5 0.A914           0.A1070          A-A              00-n/a    tHS tM-m
   6 0.G1045          0.C1069          G-C WC           19-XIX    cWW cW-W
  --------------------------------------------------------------------------
  helix#2[0] bps=3
      strand-1 5'-ACC-3'
       bp-type    ..|
      strand-2 3'-UAG-5'
      helix-form  ..
   1 0.A929           0.U1041          A-U              00-n/a    cWW cW-W
   2 0.C930           0.A1040          C-A              00-n/a    tWH cW-M
   3 0.C931           0.G1039          C-G WC           19-XIX    cWW cW-W
  --------------------------------------------------------------------------
  helix#3[0] bps=3
      strand-1 5'-GAG-3'
       bp-type    ..|
      strand-2 3'-AAC-5'
      helix-form  x.
   1 0.G1072          0.A1088          G-A Sheared      11-XI     tSH tm-M
   2 0.A1073          0.A1086          A-A              00-n/a    tHS cM-m
   3 0.G1074          0.C1085          G-C WC           19-XIX    cWW cW-W
  --------------------------------------------------------------------------
  helix#4[0] bps=2
      strand-1 5'-GG-3'
       bp-type    ||
      strand-2 5'-CC-3'
      helix-form  x
   1 0.G1089          0.C1267          G-C WC           19-XIX    cWW cW-W
   2 0.G1290          0.C1268          G-C WC           19-XIX    cWW cW-W

****************************************************************************
List of 7 lone WC/wobble pairs
  Note: lone WC/wobble pairs are assigned negative indices to differentiate
        them from the stem numbers, which are positive.
        --------------------------------------------------------------------
  -1 0.C910           0.G1295          C-G WC           19-XIX    cWW cW-W
  -2 0.C915           0.G928           C-G WC           19-XIX    cWW cW-W
  -3 0.C931           0.G1039          C-G WC           19-XIX    cWW cW-W
  -4 0.G1045          0.C1069          G-C WC           19-XIX    cWW cW-W
  -5 0.G1074          0.C1085          G-C WC           19-XIX    cWW cW-W
  -6 0.G1089          0.C1267          G-C WC           19-XIX    cWW cW-W
  -7 0.C1268          0.G1290          C-G WC           19-XIX    cWW cW-W

****************************************************************************
List of 22 non-pairing interactions
   1 0.G911           0.C931          base-overlap-area=0.0(0.0)   H-bonds[1]: "O2'(hydroxyl)-O2'(hydroxyl)[3.13]"
   2 0.G911           0.G1292         base-overlap-area=5.8(3.3)   H-bonds[0]: ""
   3 0.A912           0.C930          base-overlap-area=0.0(0.0)   H-bonds[1]: "O2'(hydroxyl)-O2'(hydroxyl)[2.76]"
   4 0.A912           0.C931          base-overlap-area=0.0(0.0)   H-bonds[1]: "O2'(hydroxyl)-O4'[3.03]"
   5 0.A912           0.U1041         base-overlap-area=0.0(0.0)   H-bonds[1]: "N3*O2(carbonyl)[3.25]"
   6 0.A912           0.G1292         base-overlap-area=0.0(0.0)   H-bonds[1]: "O5'-N2(amino)[3.21]"
   7 0.A912           0.A1294         base-overlap-area=4.0(3.7)   H-bonds[0]: ""
   8 0.A913           0.U1042         base-overlap-area=0.0(0.0)   H-bonds[2]: "O2'(hydroxyl)-O2'(hydroxyl)[3.04],N3-O2'(hydroxyl)[2.66]"
   9 0.A914           0.G1045         base-overlap-area=3.5(1.8)   H-bonds[0]: ""
  10 0.G928           0.A929          base-overlap-area=5.6(3.1)   H-bonds[0]: ""
  11 0.C931           0.A1040         base-overlap-area=2.0(0.0)   H-bonds[0]: ""
  12 0.A1040          0.G1295         base-overlap-area=0.0(0.0)   H-bonds[3]: "O2'(hydroxyl)-O3'[2.86],O2'(hydroxyl)-O2'(hydroxyl)[2.91],N3-O2'(hydroxyl)[2.86]"
  13 0.U1041          0.U1042         base-overlap-area=2.8(1.1)   H-bonds[0]: ""
  14 0.U1041          0.A1294         base-overlap-area=0.0(0.0)   H-bonds[3]: "O3'-O2'(hydroxyl)[3.08],O2'(hydroxyl)-O2'(hydroxyl)[2.59],O2'(hydroxyl)-N3[2.80]"
  15 0.G1071          0.U1293         base-overlap-area=4.8(1.8)   H-bonds[1]: "O4'*O4'[2.81]"
  16 0.G1072          0.G1087         base-overlap-area=5.7(3.4)   H-bonds[2]: "O2'(hydroxyl)-N2(amino)[3.14],N2(amino)-O2'(hydroxyl)[3.11]"
  17 0.G1072          0.A1291         base-overlap-area=3.5(2.2)   H-bonds[0]: ""
  18 0.A1073          0.A1088         base-overlap-area=3.4(1.9)   H-bonds[0]: ""
  19 0.A1086          0.G1087         base-overlap-area=5.4(2.7)   H-bonds[0]: ""
  20 0.G1089          0.C1268         base-overlap-area=1.4(0.0)   H-bonds[0]: ""
  21 0.G1089          0.G1290         base-overlap-area=2.8(1.2)   H-bonds[0]: ""
  22 0.A1291          0.G1292         base-overlap-area=4.3(3.3)   H-bonds[0]: ""

****************************************************************************
Note: for the various types of loops listed below, numbers within the first
      set of brackets are the number of loop nts, and numbers in the second
      set of brackets are the identities of the stems (positive number) or
      lone WC/wobble pairs (negative numbers) to which they are linked.

****************************************************************************
List of 1 junction
   1 7-way junctions: nts=36; [4,2,5,4,3,0,4]; linked by [#-1,#-2,#-3,#-4,#-5,#-6,#-7]
     nts=36 CGAAACGACCGAUUCCGCAGGAGCAGAGCCGAGUAG 0.C910,0.G911,0.A912,0.A913,0.A914,0.C915,0.G928,0.A929,0.C930,0.C931,0.G1039,0.A1040,0.U1041,0.U1042,0.C1043,0.C1044,0.G1045,0.C1069,0.A1070,0.G1071,0.G1072,0.A1073,0.G1074,0.C1085,0.A1086,0.G1087,0.A1088,0.G1089,0.C1267,0.C1268,0.G1290,0.A1291,0.G1292,0.U1293,0.A1294,0.G1295
       nts=4 GAAA 0.G911,0.A912,0.A913,0.A914
       nts=2 AC 0.A929,0.C930
       nts=5 AUUCC 0.A1040,0.U1041,0.U1042,0.C1043,0.C1044
       nts=4 AGGA 0.A1070,0.G1071,0.G1072,0.A1073
       nts=3 AGA 0.A1086,0.G1087,0.A1088
       nts=0
       nts=4 AGUA 0.A1291,0.G1292,0.U1293,0.A1294

****************************************************************************
List of 2 ribose zippers
   1 nts=4 GACC 0.G911,0.A912,0.C930,0.C931
   2 nts=4 AUAG 0.A1040,0.U1041,0.A1294,0.G1295

****************************************************************************
Secondary structures in dot-bracket notation (dbn) as a whole and per chain
>tc.1 nts=36 [whole]
CGAAAC&GACC&GAUUCCG&CAGGAG&CAGAG&CC&GAGUAG
(....(&)..(&).....(&)....(&)...(&)(&)....)
>tc.1-0 #1 nts=36 [chain] RNA*
CGAAACGACCGAUUCCGCAGGAGCAGAGCCGAGUAG
(....()..().....()....()...()()....)

****************************************************************************
List of 6 additional files
   1 dssr-helices.pdb -- MODEL/ENDMDL delineated helices (pseudo/coaxial)
   2 dssr-pairs.pdb -- MODEL/ENDMDL delineated base pairs
   3 dssr-multiplets.pdb -- MODEL/ENDMDL delineated multiplets
   4 dssr-2ndstrs.ct -- secondary structures in the connect format
   5 dssr-2ndstrs.dbn -- secondary structures in the dot-bracket notation
   6 dssr-torsions.dat -- Backbone torsion angles and suite names
