****************************************************************************
         DSSR: a software program for Defining the Secondary
         Structures of RNA from three-dimensional coordinates
        v1.0.1-2014jan31, by Xiang-Jun Lu (xiangjun@x3dna.org)

   This program is actively maintained and developed. As always, I
   greatly appreciate your feedback! Please report all DSSR-related
   issues on the 3DNA Forum (http://forum.x3dna.org/). I strive to
   respond promptly to *any* questions posted there.

****************************************************************************
Note: Each nucleotide is identified by model:chainId.name#, where the
      'model:' portion is omitted if no model number is available as
      is normally the case for X-ray crystal structures in the PDB. So
      a common example would be like A.G19, meaning G #19 on chain A.
      One-letter base names for modified nucleotides are put in lower
      case (e.g., 'c' for 5MC). For further information about the
      output notation, please run DSSR with the '-note' option. More
      details can be found in the DSSR user manual. Questions and
      suggestions are always welcome on the 3DNA Forum.

Command: x3dna-dssr -i=NWAY.1S72.5.pdb --non-pair -o=NWAY.1S72.5_dssr.out
Date and time: Sun Jun 29 15:52:01 2014
File name: NWAY.1S72.5.pdb
    no. of DNA/RNA chains: 1 [0=20]
    no. of nucleotides:    20
    no. of atoms:          434
    no. of waters:         0
    no. of metals:         0

****************************************************************************
List of 11 base pairs
      nt1              nt2             bp  name         Saenger    LW DSSR
   1 0.C239           0.G431           C-G WC           19-XIX    cWW cW-W
   2 0.C240           0.G379           C-G WC           19-XIX    cWW cW-W
   3 0.A380           0.A408           A+A              02-II     tHH tM+M
   4 0.G381           0.U382           G+U Platform     00-n/a    cSH cm+M
   5 0.U382           0.A407           U-A rHoogsteen   24-XXIV   tWH tW-M
   6 0.A383           0.G406           A-G Sheared      11-XI     tHS tM-m
   7 0.G384           0.C405           G-C WC           19-XIX    cWW cW-W
   8 0.A407           0.A429           A+A              00-n/a    tWW tW+W
   9 0.A408           0.A429           A+A              00-n/a    tWW tW+W
  10 0.A408           0.A430           A+A              00-n/a    tWW tW+W
  11 0.C412           0.G428           C-G WC           19-XIX    cWW cW-W

****************************************************************************
List of 2 multiplets
   1 nts=3 GUA 0.G381,0.U382,0.A407
   2 nts=4* AAAA 0.A380,0.A408,0.A429,0.A430

****************************************************************************
List of 2 helices
  Note: a helix is defined by base-stacking interactions, regardless of bp
        type and backbone connectivity, and may contain more than one stem.
      helix#number[stems-contained] bps=number-of-base-pairs in the helix
      bp-type: '|' for a canonical WC/wobble pair, '.' otherwise
      helix-form: classification of a dinucleotide step comprising the bp
        above the given designation and the bp that follows it. Types
        include 'A', 'B' or 'Z' for the common A-, B- and Z-form helices,
        '.' for an unclassified step, and 'x' for a step without a
        continuous backbone.
      --------------------------------------------------------------------
  helix#1[0] bps=2
      strand-1 5'-CC-3'
       bp-type    ||
      strand-2 5'-GG-3'
      helix-form  x
   1 0.C239           0.G431           C-G WC           19-XIX    cWW cW-W
   2 0.C240           0.G379           C-G WC           19-XIX    cWW cW-W
  --------------------------------------------------------------------------
  helix#2[0] bps=4
      strand-1 5'-AUAG-3'
       bp-type    ...|
      strand-2 3'-AAGC-5'
      helix-form  x..
   1 0.A380           0.A408           A+A              02-II     tHH tM+M
   2 0.U382           0.A407           U-A rHoogsteen   24-XXIV   tWH tW-M
   3 0.A383           0.G406           A-G Sheared      11-XI     tHS tM-m
   4 0.G384           0.C405           G-C WC           19-XIX    cWW cW-W

****************************************************************************
List of 4 lone WC/wobble pairs
  Note: lone WC/wobble pairs are assigned negative indices to differentiate
        them from the stem numbers, which are positive.
        --------------------------------------------------------------------
  -1 0.C239           0.G431           C-G WC           19-XIX    cWW cW-W
  -2 0.C240           0.G379           C-G WC           19-XIX    cWW cW-W
  -3 0.G384           0.C405           G-C WC           19-XIX    cWW cW-W
  -4 0.C412           0.G428           C-G WC           19-XIX    cWW cW-W

****************************************************************************
List of 13 non-pairing interactions
   1 0.C240           0.G431          base-overlap-area=3.9(0.8)   H-bonds[0]: ""
   2 0.G379           0.G431          base-overlap-area=1.6(0.4)   H-bonds[0]: ""
   3 0.A380           0.U382          base-overlap-area=1.6(0.0)   H-bonds[0]: ""
   4 0.G381           0.G406          base-overlap-area=1.1(0.0)   H-bonds[1]: "O2'(hydroxyl)-O6(carbonyl)[2.62]"
   5 0.U382           0.A430          base-overlap-area=0.0(0.0)   H-bonds[1]: "O2'(hydroxyl)-N3[2.85]"
   6 0.A383           0.A407          base-overlap-area=3.7(3.5)   H-bonds[0]: ""
   7 0.G384           0.G406          base-overlap-area=0.2(0.0)   H-bonds[0]: ""
   8 0.A408           0.U409          base-overlap-area=6.3(3.9)   H-bonds[0]: ""
   9 0.A408           0.C412          base-overlap-area=0.0(0.0)   H-bonds[2]: "O2'(hydroxyl)-O3'[3.09],O2'(hydroxyl)-O2'(hydroxyl)[2.73]"
  10 0.U409           0.C412          base-overlap-area=0.0(0.0)   H-bonds[1]: "O4'-O2'(hydroxyl)[3.23]"
  11 0.A410           0.C412          base-overlap-area=0.5(0.0)   H-bonds[0]: ""
  12 0.A410           0.G428          base-overlap-area=2.3(0.8)   H-bonds[0]: ""
  13 0.A429           0.A430          base-overlap-area=6.0(4.3)   H-bonds[0]: ""

****************************************************************************
Note: for the various types of loops listed below, numbers within the first
      set of brackets are the number of loop nts, and numbers in the second
      set of brackets are the identities of the stems (positive number) or
      lone WC/wobble pairs (negative numbers) to which they are linked.

****************************************************************************
List of 1 junction
   1 4-way junctions: nts=20; [0,4,6,2]; linked by [#-1,#-2,#-3,#-4]
     nts=20 CCGAGUAGCGAAUAACGAAG 0.C239,0.C240,0.G379,0.A380,0.G381,0.U382,0.A383,0.G384,0.C405,0.G406,0.A407,0.A408,0.U409,0.A410,0.A411,0.C412,0.G428,0.A429,0.A430,0.G431
       nts=0
       nts=4 AGUA 0.A380,0.G381,0.U382,0.A383
       nts=6 GAAUAA 0.G406,0.A407,0.A408,0.U409,0.A410,0.A411
       nts=2 AA 0.A429,0.A430

****************************************************************************
List of 1 A-minor motif
   1  type=II A/C-G	0.A408 vs 0.C412+0.G428 [WC]
        -0.C412	H-bonds[2]: "O2'(hydroxyl)-O3'[3.09],O2'(hydroxyl)-O2'(hydroxyl)[2.73]"
        +0.G428	H-bonds[0]: ""

****************************************************************************
Secondary structures in dot-bracket notation (dbn) as a whole and per chain
>NWAY.1S72.5 nts=20 [whole]
CC&GAGUAG&CGAAUAAC&GAAG
((&)....(&)......(&)..)
>NWAY.1S72.5-0 #1 nts=20 [chain] RNA*
CCGAGUAGCGAAUAACGAAG
(()....()......()..)

****************************************************************************
List of 7 additional files
   1 dssr-helices.pdb -- MODEL/ENDMDL delineated helices (pseudo/coaxial)
   2 dssr-pairs.pdb -- MODEL/ENDMDL delineated base pairs
   3 dssr-multiplets.pdb -- MODEL/ENDMDL delineated multiplets
   4 dssr-2ndstrs.ct -- secondary structures in the connect format
   5 dssr-2ndstrs.dbn -- secondary structures in the dot-bracket notation
   6 dssr-torsions.dat -- Backbone torsion angles and suite names
   7 dssr-Aminors.pdb -- MODEL/ENDMDL delineated A minor motifs (type I/II)
