****************************************************************************
         DSSR: a software program for Defining the Secondary
         Structures of RNA from three-dimensional coordinates
        v1.0.1-2014jan31, by Xiang-Jun Lu (xiangjun@x3dna.org)

   This program is actively maintained and developed. As always, I
   greatly appreciate your feedback! Please report all DSSR-related
   issues on the 3DNA Forum (http://forum.x3dna.org/). I strive to
   respond promptly to *any* questions posted there.

****************************************************************************
Note: Each nucleotide is identified by model:chainId.name#, where the
      'model:' portion is omitted if no model number is available as
      is normally the case for X-ray crystal structures in the PDB. So
      a common example would be like A.G19, meaning G #19 on chain A.
      One-letter base names for modified nucleotides are put in lower
      case (e.g., 'c' for 5MC). For further information about the
      output notation, please run DSSR with the '-note' option. More
      details can be found in the DSSR user manual. Questions and
      suggestions are always welcome on the 3DNA Forum.

Command: x3dna-dssr -i=NWAY.1S72.6.pdb --non-pair -o=NWAY.1S72.6_dssr.out
Date and time: Sun Jun 29 15:52:01 2014
File name: NWAY.1S72.6.pdb
    no. of DNA/RNA chains: 1 [0=15]
    no. of nucleotides:    15
    no. of atoms:          322
    no. of waters:         0
    no. of metals:         0

****************************************************************************
List of 7 base pairs
      nt1              nt2             bp  name         Saenger    LW DSSR
   1 0.C240           0.G379           C-G WC           19-XIX    cWW cW-W
   2 0.A241           0.U270           A-U rHoogsteen   24-XXIV   tHW tM-W
   3 0.A242           0.G269           A-G Sheared      11-XI     tHS tM-m
   4 0.A242           0.C377           A-C              00-n/a    ... c...
   5 0.C244           0.G267           C-G WC           19-XIX    cWW cW-W
   6 0.C271           0.A378           C+A              00-n/a    cHW cM+W
   7 0.G273           0.C377           G-C WC           19-XIX    cWW cW-W

****************************************************************************
List of 1 multiplet
   1 nts=4 AGGC 0.A242,0.G269,0.G273,0.C377

****************************************************************************
List of 1 helix
  Note: a helix is defined by base-stacking interactions, regardless of bp
        type and backbone connectivity, and may contain more than one stem.
      helix#number[stems-contained] bps=number-of-base-pairs in the helix
      bp-type: '|' for a canonical WC/wobble pair, '.' otherwise
      helix-form: classification of a dinucleotide step comprising the bp
        above the given designation and the bp that follows it. Types
        include 'A', 'B' or 'Z' for the common A-, B- and Z-form helices,
        '.' for an unclassified step, and 'x' for a step without a
        continuous backbone.
      --------------------------------------------------------------------
  helix#1[0] bps=3
      strand-1 5'-CAA-3'
       bp-type    |..
      strand-2 3'-GUG-5'
      helix-form  x.
   1 0.C240           0.G379           C-G WC           19-XIX    cWW cW-W
   2 0.A241           0.U270           A-U rHoogsteen   24-XXIV   tHW tM-W
   3 0.A242           0.G269           A-G Sheared      11-XI     tHS tM-m

****************************************************************************
List of 3 lone WC/wobble pairs
  Note: lone WC/wobble pairs are assigned negative indices to differentiate
        them from the stem numbers, which are positive.
        --------------------------------------------------------------------
  -1 0.C240           0.G379           C-G WC           19-XIX    cWW cW-W
  -2 0.C244           0.G267           C-G WC           19-XIX    cWW cW-W
  -3 0.G273           0.C377           G-C WC           19-XIX    cWW cW-W

****************************************************************************
List of 12 non-pairing interactions
   1 0.C240           0.U270          base-overlap-area=0.8(0.0)   H-bonds[0]: ""
   2 0.A241           0.A378          base-overlap-area=0.0(0.0)   H-bonds[1]: "N1-O2'(hydroxyl)[2.81]"
   3 0.A241           0.G379          base-overlap-area=2.8(1.5)   H-bonds[0]: ""
   4 0.A242           0.A243          base-overlap-area=7.3(5.4)   H-bonds[0]: ""
   5 0.A243           0.C244          base-overlap-area=2.5(0.5)   H-bonds[0]: ""
   6 0.A243           0.G269          base-overlap-area=0.0(0.0)   H-bonds[1]: "N6(amino)-O4'[3.19]"
   7 0.A243           0.C377          base-overlap-area=0.0(0.0)   H-bonds[1]: "O4'*O4'[3.04]"
   8 0.G267           0.U268          base-overlap-area=7.3(3.4)   H-bonds[0]: ""
   9 0.U268           0.G269          base-overlap-area=7.3(3.8)   H-bonds[0]: ""
  10 0.C271           0.G273          base-overlap-area=2.3(0.0)   H-bonds[1]: "O4'*O4'[2.69]"
  11 0.G273           0.A378          base-overlap-area=0.5(0.1)   H-bonds[0]: ""
  12 0.C377           0.A378          base-overlap-area=1.5(0.3)   H-bonds[0]: ""

****************************************************************************
Note: for the various types of loops listed below, numbers within the first
      set of brackets are the number of loop nts, and numbers in the second
      set of brackets are the identities of the stems (positive number) or
      lone WC/wobble pairs (negative numbers) to which they are linked.

****************************************************************************
List of 1 junction
   1 3-way junctions: nts=15; [3,5,1]; linked by [#-1,#-2,#-3]
     nts=15 CAAACGUGUCAGCAG 0.C240,0.A241,0.A242,0.A243,0.C244,0.G267,0.U268,0.G269,0.U270,0.C271,0.A272,0.G273,0.C377,0.A378,0.G379
       nts=3 AAA 0.A241,0.A242,0.A243
       nts=5 UGUCA 0.U268,0.G269,0.U270,0.C271,0.A272
       nts=1 A 0.A378

****************************************************************************
List of 1 A-minor motif
   1  type=II A/G-C	0.A242 vs 0.G273+0.C377 [WC]
        +0.G273	H-bonds[0]: ""
        -0.C377	H-bonds[2]: "O2'(hydroxyl)-O2'(hydroxyl)[2.86],N3-O2'(hydroxyl)[2.69]"

****************************************************************************
Secondary structures in dot-bracket notation (dbn) as a whole and per chain
>NWAY.1S72.6 nts=15 [whole]
CAAAC&GUGUCAG&CAG
(...(&).....(&).)
>NWAY.1S72.6-0 #1 nts=15 [chain] RNA*
CAAACGUGUCAGCAG
(...().....().)

****************************************************************************
List of 7 additional files
   1 dssr-helices.pdb -- MODEL/ENDMDL delineated helices (pseudo/coaxial)
   2 dssr-pairs.pdb -- MODEL/ENDMDL delineated base pairs
   3 dssr-multiplets.pdb -- MODEL/ENDMDL delineated multiplets
   4 dssr-2ndstrs.ct -- secondary structures in the connect format
   5 dssr-2ndstrs.dbn -- secondary structures in the dot-bracket notation
   6 dssr-torsions.dat -- Backbone torsion angles and suite names
   7 dssr-Aminors.pdb -- MODEL/ENDMDL delineated A minor motifs (type I/II)
