****************************************************************************
         DSSR: a software program for Defining the Secondary
         Structures of RNA from three-dimensional coordinates
        v1.0.1-2014jan31, by Xiang-Jun Lu (xiangjun@x3dna.org)

   This program is actively maintained and developed. As always, I
   greatly appreciate your feedback! Please report all DSSR-related
   issues on the 3DNA Forum (http://forum.x3dna.org/). I strive to
   respond promptly to *any* questions posted there.

****************************************************************************
Note: Each nucleotide is identified by model:chainId.name#, where the
      'model:' portion is omitted if no model number is available as
      is normally the case for X-ray crystal structures in the PDB. So
      a common example would be like A.G19, meaning G #19 on chain A.
      One-letter base names for modified nucleotides are put in lower
      case (e.g., 'c' for 5MC). For further information about the
      output notation, please run DSSR with the '-note' option. More
      details can be found in the DSSR user manual. Questions and
      suggestions are always welcome on the 3DNA Forum.

Command: x3dna-dssr -i=TC.2VQE.18.pdb --non-pair -o=TC.2VQE.18_dssr.out
Date and time: Sun Jun 29 15:54:14 2014
File name: TC.2VQE.18.pdb
    no. of DNA/RNA chains: 1 [A=24]
    no. of nucleotides:    24
    no. of atoms:          514
    no. of waters:         0
    no. of metals:         0

****************************************************************************
List of 16 base pairs
      nt1              nt2             bp  name         Saenger    LW DSSR
   1 A.C369           A.G392           C-G WC           19-XIX    cWW cW-W
   2 A.C370           A.G391           C-G WC           19-XIX    cWW cW-W
   3 A.G371           A.C390           G-C WC           19-XIX    cWW cW-W
   4 A.C372           A.A389           C-A              25-XXV    tWH tW-M
   5 A.A373           A.G391           A-G              00-n/a    c.S c.-m
   6 A.A373           A.G481           A-G              00-n/a    tSS tm-m
   7 A.A374           A.C390           A-C              00-n/a    cWS cW-m
   8 A.U375           A.A389           U-A WC           20-XX     cWW cW-W
   9 A.G391           A.A482           G+A              00-n/a    tSS tm+m
  10 A.G450           A.C483           G-C WC           19-XIX    cWW cW-W
  11 A.A452           A.U480           A-U rHoogsteen   24-XXIV   tHW tM-W
  12 A.A453           A.C479           A-C              25-XXV    tHW tM-W
  13 A.C454           A.A478           C-A              00-n/a    tHW tM-W
  14 A.C454           A.C479           C-C              00-n/a    tWW cW-W
  15 A.C455           A.G477           C-G WC           19-XIX    cWW cW-W
  16 A.G481           A.A482           G+A Platform     00-n/a    cSH cm+M

****************************************************************************
List of 4 multiplets
   1 nts=3 GAC A.G371,A.A374,A.C390
   2 nts=3 CUA A.C372,A.U375,A.A389
   3 nts=3 GGA A.G391,A.G481,A.A482
   4 nts=4 CAGG A.C370,A.A373,A.G391,A.G481

****************************************************************************
List of 2 helices
  Note: a helix is defined by base-stacking interactions, regardless of bp
        type and backbone connectivity, and may contain more than one stem.
      helix#number[stems-contained] bps=number-of-base-pairs in the helix
      bp-type: '|' for a canonical WC/wobble pair, '.' otherwise
      helix-form: classification of a dinucleotide step comprising the bp
        above the given designation and the bp that follows it. Types
        include 'A', 'B' or 'Z' for the common A-, B- and Z-form helices,
        '.' for an unclassified step, and 'x' for a step without a
        continuous backbone.
      --------------------------------------------------------------------
  helix#1[1] bps=3
      strand-1 5'-CCG-3'
       bp-type    |||
      strand-2 3'-GGC-5'
      helix-form  ..
   1 A.C369           A.G392           C-G WC           19-XIX    cWW cW-W
   2 A.C370           A.G391           C-G WC           19-XIX    cWW cW-W
   3 A.G371           A.C390           G-C WC           19-XIX    cWW cW-W
  --------------------------------------------------------------------------
  helix#2[0] bps=4
      strand-1 5'-AACC-3'
       bp-type    ...|
      strand-2 3'-UCAG-5'
      helix-form  ...
   1 A.A452           A.U480           A-U rHoogsteen   24-XXIV   tHW tM-W
   2 A.A453           A.C479           A-C              25-XXV    tHW tM-W
   3 A.C454           A.A478           C-A              00-n/a    tHW tM-W
   4 A.C455           A.G477           C-G WC           19-XIX    cWW cW-W

****************************************************************************
List of 1 stem
  Note: a stem is defined as a helix consisting of only canonical WC/wobble
        pairs, with a continuous backbone.
      stem#number[#helix-number containing this stem]
      Other terms are defined as in the above Helix section.
      --------------------------------------------------------------------
  stem#1[#1] bps=3
      strand-1 5'-CCG-3'
       bp-type    |||
      strand-2 3'-GGC-5'
      helix-form  ..
   1 A.C369           A.G392           C-G WC           19-XIX    cWW cW-W
   2 A.C370           A.G391           C-G WC           19-XIX    cWW cW-W
   3 A.G371           A.C390           G-C WC           19-XIX    cWW cW-W

****************************************************************************
List of 3 lone WC/wobble pairs
  Note: lone WC/wobble pairs are assigned negative indices to differentiate
        them from the stem numbers, which are positive.
        --------------------------------------------------------------------
  -1 A.U375           A.A389           U-A WC           20-XX     cWW cW-W
  -2 A.G450           A.C483           G-C WC           19-XIX    cWW cW-W
  -3 A.C455           A.G477           C-G WC           19-XIX    cWW cW-W

****************************************************************************
List of 17 non-pairing interactions
   1 A.C370           A.G392          base-overlap-area=0.7(0.0)   H-bonds[0]: ""
   2 A.C370           A.A482          base-overlap-area=0.0(0.0)   H-bonds[2]: "O2'(hydroxyl)-O2'(hydroxyl)[3.02],O2(carbonyl)-O2'(hydroxyl)[3.05]"
   3 A.G371           A.C372          base-overlap-area=2.6(1.0)   H-bonds[0]: ""
   4 A.G371           A.A373          base-overlap-area=0.0(0.0)   H-bonds[2]: "O2'(hydroxyl)-N7[2.80],N3-N6(amino)[3.34]"
   5 A.G371           A.A482          base-overlap-area=0.0(0.0)   H-bonds[1]: "O4'*O4'[3.21]"
   6 A.A373           A.A374          base-overlap-area=0.7(0.7)   H-bonds[0]: ""
   7 A.A373           A.A451          base-overlap-area=0.0(0.0)   H-bonds[1]: "O2'(hydroxyl)-N7[2.74]"
   8 A.A373           A.A482          base-overlap-area=7.1(4.7)   H-bonds[0]: ""
   9 A.A374           A.U375          base-overlap-area=3.9(2.6)   H-bonds[0]: ""
  10 A.A374           A.G481          base-overlap-area=0.0(0.0)   H-bonds[1]: "O4'-N2(amino)[3.27]"
  11 A.A389           A.C390          base-overlap-area=3.4(0.6)   H-bonds[0]: ""
  12 A.G392           A.C483          base-overlap-area=0.0(0.0)   H-bonds[2]: "O2'(hydroxyl)-O4'[3.03],O2'(hydroxyl)-O2'(hydroxyl)[2.74]"
  13 A.G450           A.G481          base-overlap-area=4.9(2.1)   H-bonds[0]: ""
  14 A.A451           A.U480          base-overlap-area=4.9(2.4)   H-bonds[0]: ""
  15 A.A451           A.G481          base-overlap-area=2.1(0.0)   H-bonds[3]: "O2'(hydroxyl)-O6(carbonyl)[3.39],N6(amino)-O5'[3.14],N6(amino)-O4'[3.07]"
  16 A.G481           A.C483          base-overlap-area=0.0(0.0)   H-bonds[1]: "O2'(hydroxyl)-N4(amino)[2.79]"
  17 A.A482           A.C483          base-overlap-area=7.0(3.2)   H-bonds[0]: ""

****************************************************************************
Note: for the various types of loops listed below, numbers within the first
      set of brackets are the number of loop nts, and numbers in the second
      set of brackets are the identities of the stems (positive number) or
      lone WC/wobble pairs (negative numbers) to which they are linked.

****************************************************************************
List of 1 bulge
   1 bulge: nts=7; [3,0]; linked by [#1,#-1]
     nts=7 GCAAUAC A.G371,A.C372,A.A373,A.A374,A.U375,A.A389,A.C390
       nts=3 CAA A.C372,A.A373,A.A374
       nts=0

****************************************************************************
List of 1 internal loop
   1 asymmetric internal loop: nts=13; [4,5]; linked by [#-2,#-3]
     nts=13 GAAACCGACUGAC A.G450,A.A451,A.A452,A.A453,A.C454,A.C455,A.G477,A.A478,A.C479,A.U480,A.G481,A.A482,A.C483
       nts=4 AAAC A.A451,A.A452,A.A453,A.C454
       nts=5 ACUGA A.A478,A.C479,A.U480,A.G481,A.A482

****************************************************************************
List of 1 A-minor motif
   1  type=I A/C-G	A.A482 vs A.C370+A.G391 [WC]
        -A.C370	H-bonds[2]: "O2'(hydroxyl)-O2'(hydroxyl)[3.02],O2'(hydroxyl)-O2(carbonyl)[3.05]"
        +A.G391	H-bonds[1]: "N3-N2(amino)[3.49]"

****************************************************************************
Secondary structures in dot-bracket notation (dbn) as a whole and per chain
>TC.2VQE.18 nts=24 [whole]
CCGCAAU&ACGG&GAAACC&GACUGAC
(((...(&))))&(....(&).....)
>TC.2VQE.18-A #1 nts=24 [chain] RNA*
CCGCAAUACGGGAAACCGACUGAC
(((...())))(....().....)

****************************************************************************
List of 8 additional files
   1 dssr-stems.pdb -- MODEL/ENDMDL delineated stems
   2 dssr-helices.pdb -- MODEL/ENDMDL delineated helices (pseudo/coaxial)
   3 dssr-pairs.pdb -- MODEL/ENDMDL delineated base pairs
   4 dssr-multiplets.pdb -- MODEL/ENDMDL delineated multiplets
   5 dssr-2ndstrs.ct -- secondary structures in the connect format
   6 dssr-2ndstrs.dbn -- secondary structures in the dot-bracket notation
   7 dssr-torsions.dat -- Backbone torsion angles and suite names
   8 dssr-Aminors.pdb -- MODEL/ENDMDL delineated A minor motifs (type I/II)
