****************************************************************************
         DSSR: a software program for Defining the Secondary
         Structures of RNA from three-dimensional coordinates
        v1.0.1-2014jan31, by Xiang-Jun Lu (xiangjun@x3dna.org)

   This program is actively maintained and developed. As always, I
   greatly appreciate your feedback! Please report all DSSR-related
   issues on the 3DNA Forum (http://forum.x3dna.org/). I strive to
   respond promptly to *any* questions posted there.

****************************************************************************
Note: Each nucleotide is identified by model:chainId.name#, where the
      'model:' portion is omitted if no model number is available as
      is normally the case for X-ray crystal structures in the PDB. So
      a common example would be like A.G19, meaning G #19 on chain A.
      One-letter base names for modified nucleotides are put in lower
      case (e.g., 'c' for 5MC). For further information about the
      output notation, please run DSSR with the '-note' option. More
      details can be found in the DSSR user manual. Questions and
      suggestions are always welcome on the 3DNA Forum.

Command: x3dna-dssr -i=TC.1JZV.0.pdb --non-pair -o=TC.1JZV.0_dssr.out
Date and time: Sun Jun 29 15:51:45 2014
File name: TC.1JZV.0.pdb
    no. of DNA/RNA chains: 4 [A=2,B=3,C=4,D=4]
    no. of nucleotides:    13
    no. of atoms:          274
    no. of waters:         0
    no. of metals:         0

****************************************************************************
List of 7 base pairs
      nt1              nt2             bp  name         Saenger    LW DSSR
   1 A.G4             B.C14            G-C WC           19-XIX    cWW cW-W
   2 A.A5             B.U12            A-U WC           20-XX     cWW cW-W
   3 B.A13            D.G31            A+G              00-n/a    tSS tm+m
   4 C.A25            D.U32            A-U WC           20-XX     cWW cW-W
   5 C.C26            D.G31            C-G WC           19-XIX    cWW cW-W
   6 C.U27            D.A30            U-A WC           20-XX     cWW cW-W
   7 C.G28            D.C29            G-C WC           19-XIX    cWW cW-W

****************************************************************************
List of 1 multiplet
   1 nts=3 ACG B.A13,C.C26,D.G31

****************************************************************************
List of 2 helices
  Note: a helix is defined by base-stacking interactions, regardless of bp
        type and backbone connectivity, and may contain more than one stem.
      helix#number[stems-contained] bps=number-of-base-pairs in the helix
      bp-type: '|' for a canonical WC/wobble pair, '.' otherwise
      helix-form: classification of a dinucleotide step comprising the bp
        above the given designation and the bp that follows it. Types
        include 'A', 'B' or 'Z' for the common A-, B- and Z-form helices,
        '.' for an unclassified step, and 'x' for a step without a
        continuous backbone.
      --------------------------------------------------------------------
  helix#1[0] bps=2
      strand-1 5'-GA-3'
       bp-type    ||
      strand-2 5'-CU-3'
      helix-form  x
   1 A.G4             B.C14            G-C WC           19-XIX    cWW cW-W
   2 A.A5             B.U12            A-U WC           20-XX     cWW cW-W
  --------------------------------------------------------------------------
  helix#2[1] bps=4
      strand-1 5'-ACUG-3'
       bp-type    ||||
      strand-2 3'-UGAC-5'
      helix-form  AAA
   1 C.A25            D.U32            A-U WC           20-XX     cWW cW-W
   2 C.C26            D.G31            C-G WC           19-XIX    cWW cW-W
   3 C.U27            D.A30            U-A WC           20-XX     cWW cW-W
   4 C.G28            D.C29            G-C WC           19-XIX    cWW cW-W

****************************************************************************
List of 1 stem
  Note: a stem is defined as a helix consisting of only canonical WC/wobble
        pairs, with a continuous backbone.
      stem#number[#helix-number containing this stem]
      Other terms are defined as in the above Helix section.
      --------------------------------------------------------------------
  stem#1[#2] bps=4
      strand-1 5'-ACUG-3'
       bp-type    ||||
      strand-2 3'-UGAC-5'
      helix-form  AAA
   1 C.A25            D.U32            A-U WC           20-XX     cWW cW-W
   2 C.C26            D.G31            C-G WC           19-XIX    cWW cW-W
   3 C.U27            D.A30            U-A WC           20-XX     cWW cW-W
   4 C.G28            D.C29            G-C WC           19-XIX    cWW cW-W

****************************************************************************
List of 2 lone WC/wobble pairs
  Note: lone WC/wobble pairs are assigned negative indices to differentiate
        them from the stem numbers, which are positive.
        --------------------------------------------------------------------
  -1 A.G4             B.C14            G-C WC           19-XIX    cWW cW-W
  -2 A.A5             B.U12            A-U WC           20-XX     cWW cW-W

****************************************************************************
List of 3 non-pairing interactions
   1 B.A13            C.C26           base-overlap-area=0.0(0.0)   H-bonds[2]: "O3'-O2'(hydroxyl)[3.06],O2'(hydroxyl)-O2'(hydroxyl)[2.48]"
   2 C.U27            D.G31           base-overlap-area=0.9(0.0)   H-bonds[0]: ""
   3 C.G28            D.A30           base-overlap-area=2.4(0.9)   H-bonds[0]: ""

****************************************************************************
Note: for the various types of loops listed below, numbers within the first
      set of brackets are the number of loop nts, and numbers in the second
      set of brackets are the identities of the stems (positive number) or
      lone WC/wobble pairs (negative numbers) to which they are linked.

****************************************************************************
List of 1 bulge
   1 bulge: nts=5; [0,1]; linked by [#-1,#-2]
     nts=5 GAUAC A.G4,A.A5,B.U12,B.A13,B.C14
       nts=0
       nts=1 A B.A13

****************************************************************************
List of 1 A-minor motif
   1  type=I A/C-G	B.A13 vs C.C26+D.G31 [WC]
        -C.C26	H-bonds[2]: "O3'-O2'(hydroxyl)[3.06],O2'(hydroxyl)-O2'(hydroxyl)[2.48]"
        +D.G31	H-bonds[2]: "N1-O2'(hydroxyl)[2.63],N3-N2(amino)[3.20]"

****************************************************************************
Secondary structures in dot-bracket notation (dbn) as a whole and per chain
>TC.1JZV.0 nts=13 [whole]
GA&UAC&ACUG&CAGU
((&).)&((((&))))
>TC.1JZV.0-A #1 nts=2 [chain] RNA
GA
((
>TC.1JZV.0-B #2 nts=3 [chain] RNA
UAC
).)
>TC.1JZV.0-C #3 nts=4 [chain] RNA
ACUG
((((
>TC.1JZV.0-D #4 nts=4 [chain] RNA
CAGU
))))

****************************************************************************
List of 8 additional files
   1 dssr-stems.pdb -- MODEL/ENDMDL delineated stems
   2 dssr-helices.pdb -- MODEL/ENDMDL delineated helices (pseudo/coaxial)
   3 dssr-pairs.pdb -- MODEL/ENDMDL delineated base pairs
   4 dssr-multiplets.pdb -- MODEL/ENDMDL delineated multiplets
   5 dssr-2ndstrs.ct -- secondary structures in the connect format
   6 dssr-2ndstrs.dbn -- secondary structures in the dot-bracket notation
   7 dssr-torsions.dat -- Backbone torsion angles and suite names
   8 dssr-Aminors.pdb -- MODEL/ENDMDL delineated A minor motifs (type I/II)
