****************************************************************************
         DSSR: a software program for Defining the Secondary
         Structures of RNA from three-dimensional coordinates
        v1.0.1-2014jan31, by Xiang-Jun Lu (xiangjun@x3dna.org)

   This program is actively maintained and developed. As always, I
   greatly appreciate your feedback! Please report all DSSR-related
   issues on the 3DNA Forum (http://forum.x3dna.org/). I strive to
   respond promptly to *any* questions posted there.

****************************************************************************
Note: Each nucleotide is identified by model:chainId.name#, where the
      'model:' portion is omitted if no model number is available as
      is normally the case for X-ray crystal structures in the PDB. So
      a common example would be like A.G19, meaning G #19 on chain A.
      One-letter base names for modified nucleotides are put in lower
      case (e.g., 'c' for 5MC). For further information about the
      output notation, please run DSSR with the '-note' option. More
      details can be found in the DSSR user manual. Questions and
      suggestions are always welcome on the 3DNA Forum.

Command: x3dna-dssr -i=HAIRPIN.2GDI.0.pdb --non-pair -o=HAIRPIN.2GDI.0_dssr.out
Date and time: Sun Jun 29 15:53:56 2014
File name: HAIRPIN.2GDI.0.pdb
    no. of DNA/RNA chains: 1 [X=7]
    no. of nucleotides:    7
    no. of atoms:          149
    no. of waters:         0
    no. of metals:         0

****************************************************************************
List of 2 base pairs
      nt1              nt2             bp  name         Saenger    LW DSSR
   1 X.C27            X.G33            C-G WC           19-XIX    cWW cW-W
   2 X.U28            X.U32            U+U              12-XII    tWW tW+W

****************************************************************************
List of 1 helix
  Note: a helix is defined by base-stacking interactions, regardless of bp
        type and backbone connectivity, and may contain more than one stem.
      helix#number[stems-contained] bps=number-of-base-pairs in the helix
      bp-type: '|' for a canonical WC/wobble pair, '.' otherwise
      helix-form: classification of a dinucleotide step comprising the bp
        above the given designation and the bp that follows it. Types
        include 'A', 'B' or 'Z' for the common A-, B- and Z-form helices,
        '.' for an unclassified step, and 'x' for a step without a
        continuous backbone.
      --------------------------------------------------------------------
  helix#1[0] bps=2
      strand-1 5'-CU-3'
       bp-type    |.
      strand-2 3'-GU-5'
      helix-form  .
   1 X.C27            X.G33            C-G WC           19-XIX    cWW cW-W
   2 X.U28            X.U32            U+U              12-XII    tWW tW+W

****************************************************************************
List of 1 lone WC/wobble pair
  Note: lone WC/wobble pairs are assigned negative indices to differentiate
        them from the stem numbers, which are positive.
        --------------------------------------------------------------------
  -1 X.C27            X.G33            C-G WC           19-XIX    cWW cW-W

****************************************************************************
List of 3 non-pairing interactions
   1 X.G29            X.C30           base-overlap-area=3.5(1.4)   H-bonds[0]: ""
   2 X.C30            X.G31           base-overlap-area=1.2(0.7)   H-bonds[0]: ""
   3 X.G31            X.U32           base-overlap-area=7.4(3.7)   H-bonds[0]: ""

****************************************************************************
Note: for the various types of loops listed below, numbers within the first
      set of brackets are the number of loop nts, and numbers in the second
      set of brackets are the identities of the stems (positive number) or
      lone WC/wobble pairs (negative numbers) to which they are linked.

****************************************************************************
List of 1 hairpin loop
   1 hairpin loop: nts=7; [5]; linked by [#-1]
     nts=7 CUGCGUG X.C27,X.U28,X.G29,X.C30,X.G31,X.U32,X.G33
       nts=5 UGCGU X.U28,X.G29,X.C30,X.G31,X.U32

****************************************************************************
Secondary structures in dot-bracket notation (dbn) as a whole and per chain
>HAIRPIN.2GDI.0 nts=7 [whole]
CUGCGUG
(.....)
>HAIRPIN.2GDI.0-X #1 nts=7 [chain] RNA
CUGCGUG
(.....)

****************************************************************************
List of 6 additional files
   1 dssr-helices.pdb -- MODEL/ENDMDL delineated helices (pseudo/coaxial)
   2 dssr-pairs.pdb -- MODEL/ENDMDL delineated base pairs
   3 dssr-hairpins.pdb -- MODEL/ENDMDL delineated hairpin loops
   4 dssr-2ndstrs.ct -- secondary structures in the connect format
   5 dssr-2ndstrs.dbn -- secondary structures in the dot-bracket notation
   6 dssr-torsions.dat -- Backbone torsion angles and suite names
