****************************************************************************
         DSSR: a software program for Defining the Secondary
         Structures of RNA from three-dimensional coordinates
        v1.0.1-2014jan31, by Xiang-Jun Lu (xiangjun@x3dna.org)

   This program is actively maintained and developed. As always, I
   greatly appreciate your feedback! Please report all DSSR-related
   issues on the 3DNA Forum (http://forum.x3dna.org/). I strive to
   respond promptly to *any* questions posted there.

****************************************************************************
Note: Each nucleotide is identified by model:chainId.name#, where the
      'model:' portion is omitted if no model number is available as
      is normally the case for X-ray crystal structures in the PDB. So
      a common example would be like A.G19, meaning G #19 on chain A.
      One-letter base names for modified nucleotides are put in lower
      case (e.g., 'c' for 5MC). For further information about the
      output notation, please run DSSR with the '-note' option. More
      details can be found in the DSSR user manual. Questions and
      suggestions are always welcome on the 3DNA Forum.

Command: x3dna-dssr -i=TC.2VQE.13.pdb --non-pair -o=TC.2VQE.13_dssr.out
Date and time: Sun Jun 29 15:54:14 2014
File name: TC.2VQE.13.pdb
    no. of DNA/RNA chains: 1 [A=20]
    no. of nucleotides:    20
    no. of atoms:          429
    no. of waters:         0
    no. of metals:         0

****************************************************************************
List of 11 base pairs
      nt1              nt2             bp  name         Saenger    LW DSSR
   1 A.G1265          A.C1270          G-C WC           19-XIX    cWW cW-W
   2 A.G1266          A.A1269          G-A              00-n/a    tSH tm-M
   3 A.A1268          A.C1326          A-C              00-n/a    ... c...
   4 A.A1269          A.G1312          A+G              00-n/a    t.S t.+m
   5 A.U1308          A.A1329          U-A WC           20-XX     cWW cW-W
   6 A.G1309          A.C1328          G-C WC           19-XIX    cWW cW-W
   7 A.G1310          A.C1327          G-C WC           19-XIX    cWW cW-W
   8 A.G1311          A.C1326          G-C WC           19-XIX    cWW cW-W
   9 A.G1312          A.C1325          G-C WC           19-XIX    cWW cW-W
  10 A.U1313          A.A1324          U-A WC           20-XX     cWW cW-W
  11 A.C1314          A.G1323          C-G WC           19-XIX    cWW cW-W

****************************************************************************
List of 2 multiplets
   1 nts=3 AGC A.A1268,A.G1311,A.C1326
   2 nts=4 GAGC A.G1266,A.A1269,A.G1312,A.C1325

****************************************************************************
List of 2 helices
  Note: a helix is defined by base-stacking interactions, regardless of bp
        type and backbone connectivity, and may contain more than one stem.
      helix#number[stems-contained] bps=number-of-base-pairs in the helix
      bp-type: '|' for a canonical WC/wobble pair, '.' otherwise
      helix-form: classification of a dinucleotide step comprising the bp
        above the given designation and the bp that follows it. Types
        include 'A', 'B' or 'Z' for the common A-, B- and Z-form helices,
        '.' for an unclassified step, and 'x' for a step without a
        continuous backbone.
      --------------------------------------------------------------------
  helix#1[0] bps=2
      strand-1 5'-GG-3'
       bp-type    |.
      strand-2 3'-CA-5'
      helix-form  .
   1 A.G1265          A.C1270          G-C WC           19-XIX    cWW cW-W
   2 A.G1266          A.A1269          G-A              00-n/a    tSH tm-M
  --------------------------------------------------------------------------
  helix#2[1] bps=7
      strand-1 5'-UGGGGUC-3'
       bp-type    |||||||
      strand-2 3'-ACCCCAG-5'
      helix-form  .AA.A.
   1 A.U1308          A.A1329          U-A WC           20-XX     cWW cW-W
   2 A.G1309          A.C1328          G-C WC           19-XIX    cWW cW-W
   3 A.G1310          A.C1327          G-C WC           19-XIX    cWW cW-W
   4 A.G1311          A.C1326          G-C WC           19-XIX    cWW cW-W
   5 A.G1312          A.C1325          G-C WC           19-XIX    cWW cW-W
   6 A.U1313          A.A1324          U-A WC           20-XX     cWW cW-W
   7 A.C1314          A.G1323          C-G WC           19-XIX    cWW cW-W

****************************************************************************
List of 1 stem
  Note: a stem is defined as a helix consisting of only canonical WC/wobble
        pairs, with a continuous backbone.
      stem#number[#helix-number containing this stem]
      Other terms are defined as in the above Helix section.
      --------------------------------------------------------------------
  stem#1[#2] bps=7
      strand-1 5'-UGGGGUC-3'
       bp-type    |||||||
      strand-2 3'-ACCCCAG-5'
      helix-form  .AA.A.
   1 A.U1308          A.A1329          U-A WC           20-XX     cWW cW-W
   2 A.G1309          A.C1328          G-C WC           19-XIX    cWW cW-W
   3 A.G1310          A.C1327          G-C WC           19-XIX    cWW cW-W
   4 A.G1311          A.C1326          G-C WC           19-XIX    cWW cW-W
   5 A.G1312          A.C1325          G-C WC           19-XIX    cWW cW-W
   6 A.U1313          A.A1324          U-A WC           20-XX     cWW cW-W
   7 A.C1314          A.G1323          C-G WC           19-XIX    cWW cW-W

****************************************************************************
List of 1 lone WC/wobble pair
  Note: lone WC/wobble pairs are assigned negative indices to differentiate
        them from the stem numbers, which are positive.
        --------------------------------------------------------------------
  -1 A.G1265          A.C1270          G-C WC           19-XIX    cWW cW-W

****************************************************************************
List of 12 non-pairing interactions
   1 A.G1266          A.A1268         base-overlap-area=0.0(0.0)   H-bonds[1]: "O2'(hydroxyl)-N7[2.93]"
   2 A.C1267          A.A1268         base-overlap-area=5.6(2.5)   H-bonds[0]: ""
   3 A.C1267          A.C1327         base-overlap-area=0.0(0.0)   H-bonds[1]: "N3-O2'(hydroxyl)[3.32]"
   4 A.A1268          A.A1269         base-overlap-area=4.4(2.7)   H-bonds[0]: ""
   5 A.A1269          A.U1313         base-overlap-area=0.0(0.0)   H-bonds[1]: "O2'(hydroxyl)-O2(carbonyl)[3.43]"
   6 A.A1269          A.C1325         base-overlap-area=0.0(0.0)   H-bonds[1]: "O2'(hydroxyl)-O2'(hydroxyl)[3.15]"
   7 A.A1269          A.C1326         base-overlap-area=0.0(0.0)   H-bonds[1]: "O4'*O4'[3.01]"
   8 A.C1270          A.U1313         base-overlap-area=0.0(0.0)   H-bonds[3]: "O4'-O2'(hydroxyl)[3.07],O2'(hydroxyl)-O3'[3.04],O2'(hydroxyl)-O2'(hydroxyl)[2.64]"
   9 A.G1309          A.A1329         base-overlap-area=2.4(1.1)   H-bonds[0]: ""
  10 A.G1310          A.C1328         base-overlap-area=0.6(0.0)   H-bonds[0]: ""
  11 A.G1311          A.C1327         base-overlap-area=0.2(0.0)   H-bonds[0]: ""
  12 A.G1312          A.C1326         base-overlap-area=0.3(0.0)   H-bonds[0]: ""

****************************************************************************
Note: for the various types of loops listed below, numbers within the first
      set of brackets are the number of loop nts, and numbers in the second
      set of brackets are the identities of the stems (positive number) or
      lone WC/wobble pairs (negative numbers) to which they are linked.

****************************************************************************
List of 1 hairpin loop
   1 hairpin loop: nts=6; [4]; linked by [#-1]
     nts=6 GGCAAC A.G1265,A.G1266,A.C1267,A.A1268,A.A1269,A.C1270
       nts=4 GCAA A.G1266,A.C1267,A.A1268,A.A1269

****************************************************************************
List of 2 A-minor motifs
   1  type=II A/G-C	A.A1268 vs A.G1311+A.C1326 [WC]
        +A.G1311	H-bonds[0]: ""
        -A.C1326	H-bonds[2]: "O2'(hydroxyl)-O2'(hydroxyl)[2.86],N3-O2'(hydroxyl)[2.74]"
   2  type=I A/G-C	A.A1269 vs A.G1312+A.C1325 [WC]
        +A.G1312	H-bonds[2]: "N1-O2'(hydroxyl)[2.56],N3-N2(amino)[3.14]"
        -A.C1325	H-bonds[1]: "O2'(hydroxyl)-O2'(hydroxyl)[3.15]"

****************************************************************************
List of 1 ribose zipper
   1 nts=4 AACC A.A1268,A.A1269,A.C1325,A.C1326

****************************************************************************
Secondary structures in dot-bracket notation (dbn) as a whole and per chain
>TC.2VQE.13 nts=20 [whole]
GGCAAC&UGGGGUC&GACCCCA
(....)&(((((((&)))))))
>TC.2VQE.13-A #1 nts=20 [chain] RNA*
GGCAACUGGGGUCGACCCCA
(....)((((((()))))))

****************************************************************************
List of 9 additional files
   1 dssr-stems.pdb -- MODEL/ENDMDL delineated stems
   2 dssr-helices.pdb -- MODEL/ENDMDL delineated helices (pseudo/coaxial)
   3 dssr-pairs.pdb -- MODEL/ENDMDL delineated base pairs
   4 dssr-multiplets.pdb -- MODEL/ENDMDL delineated multiplets
   5 dssr-hairpins.pdb -- MODEL/ENDMDL delineated hairpin loops
   6 dssr-2ndstrs.ct -- secondary structures in the connect format
   7 dssr-2ndstrs.dbn -- secondary structures in the dot-bracket notation
   8 dssr-torsions.dat -- Backbone torsion angles and suite names
   9 dssr-Aminors.pdb -- MODEL/ENDMDL delineated A minor motifs (type I/II)
