****************************************************************************
         DSSR: a software program for Defining the Secondary
         Structures of RNA from three-dimensional coordinates
        v1.0.1-2014jan31, by Xiang-Jun Lu (xiangjun@x3dna.org)

   This program is actively maintained and developed. As always, I
   greatly appreciate your feedback! Please report all DSSR-related
   issues on the 3DNA Forum (http://forum.x3dna.org/). I strive to
   respond promptly to *any* questions posted there.

****************************************************************************
Note: Each nucleotide is identified by model:chainId.name#, where the
      'model:' portion is omitted if no model number is available as
      is normally the case for X-ray crystal structures in the PDB. So
      a common example would be like A.G19, meaning G #19 on chain A.
      One-letter base names for modified nucleotides are put in lower
      case (e.g., 'c' for 5MC). For further information about the
      output notation, please run DSSR with the '-note' option. More
      details can be found in the DSSR user manual. Questions and
      suggestions are always welcome on the 3DNA Forum.

Command: x3dna-dssr -i=TC.1S72.33.pdb --non-pair -o=TC.1S72.33_dssr.out
Date and time: Sun Jun 29 15:52:50 2014
File name: TC.1S72.33.pdb
    no. of DNA/RNA chains: 1 [0=25]
    no. of nucleotides:    25
    no. of atoms:          534
    no. of waters:         0
    no. of metals:         0

****************************************************************************
List of 13 base pairs
      nt1              nt2             bp  name         Saenger    LW DSSR
   1 0.A562           0.U595           A-U WC           20-XX     cWW cW-W
   2 0.C563           0.C594           C-C              00-n/a    cWW cW-W
   3 0.A565           0.U1264          A-U              00-n/a    ... c...
   4 0.A566           0.G592           A-G Sheared      11-XI     tHS tM-m
   5 0.A566           0.G1093          A+G              00-n/a    tSS tm+m
   6 0.U567           0.A591           U-A WC           20-XX     cWW cW-W
   7 0.G1089          0.C1267          G-C WC           19-XIX    cWW cW-W
   8 0.A1090          0.U1266          A-U WC           20-XX     cWW cW-W
   9 0.U1091          0.G1265          U-G Wobble       28-XXVIII cWW cW-W
  10 0.A1092          0.U1264          A-U WC           20-XX     cWW cW-W
  11 0.G1093          0.C1263          G-C WC           19-XIX    cWW cW-W
  12 0.G1094          0.C1262          G-C WC           19-XIX    cWW cW-W
  13 0.U1095          0.A1261          U-A WC           20-XX     cWW cW-W

****************************************************************************
List of 2 multiplets
   1 nts=3 AAU 0.A565,0.A1092,0.U1264
   2 nts=4 AGGC 0.A566,0.G592,0.G1093,0.C1263

****************************************************************************
List of 3 helices
  Note: a helix is defined by base-stacking interactions, regardless of bp
        type and backbone connectivity, and may contain more than one stem.
      helix#number[stems-contained] bps=number-of-base-pairs in the helix
      bp-type: '|' for a canonical WC/wobble pair, '.' otherwise
      helix-form: classification of a dinucleotide step comprising the bp
        above the given designation and the bp that follows it. Types
        include 'A', 'B' or 'Z' for the common A-, B- and Z-form helices,
        '.' for an unclassified step, and 'x' for a step without a
        continuous backbone.
      --------------------------------------------------------------------
  helix#1[0] bps=2
      strand-1 5'-AC-3'
       bp-type    |.
      strand-2 3'-UC-5'
      helix-form  .
   1 0.A562           0.U595           A-U WC           20-XX     cWW cW-W
   2 0.C563           0.C594           C-C              00-n/a    cWW cW-W
  --------------------------------------------------------------------------
  helix#2[0] bps=2
      strand-1 5'-AU-3'
       bp-type    .|
      strand-2 3'-GA-5'
      helix-form  .
   1 0.A566           0.G592           A-G Sheared      11-XI     tHS tM-m
   2 0.U567           0.A591           U-A WC           20-XX     cWW cW-W
  --------------------------------------------------------------------------
  helix#3[1] bps=7
      strand-1 5'-GAUAGGU-3'
       bp-type    |||||||
      strand-2 3'-CUGUCCA-5'
      helix-form  A...A.
   1 0.G1089          0.C1267          G-C WC           19-XIX    cWW cW-W
   2 0.A1090          0.U1266          A-U WC           20-XX     cWW cW-W
   3 0.U1091          0.G1265          U-G Wobble       28-XXVIII cWW cW-W
   4 0.A1092          0.U1264          A-U WC           20-XX     cWW cW-W
   5 0.G1093          0.C1263          G-C WC           19-XIX    cWW cW-W
   6 0.G1094          0.C1262          G-C WC           19-XIX    cWW cW-W
   7 0.U1095          0.A1261          U-A WC           20-XX     cWW cW-W

****************************************************************************
List of 1 stem
  Note: a stem is defined as a helix consisting of only canonical WC/wobble
        pairs, with a continuous backbone.
      stem#number[#helix-number containing this stem]
      Other terms are defined as in the above Helix section.
      --------------------------------------------------------------------
  stem#1[#3] bps=7
      strand-1 5'-GAUAGGU-3'
       bp-type    |||||||
      strand-2 3'-CUGUCCA-5'
      helix-form  A...A.
   1 0.G1089          0.C1267          G-C WC           19-XIX    cWW cW-W
   2 0.A1090          0.U1266          A-U WC           20-XX     cWW cW-W
   3 0.U1091          0.G1265          U-G Wobble       28-XXVIII cWW cW-W
   4 0.A1092          0.U1264          A-U WC           20-XX     cWW cW-W
   5 0.G1093          0.C1263          G-C WC           19-XIX    cWW cW-W
   6 0.G1094          0.C1262          G-C WC           19-XIX    cWW cW-W
   7 0.U1095          0.A1261          U-A WC           20-XX     cWW cW-W

****************************************************************************
List of 2 lone WC/wobble pairs
  Note: lone WC/wobble pairs are assigned negative indices to differentiate
        them from the stem numbers, which are positive.
        --------------------------------------------------------------------
  -1 0.A562           0.U595           A-U WC           20-XX     cWW cW-W
  -2 0.U567           0.A591           U-A WC           20-XX     cWW cW-W

****************************************************************************
List of 13 non-pairing interactions
   1 0.C563           0.G564          base-overlap-area=4.5(1.7)   H-bonds[0]: ""
   2 0.G564           0.G592          base-overlap-area=0.8(0.0)   H-bonds[0]: ""
   3 0.A565           0.A566          base-overlap-area=6.6(4.7)   H-bonds[0]: ""
   4 0.A565           0.G592          base-overlap-area=0.0(0.0)   H-bonds[1]: "N6(amino)-O2'(hydroxyl)[3.20]"
   5 0.A565           0.G1093         base-overlap-area=0.0(0.0)   H-bonds[1]: "N6(amino)-O2'(hydroxyl)[3.24]"
   6 0.A566           0.C1263         base-overlap-area=0.0(0.0)   H-bonds[2]: "O2'(hydroxyl)-O2'(hydroxyl)[2.96],O2'(hydroxyl)-O2(carbonyl)[3.19]"
   7 0.A566           0.U1264         base-overlap-area=0.0(0.0)   H-bonds[1]: "O4'*O4'[3.22]"
   8 0.U567           0.G1094         base-overlap-area=0.0(0.0)   H-bonds[2]: "O2'(hydroxyl)-O3'[3.18],O2'(hydroxyl)-O2'(hydroxyl)[2.96]"
   9 0.A593           0.C594          base-overlap-area=6.3(2.5)   H-bonds[0]: ""
  10 0.A593           0.A1092         base-overlap-area=0.0(0.0)   H-bonds[1]: "O2'(hydroxyl)-O2'(hydroxyl)[2.63]"
  11 0.A1092          0.G1265         base-overlap-area=1.4(0.2)   H-bonds[0]: ""
  12 0.G1093          0.U1264         base-overlap-area=0.2(0.0)   H-bonds[0]: ""
  13 0.G1094          0.C1263         base-overlap-area=0.3(0.0)   H-bonds[0]: ""

****************************************************************************
Note: for the various types of loops listed below, numbers within the first
      set of brackets are the number of loop nts, and numbers in the second
      set of brackets are the identities of the stems (positive number) or
      lone WC/wobble pairs (negative numbers) to which they are linked.

****************************************************************************
List of 1 internal loop
   1 asymmetric internal loop: nts=11; [4,3]; linked by [#-1,#-2]
     nts=11 ACGAAUAGACU 0.A562,0.C563,0.G564,0.A565,0.A566,0.U567,0.A591,0.G592,0.A593,0.C594,0.U595
       nts=4 CGAA 0.C563,0.G564,0.A565,0.A566
       nts=3 GAC 0.G592,0.A593,0.C594

****************************************************************************
List of 2 A-minor motifs
   1  type=II A/A-U	0.A565 vs 0.A1092+0.U1264 [WC]
        +0.A1092	H-bonds[0]: ""
        -0.U1264	H-bonds[3]: "O2'(hydroxyl)-O3'[3.10],O2'(hydroxyl)-O2'(hydroxyl)[2.67],N3-O2'(hydroxyl)[2.67]"
   2  type=I A/G-C	0.A566 vs 0.G1093+0.C1263 [WC]
        +0.G1093	H-bonds[2]: "N1-O2'(hydroxyl)[2.56],N3-N2(amino)[3.15]"
        -0.C1263	H-bonds[2]: "O2'(hydroxyl)-O2'(hydroxyl)[2.96],O2'(hydroxyl)-O2(carbonyl)[3.19]"

****************************************************************************
List of 1 ribose zipper
   1 nts=4 AACU 0.A565,0.A566,0.C1263,0.U1264

****************************************************************************
List of 1 (possible) kink turn
   1 Undecided case with GA on NC-helix#2; iloop#1
      C#-1{0.A562,0.U595 AU} (0.A566,0.G592 AG) NC#-2{0.A591,0.U567 AU}
      strand1 nts=6; ACGAAU 0.A562,0.C563,0.G564,0.A565,0.A566,0.U567
      strand2 nts=5; AGACU 0.A591,0.G592,0.A593,0.C594,0.U595

****************************************************************************
Secondary structures in dot-bracket notation (dbn) as a whole and per chain
>TC.1S72.33 nts=25 [whole]
ACGAAU&AGACU&GAUAGGU&ACCUGUC
(....(&)...)&(((((((&)))))))
>TC.1S72.33-0 #1 nts=25 [chain] RNA*
ACGAAUAGACUGAUAGGUACCUGUC
(....()...)((((((()))))))

****************************************************************************
List of 9 additional files
   1 dssr-stems.pdb -- MODEL/ENDMDL delineated stems
   2 dssr-helices.pdb -- MODEL/ENDMDL delineated helices (pseudo/coaxial)
   3 dssr-pairs.pdb -- MODEL/ENDMDL delineated base pairs
   4 dssr-multiplets.pdb -- MODEL/ENDMDL delineated multiplets
   5 dssr-2ndstrs.ct -- secondary structures in the connect format
   6 dssr-2ndstrs.dbn -- secondary structures in the dot-bracket notation
   7 dssr-torsions.dat -- Backbone torsion angles and suite names
   8 dssr-Aminors.pdb -- MODEL/ENDMDL delineated A minor motifs (type I/II)
   9 dssr-Kturns.pdb -- MODEL/ENDMDL delineated kink-turn motifs
