****************************************************************************
         DSSR: a software program for Defining the Secondary
         Structures of RNA from three-dimensional coordinates
        v1.0.1-2014jan31, by Xiang-Jun Lu (xiangjun@x3dna.org)

   This program is actively maintained and developed. As always, I
   greatly appreciate your feedback! Please report all DSSR-related
   issues on the 3DNA Forum (http://forum.x3dna.org/). I strive to
   respond promptly to *any* questions posted there.

****************************************************************************
Note: Each nucleotide is identified by model:chainId.name#, where the
      'model:' portion is omitted if no model number is available as
      is normally the case for X-ray crystal structures in the PDB. So
      a common example would be like A.G19, meaning G #19 on chain A.
      One-letter base names for modified nucleotides are put in lower
      case (e.g., 'c' for 5MC). For further information about the
      output notation, please run DSSR with the '-note' option. More
      details can be found in the DSSR user manual. Questions and
      suggestions are always welcome on the 3DNA Forum.

Command: x3dna-dssr -i=NWAY.2VQE.5.pdb --non-pair -o=NWAY.2VQE.5_dssr.out
Date and time: Sun Jun 29 15:54:10 2014
File name: NWAY.2VQE.5.pdb
    no. of DNA/RNA chains: 1 [A=9]
    no. of nucleotides:    9
    no. of atoms:          194
    no. of waters:         0
    no. of metals:         0

****************************************************************************
List of 3 base pairs
      nt1              nt2             bp  name         Saenger    LW DSSR
   1 A.C586           A.G755           C-G WC           19-XIX    cWW cW-W
   2 A.G588           A.C651           G-C WC           19-XIX    cWW cW-W
   3 A.G654           A.C754           G-C WC           19-XIX    cWW cW-W

****************************************************************************
List of 3 lone WC/wobble pairs
  Note: lone WC/wobble pairs are assigned negative indices to differentiate
        them from the stem numbers, which are positive.
        --------------------------------------------------------------------
  -1 A.C586           A.G755           C-G WC           19-XIX    cWW cW-W
  -2 A.G588           A.C651           G-C WC           19-XIX    cWW cW-W
  -3 A.G654           A.C754           G-C WC           19-XIX    cWW cW-W

****************************************************************************
List of 3 non-pairing interactions
   1 A.G587           A.G755          base-overlap-area=6.3(3.1)   H-bonds[0]: ""
   2 A.C651           A.U652          base-overlap-area=4.0(1.2)   H-bonds[0]: ""
   3 A.G654           A.G755          base-overlap-area=0.0(0.0)   H-bonds[1]: "N2(amino)-O4'[3.14]"

****************************************************************************
Note: for the various types of loops listed below, numbers within the first
      set of brackets are the number of loop nts, and numbers in the second
      set of brackets are the identities of the stems (positive number) or
      lone WC/wobble pairs (negative numbers) to which they are linked.

****************************************************************************
List of 1 junction
   1 3-way junctions: nts=9; [1,2,0]; linked by [#-1,#-2,#-3]
     nts=9 CGGCUAGCG A.C586,A.G587,A.G588,A.C651,A.U652,A.A653,A.G654,A.C754,A.G755
       nts=1 G A.G587
       nts=2 UA A.U652,A.A653
       nts=0

****************************************************************************
Secondary structures in dot-bracket notation (dbn) as a whole and per chain
>NWAY.2VQE.5 nts=9 [whole]
CGG&CUAG&CG
(.(&)..(&))
>NWAY.2VQE.5-A #1 nts=9 [chain] RNA*
CGGCUAGCG
(.()..())

****************************************************************************
List of 4 additional files
   1 dssr-pairs.pdb -- MODEL/ENDMDL delineated base pairs
   2 dssr-2ndstrs.ct -- secondary structures in the connect format
   3 dssr-2ndstrs.dbn -- secondary structures in the dot-bracket notation
   4 dssr-torsions.dat -- Backbone torsion angles and suite names
