****************************************************************************
         DSSR: a software program for Defining the Secondary
         Structures of RNA from three-dimensional coordinates
        v1.0.1-2014jan31, by Xiang-Jun Lu (xiangjun@x3dna.org)

   This program is actively maintained and developed. As always, I
   greatly appreciate your feedback! Please report all DSSR-related
   issues on the 3DNA Forum (http://forum.x3dna.org/). I strive to
   respond promptly to *any* questions posted there.

****************************************************************************
Note: Each nucleotide is identified by model:chainId.name#, where the
      'model:' portion is omitted if no model number is available as
      is normally the case for X-ray crystal structures in the PDB. So
      a common example would be like A.G19, meaning G #19 on chain A.
      One-letter base names for modified nucleotides are put in lower
      case (e.g., 'c' for 5MC). For further information about the
      output notation, please run DSSR with the '-note' option. More
      details can be found in the DSSR user manual. Questions and
      suggestions are always welcome on the 3DNA Forum.

Command: x3dna-dssr -i=NWAY.1S72.23.pdb --non-pair -o=NWAY.1S72.23_dssr.out
Date and time: Sun Jun 29 15:52:03 2014
File name: NWAY.1S72.23.pdb
    no. of DNA/RNA chains: 1 [0=16]
    no. of nucleotides:    16
    no. of atoms:          341
    no. of waters:         0
    no. of metals:         0

****************************************************************************
List of 7 base pairs
      nt1              nt2             bp  name         Saenger    LW DSSR
   1 0.C2319          0.G2420          C-G WC           19-XIX    cWW cW-W
   2 0.A2321          0.U2378          A+U rWC          21-XXI    tWW tW+W
   3 0.A2321          0.A2380          A+A              02-II     tHH tM+M
   4 0.G2323          0.U2377          G-U Wobble       28-XXVIII cWW cW-W
   5 0.G2379          0.A2408          G+A              00-n/a    cHW cM+W
   6 0.C2381          0.G2407          C-G WC           19-XIX    cWW cW-W
   7 0.C2409          0.G2418          C-G WC           19-XIX    cWW cW-W

****************************************************************************
List of 1 multiplet
   1 nts=3 AUA 0.A2321,0.U2378,0.A2380

****************************************************************************
List of 1 helix
  Note: a helix is defined by base-stacking interactions, regardless of bp
        type and backbone connectivity, and may contain more than one stem.
      helix#number[stems-contained] bps=number-of-base-pairs in the helix
      bp-type: '|' for a canonical WC/wobble pair, '.' otherwise
      helix-form: classification of a dinucleotide step comprising the bp
        above the given designation and the bp that follows it. Types
        include 'A', 'B' or 'Z' for the common A-, B- and Z-form helices,
        '.' for an unclassified step, and 'x' for a step without a
        continuous backbone.
      --------------------------------------------------------------------
  helix#1[0] bps=3
      strand-1 5'-CGG-3'
       bp-type    |.|
      strand-2 5'-GAC-3'
      helix-form  xx
   1 0.C2381          0.G2407          C-G WC           19-XIX    cWW cW-W
   2 0.G2379          0.A2408          G+A              00-n/a    cHW cM+W
   3 0.G2418          0.C2409          G-C WC           19-XIX    cWW cW-W

****************************************************************************
List of 4 lone WC/wobble pairs
  Note: lone WC/wobble pairs are assigned negative indices to differentiate
        them from the stem numbers, which are positive.
        --------------------------------------------------------------------
  -1 0.C2319          0.G2420          C-G WC           19-XIX    cWW cW-W
  -2 0.G2323          0.U2377          G-U Wobble       28-XXVIII cWW cW-W
  -3 0.C2381          0.G2407          C-G WC           19-XIX    cWW cW-W
  -4 0.C2409          0.G2418          C-G WC           19-XIX    cWW cW-W

****************************************************************************
List of 8 non-pairing interactions
   1 0.C2319          0.U2322         base-overlap-area=0.0(0.0)   H-bonds[1]: "O2'(hydroxyl)-O2'(hydroxyl)[2.70]"
   2 0.U2320          0.A2321         base-overlap-area=2.6(0.0)   H-bonds[0]: ""
   3 0.A2321          0.G2323         base-overlap-area=4.3(3.0)   H-bonds[1]: "O2'(hydroxyl)-N7[3.05]"
   4 0.G2323          0.G2420         base-overlap-area=0.0(0.0)   H-bonds[3]: "O4'-N2(amino)[3.19],O3'-O2'(hydroxyl)[3.10],O2'(hydroxyl)-O2'(hydroxyl)[2.70]"
   5 0.U2377          0.U2378         base-overlap-area=1.2(0.0)   H-bonds[0]: ""
   6 0.G2379          0.C2381         base-overlap-area=0.6(0.0)   H-bonds[0]: ""
   7 0.G2379          0.G2418         base-overlap-area=9.4(5.2)   H-bonds[2]: "O2'(hydroxyl)-O2'(hydroxyl)[2.74],O2'(hydroxyl)-N3[2.90]"
   8 0.A2380          0.G2420         base-overlap-area=6.6(4.1)   H-bonds[1]: "O4'*O4'[3.06]"

****************************************************************************
Note: for the various types of loops listed below, numbers within the first
      set of brackets are the number of loop nts, and numbers in the second
      set of brackets are the identities of the stems (positive number) or
      lone WC/wobble pairs (negative numbers) to which they are linked.

****************************************************************************
List of 1 junction
   1 4-way junctions: nts=16; [3,3,1,1]; linked by [#-1,#-2,#-3,#-4]
     nts=16 CUAUGUUGACGACGUG 0.C2319,0.U2320,0.A2321,0.U2322,0.G2323,0.U2377,0.U2378,0.G2379,0.A2380,0.C2381,0.G2407,0.A2408,0.C2409,0.G2418,0.U2419,0.G2420
       nts=3 UAU 0.U2320,0.A2321,0.U2322
       nts=3 UGA 0.U2378,0.G2379,0.A2380
       nts=1 A 0.A2408
       nts=1 U 0.U2419

****************************************************************************
Secondary structures in dot-bracket notation (dbn) as a whole and per chain
>NWAY.1S72.23 nts=16 [whole]
CUAUG&UUGAC&GAC&GUG
(...(&)...(&).(&).)
>NWAY.1S72.23-0 #1 nts=16 [chain] RNA*
CUAUGUUGACGACGUG
(...()...().().)

****************************************************************************
List of 6 additional files
   1 dssr-helices.pdb -- MODEL/ENDMDL delineated helices (pseudo/coaxial)
   2 dssr-pairs.pdb -- MODEL/ENDMDL delineated base pairs
   3 dssr-multiplets.pdb -- MODEL/ENDMDL delineated multiplets
   4 dssr-2ndstrs.ct -- secondary structures in the connect format
   5 dssr-2ndstrs.dbn -- secondary structures in the dot-bracket notation
   6 dssr-torsions.dat -- Backbone torsion angles and suite names
