****************************************************************************
         DSSR: a software program for Defining the Secondary
         Structures of RNA from three-dimensional coordinates
        v1.0.1-2014jan31, by Xiang-Jun Lu (xiangjun@x3dna.org)

   This program is actively maintained and developed. As always, I
   greatly appreciate your feedback! Please report all DSSR-related
   issues on the 3DNA Forum (http://forum.x3dna.org/). I strive to
   respond promptly to *any* questions posted there.

****************************************************************************
Note: Each nucleotide is identified by model:chainId.name#, where the
      'model:' portion is omitted if no model number is available as
      is normally the case for X-ray crystal structures in the PDB. So
      a common example would be like A.G19, meaning G #19 on chain A.
      One-letter base names for modified nucleotides are put in lower
      case (e.g., 'c' for 5MC). For further information about the
      output notation, please run DSSR with the '-note' option. More
      details can be found in the DSSR user manual. Questions and
      suggestions are always welcome on the 3DNA Forum.

Command: x3dna-dssr -i=TC.2VQE.21.pdb --non-pair -o=TC.2VQE.21_dssr.out
Date and time: Sun Jun 29 15:54:15 2014
File name: TC.2VQE.21.pdb
    no. of DNA/RNA chains: 1 [A=19]
    no. of nucleotides:    19
    no. of atoms:          400
    no. of waters:         0
    no. of metals:         0

****************************************************************************
List of 7 base pairs
      nt1              nt2             bp  name         Saenger    LW DSSR
   1 A.G1124          A.C1149          G-C WC           19-XIX    cWW cW-W
   2 A.G1127          A.C1145          G-C WC           19-XIX    cWW cW-W
   3 A.G1127          A.A1146          G-A              00-n/a    ... c...
   4 A.C1149          A.A1280          C-A              00-n/a    cSW cm-W
   5 A.G1255          A.C1277          G+C              00-n/a    tSS tm+m
   6 A.G1255          A.C1282          G-C WC           19-XIX    cWW cW-W
   7 A.G1258          A.C1277          G-C WC           19-XIX    cWW cW-W

****************************************************************************
List of 2 multiplets
   1 nts=3 GCA A.G1124,A.C1149,A.A1280
   2 nts=3 GCA A.G1127,A.C1145,A.A1146

****************************************************************************
List of 4 lone WC/wobble pairs
  Note: lone WC/wobble pairs are assigned negative indices to differentiate
        them from the stem numbers, which are positive.
        --------------------------------------------------------------------
  -1 A.G1124          A.C1149          G-C WC           19-XIX    cWW cW-W
  -2 A.G1127          A.C1145          G-C WC           19-XIX    cWW cW-W
  -3 A.G1255          A.C1282          G-C WC           19-XIX    cWW cW-W
  -4 A.G1258          A.C1277          G-C WC           19-XIX    cWW cW-W

****************************************************************************
List of 11 non-pairing interactions
   1 A.G1124          A.U1126         base-overlap-area=0.0(0.0)   H-bonds[1]: "O2'(hydroxyl)-O4(carbonyl)[2.81]"
   2 A.G1124          A.C1145         base-overlap-area=5.8(3.6)   H-bonds[2]: "O2'(hydroxyl)-N4(amino)[2.57],N7-O2'(hydroxyl)[2.94]"
   3 A.A1146          A.C1147         base-overlap-area=5.5(2.1)   H-bonds[0]: ""
   4 A.C1147          A.U1148         base-overlap-area=1.0(0.3)   H-bonds[0]: ""
   5 A.U1148          A.C1149         base-overlap-area=5.3(2.5)   H-bonds[0]: ""
   6 A.G1255          A.G1258         base-overlap-area=0.0(0.0)   H-bonds[2]: "O2'(hydroxyl)-O2'(hydroxyl)[2.85],O2'(hydroxyl)-N3[2.69]"
   7 A.G1255          A.A1279         base-overlap-area=3.1(1.4)   H-bonds[0]: ""
   8 A.A1256          A.U1257         base-overlap-area=0.0(0.0)   H-bonds[1]: "O2'(hydroxyl)-O5'[3.03]"
   9 A.A1256          A.U1278         base-overlap-area=0.0(0.0)   H-bonds[1]: "N6(amino)-O4'[2.66]"
  10 A.C1277          A.A1279         base-overlap-area=0.0(0.0)   H-bonds[1]: "O2'(hydroxyl)-O4'[3.22]"
  11 A.U1278          A.A1279         base-overlap-area=0.0(0.0)   H-bonds[1]: "O5'*O4'[3.20]"

****************************************************************************
Note: for the various types of loops listed below, numbers within the first
      set of brackets are the number of loop nts, and numbers in the second
      set of brackets are the identities of the stems (positive number) or
      lone WC/wobble pairs (negative numbers) to which they are linked.

****************************************************************************
List of 2 internal loops
   1 asymmetric internal loop: nts=9; [2,3]; linked by [#-1,#-2]
     nts=9 GUUGCACUC A.G1124,A.U1125,A.U1126,A.G1127,A.C1145,A.A1146,A.C1147,A.U1148,A.C1149
       nts=2 UU A.U1125,A.U1126
       nts=3 ACU A.A1146,A.C1147,A.U1148
   2 asymmetric internal loop: nts=10; [2,4]; linked by [#-3,#-4]
     nts=10 GAUGCUAAUC A.G1255,A.A1256,A.U1257,A.G1258,A.C1277,A.U1278,A.A1279,A.A1280,A.U1281,A.C1282
       nts=2 AU A.A1256,A.U1257
       nts=4 UAAU A.U1278,A.A1279,A.A1280,A.U1281

****************************************************************************
Secondary structures in dot-bracket notation (dbn) as a whole and per chain
>TC.2VQE.21 nts=19 [whole]
GUUG&CACUC&GAUG&CUAAUC
(..(&)...)&(..(&)....)
>TC.2VQE.21-A #1 nts=19 [chain] RNA*
GUUGCACUCGAUGCUAAUC
(..()...)(..()....)

****************************************************************************
List of 5 additional files
   1 dssr-pairs.pdb -- MODEL/ENDMDL delineated base pairs
   2 dssr-multiplets.pdb -- MODEL/ENDMDL delineated multiplets
   3 dssr-2ndstrs.ct -- secondary structures in the connect format
   4 dssr-2ndstrs.dbn -- secondary structures in the dot-bracket notation
   5 dssr-torsions.dat -- Backbone torsion angles and suite names
