****************************************************************************
         DSSR: a software program for Defining the Secondary
         Structures of RNA from three-dimensional coordinates
        v1.0.1-2014jan31, by Xiang-Jun Lu (xiangjun@x3dna.org)

   This program is actively maintained and developed. As always, I
   greatly appreciate your feedback! Please report all DSSR-related
   issues on the 3DNA Forum (http://forum.x3dna.org/). I strive to
   respond promptly to *any* questions posted there.

****************************************************************************
Note: Each nucleotide is identified by model:chainId.name#, where the
      'model:' portion is omitted if no model number is available as
      is normally the case for X-ray crystal structures in the PDB. So
      a common example would be like A.G19, meaning G #19 on chain A.
      One-letter base names for modified nucleotides are put in lower
      case (e.g., 'c' for 5MC). For further information about the
      output notation, please run DSSR with the '-note' option. More
      details can be found in the DSSR user manual. Questions and
      suggestions are always welcome on the 3DNA Forum.

Command: x3dna-dssr -i=tc.0.pdb --non-pair -o=tc.0_dssr.out
Date and time: Thu Jul 17 15:06:25 2014
File name: tc.0.pdb
    no. of DNA/RNA chains: 1 [0=35]
    no. of nucleotides:    35
    no. of atoms:          754
    no. of waters:         0
    no. of metals:         0

****************************************************************************
List of 15 base pairs
      nt1              nt2             bp  name         Saenger    LW DSSR
   1 0.C2098          0.G2646          C-G WC           19-XIX    cWW cW-W
   2 0.G2102          0.A2486          G-A Imino        08-VIII   cWW cW-W
   3 0.A2103          0.A2538          A+A              02-II     tHH tM+M
   4 0.C2104          0.A2485          C-A              00-n/a    cWW cW-W
   5 0.C2104          0.C2536          C+C              00-n/a    tWW tW+W
   6 0.C2105          0.G2481          C-G WC           19-XIX    cWW cW-W
   7 0.G2482          0.A2486          G+A              00-n/a    cWH cW+M
   8 0.A2485          0.C2536          A-C              25-XXV    tHW tM-W
   9 0.C2487          0.U2535          C-U              00-n/a    cWW cW-W
  10 0.A2488          0.C2534          A-C              00-n/a    cWW cW-W
  11 0.G2489          0.C2533          G-C WC           19-XIX    cWW cW-W
  12 0.G2540          0.U2645          G+U              00-n/a    tWW tW+W
  13 0.U2541          0.G2618          U-G Wobble       28-XXVIII cWW cW-W
  14 0.A2622          0.G2643          A-G Sheared      11-XI     tHS tM-m
  15 0.G2623          0.C2641          G-C WC           19-XIX    cWW cW-W

****************************************************************************
List of 2 multiplets
   1 nts=3 GGA 0.G2102,0.G2482,0.A2486
   2 nts=3 CAC 0.C2104,0.A2485,0.C2536

****************************************************************************
List of 1 helix
  Note: a helix is defined by base-stacking interactions, regardless of bp
        type and backbone connectivity, and may contain more than one stem.
      helix#number[stems-contained] bps=number-of-base-pairs in the helix
      bp-type: '|' for a canonical WC/wobble pair, '.' otherwise
      helix-form: classification of a dinucleotide step comprising the bp
        above the given designation and the bp that follows it. Types
        include 'A', 'B' or 'Z' for the common A-, B- and Z-form helices,
        '.' for an unclassified step, and 'x' for a step without a
        continuous backbone.
      --------------------------------------------------------------------
  helix#1[0] bps=5
      strand-1 5'-AACAG-3'
       bp-type    ....|
      strand-2 3'-CGUCC-5'
      helix-form  xx.A
   1 0.A2485          0.C2536          A-C              25-XXV    tHW tM-W
   2 0.A2486          0.G2102          A-G Imino        08-VIII   cWW cW-W
   3 0.C2487          0.U2535          C-U              00-n/a    cWW cW-W
   4 0.A2488          0.C2534          A-C              00-n/a    cWW cW-W
   5 0.G2489          0.C2533          G-C WC           19-XIX    cWW cW-W

****************************************************************************
List of 5 lone WC/wobble pairs
  Note: lone WC/wobble pairs are assigned negative indices to differentiate
        them from the stem numbers, which are positive.
        --------------------------------------------------------------------
  -1 0.C2098          0.G2646          C-G WC           19-XIX    cWW cW-W
  -2 0.C2105          0.G2481          C-G WC           19-XIX    cWW cW-W
  -3 0.G2489          0.C2533          G-C WC           19-XIX    cWW cW-W
  -4 0.U2541          0.G2618          U-G Wobble       28-XXVIII cWW cW-W
  -5 0.G2623          0.C2641          G-C WC           19-XIX    cWW cW-W

****************************************************************************
List of 18 non-pairing interactions
   1 0.C2098          0.G2099         base-overlap-area=1.7(1.0)   H-bonds[0]: ""
   2 0.G2099          0.A2100         base-overlap-area=6.9(4.2)   H-bonds[0]: ""
   3 0.G2099          0.G2646         base-overlap-area=1.5(0.0)   H-bonds[0]: ""
   4 0.A2100          0.A2538         base-overlap-area=1.8(1.7)   H-bonds[0]: ""
   5 0.A2101          0.G2537         base-overlap-area=6.5(4.8)   H-bonds[1]: "O4'*O4'[3.05]"
   6 0.G2102          0.C2104         base-overlap-area=2.8(0.2)   H-bonds[1]: "O2'(hydroxyl)-N4(amino)[3.23]"
   7 0.G2102          0.A2538         base-overlap-area=1.9(0.3)   H-bonds[0]: ""
   8 0.C2104          0.C2105         base-overlap-area=4.5(2.3)   H-bonds[0]: ""
   9 0.C2105          0.A2485         base-overlap-area=1.0(0.0)   H-bonds[0]: ""
  10 0.G2481          0.U2484         base-overlap-area=0.0(0.0)   H-bonds[1]: "N2(amino)-O2(carbonyl)[2.82]"
  11 0.G2481          0.C2536         base-overlap-area=3.4(1.5)   H-bonds[1]: "O6(carbonyl)-O2'(hydroxyl)[2.62]"
  12 0.G2482          0.U2535         base-overlap-area=3.1(1.8)   H-bonds[0]: ""
  13 0.G2482          0.C2536         base-overlap-area=5.2(3.7)   H-bonds[0]: ""
  14 0.U2484          0.C2536         base-overlap-area=0.0(0.0)   H-bonds[1]: "O2'(hydroxyl)-N4(amino)[3.16]"
  15 0.G2623          0.G2642         base-overlap-area=3.7(1.1)   H-bonds[0]: ""
  16 0.C2641          0.G2642         base-overlap-area=0.4(0.1)   H-bonds[0]: ""
  17 0.G2642          0.G2643         base-overlap-area=6.0(4.1)   H-bonds[0]: ""
  18 0.C2644          0.U2645         base-overlap-area=0.0(0.0)   H-bonds[1]: "O2'(hydroxyl)-O4'[3.16]"

****************************************************************************
List of 5 non-loop single-stranded segments
   1 nts=6 GAAGAC 0.G2099,0.A2100,0.A2101,0.G2102,0.A2103,0.C2104
   2 nts=7 GAUAACA 0.G2482,0.A2483,0.U2484,0.A2485,0.A2486,0.C2487,0.A2488
   3 nts=7 CUCGAUG 0.C2534,0.U2535,0.C2536,0.G2537,0.A2538,0.U2539,0.G2540
   4 nts=1 A 0.A2622
   5 nts=4 GGCU 0.G2642,0.G2643,0.C2644,0.U2645

****************************************************************************
Secondary structures in dot-bracket notation (dbn) as a whole and per chain
>tc.0 nts=35 [whole]
CGAAGACC&GGAUAACAG&CCUCGAUGU&G&AG&CGGCUG
(......(&).......(&).......(&)&.(&)....)
>tc.0-0 #1 nts=35 [chain] RNA*
CGAAGACCGGAUAACAGCCUCGAUGUGAGCGGCUG
(......().......().......().()....)

****************************************************************************
List of 6 additional files
   1 dssr-helices.pdb -- MODEL/ENDMDL delineated helices (pseudo/coaxial)
   2 dssr-pairs.pdb -- MODEL/ENDMDL delineated base pairs
   3 dssr-multiplets.pdb -- MODEL/ENDMDL delineated multiplets
   4 dssr-2ndstrs.ct -- secondary structures in the connect format
   5 dssr-2ndstrs.dbn -- secondary structures in the dot-bracket notation
   6 dssr-torsions.dat -- Backbone torsion angles and suite names
