****************************************************************************
         DSSR: a software program for Defining the Secondary
         Structures of RNA from three-dimensional coordinates
        v1.0.1-2014jan31, by Xiang-Jun Lu (xiangjun@x3dna.org)

   This program is actively maintained and developed. As always, I
   greatly appreciate your feedback! Please report all DSSR-related
   issues on the 3DNA Forum (http://forum.x3dna.org/). I strive to
   respond promptly to *any* questions posted there.

****************************************************************************
Note: Each nucleotide is identified by model:chainId.name#, where the
      'model:' portion is omitted if no model number is available as
      is normally the case for X-ray crystal structures in the PDB. So
      a common example would be like A.G19, meaning G #19 on chain A.
      One-letter base names for modified nucleotides are put in lower
      case (e.g., 'c' for 5MC). For further information about the
      output notation, please run DSSR with the '-note' option. More
      details can be found in the DSSR user manual. Questions and
      suggestions are always welcome on the 3DNA Forum.

Command: x3dna-dssr -i=helixCGCG.pdb --non-pair --po4 -o=helixCGCG.out
Date and time: Fri Feb 28 17:46:06 2014
File name: helixCGCG.pdb
    no. of DNA/RNA chains: 2 [A=2,B=2]
    no. of nucleotides:    4
    no. of atoms:          86
    no. of waters:         0
    no. of metals:         0

****************************************************************************
List of 2 base pairs
      nt1              nt2             bp  name         Saenger    LW DSSR
   1 A.G4             B.C8             G-C WC           19-XIX    cWW cW-W
       [-165.8(anti) C3'-endo lambda=52.2] [-166.1(anti) C3'-endo lambda=52.2]
       d(C1'-C1')=10.86 d(N1-N9)=9.05 d(C6-C8)=9.85 tor(C1'-N1-N9-C1')=10.5
       H-bonds[3]: "N1(imino)-N3[2.91],N2(amino)-O2(carbonyl)[3.08],O6(carbonyl)-N4(amino)[2.72]"
       bp_pars: [-0.14   -0.17   0.04    -0.27   13.72   -5.42]
   2 A.G5             B.C7             G-C WC           19-XIX    cWW cW-W
       [-165.8(anti) C3'-endo lambda=52.2] [-166.1(anti) C3'-endo lambda=52.2]
       d(C1'-C1')=10.86 d(N1-N9)=9.05 d(C6-C8)=9.85 tor(C1'-N1-N9-C1')=10.5
       H-bonds[3]: "N1(imino)-N3[2.91],N2(amino)-O2(carbonyl)[3.08],O6(carbonyl)-N4(amino)[2.72]"
       bp_pars: [-0.14   -0.17   0.04    -0.28   13.73   -5.40]

****************************************************************************
List of 1 helix
  Note: a helix is defined by base-stacking interactions, regardless of bp
        type and backbone connectivity, and may contain more than one stem.
      helix#number[stems-contained] bps=number-of-base-pairs in the helix
      bp-type: '|' for a canonical WC/wobble pair, '.' otherwise
      helix-form: classification of a dinucleotide step comprising the bp
        above the given designation and the bp that follows it. Types
        include 'A', 'B' or 'Z' for the common A-, B- and Z-form helices,
        '.' for an unclassified step, and 'x' for a step without a
        continuous backbone.
      --------------------------------------------------------------------
  helix#1[1] bps=2
      strand-1 5'-GG-3'
       bp-type    ||
      strand-2 3'-CC-5'
      helix-form  A
    helical-axis[2.81(0.00)]:   0.000   0.000   1.000
                   point-one:  -0.000   0.001   8.430
                   point-two:  -0.000   0.001  11.240
   1 A.G4             B.C8             G-C WC           19-XIX    cWW cW-W
        bp1_pars:  [-0.14    -0.17    0.04     -0.27    13.72    -5.42]
       step_pars:  [0.05     -1.75    3.40     -0.15    8.90     31.49]
       heli_pars:  [-4.60    -0.11    2.81     16.01    0.28     32.70]
        bp2_pars:  [-0.14    -0.17    0.04     -0.28    13.73    -5.40]
       C1'-based:                rise=3.73                 twist=30.96
       C1'-based:              h-rise=2.81               h-twist=32.71
   2 A.G5             B.C7             G-C WC           19-XIX    cWW cW-W

****************************************************************************
List of 1 stem
  Note: a stem is defined as a helix consisting of only canonical WC/wobble
        pairs, with a continuous backbone.
      stem#number[#helix-number containing this stem]
      Other terms are defined as in the above Helix section.
      --------------------------------------------------------------------
  stem#1[#1] bps=2
      strand-1 5'-GG-3'
       bp-type    ||
      strand-2 3'-CC-5'
      helix-form  A
    helical-axis[2.81(0.00)]:   0.000   0.000   1.000
                   point-one:  -0.000   0.001   8.430
                   point-two:  -0.000   0.001  11.240
   1 A.G4             B.C8             G-C WC           19-XIX    cWW cW-W
        bp1_pars:  [-0.14    -0.17    0.04     -0.27    13.72    -5.42]
       step_pars:  [0.05     -1.75    3.40     -0.15    8.90     31.49]
       heli_pars:  [-4.60    -0.11    2.81     16.01    0.28     32.70]
        bp2_pars:  [-0.14    -0.17    0.04     -0.28    13.73    -5.40]
       C1'-based:                rise=3.73                 twist=30.96
       C1'-based:              h-rise=2.81               h-twist=32.71
   2 A.G5             B.C7             G-C WC           19-XIX    cWW cW-W

****************************************************************************
List of 1 non-pairing interaction
   1 A.G5             B.C8            base-overlap-area=0.2(0.0)   H-bonds[0]: ""

****************************************************************************
Secondary structures in dot-bracket notation (dbn) as a whole and per chain
>helixCGCG nts=4 [whole]
GG&CC
((&))
>helixCGCG-A #1 nts=2 [chain] RNA
GG
((
>helixCGCG-B #2 nts=2 [chain] RNA
CC
))

****************************************************************************
List of 6 additional files
   1 dssr-stems.pdb -- MODEL/ENDMDL delineated stems
   2 dssr-helices.pdb -- MODEL/ENDMDL delineated helices (pseudo/coaxial)
   3 dssr-pairs.pdb -- MODEL/ENDMDL delineated base pairs
   4 dssr-2ndstrs.ct -- secondary structures in the connect format
   5 dssr-2ndstrs.dbn -- secondary structures in the dot-bracket notation
   6 dssr-torsions.dat -- Backbone torsion angles and suite names
