****************************************************************************
         DSSR: a software program for Defining the Secondary
         Structures of RNA from three-dimensional coordinates
        v1.0.1-2014jan31, by Xiang-Jun Lu (xiangjun@x3dna.org)

   This program is actively maintained and developed. As always, I
   greatly appreciate your feedback! Please report all DSSR-related
   issues on the 3DNA Forum (http://forum.x3dna.org/). I strive to
   respond promptly to *any* questions posted there.

****************************************************************************
Note: Each nucleotide is identified by model:chainId.name#, where the
      'model:' portion is omitted if no model number is available as
      is normally the case for X-ray crystal structures in the PDB. So
      a common example would be like A.G19, meaning G #19 on chain A.
      One-letter base names for modified nucleotides are put in lower
      case (e.g., 'c' for 5MC). For further information about the
      output notation, please run DSSR with the '-note' option. More
      details can be found in the DSSR user manual. Questions and
      suggestions are always welcome on the 3DNA Forum.

Command: x3dna-dssr -i=NWAY.1S72.24.pdb --non-pair -o=NWAY.1S72.24_dssr.out
Date and time: Sun Jun 29 15:52:03 2014
File name: NWAY.1S72.24.pdb
    no. of DNA/RNA chains: 1 [0=12]
    no. of nucleotides:    12
    no. of atoms:          259
    no. of waters:         0
    no. of metals:         0

****************************************************************************
List of 5 base pairs
      nt1              nt2             bp  name         Saenger    LW DSSR
   1 0.C2329          0.G2371          C-G WC           19-XIX    cWW cW-W
   2 0.U2330          0.A2369          U-A rHoogsteen   24-XXIV   tWH tW-M
   3 0.C2331          0.G2355          C-G WC           19-XIX    cWW cW-W
   4 0.A2356          0.A2369          A+A              01-I      tWW tW+W
   5 0.G2357          0.C2366          G-C WC           19-XIX    cWW cW-W

****************************************************************************
List of 1 multiplet
   1 nts=3 UAA 0.U2330,0.A2356,0.A2369

****************************************************************************
List of 3 lone WC/wobble pairs
  Note: lone WC/wobble pairs are assigned negative indices to differentiate
        them from the stem numbers, which are positive.
        --------------------------------------------------------------------
  -1 0.C2329          0.G2371          C-G WC           19-XIX    cWW cW-W
  -2 0.C2331          0.G2355          C-G WC           19-XIX    cWW cW-W
  -3 0.G2357          0.C2366          G-C WC           19-XIX    cWW cW-W

****************************************************************************
List of 11 non-pairing interactions
   1 0.C2329          0.A2368         base-overlap-area=0.0(0.0)   H-bonds[1]: "N4(amino)-O3'[3.17]"
   2 0.C2331          0.A2356         base-overlap-area=0.0(0.0)   H-bonds[1]: "O2'(hydroxyl)-N3[2.79]"
   3 0.G2355          0.A2356         base-overlap-area=0.0(0.0)   H-bonds[1]: "N2(amino)-O4'[2.96]"
   4 0.A2356          0.G2357         base-overlap-area=4.5(2.0)   H-bonds[0]: ""
   5 0.A2356          0.A2367         base-overlap-area=0.3(0.0)   H-bonds[0]: ""
   6 0.G2357          0.G2371         base-overlap-area=0.0(0.0)   H-bonds[3]: "O2'(hydroxyl)-O3'[3.00],O2'(hydroxyl)-O2'(hydroxyl)[3.15],N2(amino)-O4'[2.87]"
   7 0.C2366          0.A2369         base-overlap-area=0.0(0.0)   H-bonds[1]: "O2'(hydroxyl)-N3[2.93]"
   8 0.C2366          0.A2370         base-overlap-area=0.0(0.0)   H-bonds[1]: "O2(carbonyl)-O2'(hydroxyl)[3.48]"
   9 0.A2367          0.A2369         base-overlap-area=2.0(0.2)   H-bonds[0]: ""
  10 0.A2369          0.A2370         base-overlap-area=0.0(0.0)   H-bonds[1]: "O2'(hydroxyl)-O5'[3.14]"
  11 0.A2369          0.G2371         base-overlap-area=4.3(2.7)   H-bonds[1]: "O2'(hydroxyl)-N7[2.67]"

****************************************************************************
Note: for the various types of loops listed below, numbers within the first
      set of brackets are the number of loop nts, and numbers in the second
      set of brackets are the identities of the stems (positive number) or
      lone WC/wobble pairs (negative numbers) to which they are linked.

****************************************************************************
List of 1 junction
   1 3-way junctions: nts=12; [1,1,4]; linked by [#-1,#-2,#-3]
     nts=12 CUCGAGCAAAAG 0.C2329,0.U2330,0.C2331,0.G2355,0.A2356,0.G2357,0.C2366,0.A2367,0.A2368,0.A2369,0.A2370,0.G2371
       nts=1 U 0.U2330
       nts=1 A 0.A2356
       nts=4 AAAA 0.A2367,0.A2368,0.A2369,0.A2370

****************************************************************************
Secondary structures in dot-bracket notation (dbn) as a whole and per chain
>NWAY.1S72.24 nts=12 [whole]
CUC&GAG&CAAAAG
(.(&).(&)....)
>NWAY.1S72.24-0 #1 nts=12 [chain] RNA*
CUCGAGCAAAAG
(.().()....)

****************************************************************************
List of 5 additional files
   1 dssr-pairs.pdb -- MODEL/ENDMDL delineated base pairs
   2 dssr-multiplets.pdb -- MODEL/ENDMDL delineated multiplets
   3 dssr-2ndstrs.ct -- secondary structures in the connect format
   4 dssr-2ndstrs.dbn -- secondary structures in the dot-bracket notation
   5 dssr-torsions.dat -- Backbone torsion angles and suite names
