****************************************************************************
         DSSR: a software program for Defining the Secondary
         Structures of RNA from three-dimensional coordinates
        v1.0.1-2014jan31, by Xiang-Jun Lu (xiangjun@x3dna.org)

   This program is actively maintained and developed. As always, I
   greatly appreciate your feedback! Please report all DSSR-related
   issues on the 3DNA Forum (http://forum.x3dna.org/). I strive to
   respond promptly to *any* questions posted there.

****************************************************************************
Note: Each nucleotide is identified by model:chainId.name#, where the
      'model:' portion is omitted if no model number is available as
      is normally the case for X-ray crystal structures in the PDB. So
      a common example would be like A.G19, meaning G #19 on chain A.
      One-letter base names for modified nucleotides are put in lower
      case (e.g., 'c' for 5MC). For further information about the
      output notation, please run DSSR with the '-note' option. More
      details can be found in the DSSR user manual. Questions and
      suggestions are always welcome on the 3DNA Forum.

Command: x3dna-dssr -i=NWAY.1S72.9.pdb --non-pair -o=NWAY.1S72.9_dssr.out
Date and time: Sun Jun 29 15:52:02 2014
File name: NWAY.1S72.9.pdb
    no. of DNA/RNA chains: 1 [0=14]
    no. of nucleotides:    14
    no. of atoms:          300
    no. of waters:         0
    no. of metals:         0

****************************************************************************
List of 5 base pairs
      nt1              nt2             bp  name         Saenger    LW DSSR
   1 0.C774           0.G887           C-G WC           19-XIX    cWW cW-W
   2 0.G775           0.G868           G-G              07-VII    tWH tW-M
   3 0.A776           0.U779           A+U              00-n/a    tSW tm+W
   4 0.A780           0.U866           A-U WC           20-XX     cWW cW-W
   5 0.G868           0.C884           G-C WC           19-XIX    cWW cW-W

****************************************************************************
List of 1 multiplet
   1 nts=3 GGC 0.G775,0.G868,0.C884

****************************************************************************
List of 3 lone WC/wobble pairs
  Note: lone WC/wobble pairs are assigned negative indices to differentiate
        them from the stem numbers, which are positive.
        --------------------------------------------------------------------
  -1 0.C774           0.G887           C-G WC           19-XIX    cWW cW-W
  -2 0.A780           0.U866           A-U WC           20-XX     cWW cW-W
  -3 0.G868           0.C884           G-C WC           19-XIX    cWW cW-W

****************************************************************************
List of 8 non-pairing interactions
   1 0.G775           0.A867          base-overlap-area=4.4(1.3)   H-bonds[0]: ""
   2 0.G775           0.G887          base-overlap-area=3.0(0.7)   H-bonds[0]: ""
   3 0.A776           0.C778          base-overlap-area=0.0(0.0)   H-bonds[1]: "O4'-N4(amino)[3.03]"
   4 0.A776           0.A780          base-overlap-area=1.2(0.6)   H-bonds[0]: ""
   5 0.A776           0.U866          base-overlap-area=0.1(0.0)   H-bonds[1]: "O2'(hydroxyl)-O4(carbonyl)[2.80]"
   6 0.A776           0.A867          base-overlap-area=0.8(0.4)   H-bonds[0]: ""
   7 0.C778           0.U779          base-overlap-area=4.7(2.5)   H-bonds[0]: ""
   8 0.G868           0.G887          base-overlap-area=2.0(0.9)   H-bonds[1]: "O2'(hydroxyl)-N7[2.70]"

****************************************************************************
Note: for the various types of loops listed below, numbers within the first
      set of brackets are the number of loop nts, and numbers in the second
      set of brackets are the identities of the stems (positive number) or
      lone WC/wobble pairs (negative numbers) to which they are linked.

****************************************************************************
List of 1 junction
   1 3-way junctions: nts=14; [5,1,2]; linked by [#-1,#-2,#-3]
     nts=14 CGAUCUAUAGCGAG 0.C774,0.G775,0.A776,0.U777,0.C778,0.U779,0.A780,0.U866,0.A867,0.G868,0.C884,0.G885,0.A886,0.G887
       nts=5 GAUCU 0.G775,0.A776,0.U777,0.C778,0.U779
       nts=1 A 0.A867
       nts=2 GA 0.G885,0.A886

****************************************************************************
Secondary structures in dot-bracket notation (dbn) as a whole and per chain
>NWAY.1S72.9 nts=14 [whole]
CGAUCUA&UAG&CGAG
(.....(&).(&)..)
>NWAY.1S72.9-0 #1 nts=14 [chain] RNA*
CGAUCUAUAGCGAG
(.....().()..)

****************************************************************************
List of 5 additional files
   1 dssr-pairs.pdb -- MODEL/ENDMDL delineated base pairs
   2 dssr-multiplets.pdb -- MODEL/ENDMDL delineated multiplets
   3 dssr-2ndstrs.ct -- secondary structures in the connect format
   4 dssr-2ndstrs.dbn -- secondary structures in the dot-bracket notation
   5 dssr-torsions.dat -- Backbone torsion angles and suite names
