****************************************************************************
         DSSR: a software program for Defining the Secondary
         Structures of RNA from three-dimensional coordinates
        v1.0.1-2014jan31, by Xiang-Jun Lu (xiangjun@x3dna.org)

   This program is actively maintained and developed. As always, I
   greatly appreciate your feedback! Please report all DSSR-related
   issues on the 3DNA Forum (http://forum.x3dna.org/). I strive to
   respond promptly to *any* questions posted there.

****************************************************************************
Note: Each nucleotide is identified by model:chainId.name#, where the
      'model:' portion is omitted if no model number is available as
      is normally the case for X-ray crystal structures in the PDB. So
      a common example would be like A.G19, meaning G #19 on chain A.
      One-letter base names for modified nucleotides are put in lower
      case (e.g., 'c' for 5MC). For further information about the
      output notation, please run DSSR with the '-note' option. More
      details can be found in the DSSR user manual. Questions and
      suggestions are always welcome on the 3DNA Forum.

Command: x3dna-dssr -i=TC.1S72.30.pdb --non-pair -o=TC.1S72.30_dssr.out
Date and time: Sun Jun 29 15:52:49 2014
File name: TC.1S72.30.pdb
    no. of DNA/RNA chains: 1 [0=26]
    no. of nucleotides:    26
    no. of atoms:          559
    no. of waters:         0
    no. of metals:         0

****************************************************************************
List of 15 base pairs
      nt1              nt2             bp  name         Saenger    LW DSSR
   1 0.G21            0.U522           G-U Wobble       28-XXVIII cWW cW-W
   2 0.U22            0.A521           U-A              00-n/a    tWH cW-M
   3 0.G23            0.A520           G-A Sheared      11-XI     tSH tm-M
   4 0.G24            0.A519           G-A Sheared      11-XI     tSH tm-M
   5 0.A25            0.G518           A-G Sheared      11-XI     tHS cM-m
   6 0.U26            0.U517           U-U              16-XVI    cWW cW-W
   7 0.U27            0.A516           U-A WC           20-XX     cWW cW-W
   8 0.A520           0.C638           A-C              00-n/a    ... c...
   9 0.A521           0.G1364          A+G              00-n/a    tSS tm+m
  10 0.G636           0.C1365          G-C WC           19-XIX    cWW cW-W
  11 0.C637           0.G1364          C-G WC           19-XIX    cWW cW-W
  12 0.C638           0.G1363          C-G WC           19-XIX    cWW cW-W
  13 0.A639           0.U1362          A-U WC           20-XX     cWW cW-W
  14 0.G640           0.C1361          G-C WC           19-XIX    cWW cW-W
  15 0.G641           0.C1360          G-C WC           19-XIX    cWW cW-W

****************************************************************************
List of 2 multiplets
   1 nts=4 UACG 0.U22,0.A521,0.C637,0.G1364
   2 nts=4 GACG 0.G23,0.A520,0.C638,0.G1363

****************************************************************************
List of 2 helices
  Note: a helix is defined by base-stacking interactions, regardless of bp
        type and backbone connectivity, and may contain more than one stem.
      helix#number[stems-contained] bps=number-of-base-pairs in the helix
      bp-type: '|' for a canonical WC/wobble pair, '.' otherwise
      helix-form: classification of a dinucleotide step comprising the bp
        above the given designation and the bp that follows it. Types
        include 'A', 'B' or 'Z' for the common A-, B- and Z-form helices,
        '.' for an unclassified step, and 'x' for a step without a
        continuous backbone.
      --------------------------------------------------------------------
  helix#1[0] bps=7
      strand-1 5'-GUGGAUU-3'
       bp-type    |.....|
      strand-2 3'-UAAAGUA-5'
      helix-form  ......
   1 0.G21            0.U522           G-U Wobble       28-XXVIII cWW cW-W
   2 0.U22            0.A521           U-A              00-n/a    tWH cW-M
   3 0.G23            0.A520           G-A Sheared      11-XI     tSH tm-M
   4 0.G24            0.A519           G-A Sheared      11-XI     tSH tm-M
   5 0.A25            0.G518           A-G Sheared      11-XI     tHS cM-m
   6 0.U26            0.U517           U-U              16-XVI    cWW cW-W
   7 0.U27            0.A516           U-A WC           20-XX     cWW cW-W
  --------------------------------------------------------------------------
  helix#2[1] bps=6
      strand-1 5'-GCCAGG-3'
       bp-type    ||||||
      strand-2 3'-CGGUCC-5'
      helix-form  AAAAA
   1 0.G636           0.C1365          G-C WC           19-XIX    cWW cW-W
   2 0.C637           0.G1364          C-G WC           19-XIX    cWW cW-W
   3 0.C638           0.G1363          C-G WC           19-XIX    cWW cW-W
   4 0.A639           0.U1362          A-U WC           20-XX     cWW cW-W
   5 0.G640           0.C1361          G-C WC           19-XIX    cWW cW-W
   6 0.G641           0.C1360          G-C WC           19-XIX    cWW cW-W

****************************************************************************
List of 1 stem
  Note: a stem is defined as a helix consisting of only canonical WC/wobble
        pairs, with a continuous backbone.
      stem#number[#helix-number containing this stem]
      Other terms are defined as in the above Helix section.
      --------------------------------------------------------------------
  stem#1[#2] bps=6
      strand-1 5'-GCCAGG-3'
       bp-type    ||||||
      strand-2 3'-CGGUCC-5'
      helix-form  AAAAA
   1 0.G636           0.C1365          G-C WC           19-XIX    cWW cW-W
   2 0.C637           0.G1364          C-G WC           19-XIX    cWW cW-W
   3 0.C638           0.G1363          C-G WC           19-XIX    cWW cW-W
   4 0.A639           0.U1362          A-U WC           20-XX     cWW cW-W
   5 0.G640           0.C1361          G-C WC           19-XIX    cWW cW-W
   6 0.G641           0.C1360          G-C WC           19-XIX    cWW cW-W

****************************************************************************
List of 2 lone WC/wobble pairs
  Note: lone WC/wobble pairs are assigned negative indices to differentiate
        them from the stem numbers, which are positive.
        --------------------------------------------------------------------
  -1 0.G21            0.U522           G-U Wobble       28-XXVIII cWW cW-W
  -2 0.U27            0.A516           U-A WC           20-XX     cWW cW-W

****************************************************************************
List of 8 non-pairing interactions
   1 0.G23            0.G1364         base-overlap-area=0.0(0.0)   H-bonds[1]: "O2'(hydroxyl)-O2'(hydroxyl)[2.86]"
   2 0.G24            0.G518          base-overlap-area=5.1(2.3)   H-bonds[4]: "O2'(hydroxyl)-N2(amino)[3.02],N1(imino)-O2'(hydroxyl)[3.12],N2(amino)-O3'[3.18],N2(amino)-O2'(hydroxyl)[3.21]"
   3 0.A25            0.A519          base-overlap-area=2.5(1.2)   H-bonds[0]: ""
   4 0.A25            0.A639          base-overlap-area=0.0(0.0)   H-bonds[1]: "O2'(hydroxyl)-O2'(hydroxyl)[2.93]"
   5 0.A521           0.C637          base-overlap-area=0.0(0.0)   H-bonds[2]: "O2'(hydroxyl)-O2'(hydroxyl)[2.84],O2'(hydroxyl)-O2(carbonyl)[2.94]"
   6 0.A521           0.C638          base-overlap-area=0.0(0.0)   H-bonds[1]: "O4'*O4'[3.19]"
   7 0.A639           0.G1363         base-overlap-area=1.5(0.3)   H-bonds[0]: ""
   8 0.G641           0.C1361         base-overlap-area=1.0(0.0)   H-bonds[0]: ""

****************************************************************************
Note: for the various types of loops listed below, numbers within the first
      set of brackets are the number of loop nts, and numbers in the second
      set of brackets are the identities of the stems (positive number) or
      lone WC/wobble pairs (negative numbers) to which they are linked.

****************************************************************************
List of 1 internal loop
   1 symmetric internal loop: nts=14; [5,5]; linked by [#-1,#-2]
     nts=14 GUGGAUUAUGAAAU 0.G21,0.U22,0.G23,0.G24,0.A25,0.U26,0.U27,0.A516,0.U517,0.G518,0.A519,0.A520,0.A521,0.U522
       nts=5 UGGAU 0.U22,0.G23,0.G24,0.A25,0.U26
       nts=5 UGAAA 0.U517,0.G518,0.A519,0.A520,0.A521

****************************************************************************
List of 2 A-minor motifs
   1  type=II A/C-G	0.A520 vs 0.C638+0.G1363 [WC]
        -0.C638	H-bonds[2]: "O2'(hydroxyl)-O2'(hydroxyl)[2.63],N3-O2'(hydroxyl)[2.72]"
        +0.G1363	H-bonds[0]: ""
   2  type=I A/C-G	0.A521 vs 0.C637+0.G1364 [WC]
        -0.C637	H-bonds[2]: "O2'(hydroxyl)-O2'(hydroxyl)[2.84],O2'(hydroxyl)-O2(carbonyl)[2.94]"
        +0.G1364	H-bonds[2]: "N1-O2'(hydroxyl)[2.72],N3-N2(amino)[3.08]"

****************************************************************************
List of 1 ribose zipper
   1 nts=4 AACC 0.A520,0.A521,0.C637,0.C638

****************************************************************************
Secondary structures in dot-bracket notation (dbn) as a whole and per chain
>TC.1S72.30 nts=26 [whole]
GUGGAUU&AUGAAAU&GCCAGG&CCUGGC
(.....(&).....)&((((((&))))))
>TC.1S72.30-0 #1 nts=26 [chain] RNA*
GUGGAUUAUGAAAUGCCAGGCCUGGC
(.....().....)(((((())))))

****************************************************************************
List of 8 additional files
   1 dssr-stems.pdb -- MODEL/ENDMDL delineated stems
   2 dssr-helices.pdb -- MODEL/ENDMDL delineated helices (pseudo/coaxial)
   3 dssr-pairs.pdb -- MODEL/ENDMDL delineated base pairs
   4 dssr-multiplets.pdb -- MODEL/ENDMDL delineated multiplets
   5 dssr-2ndstrs.ct -- secondary structures in the connect format
   6 dssr-2ndstrs.dbn -- secondary structures in the dot-bracket notation
   7 dssr-torsions.dat -- Backbone torsion angles and suite names
   8 dssr-Aminors.pdb -- MODEL/ENDMDL delineated A minor motifs (type I/II)
